sbuild (Debian sbuild) 0.84.2~ubuntu2204+3 (28 December 2022) on fv-az450-511.a1eauh314bgebjzxir3ol0tv1e.gx.internal.cloudapp.net

+=======================================================================================+
| ros-one-cpp-common 0.7.3-0jammy.20230914.0929 (amd64) Thu, 14 Sep 2023 09:29:42 +0000 |
+=======================================================================================+

Package: ros-one-cpp-common
Version: 0.7.3-0jammy.20230914.0929
Source Version: 0.7.3-0jammy.20230914.0929
Distribution: UNRELEASED
Machine Architecture: amd64
Host Architecture: amd64
Build Architecture: amd64
Build Type: binary

I: NOTICE: Log filtering will replace 'var/run/schroot/mount/sbuild-7ee7a7bb-de1d-454f-aca9-00f46f8737a0' with '<<CHROOT>>'
I: NOTICE: Log filtering will replace 'build/package//resolver-9llFpM' with '<<RESOLVERDIR>>'

+------------------------------------------------------------------------------+
| Update chroot                                                                |
+------------------------------------------------------------------------------+

Get:1 file:/build/repo ./ InRelease
Ign:1 file:/build/repo ./ InRelease
Get:2 file:/build/repo ./ Release [816 B]
Hit:3 http://azure.archive.ubuntu.com/ubuntu jammy InRelease
Get:2 file:/build/repo ./ Release [816 B]
Get:4 file:/build/repo ./ Release.gpg
Ign:4 file:/build/repo ./ Release.gpg
Get:5 file:/build/repo ./ Packages [792 B]
Hit:6 http://packages.ros.org/ros2/ubuntu jammy InRelease
Reading package lists...
Reading package lists...
Building dependency tree...
Reading state information...
Calculating upgrade...
0 upgraded, 0 newly installed, 0 to remove and 0 not upgraded.

+------------------------------------------------------------------------------+
| Fetch source files                                                           |
+------------------------------------------------------------------------------+


Local sources
-------------

/home/runner/work/ros-builder-action/ros-builder-action/ws/roscpp_core/ros-one-cpp-common_0.7.3-0jammy.20230914.0929.dsc exists in /home/runner/work/ros-builder-action/ros-builder-action/ws/roscpp_core; copying to chroot
I: NOTICE: Log filtering will replace 'build/package//package' with '<<PKGBUILDDIR>>'
I: NOTICE: Log filtering will replace 'build/package/' with '<<BUILDDIR>>'

+------------------------------------------------------------------------------+
| Install package build dependencies                                           |
+------------------------------------------------------------------------------+


Setup apt archive
-----------------

Merged Build-Depends: debhelper (>= 9.0.0), libboost-system-dev, libboost-thread-dev, libconsole-bridge-dev, ros-one-catkin, build-essential, fakeroot
Filtered Build-Depends: debhelper (>= 9.0.0), libboost-system-dev, libboost-thread-dev, libconsole-bridge-dev, ros-one-catkin, build-essential, fakeroot
dpkg-deb: building package 'sbuild-build-depends-main-dummy' in '/<<RESOLVERDIR>>/apt_archive/sbuild-build-depends-main-dummy.deb'.
Ign:1 copy:/<<RESOLVERDIR>>/apt_archive ./ InRelease
Get:2 copy:/<<RESOLVERDIR>>/apt_archive ./ Release [580 B]
Ign:3 copy:/<<RESOLVERDIR>>/apt_archive ./ Release.gpg
Get:4 copy:/<<RESOLVERDIR>>/apt_archive ./ Sources [695 B]
Get:5 copy:/<<RESOLVERDIR>>/apt_archive ./ Packages [727 B]
Fetched 2002 B in 0s (0 B/s)
Reading package lists...
Get:1 file:/build/repo ./ InRelease
Ign:1 file:/build/repo ./ InRelease
Get:2 file:/build/repo ./ Release [816 B]
Get:2 file:/build/repo ./ Release [816 B]
Get:3 file:/build/repo ./ Release.gpg
Ign:3 file:/build/repo ./ Release.gpg
Reading package lists...
Reading package lists...

Install main build dependencies (apt-based resolver)
----------------------------------------------------

Installing build dependencies
Reading package lists...
Building dependency tree...
Reading state information...
The following additional packages will be installed:
  libboost-atomic1.74-dev libboost-atomic1.74.0 libboost-chrono1.74-dev
  libboost-chrono1.74.0 libboost-date-time1.74-dev libboost-date-time1.74.0
  libboost-serialization1.74-dev libboost-serialization1.74.0
  libboost-system-dev libboost-system1.74-dev libboost-system1.74.0
  libboost-thread-dev libboost-thread1.74-dev libboost-thread1.74.0
  libboost1.74-dev libconsole-bridge-dev libconsole-bridge1.0
Suggested packages:
  libboost1.74-doc libboost-container1.74-dev libboost-context1.74-dev
  libboost-contract1.74-dev libboost-coroutine1.74-dev
  libboost-exception1.74-dev libboost-fiber1.74-dev
  libboost-filesystem1.74-dev libboost-graph1.74-dev
  libboost-graph-parallel1.74-dev libboost-iostreams1.74-dev
  libboost-locale1.74-dev libboost-log1.74-dev libboost-math1.74-dev
  libboost-mpi1.74-dev libboost-mpi-python1.74-dev libboost-numpy1.74-dev
  libboost-program-options1.74-dev libboost-python1.74-dev
  libboost-random1.74-dev libboost-regex1.74-dev libboost-stacktrace1.74-dev
  libboost-test1.74-dev libboost-timer1.74-dev libboost-type-erasure1.74-dev
  libboost-wave1.74-dev libboost1.74-tools-dev libmpfrc++-dev libntl-dev
  libboost-nowide1.74-dev
The following NEW packages will be installed:
  libboost-atomic1.74-dev libboost-atomic1.74.0 libboost-chrono1.74-dev
  libboost-chrono1.74.0 libboost-date-time1.74-dev libboost-date-time1.74.0
  libboost-serialization1.74-dev libboost-serialization1.74.0
  libboost-system-dev libboost-system1.74-dev libboost-system1.74.0
  libboost-thread-dev libboost-thread1.74-dev libboost-thread1.74.0
  libboost1.74-dev libconsole-bridge-dev libconsole-bridge1.0
  sbuild-build-depends-main-dummy
0 upgraded, 18 newly installed, 0 to remove and 0 not upgraded.
Need to get 12.7 MB of archives.
After this operation, 170 MB of additional disk space will be used.
Get:1 copy:/<<RESOLVERDIR>>/apt_archive ./ sbuild-build-depends-main-dummy 0.invalid.0 [706 B]
Get:2 http://azure.archive.ubuntu.com/ubuntu jammy/main amd64 libboost1.74-dev amd64 1.74.0-14ubuntu3 [9609 kB]
Get:3 http://azure.archive.ubuntu.com/ubuntu jammy/main amd64 libboost-atomic1.74.0 amd64 1.74.0-14ubuntu3 [224 kB]
Get:4 http://azure.archive.ubuntu.com/ubuntu jammy/main amd64 libboost-atomic1.74-dev amd64 1.74.0-14ubuntu3 [221 kB]
Get:5 http://azure.archive.ubuntu.com/ubuntu jammy/main amd64 libboost-chrono1.74.0 amd64 1.74.0-14ubuntu3 [232 kB]
Get:6 http://azure.archive.ubuntu.com/ubuntu jammy/main amd64 libboost-chrono1.74-dev amd64 1.74.0-14ubuntu3 [239 kB]
Get:7 http://azure.archive.ubuntu.com/ubuntu jammy/main amd64 libboost-date-time1.74.0 amd64 1.74.0-14ubuntu3 [221 kB]
Get:8 http://azure.archive.ubuntu.com/ubuntu jammy/main amd64 libboost-serialization1.74.0 amd64 1.74.0-14ubuntu3 [327 kB]
Get:9 http://azure.archive.ubuntu.com/ubuntu jammy/main amd64 libboost-serialization1.74-dev amd64 1.74.0-14ubuntu3 [375 kB]
Get:10 http://azure.archive.ubuntu.com/ubuntu jammy/main amd64 libboost-date-time1.74-dev amd64 1.74.0-14ubuntu3 [226 kB]
Get:11 http://azure.archive.ubuntu.com/ubuntu jammy/main amd64 libboost-system1.74.0 amd64 1.74.0-14ubuntu3 [221 kB]
Get:12 http://azure.archive.ubuntu.com/ubuntu jammy/main amd64 libboost-system1.74-dev amd64 1.74.0-14ubuntu3 [218 kB]
Get:13 http://azure.archive.ubuntu.com/ubuntu jammy/main amd64 libboost-system-dev amd64 1.74.0.3ubuntu7 [3390 B]
Get:14 http://azure.archive.ubuntu.com/ubuntu jammy/main amd64 libboost-thread1.74.0 amd64 1.74.0-14ubuntu3 [262 kB]
Get:15 http://azure.archive.ubuntu.com/ubuntu jammy/main amd64 libboost-thread1.74-dev amd64 1.74.0-14ubuntu3 [272 kB]
Get:16 http://azure.archive.ubuntu.com/ubuntu jammy/main amd64 libboost-thread-dev amd64 1.74.0.3ubuntu7 [3266 B]
Get:17 http://azure.archive.ubuntu.com/ubuntu jammy/universe amd64 libconsole-bridge1.0 amd64 1.0.1+dfsg2-3 [11.9 kB]
Get:18 http://azure.archive.ubuntu.com/ubuntu jammy/universe amd64 libconsole-bridge-dev amd64 1.0.1+dfsg2-3 [6700 B]
Fetched 12.7 MB in 2s (6501 kB/s)
Selecting previously unselected package libboost1.74-dev:amd64.
(Reading database ... 19743 files and directories currently installed.)
Preparing to unpack .../00-libboost1.74-dev_1.74.0-14ubuntu3_amd64.deb ...
Unpacking libboost1.74-dev:amd64 (1.74.0-14ubuntu3) ...
Selecting previously unselected package libboost-atomic1.74.0:amd64.
Preparing to unpack .../01-libboost-atomic1.74.0_1.74.0-14ubuntu3_amd64.deb ...
Unpacking libboost-atomic1.74.0:amd64 (1.74.0-14ubuntu3) ...
Selecting previously unselected package libboost-atomic1.74-dev:amd64.
Preparing to unpack .../02-libboost-atomic1.74-dev_1.74.0-14ubuntu3_amd64.deb ...
Unpacking libboost-atomic1.74-dev:amd64 (1.74.0-14ubuntu3) ...
Selecting previously unselected package libboost-chrono1.74.0:amd64.
Preparing to unpack .../03-libboost-chrono1.74.0_1.74.0-14ubuntu3_amd64.deb ...
Unpacking libboost-chrono1.74.0:amd64 (1.74.0-14ubuntu3) ...
Selecting previously unselected package libboost-chrono1.74-dev:amd64.
Preparing to unpack .../04-libboost-chrono1.74-dev_1.74.0-14ubuntu3_amd64.deb ...
Unpacking libboost-chrono1.74-dev:amd64 (1.74.0-14ubuntu3) ...
Selecting previously unselected package libboost-date-time1.74.0:amd64.
Preparing to unpack .../05-libboost-date-time1.74.0_1.74.0-14ubuntu3_amd64.deb ...
Unpacking libboost-date-time1.74.0:amd64 (1.74.0-14ubuntu3) ...
Selecting previously unselected package libboost-serialization1.74.0:amd64.
Preparing to unpack .../06-libboost-serialization1.74.0_1.74.0-14ubuntu3_amd64.deb ...
Unpacking libboost-serialization1.74.0:amd64 (1.74.0-14ubuntu3) ...
Selecting previously unselected package libboost-serialization1.74-dev:amd64.
Preparing to unpack .../07-libboost-serialization1.74-dev_1.74.0-14ubuntu3_amd64.deb ...
Unpacking libboost-serialization1.74-dev:amd64 (1.74.0-14ubuntu3) ...
Selecting previously unselected package libboost-date-time1.74-dev:amd64.
Preparing to unpack .../08-libboost-date-time1.74-dev_1.74.0-14ubuntu3_amd64.deb ...
Unpacking libboost-date-time1.74-dev:amd64 (1.74.0-14ubuntu3) ...
Selecting previously unselected package libboost-system1.74.0:amd64.
Preparing to unpack .../09-libboost-system1.74.0_1.74.0-14ubuntu3_amd64.deb ...
Unpacking libboost-system1.74.0:amd64 (1.74.0-14ubuntu3) ...
Selecting previously unselected package libboost-system1.74-dev:amd64.
Preparing to unpack .../10-libboost-system1.74-dev_1.74.0-14ubuntu3_amd64.deb ...
Unpacking libboost-system1.74-dev:amd64 (1.74.0-14ubuntu3) ...
Selecting previously unselected package libboost-system-dev:amd64.
Preparing to unpack .../11-libboost-system-dev_1.74.0.3ubuntu7_amd64.deb ...
Unpacking libboost-system-dev:amd64 (1.74.0.3ubuntu7) ...
Selecting previously unselected package libboost-thread1.74.0:amd64.
Preparing to unpack .../12-libboost-thread1.74.0_1.74.0-14ubuntu3_amd64.deb ...
Unpacking libboost-thread1.74.0:amd64 (1.74.0-14ubuntu3) ...
Selecting previously unselected package libboost-thread1.74-dev:amd64.
Preparing to unpack .../13-libboost-thread1.74-dev_1.74.0-14ubuntu3_amd64.deb ...
Unpacking libboost-thread1.74-dev:amd64 (1.74.0-14ubuntu3) ...
Selecting previously unselected package libboost-thread-dev:amd64.
Preparing to unpack .../14-libboost-thread-dev_1.74.0.3ubuntu7_amd64.deb ...
Unpacking libboost-thread-dev:amd64 (1.74.0.3ubuntu7) ...
Selecting previously unselected package libconsole-bridge1.0:amd64.
Preparing to unpack .../15-libconsole-bridge1.0_1.0.1+dfsg2-3_amd64.deb ...
Unpacking libconsole-bridge1.0:amd64 (1.0.1+dfsg2-3) ...
Selecting previously unselected package libconsole-bridge-dev:amd64.
Preparing to unpack .../16-libconsole-bridge-dev_1.0.1+dfsg2-3_amd64.deb ...
Unpacking libconsole-bridge-dev:amd64 (1.0.1+dfsg2-3) ...
Selecting previously unselected package sbuild-build-depends-main-dummy.
Preparing to unpack .../17-sbuild-build-depends-main-dummy_0.invalid.0_amd64.deb ...
Unpacking sbuild-build-depends-main-dummy (0.invalid.0) ...
Setting up libboost-chrono1.74.0:amd64 (1.74.0-14ubuntu3) ...
Setting up libboost-system1.74.0:amd64 (1.74.0-14ubuntu3) ...
Setting up libboost1.74-dev:amd64 (1.74.0-14ubuntu3) ...
Setting up libboost-atomic1.74.0:amd64 (1.74.0-14ubuntu3) ...
Setting up libboost-chrono1.74-dev:amd64 (1.74.0-14ubuntu3) ...
Setting up libboost-system1.74-dev:amd64 (1.74.0-14ubuntu3) ...
Setting up libboost-atomic1.74-dev:amd64 (1.74.0-14ubuntu3) ...
Setting up libboost-serialization1.74.0:amd64 (1.74.0-14ubuntu3) ...
Setting up libboost-date-time1.74.0:amd64 (1.74.0-14ubuntu3) ...
Setting up libconsole-bridge1.0:amd64 (1.0.1+dfsg2-3) ...
Setting up libconsole-bridge-dev:amd64 (1.0.1+dfsg2-3) ...
Setting up libboost-thread1.74.0:amd64 (1.74.0-14ubuntu3) ...
Setting up libboost-system-dev:amd64 (1.74.0.3ubuntu7) ...
Setting up libboost-serialization1.74-dev:amd64 (1.74.0-14ubuntu3) ...
Setting up libboost-date-time1.74-dev:amd64 (1.74.0-14ubuntu3) ...
Setting up libboost-thread1.74-dev:amd64 (1.74.0-14ubuntu3) ...
Setting up libboost-thread-dev:amd64 (1.74.0.3ubuntu7) ...
Setting up sbuild-build-depends-main-dummy (0.invalid.0) ...
Processing triggers for libc-bin (2.35-0ubuntu3) ...

+------------------------------------------------------------------------------+
| Check architectures                                                          |
+------------------------------------------------------------------------------+

Arch check ok (amd64 included in any)

+------------------------------------------------------------------------------+
| Build environment                                                            |
+------------------------------------------------------------------------------+

Kernel: Linux 5.15.0-1041-azure #48-Ubuntu SMP Tue Jun 20 20:34:08 UTC 2023 amd64 (x86_64)
Toolchain package versions: binutils_2.38-3ubuntu1 dpkg-dev_1.21.1ubuntu2 g++-11_11.2.0-19ubuntu1 gcc-11_11.2.0-19ubuntu1 libc6-dev_2.35-0ubuntu3 libstdc++-11-dev_11.2.0-19ubuntu1 libstdc++6_12-20220319-1ubuntu1 linux-libc-dev_5.15.0-25.25
Package versions: adduser_3.118ubuntu5 apt_2.4.5 apt-utils_2.4.5 autoconf_2.71-2 automake_1:1.16.5-1.3 autopoint_0.21-4ubuntu4 autotools-dev_20220109.1 base-files_12ubuntu4 base-passwd_3.5.52build1 bash_5.1-6ubuntu1 binutils_2.38-3ubuntu1 binutils-common_2.38-3ubuntu1 binutils-x86-64-linux-gnu_2.38-3ubuntu1 bsdextrautils_2.37.2-4ubuntu3 bsdutils_1:2.37.2-4ubuntu3 build-essential_12.9ubuntu3 bzip2_1.0.8-5build1 ca-certificates_20211016 ccache_4.5.1-1 cmake_3.22.1-1ubuntu1 cmake-data_3.22.1-1ubuntu1 coreutils_8.32-4.1ubuntu1 cpp_4:11.2.0-1ubuntu1 cpp-11_11.2.0-19ubuntu1 curl_7.81.0-1 dash_0.5.11+git20210903+057cd650a4ed-3build1 debconf_1.5.79ubuntu1 debhelper_13.6ubuntu1 debianutils_5.5-1ubuntu2 debugedit_1:5.0-4build1 dh-autoreconf_20 dh-elpa-helper_2.0.9ubuntu1 dh-strip-nondeterminism_1.13.0-1 diffutils_1:3.8-0ubuntu2 distro-info-data_0.52 docutils-common_0.17.1+dfsg-2 dpkg_1.21.1ubuntu2 dpkg-dev_1.21.1ubuntu2 dwz_0.14-1build2 e2fsprogs_1.46.5-2ubuntu1 emacsen-common_3.0.4 fakeroot_1.28-1ubuntu1 file_1:5.41-3 findutils_4.8.0-1ubuntu3 g++_4:11.2.0-1ubuntu1 g++-11_11.2.0-19ubuntu1 gcc_4:11.2.0-1ubuntu1 gcc-11_11.2.0-19ubuntu1 gcc-11-base_11.2.0-19ubuntu1 gcc-12-base_12-20220319-1ubuntu1 gettext_0.21-4ubuntu4 gettext-base_0.21-4ubuntu4 google-mock_1.11.0-3 googletest_1.11.0-3 gpgv_2.2.27-3ubuntu2 grep_3.7-1build1 groff-base_1.22.4-8build1 gzip_1.10-4ubuntu4 hostname_3.23ubuntu2 init-system-helpers_1.62 intltool-debian_0.35.0+20060710.5 libacl1_2.3.1-1 libapt-pkg6.0_2.4.5 libarchive-zip-perl_1.68-1 libarchive13_3.6.0-1ubuntu1 libasan6_11.2.0-19ubuntu1 libatomic1_12-20220319-1ubuntu1 libattr1_1:2.5.1-1build1 libaudit-common_1:3.0.7-1build1 libaudit1_1:3.0.7-1build1 libbinutils_2.38-3ubuntu1 libblkid1_2.37.2-4ubuntu3 libboost-atomic1.74-dev_1.74.0-14ubuntu3 libboost-atomic1.74.0_1.74.0-14ubuntu3 libboost-chrono1.74-dev_1.74.0-14ubuntu3 libboost-chrono1.74.0_1.74.0-14ubuntu3 libboost-date-time1.74-dev_1.74.0-14ubuntu3 libboost-date-time1.74.0_1.74.0-14ubuntu3 libboost-serialization1.74-dev_1.74.0-14ubuntu3 libboost-serialization1.74.0_1.74.0-14ubuntu3 libboost-system-dev_1.74.0.3ubuntu7 libboost-system1.74-dev_1.74.0-14ubuntu3 libboost-system1.74.0_1.74.0-14ubuntu3 libboost-thread-dev_1.74.0.3ubuntu7 libboost-thread1.74-dev_1.74.0-14ubuntu3 libboost-thread1.74.0_1.74.0-14ubuntu3 libboost1.74-dev_1.74.0-14ubuntu3 libbrotli1_1.0.9-2build6 libbz2-1.0_1.0.8-5build1 libc-bin_2.35-0ubuntu3 libc-dev-bin_2.35-0ubuntu3 libc6_2.35-0ubuntu3 libc6-dev_2.35-0ubuntu3 libcap-ng0_0.7.9-2.2build3 libcap2_1:2.44-1build3 libcc1-0_12-20220319-1ubuntu1 libcom-err2_1.46.5-2ubuntu1 libconsole-bridge-dev_1.0.1+dfsg2-3 libconsole-bridge1.0_1.0.1+dfsg2-3 libcrypt-dev_1:4.4.27-1 libcrypt1_1:4.4.27-1 libctf-nobfd0_2.38-3ubuntu1 libctf0_2.38-3ubuntu1 libcurl4_7.81.0-1 libdb5.3_5.3.28+dfsg1-0.8ubuntu3 libdebconfclient0_0.261ubuntu1 libdebhelper-perl_13.6ubuntu1 libdpkg-perl_1.21.1ubuntu2 libdw1_0.186-1build1 libelf1_0.186-1build1 libexpat1_2.4.7-1 libext2fs2_1.46.5-2ubuntu1 libfakeroot_1.28-1ubuntu1 libffi8_3.4.2-4 libfile-stripnondeterminism-perl_1.13.0-1 libgcc-11-dev_11.2.0-19ubuntu1 libgcc-s1_12-20220319-1ubuntu1 libgcrypt20_1.9.4-3ubuntu3 libgdbm-compat4_1.23-1 libgdbm6_1.23-1 libgmp10_2:6.2.1+dfsg-3ubuntu1 libgnutls30_3.7.3-4ubuntu1 libgomp1_12-20220319-1ubuntu1 libgpg-error0_1.43-3 libgssapi-krb5-2_1.19.2-2 libgtest-dev_1.11.0-3 libhiredis0.14_0.14.1-2 libhogweed6_3.7.3-1build2 libicu70_70.1-2 libidn2-0_2.3.2-2build1 libisl23_0.24-2build1 libitm1_12-20220319-1ubuntu1 libjsoncpp25_1.9.5-3 libk5crypto3_1.19.2-2 libkeyutils1_1.6.1-2ubuntu3 libkrb5-3_1.19.2-2 libkrb5support0_1.19.2-2 libldap-2.5-0_2.5.11+dfsg-1~exp1ubuntu3 liblsan0_12-20220319-1ubuntu1 liblz4-1_1.9.3-2build2 liblzma5_5.2.5-2ubuntu1 libmagic-mgc_1:5.41-3 libmagic1_1:5.41-3 libmount1_2.37.2-4ubuntu3 libmpc3_1.2.1-2build1 libmpdec3_2.5.1-2build2 libmpfr6_4.1.0-3build3 libncurses6_6.3-2 libncursesw6_6.3-2 libnettle8_3.7.3-1build2 libnghttp2-14_1.43.0-1build3 libnsl-dev_1.3.0-2build2 libnsl2_1.3.0-2build2 libp11-kit0_0.24.0-6build1 libpam-modules_1.4.0-11ubuntu2 libpam-modules-bin_1.4.0-11ubuntu2 libpam-runtime_1.4.0-11ubuntu2 libpam0g_1.4.0-11ubuntu2 libpcre2-8-0_10.39-3build1 libpcre3_2:8.39-13build5 libperl5.34_5.34.0-3ubuntu1 libpipeline1_1.5.5-1 libprocps8_2:3.3.17-6ubuntu2 libpsl5_0.21.0-1.2build2 libpython3-stdlib_3.10.4-0ubuntu2 libpython3.10-minimal_3.10.4-3 libpython3.10-stdlib_3.10.4-3 libquadmath0_12-20220319-1ubuntu1 libreadline8_8.1.2-1 librhash0_1.4.2-1ubuntu1 librtmp1_2.4+20151223.gitfa8646d.1-2build4 libsasl2-2_2.1.27+dfsg2-3ubuntu1 libsasl2-modules-db_2.1.27+dfsg2-3ubuntu1 libseccomp2_2.5.3-2ubuntu2 libselinux1_3.3-1build2 libsemanage-common_3.3-1build2 libsemanage2_3.3-1build2 libsepol2_3.3-1build1 libsigsegv2_2.13-1ubuntu3 libsmartcols1_2.37.2-4ubuntu3 libsqlite3-0_3.37.2-2 libss2_1.46.5-2ubuntu1 libssh-4_0.9.6-2build1 libssl3_3.0.2-0ubuntu1 libstdc++-11-dev_11.2.0-19ubuntu1 libstdc++6_12-20220319-1ubuntu1 libsub-override-perl_0.09-2 libsystemd0_249.11-0ubuntu3 libtasn1-6_4.18.0-4build1 libtinfo6_6.3-2 libtirpc-common_1.3.2-2build1 libtirpc-dev_1.3.2-2build1 libtirpc3_1.3.2-2build1 libtool_2.4.6-15build2 libtsan0_11.2.0-19ubuntu1 libubsan1_12-20220319-1ubuntu1 libuchardet0_0.0.7-1build2 libudev1_249.11-0ubuntu3 libunistring2_1.0-1 libuuid1_2.37.2-4ubuntu3 libuv1_1.43.0-1 libxml2_2.9.13+dfsg-1build1 libxxhash0_0.8.1-1 libyaml-0-2_0.2.2-1build2 libzstd1_1.4.8+dfsg-3build1 linux-libc-dev_5.15.0-25.25 login_1:4.8.1-2ubuntu2 logsave_1.46.5-2ubuntu1 lsb-base_11.1.0ubuntu4 lsb-release_11.1.0ubuntu4 lto-disabled-list_24 m4_1.4.18-5ubuntu2 make_4.3-4.1build1 man-db_2.10.2-1 mawk_1.3.4.20200120-3 media-types_7.0.0 mount_2.37.2-4ubuntu3 ncurses-base_6.3-2 ncurses-bin_6.3-2 openssl_3.0.2-0ubuntu1 passwd_1:4.8.1-2ubuntu2 patch_2.7.6-7build2 perl_5.34.0-3ubuntu1 perl-base_5.34.0-3ubuntu1 perl-modules-5.34_5.34.0-3ubuntu1 po-debconf_1.0.21+nmu1 procps_2:3.3.17-6ubuntu2 python3_3.10.4-0ubuntu2 python3-catkin-pkg_1.0.0-100 python3-catkin-pkg-modules_1.0.0-1 python3-dateutil_2.8.1-6 python3-distro_1.7.0-1 python3-distutils_3.10.4-0ubuntu1 python3-docutils_0.17.1+dfsg-2 python3-empy_3.3.4-2 python3-lib2to3_3.10.4-0ubuntu1 python3-minimal_3.10.4-0ubuntu2 python3-nose_1.3.7-8 python3-pkg-resources_59.6.0-1.2 python3-pyparsing_2.4.7-1 python3-roman_3.3-1 python3-rosdep_0.22.2-1 python3-rosdep-modules_0.22.2-1 python3-rosdistro-modules_0.9.0-1 python3-rospkg-modules_1.5.0-1 python3-setuptools_59.6.0-1.2 python3-six_1.16.0-3ubuntu1 python3-yaml_5.4.1-1ubuntu1 python3.10_3.10.4-3 python3.10-minimal_3.10.4-3 readline-common_8.1.2-1 ros-one-catkin_0.8.10-0jammy.20230914.0929 rpcsvc-proto_1.4.2-0ubuntu6 sbuild-build-depends-main-dummy_0.invalid.0 sed_4.8-1ubuntu2 sensible-utils_0.0.17 sgml-base_1.30 sudo_1.9.9-1ubuntu2 sysvinit-utils_3.01-1ubuntu1 tar_1.34+dfsg-1build3 tzdata_2022a-0ubuntu1 ubuntu-keyring_2021.03.26 usrmerge_25ubuntu2 util-linux_2.37.2-4ubuntu3 xml-core_0.18+nmu1 xz-utils_5.2.5-2ubuntu1 zlib1g_1:1.2.11.dfsg-2ubuntu9

+------------------------------------------------------------------------------+
| Build                                                                        |
+------------------------------------------------------------------------------+


Unpack source
-------------

Format: 1.0
Source: ros-one-cpp-common
Binary: ros-one-cpp-common
Architecture: any
Version: 0.7.3-0jammy.20230914.0929
Maintainer: Martin Pecka <peckama2@fel.cvut.cz>
Homepage: http://www.ros.org/wiki/cpp_common
Standards-Version: 3.9.2
Build-Depends: debhelper (>= 9.0.0), libboost-system-dev, libboost-thread-dev, libconsole-bridge-dev, ros-one-catkin
Package-List:
 ros-one-cpp-common deb misc optional arch=any
Checksums-Sha1:
 aa1bec1601ea66e639f7c4fab00b5a0f536e66c5 11975 ros-one-cpp-common_0.7.3-0jammy.20230914.0929.tar.gz
Checksums-Sha256:
 7e22adbe10dc591d0866a45ef7e871fd5d6ab86f6f0e07c1adb9506569da1a62 11975 ros-one-cpp-common_0.7.3-0jammy.20230914.0929.tar.gz
Files:
 ed75497adb9229bdc5fb51b74ac0a5e4 11975 ros-one-cpp-common_0.7.3-0jammy.20230914.0929.tar.gz

dpkg-source: warning: extracting unsigned source package (ros-one-cpp-common_0.7.3-0jammy.20230914.0929.dsc)
dpkg-source: info: extracting ros-one-cpp-common in /<<BUILDDIR>>package
dpkg-source: info: unpacking ros-one-cpp-common_0.7.3-0jammy.20230914.0929.tar.gz

Check disk space
----------------

Sufficient free space for build

User Environment
----------------

APT_CONFIG=/var/lib/sbuild/apt.conf
CCACHE_DIR=/build/ccache
DEB_BUILD_OPTIONS=nocheck
HOME=/sbuild-nonexistent
LANG=C.UTF-8
LC_ALL=C.UTF-8
LOGNAME=runner
PATH=/usr/lib/ccache:/usr/local/sbin:/usr/local/bin:/usr/sbin:/usr/bin:/sbin:/bin:/usr/games
SCHROOT_ALIAS_NAME=sbuild
SCHROOT_CHROOT_NAME=sbuild
SCHROOT_COMMAND=env
SCHROOT_GID=127
SCHROOT_GROUP=docker
SCHROOT_SESSION_ID=sbuild-7ee7a7bb-de1d-454f-aca9-00f46f8737a0
SCHROOT_UID=1001
SCHROOT_USER=runner
SHELL=/bin/sh
USER=runner

dpkg-buildpackage
-----------------

Command: dpkg-buildpackage --sanitize-env -us -uc -b -rfakeroot
dpkg-buildpackage: info: source package ros-one-cpp-common
dpkg-buildpackage: info: source version 0.7.3-0jammy.20230914.0929
dpkg-buildpackage: info: source distribution UNRELEASED
dpkg-buildpackage: info: source changed by Martin Pecka <peckama2@fel.cvut.cz>
 dpkg-source --before-build .
dpkg-buildpackage: info: host architecture amd64
dpkg-source: info: using options from package/debian/source/options: --auto-commit
 fakeroot debian/rules clean
dh clean -v --buildsystem=cmake --builddirectory=.obj-x86_64-linux-gnu
   dh_auto_clean -O-v -O--buildsystem=cmake -O--builddirectory=.obj-x86_64-linux-gnu
   dh_autoreconf_clean -O-v -O--buildsystem=cmake -O--builddirectory=.obj-x86_64-linux-gnu
   dh_clean -O-v -O--buildsystem=cmake -O--builddirectory=.obj-x86_64-linux-gnu
	rm -f debian/debhelper-build-stamp
	rm -rf debian/.debhelper/
	rm -f -- debian/ros-one-cpp-common.substvars debian/files
	rm -fr -- debian/ros-one-cpp-common/ debian/tmp/
	find .  \( \( \
		\( -path .\*/.git -o -path .\*/.svn -o -path .\*/.bzr -o -path .\*/.hg -o -path .\*/CVS -o -path .\*/.pc -o -path .\*/_darcs \) -prune -o -type f -a \
	        \( -name '#*#' -o -name '.*~' -o -name '*~' -o -name DEADJOE \
		 -o -name '*.orig' -o -name '*.rej' -o -name '*.bak' \
		 -o -name '.*.orig' -o -name .*.rej -o -name '.SUMS' \
		 -o -name TAGS -o \( -path '*/.deps/*' -a -name '*.P' \) \
		\) -exec rm -f {} + \) -o \
		\( -type d -a -name autom4te.cache -prune -exec rm -rf {} + \) \)
 debian/rules build
dh build -v --buildsystem=cmake --builddirectory=.obj-x86_64-linux-gnu
   dh_update_autotools_config -O-v -O--buildsystem=cmake -O--builddirectory=.obj-x86_64-linux-gnu
   dh_autoreconf -O-v -O--buildsystem=cmake -O--builddirectory=.obj-x86_64-linux-gnu
   debian/rules override_dh_auto_configure
make[1]: Entering directory '/<<BUILDDIR>>package'
# In case we're installing to a non-standard location, look for a setup.sh
# in the install tree that was dropped by catkin, and source it.  It will
# set things like CMAKE_PREFIX_PATH, PKG_CONFIG_PATH, and PYTHONPATH.
if [ -f "/opt/ros/one/setup.sh" ]; then . "/opt/ros/one/setup.sh"; fi && \
dh_auto_configure -- \
	-DCATKIN_BUILD_BINARY_PACKAGE="1" \
	-DCMAKE_INSTALL_PREFIX="/opt/ros/one" \
	-DCMAKE_PREFIX_PATH="/opt/ros/one" \
	-DBUILD_TESTING=OFF -DCATKIN_ENABLE_TESTING=OFF
	install -d .obj-x86_64-linux-gnu
	cd .obj-x86_64-linux-gnu && cmake -DCMAKE_INSTALL_PREFIX=/usr -DCMAKE_BUILD_TYPE=None -DCMAKE_INSTALL_SYSCONFDIR=/etc -DCMAKE_INSTALL_LOCALSTATEDIR=/var -DCMAKE_EXPORT_NO_PACKAGE_REGISTRY=ON -DCMAKE_FIND_USE_PACKAGE_REGISTRY=OFF -DCMAKE_FIND_PACKAGE_NO_PACKAGE_REGISTRY=ON -DCMAKE_INSTALL_RUNSTATEDIR=/run "-GUnix Makefiles" -DCMAKE_VERBOSE_MAKEFILE=ON -DCMAKE_INSTALL_LIBDIR=lib/x86_64-linux-gnu -DCATKIN_BUILD_BINARY_PACKAGE=1 -DCMAKE_INSTALL_PREFIX=/opt/ros/one -DCMAKE_PREFIX_PATH=/opt/ros/one -DBUILD_TESTING=OFF -DCATKIN_ENABLE_TESTING=OFF ..
-- The C compiler identification is GNU 11.2.0
-- The CXX compiler identification is GNU 11.2.0
-- Detecting C compiler ABI info
-- Detecting C compiler ABI info - done
-- Check for working C compiler: /usr/bin/cc - skipped
-- Detecting C compile features
-- Detecting C compile features - done
-- Detecting CXX compiler ABI info
-- Detecting CXX compiler ABI info - done
-- Check for working CXX compiler: /usr/bin/c++ - skipped
-- Detecting CXX compile features
-- Detecting CXX compile features - done
-- Found Boost: /usr/lib/x86_64-linux-gnu/cmake/Boost-1.74.0/BoostConfig.cmake (found version "1.74.0") found components: system thread 
-- Using CATKIN_DEVEL_PREFIX: /<<BUILDDIR>>package/.obj-x86_64-linux-gnu/devel
-- Using CMAKE_PREFIX_PATH: /opt/ros/one
-- This workspace overlays: /opt/ros/one
-- Found PythonInterp: /usr/bin/python3.10 (found version "3.10.4") 
-- Using PYTHON_EXECUTABLE: /usr/bin/python3.10
-- Using Debian Python package layout
-- Using empy: /usr/bin/empy
-- Using CATKIN_ENABLE_TESTING: OFF
-- catkin 0.8.10
-- BUILD_SHARED_LIBS is on
-- Looking for execinfo.h
-- Looking for execinfo.h - found
-- Performing Test HAVE_CXXABI_H
-- Performing Test HAVE_CXXABI_H - Success
-- Looking for backtrace
-- Looking for backtrace - found
-- Configuring done
-- Generating done
CMake Warning:
  Manually-specified variables were not used by the project:

    BUILD_TESTING
    CMAKE_EXPORT_NO_PACKAGE_REGISTRY
    CMAKE_FIND_PACKAGE_NO_PACKAGE_REGISTRY
    CMAKE_INSTALL_LIBDIR
    CMAKE_INSTALL_LOCALSTATEDIR
    CMAKE_INSTALL_RUNSTATEDIR
    CMAKE_INSTALL_SYSCONFDIR


-- Build files have been written to: /<<BUILDDIR>>package/.obj-x86_64-linux-gnu
make[1]: Leaving directory '/<<BUILDDIR>>package'
	rm -f debian/ros-one-cpp-common.debhelper.log
   debian/rules override_dh_auto_build
make[1]: Entering directory '/<<BUILDDIR>>package'
# In case we're installing to a non-standard location, look for a setup.sh
# in the install tree that was dropped by catkin, and source it.  It will
# set things like CMAKE_PREFIX_PATH, PKG_CONFIG_PATH, and PYTHONPATH.
if [ -f "/opt/ros/one/setup.sh" ]; then . "/opt/ros/one/setup.sh"; fi && \
dh_auto_build
	cd .obj-x86_64-linux-gnu && make -j2 "INSTALL=install --strip-program=true" VERBOSE=1
make[2]: Entering directory '/<<BUILDDIR>>package/.obj-x86_64-linux-gnu'
/usr/bin/cmake -S/<<BUILDDIR>>package -B/<<BUILDDIR>>package/.obj-x86_64-linux-gnu --check-build-system CMakeFiles/Makefile.cmake 0
/usr/bin/cmake -E cmake_progress_start /<<BUILDDIR>>package/.obj-x86_64-linux-gnu/CMakeFiles /<<BUILDDIR>>package/.obj-x86_64-linux-gnu//CMakeFiles/progress.marks
make  -f CMakeFiles/Makefile2 all
make[3]: Entering directory '/<<BUILDDIR>>package/.obj-x86_64-linux-gnu'
make  -f CMakeFiles/cpp_common.dir/build.make CMakeFiles/cpp_common.dir/depend
make[4]: Entering directory '/<<BUILDDIR>>package/.obj-x86_64-linux-gnu'
cd /<<BUILDDIR>>package/.obj-x86_64-linux-gnu && /usr/bin/cmake -E cmake_depends "Unix Makefiles" /<<BUILDDIR>>package /<<BUILDDIR>>package /<<BUILDDIR>>package/.obj-x86_64-linux-gnu /<<BUILDDIR>>package/.obj-x86_64-linux-gnu /<<BUILDDIR>>package/.obj-x86_64-linux-gnu/CMakeFiles/cpp_common.dir/DependInfo.cmake --color=
make[4]: Leaving directory '/<<BUILDDIR>>package/.obj-x86_64-linux-gnu'
make  -f CMakeFiles/cpp_common.dir/build.make CMakeFiles/cpp_common.dir/build
make[4]: Entering directory '/<<BUILDDIR>>package/.obj-x86_64-linux-gnu'
[ 33%] Building CXX object CMakeFiles/cpp_common.dir/src/debug.cpp.o
[ 66%] Building CXX object CMakeFiles/cpp_common.dir/src/header.cpp.o
/usr/bin/c++ -DBOOST_ALL_NO_LIB -DBOOST_ATOMIC_DYN_LINK -DBOOST_SYSTEM_DYN_LINK -DBOOST_THREAD_DYN_LINK -DHAVE_CXXABI_H=1 -DHAVE_EXECINFO_H=1 -DHAVE_GLIBC_BACKTRACE -DROS_BUILD_SHARED_LIBS=1 -Dcpp_common_EXPORTS -I/<<BUILDDIR>>package/include -g -O2 -ffile-prefix-map=/<<BUILDDIR>>package=. -flto=auto -ffat-lto-objects -flto=auto -ffat-lto-objects -fstack-protector-strong -Wformat -Werror=format-security -DNDEBUG -Wdate-time -D_FORTIFY_SOURCE=2 -fPIC -MD -MT CMakeFiles/cpp_common.dir/src/debug.cpp.o -MF CMakeFiles/cpp_common.dir/src/debug.cpp.o.d -o CMakeFiles/cpp_common.dir/src/debug.cpp.o -c /<<BUILDDIR>>package/src/debug.cpp
/usr/bin/c++ -DBOOST_ALL_NO_LIB -DBOOST_ATOMIC_DYN_LINK -DBOOST_SYSTEM_DYN_LINK -DBOOST_THREAD_DYN_LINK -DHAVE_CXXABI_H=1 -DHAVE_EXECINFO_H=1 -DHAVE_GLIBC_BACKTRACE -DROS_BUILD_SHARED_LIBS=1 -Dcpp_common_EXPORTS -I/<<BUILDDIR>>package/include -g -O2 -ffile-prefix-map=/<<BUILDDIR>>package=. -flto=auto -ffat-lto-objects -flto=auto -ffat-lto-objects -fstack-protector-strong -Wformat -Werror=format-security -DNDEBUG -Wdate-time -D_FORTIFY_SOURCE=2 -fPIC -MD -MT CMakeFiles/cpp_common.dir/src/header.cpp.o -MF CMakeFiles/cpp_common.dir/src/header.cpp.o.d -o CMakeFiles/cpp_common.dir/src/header.cpp.o -c /<<BUILDDIR>>package/src/header.cpp
[100%] Linking CXX shared library devel/lib/libcpp_common.so
/usr/bin/cmake -E cmake_link_script CMakeFiles/cpp_common.dir/link.txt --verbose=1
/usr/bin/c++ -fPIC -g -O2 -ffile-prefix-map=/<<BUILDDIR>>package=. -flto=auto -ffat-lto-objects -flto=auto -ffat-lto-objects -fstack-protector-strong -Wformat -Werror=format-security -DNDEBUG -Wdate-time -D_FORTIFY_SOURCE=2 -shared -Wl,-soname,libcpp_common.so -o devel/lib/libcpp_common.so CMakeFiles/cpp_common.dir/src/debug.cpp.o CMakeFiles/cpp_common.dir/src/header.cpp.o  /usr/lib/x86_64-linux-gnu/libboost_system.so.1.74.0 /usr/lib/x86_64-linux-gnu/libboost_thread.so.1.74.0 /usr/lib/x86_64-linux-gnu/libconsole_bridge.so.1.0 /usr/lib/x86_64-linux-gnu/libboost_atomic.so.1.74.0 
make[4]: Leaving directory '/<<BUILDDIR>>package/.obj-x86_64-linux-gnu'
[100%] Built target cpp_common
make[3]: Leaving directory '/<<BUILDDIR>>package/.obj-x86_64-linux-gnu'
/usr/bin/cmake -E cmake_progress_start /<<BUILDDIR>>package/.obj-x86_64-linux-gnu/CMakeFiles 0
make[2]: Leaving directory '/<<BUILDDIR>>package/.obj-x86_64-linux-gnu'
make[1]: Leaving directory '/<<BUILDDIR>>package'
	rm -f debian/ros-one-cpp-common.debhelper.log
   debian/rules override_dh_auto_test
make[1]: Entering directory '/<<BUILDDIR>>package'
# In case we're installing to a non-standard location, look for a setup.sh
# in the install tree that was dropped by catkin, and source it.  It will
# set things like CMAKE_PREFIX_PATH, PKG_CONFIG_PATH, and PYTHONPATH.
echo -- Running tests. Even if one of them fails the build is not canceled.
-- Running tests. Even if one of them fails the build is not canceled.
if [ -f "/opt/ros/one/setup.sh" ]; then . "/opt/ros/one/setup.sh"; fi && \
dh_auto_test || true
make[1]: Leaving directory '/<<BUILDDIR>>package'
   create-stamp debian/debhelper-build-stamp
 fakeroot debian/rules binary
dh binary -v --buildsystem=cmake --builddirectory=.obj-x86_64-linux-gnu
   dh_testroot -O-v -O--buildsystem=cmake -O--builddirectory=.obj-x86_64-linux-gnu
   dh_prep -O-v -O--buildsystem=cmake -O--builddirectory=.obj-x86_64-linux-gnu
	rm -f -- debian/ros-one-cpp-common.substvars
	rm -fr -- debian/.debhelper/generated/ros-one-cpp-common/ debian/ros-one-cpp-common/ debian/tmp/
   debian/rules override_dh_auto_install
make[1]: Entering directory '/<<BUILDDIR>>package'
# In case we're installing to a non-standard location, look for a setup.sh
# in the install tree that was dropped by catkin, and source it.  It will
# set things like CMAKE_PREFIX_PATH, PKG_CONFIG_PATH, and PYTHONPATH.
if [ -f "/opt/ros/one/setup.sh" ]; then . "/opt/ros/one/setup.sh"; fi && \
dh_auto_install
	install -d /<<BUILDDIR>>package/debian/ros-one-cpp-common
	cd .obj-x86_64-linux-gnu && make -j2 install DESTDIR=/<<BUILDDIR>>package/debian/ros-one-cpp-common AM_UPDATE_INFO_DIR=no "INSTALL=install --strip-program=true"
make[2]: Entering directory '/<<BUILDDIR>>package/.obj-x86_64-linux-gnu'
/usr/bin/cmake -S/<<BUILDDIR>>package -B/<<BUILDDIR>>package/.obj-x86_64-linux-gnu --check-build-system CMakeFiles/Makefile.cmake 0
/usr/bin/cmake -E cmake_progress_start /<<BUILDDIR>>package/.obj-x86_64-linux-gnu/CMakeFiles /<<BUILDDIR>>package/.obj-x86_64-linux-gnu//CMakeFiles/progress.marks
make  -f CMakeFiles/Makefile2 all
make[3]: Entering directory '/<<BUILDDIR>>package/.obj-x86_64-linux-gnu'
make  -f CMakeFiles/cpp_common.dir/build.make CMakeFiles/cpp_common.dir/depend
make[4]: Entering directory '/<<BUILDDIR>>package/.obj-x86_64-linux-gnu'
cd /<<BUILDDIR>>package/.obj-x86_64-linux-gnu && /usr/bin/cmake -E cmake_depends "Unix Makefiles" /<<BUILDDIR>>package /<<BUILDDIR>>package /<<BUILDDIR>>package/.obj-x86_64-linux-gnu /<<BUILDDIR>>package/.obj-x86_64-linux-gnu /<<BUILDDIR>>package/.obj-x86_64-linux-gnu/CMakeFiles/cpp_common.dir/DependInfo.cmake --color=
Consolidate compiler generated dependencies of target cpp_common
make[4]: Leaving directory '/<<BUILDDIR>>package/.obj-x86_64-linux-gnu'
make  -f CMakeFiles/cpp_common.dir/build.make CMakeFiles/cpp_common.dir/build
make[4]: Entering directory '/<<BUILDDIR>>package/.obj-x86_64-linux-gnu'
make[4]: Nothing to be done for 'CMakeFiles/cpp_common.dir/build'.
make[4]: Leaving directory '/<<BUILDDIR>>package/.obj-x86_64-linux-gnu'
[100%] Built target cpp_common
make[3]: Leaving directory '/<<BUILDDIR>>package/.obj-x86_64-linux-gnu'
/usr/bin/cmake -E cmake_progress_start /<<BUILDDIR>>package/.obj-x86_64-linux-gnu/CMakeFiles 0
make  -f CMakeFiles/Makefile2 preinstall
make[3]: Entering directory '/<<BUILDDIR>>package/.obj-x86_64-linux-gnu'
make[3]: Nothing to be done for 'preinstall'.
make[3]: Leaving directory '/<<BUILDDIR>>package/.obj-x86_64-linux-gnu'
Install the project...
/usr/bin/cmake -P cmake_install.cmake
-- Install configuration: "None"
-- Installing: /<<BUILDDIR>>package/debian/ros-one-cpp-common/opt/ros/one/lib/pkgconfig/cpp_common.pc
-- Installing: /<<BUILDDIR>>package/debian/ros-one-cpp-common/opt/ros/one/share/cpp_common/cmake/cpp_commonConfig.cmake
-- Installing: /<<BUILDDIR>>package/debian/ros-one-cpp-common/opt/ros/one/share/cpp_common/cmake/cpp_commonConfig-version.cmake
-- Installing: /<<BUILDDIR>>package/debian/ros-one-cpp-common/opt/ros/one/share/cpp_common/package.xml
-- Installing: /<<BUILDDIR>>package/debian/ros-one-cpp-common/opt/ros/one/lib/libcpp_common.so
-- Installing: /<<BUILDDIR>>package/debian/ros-one-cpp-common/opt/ros/one/include
-- Installing: /<<BUILDDIR>>package/debian/ros-one-cpp-common/opt/ros/one/include/ros
-- Installing: /<<BUILDDIR>>package/debian/ros-one-cpp-common/opt/ros/one/include/ros/cpp_common_decl.h
-- Installing: /<<BUILDDIR>>package/debian/ros-one-cpp-common/opt/ros/one/include/ros/debug.h
-- Installing: /<<BUILDDIR>>package/debian/ros-one-cpp-common/opt/ros/one/include/ros/exception.h
-- Installing: /<<BUILDDIR>>package/debian/ros-one-cpp-common/opt/ros/one/include/ros/platform.h
-- Installing: /<<BUILDDIR>>package/debian/ros-one-cpp-common/opt/ros/one/include/ros/macros.h
-- Installing: /<<BUILDDIR>>package/debian/ros-one-cpp-common/opt/ros/one/include/ros/types.h
-- Installing: /<<BUILDDIR>>package/debian/ros-one-cpp-common/opt/ros/one/include/ros/datatypes.h
-- Installing: /<<BUILDDIR>>package/debian/ros-one-cpp-common/opt/ros/one/include/ros/header.h
make[2]: Leaving directory '/<<BUILDDIR>>package/.obj-x86_64-linux-gnu'
make[1]: Leaving directory '/<<BUILDDIR>>package'
   dh_installdocs -O-v -O--buildsystem=cmake -O--builddirectory=.obj-x86_64-linux-gnu
	install -d debian/ros-one-cpp-common/usr/share/doc/ros-one-cpp-common
	install -d debian/.debhelper/generated/ros-one-cpp-common
	install -p -m0644 debian/copyright debian/ros-one-cpp-common/usr/share/doc/ros-one-cpp-common/copyright
   dh_installchangelogs -O-v -O--buildsystem=cmake -O--builddirectory=.obj-x86_64-linux-gnu
	install -p -m0644 debian/changelog debian/ros-one-cpp-common/usr/share/doc/ros-one-cpp-common/changelog.Debian
   dh_installinit -O-v -O--buildsystem=cmake -O--builddirectory=.obj-x86_64-linux-gnu
   dh_perl -O-v -O--buildsystem=cmake -O--builddirectory=.obj-x86_64-linux-gnu
   dh_link -O-v -O--buildsystem=cmake -O--builddirectory=.obj-x86_64-linux-gnu
   dh_strip_nondeterminism -O-v -O--buildsystem=cmake -O--builddirectory=.obj-x86_64-linux-gnu
   dh_compress -O-v -O--buildsystem=cmake -O--builddirectory=.obj-x86_64-linux-gnu
	cd debian/ros-one-cpp-common
	chmod a-x usr/share/doc/ros-one-cpp-common/changelog.Debian
	gzip -9nf usr/share/doc/ros-one-cpp-common/changelog.Debian
	cd '/<<BUILDDIR>>package'
   dh_fixperms -O-v -O--buildsystem=cmake -O--builddirectory=.obj-x86_64-linux-gnu
	find debian/ros-one-cpp-common -true -print0 2>/dev/null | xargs -0r chown --no-dereference 0:0
	find debian/ros-one-cpp-common ! -type l -a -true -a -true -print0 2>/dev/null | xargs -0r chmod go=rX,u+rw,a-s
	find debian/ros-one-cpp-common/usr/share/doc -type f -a -true -a ! -regex 'debian/ros-one-cpp-common/usr/share/doc/[^/]*/examples/.*' -print0 2>/dev/null | xargs -0r chmod 0644
	find debian/ros-one-cpp-common/usr/share/doc -type d -a -true -a -true -print0 2>/dev/null | xargs -0r chmod 0755
	find debian/ros-one-cpp-common -type f \( -name '*.so.*' -o -name '*.so' -o -name '*.la' -o -name '*.a' -o -name '*.js' -o -name '*.css' -o -name '*.scss' -o -name '*.sass' -o -name '*.jpeg' -o -name '*.jpg' -o -name '*.png' -o -name '*.gif' -o -name '*.cmxs' -o -name '*.node' \) -a -true -a -true -print0 2>/dev/null | xargs -0r chmod 0644
   dh_missing -O-v -O--buildsystem=cmake -O--builddirectory=.obj-x86_64-linux-gnu
   dh_strip -O-v -O--buildsystem=cmake -O--builddirectory=.obj-x86_64-linux-gnu
	debugedit --build-id --build-id-seed=ros-one-cpp-common/0.7.3-0jammy.20230914.0929 debian/ros-one-cpp-common/opt/ros/one/lib/libcpp_common.so
b5878528f07c24410969189496873f4c0e377c10
	install -d debian/.debhelper/ros-one-cpp-common/dbgsym-root/usr/lib/debug/.build-id/b5
	objcopy --only-keep-debug --compress-debug-sections debian/ros-one-cpp-common/opt/ros/one/lib/libcpp_common.so debian/.debhelper/ros-one-cpp-common/dbgsym-root/usr/lib/debug/.build-id/b5/878528f07c24410969189496873f4c0e377c10.debug
	chmod 0644 -- debian/.debhelper/ros-one-cpp-common/dbgsym-root/usr/lib/debug/.build-id/b5/878528f07c24410969189496873f4c0e377c10.debug
	chown 0:0 -- debian/.debhelper/ros-one-cpp-common/dbgsym-root/usr/lib/debug/.build-id/b5/878528f07c24410969189496873f4c0e377c10.debug
	strip --remove-section=.comment --remove-section=.note --strip-unneeded -o /tmp/52l5Sm8WRh/strip9CB7qO debian/ros-one-cpp-common/opt/ros/one/lib/libcpp_common.so
	chmod --reference debian/ros-one-cpp-common/opt/ros/one/lib/libcpp_common.so /tmp/52l5Sm8WRh/strip9CB7qO
	cat '/tmp/52l5Sm8WRh/strip9CB7qO' > 'debian/ros-one-cpp-common/opt/ros/one/lib/libcpp_common.so'
	chmod --reference /tmp/52l5Sm8WRh/strip9CB7qO debian/ros-one-cpp-common/opt/ros/one/lib/libcpp_common.so
	objcopy --add-gnu-debuglink debian/.debhelper/ros-one-cpp-common/dbgsym-root/usr/lib/debug/.build-id/b5/878528f07c24410969189496873f4c0e377c10.debug debian/ros-one-cpp-common/opt/ros/one/lib/libcpp_common.so /tmp/52l5Sm8WRh/objcopyIchGhg
	chmod --reference debian/ros-one-cpp-common/opt/ros/one/lib/libcpp_common.so /tmp/52l5Sm8WRh/objcopyIchGhg
	cat '/tmp/52l5Sm8WRh/objcopyIchGhg' > 'debian/ros-one-cpp-common/opt/ros/one/lib/libcpp_common.so'
	chmod --reference /tmp/52l5Sm8WRh/objcopyIchGhg debian/ros-one-cpp-common/opt/ros/one/lib/libcpp_common.so
	install -d debian/.debhelper/ros-one-cpp-common/dbgsym-root/usr/share/doc
	ln -s ros-one-cpp-common debian/.debhelper/ros-one-cpp-common/dbgsym-root/usr/share/doc/ros-one-cpp-common-dbgsym
   dh_makeshlibs -O-v -O--buildsystem=cmake -O--builddirectory=.obj-x86_64-linux-gnu
	rm -f debian/ros-one-cpp-common/DEBIAN/shlibs
	rm -f debian/ros-one-cpp-common.debhelper.log
   debian/rules override_dh_shlibdeps
make[1]: Entering directory '/<<BUILDDIR>>package'
# In case we're installing to a non-standard location, look for a setup.sh
# in the install tree that was dropped by catkin, and source it.  It will
# set things like CMAKE_PREFIX_PATH, PKG_CONFIG_PATH, and PYTHONPATH.
if [ -f "/opt/ros/one/setup.sh" ]; then . "/opt/ros/one/setup.sh"; fi && \
dh_shlibdeps -l/<<BUILDDIR>>package/debian/ros-one-cpp-common//opt/ros/one/lib/
	install -d debian/ros-one-cpp-common/DEBIAN
	dpkg-shlibdeps -Tdebian/ros-one-cpp-common.substvars -l/<<BUILDDIR>>package/debian/ros-one-cpp-common//opt/ros/one/lib/ debian/ros-one-cpp-common/opt/ros/one/lib/libcpp_common.so
make[1]: Leaving directory '/<<BUILDDIR>>package'
   dh_installdeb -O-v -O--buildsystem=cmake -O--builddirectory=.obj-x86_64-linux-gnu
   dh_gencontrol -O-v -O--buildsystem=cmake -O--builddirectory=.obj-x86_64-linux-gnu
	echo misc:Depends= >> debian/ros-one-cpp-common.substvars
	echo misc:Pre-Depends= >> debian/ros-one-cpp-common.substvars
	install -d debian/.debhelper/ros-one-cpp-common/dbgsym-root/DEBIAN
	dpkg-gencontrol -pros-one-cpp-common -ldebian/changelog -Tdebian/ros-one-cpp-common.substvars -Pdebian/.debhelper/ros-one-cpp-common/dbgsym-root -UPre-Depends -URecommends -USuggests -UEnhances -UProvides -UEssential -UConflicts -DPriority=optional -UHomepage -UImportant -UBuilt-Using -DAuto-Built-Package=debug-symbols -UProtected -DPackage=ros-one-cpp-common-dbgsym "-DDepends=ros-one-cpp-common (= \${binary:Version})" "-DDescription=debug symbols for ros-one-cpp-common" -DBuild-Ids=b5878528f07c24410969189496873f4c0e377c10 -DSection=debug -DPackage-Type=ddeb -UMulti-Arch -UReplaces -UBreaks
	chmod 0644 -- debian/.debhelper/ros-one-cpp-common/dbgsym-root/DEBIAN/control
	chown 0:0 -- debian/.debhelper/ros-one-cpp-common/dbgsym-root/DEBIAN/control
	dpkg-gencontrol -pros-one-cpp-common -ldebian/changelog -Tdebian/ros-one-cpp-common.substvars -Pdebian/ros-one-cpp-common
	chmod 0644 -- debian/ros-one-cpp-common/DEBIAN/control
	chown 0:0 -- debian/ros-one-cpp-common/DEBIAN/control
   dh_md5sums -O-v -O--buildsystem=cmake -O--builddirectory=.obj-x86_64-linux-gnu
	cd debian/ros-one-cpp-common >/dev/null && xargs -r0 md5sum | perl -pe 'if (s@^\\@@) { s/\\\\/\\/g; }' > DEBIAN/md5sums
	chmod 0644 -- debian/ros-one-cpp-common/DEBIAN/md5sums
	chown 0:0 -- debian/ros-one-cpp-common/DEBIAN/md5sums
	cd debian/.debhelper/ros-one-cpp-common/dbgsym-root >/dev/null && xargs -r0 md5sum | perl -pe 'if (s@^\\@@) { s/\\\\/\\/g; }' > DEBIAN/md5sums
	chmod 0644 -- debian/.debhelper/ros-one-cpp-common/dbgsym-root/DEBIAN/md5sums
	chown 0:0 -- debian/.debhelper/ros-one-cpp-common/dbgsym-root/DEBIAN/md5sums
   dh_builddeb -O-v -O--buildsystem=cmake -O--builddirectory=.obj-x86_64-linux-gnu
	dpkg-deb --build debian/ros-one-cpp-common ..
dpkg-deb: building package 'ros-one-cpp-common' in '../ros-one-cpp-common_0.7.3-0jammy.20230914.0929_amd64.deb'.
	install -d debian/.debhelper/scratch-space/build-ros-one-cpp-common
	dpkg-deb --build debian/.debhelper/ros-one-cpp-common/dbgsym-root debian/.debhelper/scratch-space/build-ros-one-cpp-common
dpkg-deb: building package 'ros-one-cpp-common-dbgsym' in 'debian/.debhelper/scratch-space/build-ros-one-cpp-common/ros-one-cpp-common-dbgsym_0.7.3-0jammy.20230914.0929_amd64.deb'.
	Renaming ros-one-cpp-common-dbgsym_0.7.3-0jammy.20230914.0929_amd64.deb to ros-one-cpp-common-dbgsym_0.7.3-0jammy.20230914.0929_amd64.ddeb
	mv debian/.debhelper/scratch-space/build-ros-one-cpp-common/ros-one-cpp-common-dbgsym_0.7.3-0jammy.20230914.0929_amd64.deb ../ros-one-cpp-common-dbgsym_0.7.3-0jammy.20230914.0929_amd64.ddeb
 dpkg-genbuildinfo --build=binary -O../ros-one-cpp-common_0.7.3-0jammy.20230914.0929_amd64.buildinfo
 dpkg-genchanges --build=binary -O../ros-one-cpp-common_0.7.3-0jammy.20230914.0929_amd64.changes
dpkg-genchanges: info: binary-only upload (no source code included)
 dpkg-source --after-build .
dpkg-source: info: using options from package/debian/source/options: --auto-commit
dpkg-buildpackage: info: binary-only upload (no source included)
--------------------------------------------------------------------------------
Build finished at 2023-09-14T09:30:06Z

Finished
--------

I: Built successfully

+------------------------------------------------------------------------------+
| Changes                                                                      |
+------------------------------------------------------------------------------+


ros-one-cpp-common_0.7.3-0jammy.20230914.0929_amd64.changes:
------------------------------------------------------------

Format: 1.8
Date: Thu, 14 Sep 2023 09:29:41 +0000
Source: ros-one-cpp-common
Binary: ros-one-cpp-common
Built-For-Profiles: noudeb
Architecture: amd64
Version: 0.7.3-0jammy.20230914.0929
Distribution: UNRELEASED
Urgency: high
Maintainer: Martin Pecka <peckama2@fel.cvut.cz>
Changed-By: Martin Pecka <peckama2@fel.cvut.cz>
Description:
 ros-one-cpp-common - cpp_common contains C++ code for doing things that are not necess
Changes:
 ros-one-cpp-common (0.7.3-0jammy.20230914.0929) UNRELEASED; urgency=high
 .
   * jammy Append timestamp when binarydeb was built.
Checksums-Sha1:
 d97340460aa5ea5d16f4669b280a310f0c1a6068 137110 ros-one-cpp-common-dbgsym_0.7.3-0jammy.20230914.0929_amd64.ddeb
 3455a1c733a4540cbeaeefe99c5d68ebe811df9c 8771 ros-one-cpp-common_0.7.3-0jammy.20230914.0929_amd64.buildinfo
 4f23456a2206d84f95f950afbe57d10599933f7f 21896 ros-one-cpp-common_0.7.3-0jammy.20230914.0929_amd64.deb
Checksums-Sha256:
 0ce316f795171455a3e437315c6eff29cce9ba9fcc57b958227311fbc1f22b05 137110 ros-one-cpp-common-dbgsym_0.7.3-0jammy.20230914.0929_amd64.ddeb
 d80b81d7605642013e0dbdf3610469cc4e719424156cb1c4c2c20ec7b909aebc 8771 ros-one-cpp-common_0.7.3-0jammy.20230914.0929_amd64.buildinfo
 d86d33a294b741aa076aa5a3d282534d8cc1a9c585afc7a11ac409b8a754da94 21896 ros-one-cpp-common_0.7.3-0jammy.20230914.0929_amd64.deb
Files:
 439c5e357953b54fc19b2c1d6390f480 137110 debug optional ros-one-cpp-common-dbgsym_0.7.3-0jammy.20230914.0929_amd64.ddeb
 d08bb5564ba894ccee63a4399bc3912d 8771 misc optional ros-one-cpp-common_0.7.3-0jammy.20230914.0929_amd64.buildinfo
 391bfe5e5af7ab2e919ba392014cd289 21896 misc optional ros-one-cpp-common_0.7.3-0jammy.20230914.0929_amd64.deb

+------------------------------------------------------------------------------+
| Buildinfo                                                                    |
+------------------------------------------------------------------------------+

Format: 1.0
Source: ros-one-cpp-common
Binary: ros-one-cpp-common ros-one-cpp-common-dbgsym
Architecture: amd64
Version: 0.7.3-0jammy.20230914.0929
Checksums-Md5:
 439c5e357953b54fc19b2c1d6390f480 137110 ros-one-cpp-common-dbgsym_0.7.3-0jammy.20230914.0929_amd64.ddeb
 391bfe5e5af7ab2e919ba392014cd289 21896 ros-one-cpp-common_0.7.3-0jammy.20230914.0929_amd64.deb
Checksums-Sha1:
 d97340460aa5ea5d16f4669b280a310f0c1a6068 137110 ros-one-cpp-common-dbgsym_0.7.3-0jammy.20230914.0929_amd64.ddeb
 4f23456a2206d84f95f950afbe57d10599933f7f 21896 ros-one-cpp-common_0.7.3-0jammy.20230914.0929_amd64.deb
Checksums-Sha256:
 0ce316f795171455a3e437315c6eff29cce9ba9fcc57b958227311fbc1f22b05 137110 ros-one-cpp-common-dbgsym_0.7.3-0jammy.20230914.0929_amd64.ddeb
 d86d33a294b741aa076aa5a3d282534d8cc1a9c585afc7a11ac409b8a754da94 21896 ros-one-cpp-common_0.7.3-0jammy.20230914.0929_amd64.deb
Build-Origin: Ubuntu
Build-Architecture: amd64
Build-Date: Thu, 14 Sep 2023 09:30:05 +0000
Build-Path: /<<BUILDDIR>>package
Build-Tainted-By:
 merged-usr-via-aliased-dirs
Installed-Build-Depends:
 autoconf (= 2.71-2),
 automake (= 1:1.16.5-1.3),
 autopoint (= 0.21-4ubuntu4),
 autotools-dev (= 20220109.1),
 base-files (= 12ubuntu4),
 base-passwd (= 3.5.52build1),
 bash (= 5.1-6ubuntu1),
 binutils (= 2.38-3ubuntu1),
 binutils-common (= 2.38-3ubuntu1),
 binutils-x86-64-linux-gnu (= 2.38-3ubuntu1),
 bsdextrautils (= 2.37.2-4ubuntu3),
 bsdutils (= 1:2.37.2-4ubuntu3),
 build-essential (= 12.9ubuntu3),
 bzip2 (= 1.0.8-5build1),
 cmake (= 3.22.1-1ubuntu1),
 cmake-data (= 3.22.1-1ubuntu1),
 coreutils (= 8.32-4.1ubuntu1),
 cpp (= 4:11.2.0-1ubuntu1),
 cpp-11 (= 11.2.0-19ubuntu1),
 dash (= 0.5.11+git20210903+057cd650a4ed-3build1),
 debconf (= 1.5.79ubuntu1),
 debhelper (= 13.6ubuntu1),
 debianutils (= 5.5-1ubuntu2),
 debugedit (= 1:5.0-4build1),
 dh-autoreconf (= 20),
 dh-elpa-helper (= 2.0.9ubuntu1),
 dh-strip-nondeterminism (= 1.13.0-1),
 diffutils (= 1:3.8-0ubuntu2),
 docutils-common (= 0.17.1+dfsg-2),
 dpkg (= 1.21.1ubuntu2),
 dpkg-dev (= 1.21.1ubuntu2),
 dwz (= 0.14-1build2),
 emacsen-common (= 3.0.4),
 file (= 1:5.41-3),
 findutils (= 4.8.0-1ubuntu3),
 g++ (= 4:11.2.0-1ubuntu1),
 g++-11 (= 11.2.0-19ubuntu1),
 gcc (= 4:11.2.0-1ubuntu1),
 gcc-11 (= 11.2.0-19ubuntu1),
 gcc-11-base (= 11.2.0-19ubuntu1),
 gcc-12-base (= 12-20220319-1ubuntu1),
 gettext (= 0.21-4ubuntu4),
 gettext-base (= 0.21-4ubuntu4),
 google-mock (= 1.11.0-3),
 googletest (= 1.11.0-3),
 grep (= 3.7-1build1),
 groff-base (= 1.22.4-8build1),
 gzip (= 1.10-4ubuntu4),
 hostname (= 3.23ubuntu2),
 init-system-helpers (= 1.62),
 intltool-debian (= 0.35.0+20060710.5),
 libacl1 (= 2.3.1-1),
 libarchive-zip-perl (= 1.68-1),
 libarchive13 (= 3.6.0-1ubuntu1),
 libasan6 (= 11.2.0-19ubuntu1),
 libatomic1 (= 12-20220319-1ubuntu1),
 libattr1 (= 1:2.5.1-1build1),
 libaudit-common (= 1:3.0.7-1build1),
 libaudit1 (= 1:3.0.7-1build1),
 libbinutils (= 2.38-3ubuntu1),
 libblkid1 (= 2.37.2-4ubuntu3),
 libboost-atomic1.74-dev (= 1.74.0-14ubuntu3),
 libboost-atomic1.74.0 (= 1.74.0-14ubuntu3),
 libboost-chrono1.74-dev (= 1.74.0-14ubuntu3),
 libboost-chrono1.74.0 (= 1.74.0-14ubuntu3),
 libboost-date-time1.74-dev (= 1.74.0-14ubuntu3),
 libboost-date-time1.74.0 (= 1.74.0-14ubuntu3),
 libboost-serialization1.74-dev (= 1.74.0-14ubuntu3),
 libboost-serialization1.74.0 (= 1.74.0-14ubuntu3),
 libboost-system-dev (= 1.74.0.3ubuntu7),
 libboost-system1.74-dev (= 1.74.0-14ubuntu3),
 libboost-system1.74.0 (= 1.74.0-14ubuntu3),
 libboost-thread-dev (= 1.74.0.3ubuntu7),
 libboost-thread1.74-dev (= 1.74.0-14ubuntu3),
 libboost-thread1.74.0 (= 1.74.0-14ubuntu3),
 libboost1.74-dev (= 1.74.0-14ubuntu3),
 libbrotli1 (= 1.0.9-2build6),
 libbz2-1.0 (= 1.0.8-5build1),
 libc-bin (= 2.35-0ubuntu3),
 libc-dev-bin (= 2.35-0ubuntu3),
 libc6 (= 2.35-0ubuntu3),
 libc6-dev (= 2.35-0ubuntu3),
 libcap-ng0 (= 0.7.9-2.2build3),
 libcap2 (= 1:2.44-1build3),
 libcc1-0 (= 12-20220319-1ubuntu1),
 libcom-err2 (= 1.46.5-2ubuntu1),
 libconsole-bridge-dev (= 1.0.1+dfsg2-3),
 libconsole-bridge1.0 (= 1.0.1+dfsg2-3),
 libcrypt-dev (= 1:4.4.27-1),
 libcrypt1 (= 1:4.4.27-1),
 libctf-nobfd0 (= 2.38-3ubuntu1),
 libctf0 (= 2.38-3ubuntu1),
 libcurl4 (= 7.81.0-1),
 libdb5.3 (= 5.3.28+dfsg1-0.8ubuntu3),
 libdebconfclient0 (= 0.261ubuntu1),
 libdebhelper-perl (= 13.6ubuntu1),
 libdpkg-perl (= 1.21.1ubuntu2),
 libdw1 (= 0.186-1build1),
 libelf1 (= 0.186-1build1),
 libexpat1 (= 2.4.7-1),
 libffi8 (= 3.4.2-4),
 libfile-stripnondeterminism-perl (= 1.13.0-1),
 libgcc-11-dev (= 11.2.0-19ubuntu1),
 libgcc-s1 (= 12-20220319-1ubuntu1),
 libgcrypt20 (= 1.9.4-3ubuntu3),
 libgdbm-compat4 (= 1.23-1),
 libgdbm6 (= 1.23-1),
 libgmp10 (= 2:6.2.1+dfsg-3ubuntu1),
 libgnutls30 (= 3.7.3-4ubuntu1),
 libgomp1 (= 12-20220319-1ubuntu1),
 libgpg-error0 (= 1.43-3),
 libgssapi-krb5-2 (= 1.19.2-2),
 libgtest-dev (= 1.11.0-3),
 libhogweed6 (= 3.7.3-1build2),
 libicu70 (= 70.1-2),
 libidn2-0 (= 2.3.2-2build1),
 libisl23 (= 0.24-2build1),
 libitm1 (= 12-20220319-1ubuntu1),
 libjsoncpp25 (= 1.9.5-3),
 libk5crypto3 (= 1.19.2-2),
 libkeyutils1 (= 1.6.1-2ubuntu3),
 libkrb5-3 (= 1.19.2-2),
 libkrb5support0 (= 1.19.2-2),
 libldap-2.5-0 (= 2.5.11+dfsg-1~exp1ubuntu3),
 liblsan0 (= 12-20220319-1ubuntu1),
 liblz4-1 (= 1.9.3-2build2),
 liblzma5 (= 5.2.5-2ubuntu1),
 libmagic-mgc (= 1:5.41-3),
 libmagic1 (= 1:5.41-3),
 libmount1 (= 2.37.2-4ubuntu3),
 libmpc3 (= 1.2.1-2build1),
 libmpdec3 (= 2.5.1-2build2),
 libmpfr6 (= 4.1.0-3build3),
 libncurses6 (= 6.3-2),
 libncursesw6 (= 6.3-2),
 libnettle8 (= 3.7.3-1build2),
 libnghttp2-14 (= 1.43.0-1build3),
 libnsl-dev (= 1.3.0-2build2),
 libnsl2 (= 1.3.0-2build2),
 libp11-kit0 (= 0.24.0-6build1),
 libpam-modules (= 1.4.0-11ubuntu2),
 libpam-modules-bin (= 1.4.0-11ubuntu2),
 libpam-runtime (= 1.4.0-11ubuntu2),
 libpam0g (= 1.4.0-11ubuntu2),
 libpcre2-8-0 (= 10.39-3build1),
 libpcre3 (= 2:8.39-13build5),
 libperl5.34 (= 5.34.0-3ubuntu1),
 libpipeline1 (= 1.5.5-1),
 libprocps8 (= 2:3.3.17-6ubuntu2),
 libpsl5 (= 0.21.0-1.2build2),
 libpython3-stdlib (= 3.10.4-0ubuntu2),
 libpython3.10-minimal (= 3.10.4-3),
 libpython3.10-stdlib (= 3.10.4-3),
 libquadmath0 (= 12-20220319-1ubuntu1),
 libreadline8 (= 8.1.2-1),
 librhash0 (= 1.4.2-1ubuntu1),
 librtmp1 (= 2.4+20151223.gitfa8646d.1-2build4),
 libsasl2-2 (= 2.1.27+dfsg2-3ubuntu1),
 libsasl2-modules-db (= 2.1.27+dfsg2-3ubuntu1),
 libseccomp2 (= 2.5.3-2ubuntu2),
 libselinux1 (= 3.3-1build2),
 libsigsegv2 (= 2.13-1ubuntu3),
 libsmartcols1 (= 2.37.2-4ubuntu3),
 libsqlite3-0 (= 3.37.2-2),
 libssh-4 (= 0.9.6-2build1),
 libssl3 (= 3.0.2-0ubuntu1),
 libstdc++-11-dev (= 11.2.0-19ubuntu1),
 libstdc++6 (= 12-20220319-1ubuntu1),
 libsub-override-perl (= 0.09-2),
 libsystemd0 (= 249.11-0ubuntu3),
 libtasn1-6 (= 4.18.0-4build1),
 libtinfo6 (= 6.3-2),
 libtirpc-common (= 1.3.2-2build1),
 libtirpc-dev (= 1.3.2-2build1),
 libtirpc3 (= 1.3.2-2build1),
 libtool (= 2.4.6-15build2),
 libtsan0 (= 11.2.0-19ubuntu1),
 libubsan1 (= 12-20220319-1ubuntu1),
 libuchardet0 (= 0.0.7-1build2),
 libudev1 (= 249.11-0ubuntu3),
 libunistring2 (= 1.0-1),
 libuuid1 (= 2.37.2-4ubuntu3),
 libuv1 (= 1.43.0-1),
 libxml2 (= 2.9.13+dfsg-1build1),
 libzstd1 (= 1.4.8+dfsg-3build1),
 linux-libc-dev (= 5.15.0-25.25),
 login (= 1:4.8.1-2ubuntu2),
 lsb-base (= 11.1.0ubuntu4),
 lto-disabled-list (= 24),
 m4 (= 1.4.18-5ubuntu2),
 make (= 4.3-4.1build1),
 man-db (= 2.10.2-1),
 mawk (= 1.3.4.20200120-3),
 media-types (= 7.0.0),
 ncurses-base (= 6.3-2),
 ncurses-bin (= 6.3-2),
 patch (= 2.7.6-7build2),
 perl (= 5.34.0-3ubuntu1),
 perl-base (= 5.34.0-3ubuntu1),
 perl-modules-5.34 (= 5.34.0-3ubuntu1),
 po-debconf (= 1.0.21+nmu1),
 procps (= 2:3.3.17-6ubuntu2),
 python3 (= 3.10.4-0ubuntu2),
 python3-catkin-pkg (= 1.0.0-100),
 python3-catkin-pkg-modules (= 1.0.0-1),
 python3-dateutil (= 2.8.1-6),
 python3-distutils (= 3.10.4-0ubuntu1),
 python3-docutils (= 0.17.1+dfsg-2),
 python3-empy (= 3.3.4-2),
 python3-lib2to3 (= 3.10.4-0ubuntu1),
 python3-minimal (= 3.10.4-0ubuntu2),
 python3-nose (= 1.3.7-8),
 python3-pkg-resources (= 59.6.0-1.2),
 python3-pyparsing (= 2.4.7-1),
 python3-roman (= 3.3-1),
 python3-setuptools (= 59.6.0-1.2),
 python3-six (= 1.16.0-3ubuntu1),
 python3.10 (= 3.10.4-3),
 python3.10-minimal (= 3.10.4-3),
 readline-common (= 8.1.2-1),
 ros-one-catkin (= 0.8.10-0jammy.20230914.0929),
 rpcsvc-proto (= 1.4.2-0ubuntu6),
 sed (= 4.8-1ubuntu2),
 sensible-utils (= 0.0.17),
 sgml-base (= 1.30),
 sysvinit-utils (= 3.01-1ubuntu1),
 tar (= 1.34+dfsg-1build3),
 tzdata (= 2022a-0ubuntu1),
 util-linux (= 2.37.2-4ubuntu3),
 xml-core (= 0.18+nmu1),
 xz-utils (= 5.2.5-2ubuntu1),
 zlib1g (= 1:1.2.11.dfsg-2ubuntu9)
Environment:
 DEB_BUILD_OPTIONS="nocheck parallel=2"
 DEB_BUILD_PROFILES="noudeb"
 LANG="C.UTF-8"
 LC_ALL="C.UTF-8"
 LC_COLLATE="C.UTF-8"
 SOURCE_DATE_EPOCH="1694683781"


+------------------------------------------------------------------------------+
| Package contents                                                             |
+------------------------------------------------------------------------------+


ros-one-cpp-common_0.7.3-0jammy.20230914.0929_amd64.deb
-------------------------------------------------------

 new Debian package, version 2.0.
 size 21896 bytes: control archive=1086 bytes.
     690 bytes,    11 lines      control              
    1123 bytes,    15 lines      md5sums              
 Package: ros-one-cpp-common
 Version: 0.7.3-0jammy.20230914.0929
 Architecture: amd64
 Maintainer: Martin Pecka <peckama2@fel.cvut.cz>
 Installed-Size: 94
 Depends: libc6 (>= 2.14), libconsole-bridge1.0 (>= 1.0.1+dfsg2), libgcc-s1 (>= 3.3.1), libstdc++6 (>= 5.2), libboost-system-dev, libboost-thread-dev, libconsole-bridge-dev
 Section: misc
 Priority: optional
 Homepage: http://www.ros.org/wiki/cpp_common
 Description: cpp_common contains C++ code for doing things that are not necessarily ROS related, but are useful for multiple packages.
  This includes things like the ROS_DEPRECATED and ROS_FORCE_INLINE macros, as well as code for getting backtraces. This package is a component of roscpp.

drwxr-xr-x root/root         0 2023-09-14 09:29 ./
drwxr-xr-x root/root         0 2023-09-14 09:29 ./opt/
drwxr-xr-x root/root         0 2023-09-14 09:29 ./opt/ros/
drwxr-xr-x root/root         0 2023-09-14 09:29 ./opt/ros/one/
drwxr-xr-x root/root         0 2023-09-14 09:29 ./opt/ros/one/include/
drwxr-xr-x root/root         0 2023-09-14 09:29 ./opt/ros/one/include/ros/
-rw-r--r-- root/root      2064 2023-09-14 09:29 ./opt/ros/one/include/ros/cpp_common_decl.h
-rw-r--r-- root/root      2134 2023-09-14 09:29 ./opt/ros/one/include/ros/datatypes.h
-rw-r--r-- root/root      2303 2023-09-14 09:29 ./opt/ros/one/include/ros/debug.h
-rw-r--r-- root/root      1901 2023-09-14 09:29 ./opt/ros/one/include/ros/exception.h
-rw-r--r-- root/root      2949 2023-09-14 09:29 ./opt/ros/one/include/ros/header.h
-rw-r--r-- root/root      2657 2023-09-14 09:29 ./opt/ros/one/include/ros/macros.h
-rw-r--r-- root/root      2636 2023-09-14 09:29 ./opt/ros/one/include/ros/platform.h
-rw-r--r-- root/root      2204 2023-09-14 09:29 ./opt/ros/one/include/ros/types.h
drwxr-xr-x root/root         0 2023-09-14 09:29 ./opt/ros/one/lib/
-rw-r--r-- root/root     39640 2023-09-14 09:29 ./opt/ros/one/lib/libcpp_common.so
drwxr-xr-x root/root         0 2023-09-14 09:29 ./opt/ros/one/lib/pkgconfig/
-rw-r--r-- root/root       336 2023-09-14 09:29 ./opt/ros/one/lib/pkgconfig/cpp_common.pc
drwxr-xr-x root/root         0 2023-09-14 09:29 ./opt/ros/one/share/
drwxr-xr-x root/root         0 2023-09-14 09:29 ./opt/ros/one/share/cpp_common/
drwxr-xr-x root/root         0 2023-09-14 09:29 ./opt/ros/one/share/cpp_common/cmake/
-rw-r--r-- root/root       426 2023-09-14 09:29 ./opt/ros/one/share/cpp_common/cmake/cpp_commonConfig-version.cmake
-rw-r--r-- root/root      9249 2023-09-14 09:29 ./opt/ros/one/share/cpp_common/cmake/cpp_commonConfig.cmake
-rw-r--r-- root/root       999 2023-09-14 09:29 ./opt/ros/one/share/cpp_common/package.xml
drwxr-xr-x root/root         0 2023-09-14 09:29 ./usr/
drwxr-xr-x root/root         0 2023-09-14 09:29 ./usr/share/
drwxr-xr-x root/root         0 2023-09-14 09:29 ./usr/share/doc/
drwxr-xr-x root/root         0 2023-09-14 09:29 ./usr/share/doc/ros-one-cpp-common/
-rw-r--r-- root/root      1253 2023-09-14 09:29 ./usr/share/doc/ros-one-cpp-common/changelog.Debian.gz
-rw-r--r-- root/root       279 2023-09-14 09:29 ./usr/share/doc/ros-one-cpp-common/copyright


+------------------------------------------------------------------------------+
| Post Build                                                                   |
+------------------------------------------------------------------------------+


+------------------------------------------------------------------------------+
| Cleanup                                                                      |
+------------------------------------------------------------------------------+

Purging /<<BUILDDIR>>
Not cleaning session: cloned chroot in use

+------------------------------------------------------------------------------+
| Summary                                                                      |
+------------------------------------------------------------------------------+

Build Architecture: amd64
Build Type: binary
Build-Space: 3664
Build-Time: 7
Distribution: UNRELEASED
Host Architecture: amd64
Install-Time: 14
Job: /home/runner/work/ros-builder-action/ros-builder-action/ws/roscpp_core/ros-one-cpp-common_0.7.3-0jammy.20230914.0929.dsc
Machine Architecture: amd64
Package: ros-one-cpp-common
Package-Time: 24
Source-Version: 0.7.3-0jammy.20230914.0929
Space: 3664
Status: successful
Version: 0.7.3-0jammy.20230914.0929
--------------------------------------------------------------------------------
Finished at 2023-09-14T09:30:06Z
Build needed 00:00:24, 3664k disk space
