sbuild (Debian sbuild) 0.84.2~ubuntu2204+3 (28 December 2022) on fv-az361-814.ncgjmgmfhrhuzczbnh5r11tijb.cx.internal.cloudapp.net

+====================================================================================+
| ros-one-catkin 0.8.10-0jammy.20230914.1234 (amd64) Thu, 14 Sep 2023 12:34:40 +0000 |
+====================================================================================+

Package: ros-one-catkin
Version: 0.8.10-0jammy.20230914.1234
Source Version: 0.8.10-0jammy.20230914.1234
Distribution: UNRELEASED
Machine Architecture: amd64
Host Architecture: amd64
Build Architecture: amd64
Build Type: binary

I: NOTICE: Log filtering will replace 'var/run/schroot/mount/sbuild-41c07ad4-e43b-4d2e-92d8-491332c58a1d' with '<<CHROOT>>'
I: NOTICE: Log filtering will replace 'build/package//resolver-O1LAea' with '<<RESOLVERDIR>>'

+------------------------------------------------------------------------------+
| Update chroot                                                                |
+------------------------------------------------------------------------------+

Get:1 file:/build/repo ./ InRelease
Ign:1 file:/build/repo ./ InRelease
Get:2 file:/build/repo ./ Release [816 B]
Get:2 file:/build/repo ./ Release [816 B]
Get:3 file:/build/repo ./ Release.gpg
Ign:3 file:/build/repo ./ Release.gpg
Hit:4 http://azure.archive.ubuntu.com/ubuntu jammy InRelease
Hit:5 http://packages.ros.org/ros2/ubuntu jammy InRelease
Reading package lists...
Reading package lists...
Building dependency tree...
Reading state information...
Calculating upgrade...
0 upgraded, 0 newly installed, 0 to remove and 0 not upgraded.

+------------------------------------------------------------------------------+
| Fetch source files                                                           |
+------------------------------------------------------------------------------+


Local sources
-------------

/home/runner/work/ros-builder-action/ros-builder-action/ws/ros-one-catkin_0.8.10-0jammy.20230914.1234.dsc exists in /home/runner/work/ros-builder-action/ros-builder-action/ws; copying to chroot
I: NOTICE: Log filtering will replace 'build/package//package' with '<<PKGBUILDDIR>>'
I: NOTICE: Log filtering will replace 'build/package/' with '<<BUILDDIR>>'

+------------------------------------------------------------------------------+
| Install package build dependencies                                           |
+------------------------------------------------------------------------------+


Setup apt archive
-----------------

Merged Build-Depends: debhelper (>= 9.0.0), cmake, python3-catkin-pkg (>> 0.4.3), python3-empy, python3-mock, python3-nose, python3-setuptools, build-essential, fakeroot
Filtered Build-Depends: debhelper (>= 9.0.0), cmake, python3-catkin-pkg (>> 0.4.3), python3-empy, python3-mock, python3-nose, python3-setuptools, build-essential, fakeroot
dpkg-deb: building package 'sbuild-build-depends-main-dummy' in '/<<RESOLVERDIR>>/apt_archive/sbuild-build-depends-main-dummy.deb'.
Ign:1 copy:/<<RESOLVERDIR>>/apt_archive ./ InRelease
Get:2 copy:/<<RESOLVERDIR>>/apt_archive ./ Release [580 B]
Ign:3 copy:/<<RESOLVERDIR>>/apt_archive ./ Release.gpg
Get:4 copy:/<<RESOLVERDIR>>/apt_archive ./ Sources [736 B]
Get:5 copy:/<<RESOLVERDIR>>/apt_archive ./ Packages [746 B]
Fetched 2062 B in 0s (0 B/s)
Reading package lists...
Get:1 file:/build/repo ./ InRelease
Ign:1 file:/build/repo ./ InRelease
Get:2 file:/build/repo ./ Release [816 B]
Get:2 file:/build/repo ./ Release [816 B]
Get:3 file:/build/repo ./ Release.gpg
Ign:3 file:/build/repo ./ Release.gpg
Reading package lists...
Reading package lists...

Install main build dependencies (apt-based resolver)
----------------------------------------------------

Installing build dependencies
Reading package lists...
Building dependency tree...
Reading state information...
The following additional packages will be installed:
  python3-empy python3-mock python3-nose python3-pbr
Suggested packages:
  python-mock-doc python-nose-doc
The following NEW packages will be installed:
  python3-empy python3-mock python3-nose python3-pbr
  sbuild-build-depends-main-dummy
0 upgraded, 5 newly installed, 0 to remove and 0 not upgraded.
Need to get 311 kB of archives.
After this operation, 1708 kB of additional disk space will be used.
Get:1 copy:/<<RESOLVERDIR>>/apt_archive ./ sbuild-build-depends-main-dummy 0.invalid.0 [716 B]
Get:2 http://azure.archive.ubuntu.com/ubuntu jammy/universe amd64 python3-empy all 3.3.4-2 [65.7 kB]
Get:3 http://azure.archive.ubuntu.com/ubuntu jammy/universe amd64 python3-nose all 1.3.7-8 [117 kB]
Get:4 http://azure.archive.ubuntu.com/ubuntu jammy/main amd64 python3-pbr all 5.8.0-0ubuntu1 [66.5 kB]
Get:5 http://azure.archive.ubuntu.com/ubuntu jammy/universe amd64 python3-mock all 4.0.3-3 [60.4 kB]
Fetched 311 kB in 0s (2691 kB/s)
Selecting previously unselected package python3-empy.
(Reading database ... 19198 files and directories currently installed.)
Preparing to unpack .../python3-empy_3.3.4-2_all.deb ...
Unpacking python3-empy (3.3.4-2) ...
Selecting previously unselected package python3-nose.
Preparing to unpack .../python3-nose_1.3.7-8_all.deb ...
Unpacking python3-nose (1.3.7-8) ...
Selecting previously unselected package python3-pbr.
Preparing to unpack .../python3-pbr_5.8.0-0ubuntu1_all.deb ...
Unpacking python3-pbr (5.8.0-0ubuntu1) ...
Selecting previously unselected package python3-mock.
Preparing to unpack .../python3-mock_4.0.3-3_all.deb ...
Unpacking python3-mock (4.0.3-3) ...
Selecting previously unselected package sbuild-build-depends-main-dummy.
Preparing to unpack .../sbuild-build-depends-main-dummy_0.invalid.0_amd64.deb ...
Unpacking sbuild-build-depends-main-dummy (0.invalid.0) ...
Setting up python3-pbr (5.8.0-0ubuntu1) ...
Setting up python3-empy (3.3.4-2) ...
Setting up python3-nose (1.3.7-8) ...
Setting up python3-mock (4.0.3-3) ...
Setting up sbuild-build-depends-main-dummy (0.invalid.0) ...
Processing triggers for man-db (2.10.2-1) ...

+------------------------------------------------------------------------------+
| Check architectures                                                          |
+------------------------------------------------------------------------------+

Arch check ok (amd64 included in any)

+------------------------------------------------------------------------------+
| Build environment                                                            |
+------------------------------------------------------------------------------+

Kernel: Linux 6.2.0-1011-azure #11~22.04.1-Ubuntu SMP Wed Aug 23 19:26:19 UTC 2023 amd64 (x86_64)
Toolchain package versions: binutils_2.38-3ubuntu1 dpkg-dev_1.21.1ubuntu2 g++-11_11.2.0-19ubuntu1 gcc-11_11.2.0-19ubuntu1 libc6-dev_2.35-0ubuntu3 libstdc++-11-dev_11.2.0-19ubuntu1 libstdc++6_12-20220319-1ubuntu1 linux-libc-dev_5.15.0-25.25
Package versions: adduser_3.118ubuntu5 apt_2.4.5 apt-utils_2.4.5 autoconf_2.71-2 automake_1:1.16.5-1.3 autopoint_0.21-4ubuntu4 autotools-dev_20220109.1 base-files_12ubuntu4 base-passwd_3.5.52build1 bash_5.1-6ubuntu1 binutils_2.38-3ubuntu1 binutils-common_2.38-3ubuntu1 binutils-x86-64-linux-gnu_2.38-3ubuntu1 bsdextrautils_2.37.2-4ubuntu3 bsdutils_1:2.37.2-4ubuntu3 build-essential_12.9ubuntu3 bzip2_1.0.8-5build1 ca-certificates_20211016 ccache_4.5.1-1 cmake_3.22.1-1ubuntu1 cmake-data_3.22.1-1ubuntu1 coreutils_8.32-4.1ubuntu1 cpp_4:11.2.0-1ubuntu1 cpp-11_11.2.0-19ubuntu1 curl_7.81.0-1 dash_0.5.11+git20210903+057cd650a4ed-3build1 debconf_1.5.79ubuntu1 debhelper_13.6ubuntu1 debianutils_5.5-1ubuntu2 debugedit_1:5.0-4build1 dh-autoreconf_20 dh-elpa-helper_2.0.9ubuntu1 dh-strip-nondeterminism_1.13.0-1 diffutils_1:3.8-0ubuntu2 distro-info-data_0.52 docutils-common_0.17.1+dfsg-2 dpkg_1.21.1ubuntu2 dpkg-dev_1.21.1ubuntu2 dwz_0.14-1build2 e2fsprogs_1.46.5-2ubuntu1 emacsen-common_3.0.4 fakeroot_1.28-1ubuntu1 file_1:5.41-3 findutils_4.8.0-1ubuntu3 g++_4:11.2.0-1ubuntu1 g++-11_11.2.0-19ubuntu1 gcc_4:11.2.0-1ubuntu1 gcc-11_11.2.0-19ubuntu1 gcc-11-base_11.2.0-19ubuntu1 gcc-12-base_12-20220319-1ubuntu1 gettext_0.21-4ubuntu4 gettext-base_0.21-4ubuntu4 gpgv_2.2.27-3ubuntu2 grep_3.7-1build1 groff-base_1.22.4-8build1 gzip_1.10-4ubuntu4 hostname_3.23ubuntu2 init-system-helpers_1.62 intltool-debian_0.35.0+20060710.5 libacl1_2.3.1-1 libapt-pkg6.0_2.4.5 libarchive-zip-perl_1.68-1 libarchive13_3.6.0-1ubuntu1 libasan6_11.2.0-19ubuntu1 libatomic1_12-20220319-1ubuntu1 libattr1_1:2.5.1-1build1 libaudit-common_1:3.0.7-1build1 libaudit1_1:3.0.7-1build1 libbinutils_2.38-3ubuntu1 libblkid1_2.37.2-4ubuntu3 libbrotli1_1.0.9-2build6 libbz2-1.0_1.0.8-5build1 libc-bin_2.35-0ubuntu3 libc-dev-bin_2.35-0ubuntu3 libc6_2.35-0ubuntu3 libc6-dev_2.35-0ubuntu3 libcap-ng0_0.7.9-2.2build3 libcap2_1:2.44-1build3 libcc1-0_12-20220319-1ubuntu1 libcom-err2_1.46.5-2ubuntu1 libcrypt-dev_1:4.4.27-1 libcrypt1_1:4.4.27-1 libctf-nobfd0_2.38-3ubuntu1 libctf0_2.38-3ubuntu1 libcurl4_7.81.0-1 libdb5.3_5.3.28+dfsg1-0.8ubuntu3 libdebconfclient0_0.261ubuntu1 libdebhelper-perl_13.6ubuntu1 libdpkg-perl_1.21.1ubuntu2 libdw1_0.186-1build1 libelf1_0.186-1build1 libexpat1_2.4.7-1 libext2fs2_1.46.5-2ubuntu1 libfakeroot_1.28-1ubuntu1 libffi8_3.4.2-4 libfile-stripnondeterminism-perl_1.13.0-1 libgcc-11-dev_11.2.0-19ubuntu1 libgcc-s1_12-20220319-1ubuntu1 libgcrypt20_1.9.4-3ubuntu3 libgdbm-compat4_1.23-1 libgdbm6_1.23-1 libgmp10_2:6.2.1+dfsg-3ubuntu1 libgnutls30_3.7.3-4ubuntu1 libgomp1_12-20220319-1ubuntu1 libgpg-error0_1.43-3 libgssapi-krb5-2_1.19.2-2 libhiredis0.14_0.14.1-2 libhogweed6_3.7.3-1build2 libicu70_70.1-2 libidn2-0_2.3.2-2build1 libisl23_0.24-2build1 libitm1_12-20220319-1ubuntu1 libjsoncpp25_1.9.5-3 libk5crypto3_1.19.2-2 libkeyutils1_1.6.1-2ubuntu3 libkrb5-3_1.19.2-2 libkrb5support0_1.19.2-2 libldap-2.5-0_2.5.11+dfsg-1~exp1ubuntu3 liblsan0_12-20220319-1ubuntu1 liblz4-1_1.9.3-2build2 liblzma5_5.2.5-2ubuntu1 libmagic-mgc_1:5.41-3 libmagic1_1:5.41-3 libmount1_2.37.2-4ubuntu3 libmpc3_1.2.1-2build1 libmpdec3_2.5.1-2build2 libmpfr6_4.1.0-3build3 libncurses6_6.3-2 libncursesw6_6.3-2 libnettle8_3.7.3-1build2 libnghttp2-14_1.43.0-1build3 libnsl-dev_1.3.0-2build2 libnsl2_1.3.0-2build2 libp11-kit0_0.24.0-6build1 libpam-modules_1.4.0-11ubuntu2 libpam-modules-bin_1.4.0-11ubuntu2 libpam-runtime_1.4.0-11ubuntu2 libpam0g_1.4.0-11ubuntu2 libpcre2-8-0_10.39-3build1 libpcre3_2:8.39-13build5 libperl5.34_5.34.0-3ubuntu1 libpipeline1_1.5.5-1 libprocps8_2:3.3.17-6ubuntu2 libpsl5_0.21.0-1.2build2 libpython3-stdlib_3.10.4-0ubuntu2 libpython3.10-minimal_3.10.4-3 libpython3.10-stdlib_3.10.4-3 libquadmath0_12-20220319-1ubuntu1 libreadline8_8.1.2-1 librhash0_1.4.2-1ubuntu1 librtmp1_2.4+20151223.gitfa8646d.1-2build4 libsasl2-2_2.1.27+dfsg2-3ubuntu1 libsasl2-modules-db_2.1.27+dfsg2-3ubuntu1 libseccomp2_2.5.3-2ubuntu2 libselinux1_3.3-1build2 libsemanage-common_3.3-1build2 libsemanage2_3.3-1build2 libsepol2_3.3-1build1 libsigsegv2_2.13-1ubuntu3 libsmartcols1_2.37.2-4ubuntu3 libsqlite3-0_3.37.2-2 libss2_1.46.5-2ubuntu1 libssh-4_0.9.6-2build1 libssl3_3.0.2-0ubuntu1 libstdc++-11-dev_11.2.0-19ubuntu1 libstdc++6_12-20220319-1ubuntu1 libsub-override-perl_0.09-2 libsystemd0_249.11-0ubuntu3 libtasn1-6_4.18.0-4build1 libtinfo6_6.3-2 libtirpc-common_1.3.2-2build1 libtirpc-dev_1.3.2-2build1 libtirpc3_1.3.2-2build1 libtool_2.4.6-15build2 libtsan0_11.2.0-19ubuntu1 libubsan1_12-20220319-1ubuntu1 libuchardet0_0.0.7-1build2 libudev1_249.11-0ubuntu3 libunistring2_1.0-1 libuuid1_2.37.2-4ubuntu3 libuv1_1.43.0-1 libxml2_2.9.13+dfsg-1build1 libxxhash0_0.8.1-1 libyaml-0-2_0.2.2-1build2 libzstd1_1.4.8+dfsg-3build1 linux-libc-dev_5.15.0-25.25 login_1:4.8.1-2ubuntu2 logsave_1.46.5-2ubuntu1 lsb-base_11.1.0ubuntu4 lsb-release_11.1.0ubuntu4 lto-disabled-list_24 m4_1.4.18-5ubuntu2 make_4.3-4.1build1 man-db_2.10.2-1 mawk_1.3.4.20200120-3 media-types_7.0.0 mount_2.37.2-4ubuntu3 ncurses-base_6.3-2 ncurses-bin_6.3-2 openssl_3.0.2-0ubuntu1 passwd_1:4.8.1-2ubuntu2 patch_2.7.6-7build2 perl_5.34.0-3ubuntu1 perl-base_5.34.0-3ubuntu1 perl-modules-5.34_5.34.0-3ubuntu1 po-debconf_1.0.21+nmu1 procps_2:3.3.17-6ubuntu2 python3_3.10.4-0ubuntu2 python3-catkin-pkg_1.0.0-100 python3-catkin-pkg-modules_1.0.0-1 python3-dateutil_2.8.1-6 python3-distro_1.7.0-1 python3-distutils_3.10.4-0ubuntu1 python3-docutils_0.17.1+dfsg-2 python3-empy_3.3.4-2 python3-lib2to3_3.10.4-0ubuntu1 python3-minimal_3.10.4-0ubuntu2 python3-mock_4.0.3-3 python3-nose_1.3.7-8 python3-pbr_5.8.0-0ubuntu1 python3-pkg-resources_59.6.0-1.2 python3-pyparsing_2.4.7-1 python3-roman_3.3-1 python3-rosdep_0.22.2-1 python3-rosdep-modules_0.22.2-1 python3-rosdistro-modules_0.9.0-1 python3-rospkg-modules_1.5.0-1 python3-setuptools_59.6.0-1.2 python3-six_1.16.0-3ubuntu1 python3-yaml_5.4.1-1ubuntu1 python3.10_3.10.4-3 python3.10-minimal_3.10.4-3 readline-common_8.1.2-1 rpcsvc-proto_1.4.2-0ubuntu6 sbuild-build-depends-main-dummy_0.invalid.0 sed_4.8-1ubuntu2 sensible-utils_0.0.17 sgml-base_1.30 sudo_1.9.9-1ubuntu2 sysvinit-utils_3.01-1ubuntu1 tar_1.34+dfsg-1build3 tzdata_2022a-0ubuntu1 ubuntu-keyring_2021.03.26 usrmerge_25ubuntu2 util-linux_2.37.2-4ubuntu3 xml-core_0.18+nmu1 xz-utils_5.2.5-2ubuntu1 zlib1g_1:1.2.11.dfsg-2ubuntu9

+------------------------------------------------------------------------------+
| Build                                                                        |
+------------------------------------------------------------------------------+


Unpack source
-------------

Format: 1.0
Source: ros-one-catkin
Binary: ros-one-catkin
Architecture: any
Version: 0.8.10-0jammy.20230914.1234
Maintainer: Geoffrey Biggs <geoff@openrobotics.org>
Homepage: http://wiki.ros.org/catkin
Standards-Version: 3.9.2
Build-Depends: debhelper (>= 9.0.0), cmake, python3-catkin-pkg (>> 0.4.3), python3-empy, python3-mock <!nocheck>, python3-nose <!nocheck>, python3-setuptools
Package-List:
 ros-one-catkin deb misc optional arch=any
Checksums-Sha1:
 046bfc6785fa2e441c240a0995c4f4e57dd4d5d8 4488763 ros-one-catkin_0.8.10-0jammy.20230914.1234.tar.gz
Checksums-Sha256:
 4096e495c87f818e64934fd3ee1479d4d97d9d3b0f626c1b9abd1243f928d07a 4488763 ros-one-catkin_0.8.10-0jammy.20230914.1234.tar.gz
Files:
 d34f160219903d9051a3c171ae07e9e4 4488763 ros-one-catkin_0.8.10-0jammy.20230914.1234.tar.gz

dpkg-source: warning: extracting unsigned source package (ros-one-catkin_0.8.10-0jammy.20230914.1234.dsc)
dpkg-source: info: extracting ros-one-catkin in /<<BUILDDIR>>package
dpkg-source: info: unpacking ros-one-catkin_0.8.10-0jammy.20230914.1234.tar.gz

Check disk space
----------------

Sufficient free space for build

User Environment
----------------

APT_CONFIG=/var/lib/sbuild/apt.conf
CCACHE_DIR=/build/ccache
DEB_BUILD_OPTIONS=nocheck
HOME=/sbuild-nonexistent
LANG=C.UTF-8
LC_ALL=C.UTF-8
LOGNAME=runner
PATH=/usr/lib/ccache:/usr/local/sbin:/usr/local/bin:/usr/sbin:/usr/bin:/sbin:/bin:/usr/games
SCHROOT_ALIAS_NAME=sbuild
SCHROOT_CHROOT_NAME=sbuild
SCHROOT_COMMAND=env
SCHROOT_GID=127
SCHROOT_GROUP=docker
SCHROOT_SESSION_ID=sbuild-41c07ad4-e43b-4d2e-92d8-491332c58a1d
SCHROOT_UID=1001
SCHROOT_USER=runner
SHELL=/bin/sh
USER=runner

dpkg-buildpackage
-----------------

Command: dpkg-buildpackage --sanitize-env -us -uc -b -rfakeroot
dpkg-buildpackage: info: source package ros-one-catkin
dpkg-buildpackage: info: source version 0.8.10-0jammy.20230914.1234
dpkg-buildpackage: info: source distribution UNRELEASED
dpkg-buildpackage: info: source changed by Geoffrey Biggs <geoff@openrobotics.org>
 dpkg-source --before-build .
dpkg-buildpackage: info: host architecture amd64
dpkg-source: info: using options from package/debian/source/options: --auto-commit
 fakeroot debian/rules clean
dh clean -v --buildsystem=cmake --builddirectory=.obj-x86_64-linux-gnu
   dh_auto_clean -O-v -O--buildsystem=cmake -O--builddirectory=.obj-x86_64-linux-gnu
   dh_autoreconf_clean -O-v -O--buildsystem=cmake -O--builddirectory=.obj-x86_64-linux-gnu
   dh_clean -O-v -O--buildsystem=cmake -O--builddirectory=.obj-x86_64-linux-gnu
	rm -f debian/debhelper-build-stamp
	rm -rf debian/.debhelper/
	rm -f -- debian/ros-one-catkin.substvars debian/files
	rm -fr -- debian/ros-one-catkin/ debian/tmp/
	find .  \( \( \
		\( -path .\*/.git -o -path .\*/.svn -o -path .\*/.bzr -o -path .\*/.hg -o -path .\*/CVS -o -path .\*/.pc -o -path .\*/_darcs \) -prune -o -type f -a \
	        \( -name '#*#' -o -name '.*~' -o -name '*~' -o -name DEADJOE \
		 -o -name '*.orig' -o -name '*.rej' -o -name '*.bak' \
		 -o -name '.*.orig' -o -name .*.rej -o -name '.SUMS' \
		 -o -name TAGS -o \( -path '*/.deps/*' -a -name '*.P' \) \
		\) -exec rm -f {} + \) -o \
		\( -type d -a -name autom4te.cache -prune -exec rm -rf {} + \) \)
 debian/rules build
dh build -v --buildsystem=cmake --builddirectory=.obj-x86_64-linux-gnu
   dh_update_autotools_config -O-v -O--buildsystem=cmake -O--builddirectory=.obj-x86_64-linux-gnu
   dh_autoreconf -O-v -O--buildsystem=cmake -O--builddirectory=.obj-x86_64-linux-gnu
   debian/rules override_dh_auto_configure
make[1]: Entering directory '/<<BUILDDIR>>package'
# In case we're installing to a non-standard location, look for a setup.sh
# in the install tree that was dropped by catkin, and source it.  It will
# set things like CMAKE_PREFIX_PATH, PKG_CONFIG_PATH, and PYTHONPATH.
if [ -f "/opt/ros/one/setup.sh" ]; then . "/opt/ros/one/setup.sh"; fi && \
dh_auto_configure -- \
	-DCATKIN_INSTALL_INTO_PREFIX_ROOT="1" \
	-DCMAKE_INSTALL_PREFIX="/opt/ros/one" \
	-DCMAKE_PREFIX_PATH="/opt/ros/one" \
	-DBUILD_TESTING=OFF -DCATKIN_ENABLE_TESTING=OFF
	install -d .obj-x86_64-linux-gnu
	cd .obj-x86_64-linux-gnu && cmake -DCMAKE_INSTALL_PREFIX=/usr -DCMAKE_BUILD_TYPE=None -DCMAKE_INSTALL_SYSCONFDIR=/etc -DCMAKE_INSTALL_LOCALSTATEDIR=/var -DCMAKE_EXPORT_NO_PACKAGE_REGISTRY=ON -DCMAKE_FIND_USE_PACKAGE_REGISTRY=OFF -DCMAKE_FIND_PACKAGE_NO_PACKAGE_REGISTRY=ON -DCMAKE_INSTALL_RUNSTATEDIR=/run "-GUnix Makefiles" -DCMAKE_VERBOSE_MAKEFILE=ON -DCMAKE_INSTALL_LIBDIR=lib/x86_64-linux-gnu -DCATKIN_INSTALL_INTO_PREFIX_ROOT=1 -DCMAKE_INSTALL_PREFIX=/opt/ros/one -DCMAKE_PREFIX_PATH=/opt/ros/one -DBUILD_TESTING=OFF -DCATKIN_ENABLE_TESTING=OFF ..
-- The C compiler identification is GNU 11.2.0
-- The CXX compiler identification is GNU 11.2.0
-- Detecting C compiler ABI info
-- Detecting C compiler ABI info - done
-- Check for working C compiler: /usr/bin/cc - skipped
-- Detecting C compile features
-- Detecting C compile features - done
-- Detecting CXX compiler ABI info
-- Detecting CXX compiler ABI info - done
-- Check for working CXX compiler: /usr/bin/c++ - skipped
-- Detecting CXX compile features
-- Detecting CXX compile features - done
-- Using CATKIN_DEVEL_PREFIX: /<<BUILDDIR>>package/.obj-x86_64-linux-gnu/devel
-- Using CMAKE_PREFIX_PATH: /opt/ros/one
-- Found PythonInterp: /usr/bin/python3.10 (found version "3.10.4") 
-- Using PYTHON_EXECUTABLE: /usr/bin/python3.10
-- Using Debian Python package layout
-- Using empy: /usr/bin/empy
-- Using CATKIN_ENABLE_TESTING: OFF
-- catkin 0.8.10
-- BUILD_SHARED_LIBS is on
-- Configuring done
-- Generating done
CMake Warning:
  Manually-specified variables were not used by the project:

    BUILD_TESTING
    CMAKE_EXPORT_NO_PACKAGE_REGISTRY
    CMAKE_FIND_PACKAGE_NO_PACKAGE_REGISTRY
    CMAKE_INSTALL_LIBDIR
    CMAKE_INSTALL_LOCALSTATEDIR
    CMAKE_INSTALL_RUNSTATEDIR
    CMAKE_INSTALL_SYSCONFDIR


-- Build files have been written to: /<<BUILDDIR>>package/.obj-x86_64-linux-gnu
make[1]: Leaving directory '/<<BUILDDIR>>package'
	rm -f debian/ros-one-catkin.debhelper.log
   debian/rules override_dh_auto_build
make[1]: Entering directory '/<<BUILDDIR>>package'
# In case we're installing to a non-standard location, look for a setup.sh
# in the install tree that was dropped by catkin, and source it.  It will
# set things like CMAKE_PREFIX_PATH, PKG_CONFIG_PATH, and PYTHONPATH.
if [ -f "/opt/ros/one/setup.sh" ]; then . "/opt/ros/one/setup.sh"; fi && \
dh_auto_build
	cd .obj-x86_64-linux-gnu && make -j2 "INSTALL=install --strip-program=true" VERBOSE=1
make[2]: Entering directory '/<<BUILDDIR>>package/.obj-x86_64-linux-gnu'
/usr/bin/cmake -S/<<BUILDDIR>>package -B/<<BUILDDIR>>package/.obj-x86_64-linux-gnu --check-build-system CMakeFiles/Makefile.cmake 0
/usr/bin/cmake -E cmake_progress_start /<<BUILDDIR>>package/.obj-x86_64-linux-gnu/CMakeFiles /<<BUILDDIR>>package/.obj-x86_64-linux-gnu//CMakeFiles/progress.marks
make  -f CMakeFiles/Makefile2 all
make[3]: Entering directory '/<<BUILDDIR>>package/.obj-x86_64-linux-gnu'
make[3]: Nothing to be done for 'all'.
make[3]: Leaving directory '/<<BUILDDIR>>package/.obj-x86_64-linux-gnu'
/usr/bin/cmake -E cmake_progress_start /<<BUILDDIR>>package/.obj-x86_64-linux-gnu/CMakeFiles 0
make[2]: Leaving directory '/<<BUILDDIR>>package/.obj-x86_64-linux-gnu'
make[1]: Leaving directory '/<<BUILDDIR>>package'
	rm -f debian/ros-one-catkin.debhelper.log
   debian/rules override_dh_auto_test
make[1]: Entering directory '/<<BUILDDIR>>package'
# In case we're installing to a non-standard location, look for a setup.sh
# in the install tree that was dropped by catkin, and source it.  It will
# set things like CMAKE_PREFIX_PATH, PKG_CONFIG_PATH, and PYTHONPATH.
echo -- Running tests. Even if one of them fails the build is not canceled.
-- Running tests. Even if one of them fails the build is not canceled.
if [ -f "/opt/ros/one/setup.sh" ]; then . "/opt/ros/one/setup.sh"; fi && \
dh_auto_test || true
make[1]: Leaving directory '/<<BUILDDIR>>package'
   create-stamp debian/debhelper-build-stamp
 fakeroot debian/rules binary
dh binary -v --buildsystem=cmake --builddirectory=.obj-x86_64-linux-gnu
   dh_testroot -O-v -O--buildsystem=cmake -O--builddirectory=.obj-x86_64-linux-gnu
   dh_prep -O-v -O--buildsystem=cmake -O--builddirectory=.obj-x86_64-linux-gnu
	rm -f -- debian/ros-one-catkin.substvars
	rm -fr -- debian/.debhelper/generated/ros-one-catkin/ debian/ros-one-catkin/ debian/tmp/
   debian/rules override_dh_auto_install
make[1]: Entering directory '/<<BUILDDIR>>package'
# In case we're installing to a non-standard location, look for a setup.sh
# in the install tree that was dropped by catkin, and source it.  It will
# set things like CMAKE_PREFIX_PATH, PKG_CONFIG_PATH, and PYTHONPATH.
if [ -f "/opt/ros/one/setup.sh" ]; then . "/opt/ros/one/setup.sh"; fi && \
dh_auto_install
	install -d /<<BUILDDIR>>package/debian/ros-one-catkin
	cd .obj-x86_64-linux-gnu && make -j2 install DESTDIR=/<<BUILDDIR>>package/debian/ros-one-catkin AM_UPDATE_INFO_DIR=no "INSTALL=install --strip-program=true"
make[2]: Entering directory '/<<BUILDDIR>>package/.obj-x86_64-linux-gnu'
/usr/bin/cmake -S/<<BUILDDIR>>package -B/<<BUILDDIR>>package/.obj-x86_64-linux-gnu --check-build-system CMakeFiles/Makefile.cmake 0
/usr/bin/cmake -E cmake_progress_start /<<BUILDDIR>>package/.obj-x86_64-linux-gnu/CMakeFiles /<<BUILDDIR>>package/.obj-x86_64-linux-gnu//CMakeFiles/progress.marks
make  -f CMakeFiles/Makefile2 all
make[3]: Entering directory '/<<BUILDDIR>>package/.obj-x86_64-linux-gnu'
make[3]: Nothing to be done for 'all'.
make[3]: Leaving directory '/<<BUILDDIR>>package/.obj-x86_64-linux-gnu'
/usr/bin/cmake -E cmake_progress_start /<<BUILDDIR>>package/.obj-x86_64-linux-gnu/CMakeFiles 0
make  -f CMakeFiles/Makefile2 preinstall
make[3]: Entering directory '/<<BUILDDIR>>package/.obj-x86_64-linux-gnu'
make[3]: Nothing to be done for 'preinstall'.
make[3]: Leaving directory '/<<BUILDDIR>>package/.obj-x86_64-linux-gnu'
Install the project...
/usr/bin/cmake -P cmake_install.cmake
-- Install configuration: "None"
-- Installing: /<<BUILDDIR>>package/debian/ros-one-catkin/opt/ros/one/_setup_util.py
-- Installing: /<<BUILDDIR>>package/debian/ros-one-catkin/opt/ros/one/env.sh
-- Installing: /<<BUILDDIR>>package/debian/ros-one-catkin/opt/ros/one/setup.bash
-- Installing: /<<BUILDDIR>>package/debian/ros-one-catkin/opt/ros/one/local_setup.bash
-- Installing: /<<BUILDDIR>>package/debian/ros-one-catkin/opt/ros/one/setup.sh
-- Installing: /<<BUILDDIR>>package/debian/ros-one-catkin/opt/ros/one/local_setup.sh
-- Installing: /<<BUILDDIR>>package/debian/ros-one-catkin/opt/ros/one/setup.zsh
-- Installing: /<<BUILDDIR>>package/debian/ros-one-catkin/opt/ros/one/local_setup.zsh
-- Installing: /<<BUILDDIR>>package/debian/ros-one-catkin/opt/ros/one/setup.fish
-- Installing: /<<BUILDDIR>>package/debian/ros-one-catkin/opt/ros/one/local_setup.fish
-- Installing: /<<BUILDDIR>>package/debian/ros-one-catkin/opt/ros/one/.rosinstall
-- Installing: /<<BUILDDIR>>package/debian/ros-one-catkin/opt/ros/one/etc/catkin/profile.d/05.catkin_make.bash
-- Installing: /<<BUILDDIR>>package/debian/ros-one-catkin/opt/ros/one/share/catkin/catkin_env_hook/05.catkin_make.bash
-- Installing: /<<BUILDDIR>>package/debian/ros-one-catkin/opt/ros/one/etc/catkin/profile.d/05.catkin_make_isolated.bash
-- Installing: /<<BUILDDIR>>package/debian/ros-one-catkin/opt/ros/one/share/catkin/catkin_env_hook/05.catkin_make_isolated.bash
-- Installing: /<<BUILDDIR>>package/debian/ros-one-catkin/opt/ros/one/lib/pkgconfig/catkin.pc
-- Installing: /<<BUILDDIR>>package/debian/ros-one-catkin/opt/ros/one/share/catkin/cmake/catkinConfig.cmake
-- Installing: /<<BUILDDIR>>package/debian/ros-one-catkin/opt/ros/one/share/catkin/cmake/catkinConfig-version.cmake
-- Installing: /<<BUILDDIR>>package/debian/ros-one-catkin/opt/ros/one/share/catkin/package.xml
-- Installing: /<<BUILDDIR>>package/debian/ros-one-catkin/opt/ros/one/share/catkin/LICENSE
-- Up-to-date: /<<BUILDDIR>>package/debian/ros-one-catkin/opt/ros/one/share/catkin/cmake
-- Installing: /<<BUILDDIR>>package/debian/ros-one-catkin/opt/ros/one/share/catkin/cmake/em_expand.cmake
-- Installing: /<<BUILDDIR>>package/debian/ros-one-catkin/opt/ros/one/share/catkin/cmake/tools
-- Installing: /<<BUILDDIR>>package/debian/ros-one-catkin/opt/ros/one/share/catkin/cmake/tools/bz2.cmake
-- Installing: /<<BUILDDIR>>package/debian/ros-one-catkin/opt/ros/one/share/catkin/cmake/tools/doxygen.cmake
-- Installing: /<<BUILDDIR>>package/debian/ros-one-catkin/opt/ros/one/share/catkin/cmake/tools/libraries.cmake
-- Installing: /<<BUILDDIR>>package/debian/ros-one-catkin/opt/ros/one/share/catkin/cmake/tools/threads.cmake
-- Installing: /<<BUILDDIR>>package/debian/ros-one-catkin/opt/ros/one/share/catkin/cmake/tools/rt.cmake
-- Installing: /<<BUILDDIR>>package/debian/ros-one-catkin/opt/ros/one/share/catkin/cmake/find_program_required.cmake
-- Installing: /<<BUILDDIR>>package/debian/ros-one-catkin/opt/ros/one/share/catkin/cmake/symlink_install
-- Installing: /<<BUILDDIR>>package/debian/ros-one-catkin/opt/ros/one/share/catkin/cmake/symlink_install/catkin_symlink_install_programs.cmake
-- Installing: /<<BUILDDIR>>package/debian/ros-one-catkin/opt/ros/one/share/catkin/cmake/symlink_install/catkin_install_logic.cmake
-- Installing: /<<BUILDDIR>>package/debian/ros-one-catkin/opt/ros/one/share/catkin/cmake/symlink_install/catkin_symlink_install.cmake.in
-- Installing: /<<BUILDDIR>>package/debian/ros-one-catkin/opt/ros/one/share/catkin/cmake/symlink_install/catkin_symlink_install_files.cmake
-- Installing: /<<BUILDDIR>>package/debian/ros-one-catkin/opt/ros/one/share/catkin/cmake/symlink_install/catkin_symlink_install_append_install_code.cmake
-- Installing: /<<BUILDDIR>>package/debian/ros-one-catkin/opt/ros/one/share/catkin/cmake/symlink_install/install.cmake
-- Installing: /<<BUILDDIR>>package/debian/ros-one-catkin/opt/ros/one/share/catkin/cmake/symlink_install/catkin_symlink_install_directory.cmake
-- Installing: /<<BUILDDIR>>package/debian/ros-one-catkin/opt/ros/one/share/catkin/cmake/symlink_install/catkin_symlink_install_targets.cmake
-- Installing: /<<BUILDDIR>>package/debian/ros-one-catkin/opt/ros/one/share/catkin/cmake/catkin_download.cmake
-- Installing: /<<BUILDDIR>>package/debian/ros-one-catkin/opt/ros/one/share/catkin/cmake/atomic_configure_file.cmake
-- Installing: /<<BUILDDIR>>package/debian/ros-one-catkin/opt/ros/one/share/catkin/cmake/string_starts_with.cmake
-- Installing: /<<BUILDDIR>>package/debian/ros-one-catkin/opt/ros/one/share/catkin/cmake/catkin_metapackage.cmake
-- Installing: /<<BUILDDIR>>package/debian/ros-one-catkin/opt/ros/one/share/catkin/cmake/python.cmake
-- Installing: /<<BUILDDIR>>package/debian/ros-one-catkin/opt/ros/one/share/catkin/cmake/catkin_destinations.cmake
-- Installing: /<<BUILDDIR>>package/debian/ros-one-catkin/opt/ros/one/share/catkin/cmake/custom_install.cmake
-- Installing: /<<BUILDDIR>>package/debian/ros-one-catkin/opt/ros/one/share/catkin/cmake/safe_execute_process.cmake
-- Installing: /<<BUILDDIR>>package/debian/ros-one-catkin/opt/ros/one/share/catkin/cmake/stamp.cmake
-- Installing: /<<BUILDDIR>>package/debian/ros-one-catkin/opt/ros/one/share/catkin/cmake/catkin_generate_environment.cmake
-- Installing: /<<BUILDDIR>>package/debian/ros-one-catkin/opt/ros/one/share/catkin/cmake/test
-- Installing: /<<BUILDDIR>>package/debian/ros-one-catkin/opt/ros/one/share/catkin/cmake/test/remove_test_results.py
-- Installing: /<<BUILDDIR>>package/debian/ros-one-catkin/opt/ros/one/share/catkin/cmake/test/nosetests.cmake
-- Installing: /<<BUILDDIR>>package/debian/ros-one-catkin/opt/ros/one/share/catkin/cmake/test/download_checkmd5.py
-- Installing: /<<BUILDDIR>>package/debian/ros-one-catkin/opt/ros/one/share/catkin/cmake/test/tests.cmake
-- Installing: /<<BUILDDIR>>package/debian/ros-one-catkin/opt/ros/one/share/catkin/cmake/test/run_tests.py
-- Installing: /<<BUILDDIR>>package/debian/ros-one-catkin/opt/ros/one/share/catkin/cmake/test/gtest.cmake
-- Installing: /<<BUILDDIR>>package/debian/ros-one-catkin/opt/ros/one/share/catkin/cmake/test/catkin_download_test_data.cmake
-- Installing: /<<BUILDDIR>>package/debian/ros-one-catkin/opt/ros/one/share/catkin/cmake/catkin_package.cmake
-- Installing: /<<BUILDDIR>>package/debian/ros-one-catkin/opt/ros/one/share/catkin/cmake/catkin_package_xml.cmake
-- Installing: /<<BUILDDIR>>package/debian/ros-one-catkin/opt/ros/one/share/catkin/cmake/catkin_add_env_hooks.cmake
-- Installing: /<<BUILDDIR>>package/debian/ros-one-catkin/opt/ros/one/share/catkin/cmake/em
-- Installing: /<<BUILDDIR>>package/debian/ros-one-catkin/opt/ros/one/share/catkin/cmake/em/order_packages.cmake.em
-- Installing: /<<BUILDDIR>>package/debian/ros-one-catkin/opt/ros/one/share/catkin/cmake/em/pkg.pc.em
-- Installing: /<<BUILDDIR>>package/debian/ros-one-catkin/opt/ros/one/share/catkin/cmake/debug_message.cmake
-- Installing: /<<BUILDDIR>>package/debian/ros-one-catkin/opt/ros/one/share/catkin/cmake/toplevel.cmake
-- Installing: /<<BUILDDIR>>package/debian/ros-one-catkin/opt/ros/one/share/catkin/cmake/all.cmake
-- Installing: /<<BUILDDIR>>package/debian/ros-one-catkin/opt/ros/one/share/catkin/cmake/list_append_unique.cmake
-- Installing: /<<BUILDDIR>>package/debian/ros-one-catkin/opt/ros/one/share/catkin/cmake/catkin_libraries.cmake
-- Installing: /<<BUILDDIR>>package/debian/ros-one-catkin/opt/ros/one/share/catkin/cmake/platform
-- Installing: /<<BUILDDIR>>package/debian/ros-one-catkin/opt/ros/one/share/catkin/cmake/platform/ubuntu.cmake
-- Installing: /<<BUILDDIR>>package/debian/ros-one-catkin/opt/ros/one/share/catkin/cmake/platform/lsb.cmake
-- Installing: /<<BUILDDIR>>package/debian/ros-one-catkin/opt/ros/one/share/catkin/cmake/platform/windows.cmake
-- Installing: /<<BUILDDIR>>package/debian/ros-one-catkin/opt/ros/one/share/catkin/cmake/list_insert_in_workspace_order.cmake
-- Installing: /<<BUILDDIR>>package/debian/ros-one-catkin/opt/ros/one/share/catkin/cmake/catkin_install_python.cmake
-- Installing: /<<BUILDDIR>>package/debian/ros-one-catkin/opt/ros/one/share/catkin/cmake/shell.cmake
-- Installing: /<<BUILDDIR>>package/debian/ros-one-catkin/opt/ros/one/share/catkin/cmake/list_append_deduplicate.cmake
-- Installing: /<<BUILDDIR>>package/debian/ros-one-catkin/opt/ros/one/share/catkin/cmake/assert.cmake
-- Installing: /<<BUILDDIR>>package/debian/ros-one-catkin/opt/ros/one/share/catkin/cmake/catkin_symlink_install.cmake
-- Installing: /<<BUILDDIR>>package/debian/ros-one-catkin/opt/ros/one/share/catkin/cmake/catkin_workspace.cmake
-- Installing: /<<BUILDDIR>>package/debian/ros-one-catkin/opt/ros/one/share/catkin/cmake/parse_package_xml.py
-- Installing: /<<BUILDDIR>>package/debian/ros-one-catkin/opt/ros/one/share/catkin/cmake/interrogate_setup_dot_py.py
-- Installing: /<<BUILDDIR>>package/debian/ros-one-catkin/opt/ros/one/share/catkin/cmake/env-hooks
-- Installing: /<<BUILDDIR>>package/debian/ros-one-catkin/opt/ros/one/share/catkin/cmake/env-hooks/05.catkin_make_isolated.bash
-- Installing: /<<BUILDDIR>>package/debian/ros-one-catkin/opt/ros/one/share/catkin/cmake/env-hooks/05.catkin_make.bash
-- Installing: /<<BUILDDIR>>package/debian/ros-one-catkin/opt/ros/one/share/catkin/cmake/legacy.cmake
-- Installing: /<<BUILDDIR>>package/debian/ros-one-catkin/opt/ros/one/share/catkin/cmake/empy.cmake
-- Installing: /<<BUILDDIR>>package/debian/ros-one-catkin/opt/ros/one/share/catkin/cmake/catkin_python_setup.cmake
-- Installing: /<<BUILDDIR>>package/debian/ros-one-catkin/opt/ros/one/share/catkin/cmake/order_paths.py
-- Installing: /<<BUILDDIR>>package/debian/ros-one-catkin/opt/ros/one/share/catkin/cmake/templates
-- Installing: /<<BUILDDIR>>package/debian/ros-one-catkin/opt/ros/one/share/catkin/cmake/templates/cfg-extras.context.py.in
-- Installing: /<<BUILDDIR>>package/debian/ros-one-catkin/opt/ros/one/share/catkin/cmake/templates/script.bat.in
-- Installing: /<<BUILDDIR>>package/debian/ros-one-catkin/opt/ros/one/share/catkin/cmake/templates/pkg.context.pc.in
-- Installing: /<<BUILDDIR>>package/debian/ros-one-catkin/opt/ros/one/share/catkin/cmake/templates/env-hook.context.py.in
-- Installing: /<<BUILDDIR>>package/debian/ros-one-catkin/opt/ros/one/share/catkin/cmake/templates/local_setup.sh.in
-- Installing: /<<BUILDDIR>>package/debian/ros-one-catkin/opt/ros/one/share/catkin/cmake/templates/env.bat.in
-- Installing: /<<BUILDDIR>>package/debian/ros-one-catkin/opt/ros/one/share/catkin/cmake/templates/python_win32_wrapper.cpp.in
-- Installing: /<<BUILDDIR>>package/debian/ros-one-catkin/opt/ros/one/share/catkin/cmake/templates/script.sh.in
-- Installing: /<<BUILDDIR>>package/debian/ros-one-catkin/opt/ros/one/share/catkin/cmake/templates/setup.bash.in
-- Installing: /<<BUILDDIR>>package/debian/ros-one-catkin/opt/ros/one/share/catkin/cmake/templates/script.bash.in
-- Installing: /<<BUILDDIR>>package/debian/ros-one-catkin/opt/ros/one/share/catkin/cmake/templates/local_setup.bat.in
-- Installing: /<<BUILDDIR>>package/debian/ros-one-catkin/opt/ros/one/share/catkin/cmake/templates/local_setup.fish.in
-- Installing: /<<BUILDDIR>>package/debian/ros-one-catkin/opt/ros/one/share/catkin/cmake/templates/__init__.py.in
-- Installing: /<<BUILDDIR>>package/debian/ros-one-catkin/opt/ros/one/share/catkin/cmake/templates/setup.zsh.in
-- Installing: /<<BUILDDIR>>package/debian/ros-one-catkin/opt/ros/one/share/catkin/cmake/templates/script.in
-- Installing: /<<BUILDDIR>>package/debian/ros-one-catkin/opt/ros/one/share/catkin/cmake/templates/safe_execute_install.cmake.in
-- Installing: /<<BUILDDIR>>package/debian/ros-one-catkin/opt/ros/one/share/catkin/cmake/templates/generate_cached_setup.py.in
-- Installing: /<<BUILDDIR>>package/debian/ros-one-catkin/opt/ros/one/share/catkin/cmake/templates/order_packages.context.py.in
-- Installing: /<<BUILDDIR>>package/debian/ros-one-catkin/opt/ros/one/share/catkin/cmake/templates/setup.bat.in
-- Installing: /<<BUILDDIR>>package/debian/ros-one-catkin/opt/ros/one/share/catkin/cmake/templates/setup.sh.in
-- Installing: /<<BUILDDIR>>package/debian/ros-one-catkin/opt/ros/one/share/catkin/cmake/templates/setup.fish.in
-- Installing: /<<BUILDDIR>>package/debian/ros-one-catkin/opt/ros/one/share/catkin/cmake/templates/local_setup.bash.in
-- Installing: /<<BUILDDIR>>package/debian/ros-one-catkin/opt/ros/one/share/catkin/cmake/templates/local_setup.zsh.in
-- Installing: /<<BUILDDIR>>package/debian/ros-one-catkin/opt/ros/one/share/catkin/cmake/templates/python_distutils_install.bat.in
-- Installing: /<<BUILDDIR>>package/debian/ros-one-catkin/opt/ros/one/share/catkin/cmake/templates/pkgConfig.cmake.in
-- Installing: /<<BUILDDIR>>package/debian/ros-one-catkin/opt/ros/one/share/catkin/cmake/templates/Doxyfile.in
-- Installing: /<<BUILDDIR>>package/debian/ros-one-catkin/opt/ros/one/share/catkin/cmake/templates/pkgConfig-version.cmake.in
-- Installing: /<<BUILDDIR>>package/debian/ros-one-catkin/opt/ros/one/share/catkin/cmake/templates/env.sh.in
-- Installing: /<<BUILDDIR>>package/debian/ros-one-catkin/opt/ros/one/share/catkin/cmake/templates/relay.py.in
-- Installing: /<<BUILDDIR>>package/debian/ros-one-catkin/opt/ros/one/share/catkin/cmake/templates/rosinstall.in
-- Installing: /<<BUILDDIR>>package/debian/ros-one-catkin/opt/ros/one/share/catkin/cmake/templates/python_distutils_install.sh.in
-- Installing: /<<BUILDDIR>>package/debian/ros-one-catkin/opt/ros/one/share/catkin/cmake/templates/_setup_util.py.in
-- Installing: /<<BUILDDIR>>package/debian/ros-one-catkin/opt/ros/one/share/catkin/cmake/templates/script.py.in
+ cd /<<BUILDDIR>>package
+ mkdir -p /<<BUILDDIR>>package/debian/ros-one-catkin/opt/ros/one/lib/python3/dist-packages
+ /usr/bin/env PYTHONPATH=/opt/ros/one/lib/python3/dist-packages:/<<BUILDDIR>>package/.obj-x86_64-linux-gnu/lib/python3/dist-packages: CATKIN_BINARY_DIR=/<<BUILDDIR>>package/.obj-x86_64-linux-gnu /usr/bin/python3.10 /<<BUILDDIR>>package/setup.py egg_info --egg-base /<<BUILDDIR>>package/.obj-x86_64-linux-gnu build --build-base /<<BUILDDIR>>package/.obj-x86_64-linux-gnu install --root=/<<BUILDDIR>>package/debian/ros-one-catkin --install-layout=deb --prefix=/opt/ros/one --install-scripts=/opt/ros/one/bin
running egg_info
creating /<<BUILDDIR>>package/.obj-x86_64-linux-gnu/catkin.egg-info
writing /<<BUILDDIR>>package/.obj-x86_64-linux-gnu/catkin.egg-info/PKG-INFO
writing dependency_links to /<<BUILDDIR>>package/.obj-x86_64-linux-gnu/catkin.egg-info/dependency_links.txt
writing top-level names to /<<BUILDDIR>>package/.obj-x86_64-linux-gnu/catkin.egg-info/top_level.txt
writing manifest file '/<<BUILDDIR>>package/.obj-x86_64-linux-gnu/catkin.egg-info/SOURCES.txt'
reading manifest file '/<<BUILDDIR>>package/.obj-x86_64-linux-gnu/catkin.egg-info/SOURCES.txt'
adding license file 'LICENSE'
writing manifest file '/<<BUILDDIR>>package/.obj-x86_64-linux-gnu/catkin.egg-info/SOURCES.txt'
running build
running build_py
creating /<<BUILDDIR>>package/.obj-x86_64-linux-gnu/lib
creating /<<BUILDDIR>>package/.obj-x86_64-linux-gnu/lib/catkin
copying python/catkin/builder.py -> /<<BUILDDIR>>package/.obj-x86_64-linux-gnu/lib/catkin
copying python/catkin/terminal_color.py -> /<<BUILDDIR>>package/.obj-x86_64-linux-gnu/lib/catkin
copying python/catkin/workspace.py -> /<<BUILDDIR>>package/.obj-x86_64-linux-gnu/lib/catkin
copying python/catkin/__init__.py -> /<<BUILDDIR>>package/.obj-x86_64-linux-gnu/lib/catkin
copying python/catkin/package_version.py -> /<<BUILDDIR>>package/.obj-x86_64-linux-gnu/lib/catkin
copying python/catkin/find_in_workspaces.py -> /<<BUILDDIR>>package/.obj-x86_64-linux-gnu/lib/catkin
copying python/catkin/init_workspace.py -> /<<BUILDDIR>>package/.obj-x86_64-linux-gnu/lib/catkin
copying python/catkin/cmake.py -> /<<BUILDDIR>>package/.obj-x86_64-linux-gnu/lib/catkin
copying python/catkin/test_results.py -> /<<BUILDDIR>>package/.obj-x86_64-linux-gnu/lib/catkin
copying python/catkin/environment_cache.py -> /<<BUILDDIR>>package/.obj-x86_64-linux-gnu/lib/catkin
copying python/catkin/tidy_xml.py -> /<<BUILDDIR>>package/.obj-x86_64-linux-gnu/lib/catkin
copying python/catkin/workspace_vcs.py -> /<<BUILDDIR>>package/.obj-x86_64-linux-gnu/lib/catkin
running build_scripts
creating /<<BUILDDIR>>package/.obj-x86_64-linux-gnu/scripts-3.10
copying and adjusting bin/catkin_find -> /<<BUILDDIR>>package/.obj-x86_64-linux-gnu/scripts-3.10
copying and adjusting bin/catkin_init_workspace -> /<<BUILDDIR>>package/.obj-x86_64-linux-gnu/scripts-3.10
copying and adjusting bin/catkin_make -> /<<BUILDDIR>>package/.obj-x86_64-linux-gnu/scripts-3.10
copying and adjusting bin/catkin_make_isolated -> /<<BUILDDIR>>package/.obj-x86_64-linux-gnu/scripts-3.10
copying and adjusting bin/catkin_test_results -> /<<BUILDDIR>>package/.obj-x86_64-linux-gnu/scripts-3.10
copying and adjusting bin/catkin_topological_order -> /<<BUILDDIR>>package/.obj-x86_64-linux-gnu/scripts-3.10
changing mode of /<<BUILDDIR>>package/.obj-x86_64-linux-gnu/scripts-3.10/catkin_find from 644 to 755
changing mode of /<<BUILDDIR>>package/.obj-x86_64-linux-gnu/scripts-3.10/catkin_init_workspace from 644 to 755
changing mode of /<<BUILDDIR>>package/.obj-x86_64-linux-gnu/scripts-3.10/catkin_make from 644 to 755
changing mode of /<<BUILDDIR>>package/.obj-x86_64-linux-gnu/scripts-3.10/catkin_make_isolated from 644 to 755
changing mode of /<<BUILDDIR>>package/.obj-x86_64-linux-gnu/scripts-3.10/catkin_test_results from 644 to 755
changing mode of /<<BUILDDIR>>package/.obj-x86_64-linux-gnu/scripts-3.10/catkin_topological_order from 644 to 755
running install
/usr/lib/python3/dist-packages/setuptools/command/install.py:34: SetuptoolsDeprecationWarning: setup.py install is deprecated. Use build and pip and other standards-based tools.
  warnings.warn(
running install_lib
creating /<<BUILDDIR>>package/debian/ros-one-catkin/opt/ros/one/lib/python3/dist-packages/catkin
copying /<<BUILDDIR>>package/.obj-x86_64-linux-gnu/lib/catkin/builder.py -> /<<BUILDDIR>>package/debian/ros-one-catkin/opt/ros/one/lib/python3/dist-packages/catkin
copying /<<BUILDDIR>>package/.obj-x86_64-linux-gnu/lib/catkin/terminal_color.py -> /<<BUILDDIR>>package/debian/ros-one-catkin/opt/ros/one/lib/python3/dist-packages/catkin
copying /<<BUILDDIR>>package/.obj-x86_64-linux-gnu/lib/catkin/workspace.py -> /<<BUILDDIR>>package/debian/ros-one-catkin/opt/ros/one/lib/python3/dist-packages/catkin
copying /<<BUILDDIR>>package/.obj-x86_64-linux-gnu/lib/catkin/__init__.py -> /<<BUILDDIR>>package/debian/ros-one-catkin/opt/ros/one/lib/python3/dist-packages/catkin
copying /<<BUILDDIR>>package/.obj-x86_64-linux-gnu/lib/catkin/package_version.py -> /<<BUILDDIR>>package/debian/ros-one-catkin/opt/ros/one/lib/python3/dist-packages/catkin
copying /<<BUILDDIR>>package/.obj-x86_64-linux-gnu/lib/catkin/find_in_workspaces.py -> /<<BUILDDIR>>package/debian/ros-one-catkin/opt/ros/one/lib/python3/dist-packages/catkin
copying /<<BUILDDIR>>package/.obj-x86_64-linux-gnu/lib/catkin/init_workspace.py -> /<<BUILDDIR>>package/debian/ros-one-catkin/opt/ros/one/lib/python3/dist-packages/catkin
copying /<<BUILDDIR>>package/.obj-x86_64-linux-gnu/lib/catkin/cmake.py -> /<<BUILDDIR>>package/debian/ros-one-catkin/opt/ros/one/lib/python3/dist-packages/catkin
copying /<<BUILDDIR>>package/.obj-x86_64-linux-gnu/lib/catkin/test_results.py -> /<<BUILDDIR>>package/debian/ros-one-catkin/opt/ros/one/lib/python3/dist-packages/catkin
copying /<<BUILDDIR>>package/.obj-x86_64-linux-gnu/lib/catkin/environment_cache.py -> /<<BUILDDIR>>package/debian/ros-one-catkin/opt/ros/one/lib/python3/dist-packages/catkin
copying /<<BUILDDIR>>package/.obj-x86_64-linux-gnu/lib/catkin/tidy_xml.py -> /<<BUILDDIR>>package/debian/ros-one-catkin/opt/ros/one/lib/python3/dist-packages/catkin
copying /<<BUILDDIR>>package/.obj-x86_64-linux-gnu/lib/catkin/workspace_vcs.py -> /<<BUILDDIR>>package/debian/ros-one-catkin/opt/ros/one/lib/python3/dist-packages/catkin
byte-compiling /<<BUILDDIR>>package/debian/ros-one-catkin/opt/ros/one/lib/python3/dist-packages/catkin/builder.py to builder.cpython-310.pyc
byte-compiling /<<BUILDDIR>>package/debian/ros-one-catkin/opt/ros/one/lib/python3/dist-packages/catkin/terminal_color.py to terminal_color.cpython-310.pyc
byte-compiling /<<BUILDDIR>>package/debian/ros-one-catkin/opt/ros/one/lib/python3/dist-packages/catkin/workspace.py to workspace.cpython-310.pyc
byte-compiling /<<BUILDDIR>>package/debian/ros-one-catkin/opt/ros/one/lib/python3/dist-packages/catkin/__init__.py to __init__.cpython-310.pyc
byte-compiling /<<BUILDDIR>>package/debian/ros-one-catkin/opt/ros/one/lib/python3/dist-packages/catkin/package_version.py to package_version.cpython-310.pyc
byte-compiling /<<BUILDDIR>>package/debian/ros-one-catkin/opt/ros/one/lib/python3/dist-packages/catkin/find_in_workspaces.py to find_in_workspaces.cpython-310.pyc
byte-compiling /<<BUILDDIR>>package/debian/ros-one-catkin/opt/ros/one/lib/python3/dist-packages/catkin/init_workspace.py to init_workspace.cpython-310.pyc
byte-compiling /<<BUILDDIR>>package/debian/ros-one-catkin/opt/ros/one/lib/python3/dist-packages/catkin/cmake.py to cmake.cpython-310.pyc
byte-compiling /<<BUILDDIR>>package/debian/ros-one-catkin/opt/ros/one/lib/python3/dist-packages/catkin/test_results.py to test_results.cpython-310.pyc
byte-compiling /<<BUILDDIR>>package/debian/ros-one-catkin/opt/ros/one/lib/python3/dist-packages/catkin/environment_cache.py to environment_cache.cpython-310.pyc
byte-compiling /<<BUILDDIR>>package/debian/ros-one-catkin/opt/ros/one/lib/python3/dist-packages/catkin/tidy_xml.py to tidy_xml.cpython-310.pyc
byte-compiling /<<BUILDDIR>>package/debian/ros-one-catkin/opt/ros/one/lib/python3/dist-packages/catkin/workspace_vcs.py to workspace_vcs.cpython-310.pyc
running install_egg_info
Copying /<<BUILDDIR>>package/.obj-x86_64-linux-gnu/catkin.egg-info to /<<BUILDDIR>>package/debian/ros-one-catkin/opt/ros/one/lib/python3/dist-packages/catkin-0.8.10.egg-info
Skipping SOURCES.txt
running install_scripts
creating /<<BUILDDIR>>package/debian/ros-one-catkin/opt/ros/one/bin
copying /<<BUILDDIR>>package/.obj-x86_64-linux-gnu/scripts-3.10/catkin_init_workspace -> /<<BUILDDIR>>package/debian/ros-one-catkin/opt/ros/one/bin
copying /<<BUILDDIR>>package/.obj-x86_64-linux-gnu/scripts-3.10/catkin_make_isolated -> /<<BUILDDIR>>package/debian/ros-one-catkin/opt/ros/one/bin
copying /<<BUILDDIR>>package/.obj-x86_64-linux-gnu/scripts-3.10/catkin_make -> /<<BUILDDIR>>package/debian/ros-one-catkin/opt/ros/one/bin
copying /<<BUILDDIR>>package/.obj-x86_64-linux-gnu/scripts-3.10/catkin_find -> /<<BUILDDIR>>package/debian/ros-one-catkin/opt/ros/one/bin
copying /<<BUILDDIR>>package/.obj-x86_64-linux-gnu/scripts-3.10/catkin_topological_order -> /<<BUILDDIR>>package/debian/ros-one-catkin/opt/ros/one/bin
copying /<<BUILDDIR>>package/.obj-x86_64-linux-gnu/scripts-3.10/catkin_test_results -> /<<BUILDDIR>>package/debian/ros-one-catkin/opt/ros/one/bin
changing mode of /<<BUILDDIR>>package/debian/ros-one-catkin/opt/ros/one/bin/catkin_init_workspace to 755
changing mode of /<<BUILDDIR>>package/debian/ros-one-catkin/opt/ros/one/bin/catkin_make_isolated to 755
changing mode of /<<BUILDDIR>>package/debian/ros-one-catkin/opt/ros/one/bin/catkin_make to 755
changing mode of /<<BUILDDIR>>package/debian/ros-one-catkin/opt/ros/one/bin/catkin_find to 755
changing mode of /<<BUILDDIR>>package/debian/ros-one-catkin/opt/ros/one/bin/catkin_topological_order to 755
changing mode of /<<BUILDDIR>>package/debian/ros-one-catkin/opt/ros/one/bin/catkin_test_results to 755
make[2]: Leaving directory '/<<BUILDDIR>>package/.obj-x86_64-linux-gnu'
make[1]: Leaving directory '/<<BUILDDIR>>package'
   dh_installdocs -O-v -O--buildsystem=cmake -O--builddirectory=.obj-x86_64-linux-gnu
	install -d debian/ros-one-catkin/usr/share/doc/ros-one-catkin
	install -d debian/.debhelper/generated/ros-one-catkin
	install -p -m0644 debian/copyright debian/ros-one-catkin/usr/share/doc/ros-one-catkin/copyright
   dh_installchangelogs -O-v -O--buildsystem=cmake -O--builddirectory=.obj-x86_64-linux-gnu
	install -p -m0644 debian/changelog debian/ros-one-catkin/usr/share/doc/ros-one-catkin/changelog.Debian
   dh_installinit -O-v -O--buildsystem=cmake -O--builddirectory=.obj-x86_64-linux-gnu
   dh_perl -O-v -O--buildsystem=cmake -O--builddirectory=.obj-x86_64-linux-gnu
   dh_link -O-v -O--buildsystem=cmake -O--builddirectory=.obj-x86_64-linux-gnu
   dh_strip_nondeterminism -O-v -O--buildsystem=cmake -O--builddirectory=.obj-x86_64-linux-gnu
   dh_compress -O-v -O--buildsystem=cmake -O--builddirectory=.obj-x86_64-linux-gnu
	cd debian/ros-one-catkin
	chmod a-x usr/share/doc/ros-one-catkin/changelog.Debian
	gzip -9nf usr/share/doc/ros-one-catkin/changelog.Debian
	cd '/<<BUILDDIR>>package'
   dh_fixperms -O-v -O--buildsystem=cmake -O--builddirectory=.obj-x86_64-linux-gnu
	find debian/ros-one-catkin -true -print0 2>/dev/null | xargs -0r chown --no-dereference 0:0
	find debian/ros-one-catkin ! -type l -a -true -a -true -print0 2>/dev/null | xargs -0r chmod go=rX,u+rw,a-s
	find debian/ros-one-catkin/usr/share/doc -type f -a -true -a ! -regex 'debian/ros-one-catkin/usr/share/doc/[^/]*/examples/.*' -print0 2>/dev/null | xargs -0r chmod 0644
	find debian/ros-one-catkin/usr/share/doc -type d -a -true -a -true -print0 2>/dev/null | xargs -0r chmod 0755
	find debian/ros-one-catkin -type f \( -name '*.so.*' -o -name '*.so' -o -name '*.la' -o -name '*.a' -o -name '*.js' -o -name '*.css' -o -name '*.scss' -o -name '*.sass' -o -name '*.jpeg' -o -name '*.jpg' -o -name '*.png' -o -name '*.gif' -o -name '*.cmxs' -o -name '*.node' \) -a -true -a -true -print0 2>/dev/null | xargs -0r chmod 0644
   dh_missing -O-v -O--buildsystem=cmake -O--builddirectory=.obj-x86_64-linux-gnu
   dh_strip -O-v -O--buildsystem=cmake -O--builddirectory=.obj-x86_64-linux-gnu
   dh_makeshlibs -O-v -O--buildsystem=cmake -O--builddirectory=.obj-x86_64-linux-gnu
	rm -f debian/ros-one-catkin/DEBIAN/shlibs
	rm -f debian/ros-one-catkin.debhelper.log
   debian/rules override_dh_shlibdeps
make[1]: Entering directory '/<<BUILDDIR>>package'
# In case we're installing to a non-standard location, look for a setup.sh
# in the install tree that was dropped by catkin, and source it.  It will
# set things like CMAKE_PREFIX_PATH, PKG_CONFIG_PATH, and PYTHONPATH.
if [ -f "/opt/ros/one/setup.sh" ]; then . "/opt/ros/one/setup.sh"; fi && \
dh_shlibdeps -l/<<BUILDDIR>>package/debian/ros-one-catkin//opt/ros/one/lib/
make[1]: Leaving directory '/<<BUILDDIR>>package'
   dh_installdeb -O-v -O--buildsystem=cmake -O--builddirectory=.obj-x86_64-linux-gnu
	install -d debian/ros-one-catkin/DEBIAN
   dh_gencontrol -O-v -O--buildsystem=cmake -O--builddirectory=.obj-x86_64-linux-gnu
	echo misc:Depends= >> debian/ros-one-catkin.substvars
	echo misc:Pre-Depends= >> debian/ros-one-catkin.substvars
	dpkg-gencontrol -pros-one-catkin -ldebian/changelog -Tdebian/ros-one-catkin.substvars -Pdebian/ros-one-catkin
dpkg-gencontrol: warning: Depends field of package ros-one-catkin: substitution variable ${shlibs:Depends} used, but is not defined
	chmod 0644 -- debian/ros-one-catkin/DEBIAN/control
	chown 0:0 -- debian/ros-one-catkin/DEBIAN/control
   dh_md5sums -O-v -O--buildsystem=cmake -O--builddirectory=.obj-x86_64-linux-gnu
	cd debian/ros-one-catkin >/dev/null && xargs -r0 md5sum | perl -pe 'if (s@^\\@@) { s/\\\\/\\/g; }' > DEBIAN/md5sums
	chmod 0644 -- debian/ros-one-catkin/DEBIAN/md5sums
	chown 0:0 -- debian/ros-one-catkin/DEBIAN/md5sums
   dh_builddeb -O-v -O--buildsystem=cmake -O--builddirectory=.obj-x86_64-linux-gnu
	dpkg-deb --build debian/ros-one-catkin ..
dpkg-deb: building package 'ros-one-catkin' in '../ros-one-catkin_0.8.10-0jammy.20230914.1234_amd64.deb'.
 dpkg-genbuildinfo --build=binary -O../ros-one-catkin_0.8.10-0jammy.20230914.1234_amd64.buildinfo
 dpkg-genchanges --build=binary -O../ros-one-catkin_0.8.10-0jammy.20230914.1234_amd64.changes
dpkg-genchanges: info: binary-only upload (no source code included)
 dpkg-source --after-build .
dpkg-source: info: using options from package/debian/source/options: --auto-commit
dpkg-buildpackage: info: binary-only upload (no source included)
--------------------------------------------------------------------------------
Build finished at 2023-09-14T12:34:54Z

Finished
--------

I: Built successfully

+------------------------------------------------------------------------------+
| Changes                                                                      |
+------------------------------------------------------------------------------+


ros-one-catkin_0.8.10-0jammy.20230914.1234_amd64.changes:
---------------------------------------------------------

Format: 1.8
Date: Thu, 14 Sep 2023 12:34:39 +0000
Source: ros-one-catkin
Binary: ros-one-catkin
Built-For-Profiles: noudeb
Architecture: amd64
Version: 0.8.10-0jammy.20230914.1234
Distribution: UNRELEASED
Urgency: high
Maintainer: Geoffrey Biggs <geoff@openrobotics.org>
Changed-By: Geoffrey Biggs <geoff@openrobotics.org>
Description:
 ros-one-catkin - Low-level build system macros and infrastructure for ROS.
Changes:
 ros-one-catkin (0.8.10-0jammy.20230914.1234) UNRELEASED; urgency=high
 .
   * jammy Append timestamp when binarydeb was built.
Checksums-Sha1:
 83aecc7252908ebf2bc3711f5629b0cf03243e1e 7528 ros-one-catkin_0.8.10-0jammy.20230914.1234_amd64.buildinfo
 15c8e658bd8072423a905c8af7d9e17ddac54828 127546 ros-one-catkin_0.8.10-0jammy.20230914.1234_amd64.deb
Checksums-Sha256:
 b8c856069dce6ffb6965da48aaaa6e3521b805b329106cba24b9b221128bb736 7528 ros-one-catkin_0.8.10-0jammy.20230914.1234_amd64.buildinfo
 f394286e8f501fa2eca7cac008ab885ea73d20a51c91cbc6e821162958ae601d 127546 ros-one-catkin_0.8.10-0jammy.20230914.1234_amd64.deb
Files:
 b12e3f0a5ac4529def74c37dc0c4735f 7528 misc optional ros-one-catkin_0.8.10-0jammy.20230914.1234_amd64.buildinfo
 c93b1b314a749674adbeb9998b08858f 127546 misc optional ros-one-catkin_0.8.10-0jammy.20230914.1234_amd64.deb

+------------------------------------------------------------------------------+
| Buildinfo                                                                    |
+------------------------------------------------------------------------------+

Format: 1.0
Source: ros-one-catkin
Binary: ros-one-catkin
Architecture: amd64
Version: 0.8.10-0jammy.20230914.1234
Checksums-Md5:
 c93b1b314a749674adbeb9998b08858f 127546 ros-one-catkin_0.8.10-0jammy.20230914.1234_amd64.deb
Checksums-Sha1:
 15c8e658bd8072423a905c8af7d9e17ddac54828 127546 ros-one-catkin_0.8.10-0jammy.20230914.1234_amd64.deb
Checksums-Sha256:
 f394286e8f501fa2eca7cac008ab885ea73d20a51c91cbc6e821162958ae601d 127546 ros-one-catkin_0.8.10-0jammy.20230914.1234_amd64.deb
Build-Origin: Ubuntu
Build-Architecture: amd64
Build-Date: Thu, 14 Sep 2023 12:34:54 +0000
Build-Path: /<<BUILDDIR>>package
Build-Tainted-By:
 merged-usr-via-aliased-dirs
Installed-Build-Depends:
 autoconf (= 2.71-2),
 automake (= 1:1.16.5-1.3),
 autopoint (= 0.21-4ubuntu4),
 autotools-dev (= 20220109.1),
 base-files (= 12ubuntu4),
 base-passwd (= 3.5.52build1),
 bash (= 5.1-6ubuntu1),
 binutils (= 2.38-3ubuntu1),
 binutils-common (= 2.38-3ubuntu1),
 binutils-x86-64-linux-gnu (= 2.38-3ubuntu1),
 bsdextrautils (= 2.37.2-4ubuntu3),
 bsdutils (= 1:2.37.2-4ubuntu3),
 build-essential (= 12.9ubuntu3),
 bzip2 (= 1.0.8-5build1),
 cmake (= 3.22.1-1ubuntu1),
 cmake-data (= 3.22.1-1ubuntu1),
 coreutils (= 8.32-4.1ubuntu1),
 cpp (= 4:11.2.0-1ubuntu1),
 cpp-11 (= 11.2.0-19ubuntu1),
 dash (= 0.5.11+git20210903+057cd650a4ed-3build1),
 debconf (= 1.5.79ubuntu1),
 debhelper (= 13.6ubuntu1),
 debianutils (= 5.5-1ubuntu2),
 debugedit (= 1:5.0-4build1),
 dh-autoreconf (= 20),
 dh-elpa-helper (= 2.0.9ubuntu1),
 dh-strip-nondeterminism (= 1.13.0-1),
 diffutils (= 1:3.8-0ubuntu2),
 docutils-common (= 0.17.1+dfsg-2),
 dpkg (= 1.21.1ubuntu2),
 dpkg-dev (= 1.21.1ubuntu2),
 dwz (= 0.14-1build2),
 emacsen-common (= 3.0.4),
 file (= 1:5.41-3),
 findutils (= 4.8.0-1ubuntu3),
 g++ (= 4:11.2.0-1ubuntu1),
 g++-11 (= 11.2.0-19ubuntu1),
 gcc (= 4:11.2.0-1ubuntu1),
 gcc-11 (= 11.2.0-19ubuntu1),
 gcc-11-base (= 11.2.0-19ubuntu1),
 gcc-12-base (= 12-20220319-1ubuntu1),
 gettext (= 0.21-4ubuntu4),
 gettext-base (= 0.21-4ubuntu4),
 grep (= 3.7-1build1),
 groff-base (= 1.22.4-8build1),
 gzip (= 1.10-4ubuntu4),
 hostname (= 3.23ubuntu2),
 init-system-helpers (= 1.62),
 intltool-debian (= 0.35.0+20060710.5),
 libacl1 (= 2.3.1-1),
 libarchive-zip-perl (= 1.68-1),
 libarchive13 (= 3.6.0-1ubuntu1),
 libasan6 (= 11.2.0-19ubuntu1),
 libatomic1 (= 12-20220319-1ubuntu1),
 libattr1 (= 1:2.5.1-1build1),
 libaudit-common (= 1:3.0.7-1build1),
 libaudit1 (= 1:3.0.7-1build1),
 libbinutils (= 2.38-3ubuntu1),
 libblkid1 (= 2.37.2-4ubuntu3),
 libbrotli1 (= 1.0.9-2build6),
 libbz2-1.0 (= 1.0.8-5build1),
 libc-bin (= 2.35-0ubuntu3),
 libc-dev-bin (= 2.35-0ubuntu3),
 libc6 (= 2.35-0ubuntu3),
 libc6-dev (= 2.35-0ubuntu3),
 libcap-ng0 (= 0.7.9-2.2build3),
 libcap2 (= 1:2.44-1build3),
 libcc1-0 (= 12-20220319-1ubuntu1),
 libcom-err2 (= 1.46.5-2ubuntu1),
 libcrypt-dev (= 1:4.4.27-1),
 libcrypt1 (= 1:4.4.27-1),
 libctf-nobfd0 (= 2.38-3ubuntu1),
 libctf0 (= 2.38-3ubuntu1),
 libcurl4 (= 7.81.0-1),
 libdb5.3 (= 5.3.28+dfsg1-0.8ubuntu3),
 libdebconfclient0 (= 0.261ubuntu1),
 libdebhelper-perl (= 13.6ubuntu1),
 libdpkg-perl (= 1.21.1ubuntu2),
 libdw1 (= 0.186-1build1),
 libelf1 (= 0.186-1build1),
 libexpat1 (= 2.4.7-1),
 libffi8 (= 3.4.2-4),
 libfile-stripnondeterminism-perl (= 1.13.0-1),
 libgcc-11-dev (= 11.2.0-19ubuntu1),
 libgcc-s1 (= 12-20220319-1ubuntu1),
 libgcrypt20 (= 1.9.4-3ubuntu3),
 libgdbm-compat4 (= 1.23-1),
 libgdbm6 (= 1.23-1),
 libgmp10 (= 2:6.2.1+dfsg-3ubuntu1),
 libgnutls30 (= 3.7.3-4ubuntu1),
 libgomp1 (= 12-20220319-1ubuntu1),
 libgpg-error0 (= 1.43-3),
 libgssapi-krb5-2 (= 1.19.2-2),
 libhogweed6 (= 3.7.3-1build2),
 libicu70 (= 70.1-2),
 libidn2-0 (= 2.3.2-2build1),
 libisl23 (= 0.24-2build1),
 libitm1 (= 12-20220319-1ubuntu1),
 libjsoncpp25 (= 1.9.5-3),
 libk5crypto3 (= 1.19.2-2),
 libkeyutils1 (= 1.6.1-2ubuntu3),
 libkrb5-3 (= 1.19.2-2),
 libkrb5support0 (= 1.19.2-2),
 libldap-2.5-0 (= 2.5.11+dfsg-1~exp1ubuntu3),
 liblsan0 (= 12-20220319-1ubuntu1),
 liblz4-1 (= 1.9.3-2build2),
 liblzma5 (= 5.2.5-2ubuntu1),
 libmagic-mgc (= 1:5.41-3),
 libmagic1 (= 1:5.41-3),
 libmount1 (= 2.37.2-4ubuntu3),
 libmpc3 (= 1.2.1-2build1),
 libmpdec3 (= 2.5.1-2build2),
 libmpfr6 (= 4.1.0-3build3),
 libncurses6 (= 6.3-2),
 libncursesw6 (= 6.3-2),
 libnettle8 (= 3.7.3-1build2),
 libnghttp2-14 (= 1.43.0-1build3),
 libnsl-dev (= 1.3.0-2build2),
 libnsl2 (= 1.3.0-2build2),
 libp11-kit0 (= 0.24.0-6build1),
 libpam-modules (= 1.4.0-11ubuntu2),
 libpam-modules-bin (= 1.4.0-11ubuntu2),
 libpam-runtime (= 1.4.0-11ubuntu2),
 libpam0g (= 1.4.0-11ubuntu2),
 libpcre2-8-0 (= 10.39-3build1),
 libpcre3 (= 2:8.39-13build5),
 libperl5.34 (= 5.34.0-3ubuntu1),
 libpipeline1 (= 1.5.5-1),
 libprocps8 (= 2:3.3.17-6ubuntu2),
 libpsl5 (= 0.21.0-1.2build2),
 libpython3-stdlib (= 3.10.4-0ubuntu2),
 libpython3.10-minimal (= 3.10.4-3),
 libpython3.10-stdlib (= 3.10.4-3),
 libquadmath0 (= 12-20220319-1ubuntu1),
 libreadline8 (= 8.1.2-1),
 librhash0 (= 1.4.2-1ubuntu1),
 librtmp1 (= 2.4+20151223.gitfa8646d.1-2build4),
 libsasl2-2 (= 2.1.27+dfsg2-3ubuntu1),
 libsasl2-modules-db (= 2.1.27+dfsg2-3ubuntu1),
 libseccomp2 (= 2.5.3-2ubuntu2),
 libselinux1 (= 3.3-1build2),
 libsigsegv2 (= 2.13-1ubuntu3),
 libsmartcols1 (= 2.37.2-4ubuntu3),
 libsqlite3-0 (= 3.37.2-2),
 libssh-4 (= 0.9.6-2build1),
 libssl3 (= 3.0.2-0ubuntu1),
 libstdc++-11-dev (= 11.2.0-19ubuntu1),
 libstdc++6 (= 12-20220319-1ubuntu1),
 libsub-override-perl (= 0.09-2),
 libsystemd0 (= 249.11-0ubuntu3),
 libtasn1-6 (= 4.18.0-4build1),
 libtinfo6 (= 6.3-2),
 libtirpc-common (= 1.3.2-2build1),
 libtirpc-dev (= 1.3.2-2build1),
 libtirpc3 (= 1.3.2-2build1),
 libtool (= 2.4.6-15build2),
 libtsan0 (= 11.2.0-19ubuntu1),
 libubsan1 (= 12-20220319-1ubuntu1),
 libuchardet0 (= 0.0.7-1build2),
 libudev1 (= 249.11-0ubuntu3),
 libunistring2 (= 1.0-1),
 libuuid1 (= 2.37.2-4ubuntu3),
 libuv1 (= 1.43.0-1),
 libxml2 (= 2.9.13+dfsg-1build1),
 libzstd1 (= 1.4.8+dfsg-3build1),
 linux-libc-dev (= 5.15.0-25.25),
 login (= 1:4.8.1-2ubuntu2),
 lsb-base (= 11.1.0ubuntu4),
 lto-disabled-list (= 24),
 m4 (= 1.4.18-5ubuntu2),
 make (= 4.3-4.1build1),
 man-db (= 2.10.2-1),
 mawk (= 1.3.4.20200120-3),
 media-types (= 7.0.0),
 ncurses-base (= 6.3-2),
 ncurses-bin (= 6.3-2),
 patch (= 2.7.6-7build2),
 perl (= 5.34.0-3ubuntu1),
 perl-base (= 5.34.0-3ubuntu1),
 perl-modules-5.34 (= 5.34.0-3ubuntu1),
 po-debconf (= 1.0.21+nmu1),
 procps (= 2:3.3.17-6ubuntu2),
 python3 (= 3.10.4-0ubuntu2),
 python3-catkin-pkg (= 1.0.0-100),
 python3-catkin-pkg-modules (= 1.0.0-1),
 python3-dateutil (= 2.8.1-6),
 python3-distutils (= 3.10.4-0ubuntu1),
 python3-docutils (= 0.17.1+dfsg-2),
 python3-empy (= 3.3.4-2),
 python3-lib2to3 (= 3.10.4-0ubuntu1),
 python3-minimal (= 3.10.4-0ubuntu2),
 python3-mock (= 4.0.3-3),
 python3-nose (= 1.3.7-8),
 python3-pbr (= 5.8.0-0ubuntu1),
 python3-pkg-resources (= 59.6.0-1.2),
 python3-pyparsing (= 2.4.7-1),
 python3-roman (= 3.3-1),
 python3-setuptools (= 59.6.0-1.2),
 python3-six (= 1.16.0-3ubuntu1),
 python3.10 (= 3.10.4-3),
 python3.10-minimal (= 3.10.4-3),
 readline-common (= 8.1.2-1),
 rpcsvc-proto (= 1.4.2-0ubuntu6),
 sed (= 4.8-1ubuntu2),
 sensible-utils (= 0.0.17),
 sgml-base (= 1.30),
 sysvinit-utils (= 3.01-1ubuntu1),
 tar (= 1.34+dfsg-1build3),
 tzdata (= 2022a-0ubuntu1),
 util-linux (= 2.37.2-4ubuntu3),
 xml-core (= 0.18+nmu1),
 xz-utils (= 5.2.5-2ubuntu1),
 zlib1g (= 1:1.2.11.dfsg-2ubuntu9)
Environment:
 DEB_BUILD_OPTIONS="nocheck parallel=2"
 DEB_BUILD_PROFILES="noudeb"
 LANG="C.UTF-8"
 LC_ALL="C.UTF-8"
 LC_COLLATE="C.UTF-8"
 SOURCE_DATE_EPOCH="1694694879"


+------------------------------------------------------------------------------+
| Package contents                                                             |
+------------------------------------------------------------------------------+


ros-one-catkin_0.8.10-0jammy.20230914.1234_amd64.deb
----------------------------------------------------

 new Debian package, version 2.0.
 size 127546 bytes: control archive=4406 bytes.
     415 bytes,    10 lines      control              
   13477 bytes,   149 lines      md5sums              
 Package: ros-one-catkin
 Version: 0.8.10-0jammy.20230914.1234
 Architecture: amd64
 Maintainer: Geoffrey Biggs <geoff@openrobotics.org>
 Installed-Size: 662
 Depends: cmake, google-mock, libgtest-dev, python3-catkin-pkg (>> 0.4.3), python3-empy, python3-nose, python3-setuptools
 Section: misc
 Priority: optional
 Homepage: http://wiki.ros.org/catkin
 Description: Low-level build system macros and infrastructure for ROS.

drwxr-xr-x root/root         0 2023-09-14 12:34 ./
drwxr-xr-x root/root         0 2023-09-14 12:34 ./opt/
drwxr-xr-x root/root         0 2023-09-14 12:34 ./opt/ros/
drwxr-xr-x root/root         0 2023-09-14 12:34 ./opt/ros/one/
-rw-r--r-- root/root         0 2023-09-14 12:34 ./opt/ros/one/.catkin
-rw-r--r-- root/root        52 2023-09-14 12:34 ./opt/ros/one/.rosinstall
-rwxr-xr-x root/root     13309 2023-09-14 12:34 ./opt/ros/one/_setup_util.py
drwxr-xr-x root/root         0 2023-09-14 12:34 ./opt/ros/one/bin/
-rwxr-xr-x root/root      2811 2023-09-14 12:34 ./opt/ros/one/bin/catkin_find
-rwxr-xr-x root/root      1090 2023-09-14 12:34 ./opt/ros/one/bin/catkin_init_workspace
-rwxr-xr-x root/root     15228 2023-09-14 12:34 ./opt/ros/one/bin/catkin_make
-rwxr-xr-x root/root      8243 2023-09-14 12:34 ./opt/ros/one/bin/catkin_make_isolated
-rwxr-xr-x root/root      1893 2023-09-14 12:34 ./opt/ros/one/bin/catkin_test_results
-rwxr-xr-x root/root      2420 2023-09-14 12:34 ./opt/ros/one/bin/catkin_topological_order
-rwxr-xr-x root/root       506 2023-09-14 12:34 ./opt/ros/one/env.sh
drwxr-xr-x root/root         0 2023-09-14 12:34 ./opt/ros/one/etc/
drwxr-xr-x root/root         0 2023-09-14 12:34 ./opt/ros/one/etc/catkin/
drwxr-xr-x root/root         0 2023-09-14 12:34 ./opt/ros/one/etc/catkin/profile.d/
-rw-r--r-- root/root      2873 2023-09-14 12:34 ./opt/ros/one/etc/catkin/profile.d/05.catkin_make.bash
-rw-r--r-- root/root      2786 2023-09-14 12:34 ./opt/ros/one/etc/catkin/profile.d/05.catkin_make_isolated.bash
drwxr-xr-x root/root         0 2023-09-14 12:34 ./opt/ros/one/lib/
drwxr-xr-x root/root         0 2023-09-14 12:34 ./opt/ros/one/lib/pkgconfig/
-rw-r--r-- root/root       128 2023-09-14 12:34 ./opt/ros/one/lib/pkgconfig/catkin.pc
drwxr-xr-x root/root         0 2023-09-14 12:34 ./opt/ros/one/lib/python3/
drwxr-xr-x root/root         0 2023-09-14 12:34 ./opt/ros/one/lib/python3/dist-packages/
drwxr-xr-x root/root         0 2023-09-14 12:34 ./opt/ros/one/lib/python3/dist-packages/catkin-0.8.10.egg-info/
-rw-r--r-- root/root       475 2023-09-14 12:34 ./opt/ros/one/lib/python3/dist-packages/catkin-0.8.10.egg-info/PKG-INFO
-rw-r--r-- root/root         1 2023-09-14 12:34 ./opt/ros/one/lib/python3/dist-packages/catkin-0.8.10.egg-info/dependency_links.txt
-rw-r--r-- root/root         7 2023-09-14 12:34 ./opt/ros/one/lib/python3/dist-packages/catkin-0.8.10.egg-info/top_level.txt
drwxr-xr-x root/root         0 2023-09-14 12:34 ./opt/ros/one/lib/python3/dist-packages/catkin/
-rw-r--r-- root/root         0 2023-09-14 12:34 ./opt/ros/one/lib/python3/dist-packages/catkin/__init__.py
drwxr-xr-x root/root         0 2023-09-14 12:34 ./opt/ros/one/lib/python3/dist-packages/catkin/__pycache__/
-rw-r--r-- root/root       150 2023-09-14 12:34 ./opt/ros/one/lib/python3/dist-packages/catkin/__pycache__/__init__.cpython-310.pyc
-rw-r--r-- root/root     32624 2023-09-14 12:34 ./opt/ros/one/lib/python3/dist-packages/catkin/__pycache__/builder.cpython-310.pyc
-rw-r--r-- root/root       698 2023-09-14 12:34 ./opt/ros/one/lib/python3/dist-packages/catkin/__pycache__/cmake.cpython-310.pyc
-rw-r--r-- root/root      2545 2023-09-14 12:34 ./opt/ros/one/lib/python3/dist-packages/catkin/__pycache__/environment_cache.cpython-310.pyc
-rw-r--r-- root/root      4402 2023-09-14 12:34 ./opt/ros/one/lib/python3/dist-packages/catkin/__pycache__/find_in_workspaces.cpython-310.pyc
-rw-r--r-- root/root      2970 2023-09-14 12:34 ./opt/ros/one/lib/python3/dist-packages/catkin/__pycache__/init_workspace.cpython-310.pyc
-rw-r--r-- root/root       200 2023-09-14 12:34 ./opt/ros/one/lib/python3/dist-packages/catkin/__pycache__/package_version.cpython-310.pyc
-rw-r--r-- root/root       198 2023-09-14 12:34 ./opt/ros/one/lib/python3/dist-packages/catkin/__pycache__/terminal_color.cpython-310.pyc
-rw-r--r-- root/root      7687 2023-09-14 12:34 ./opt/ros/one/lib/python3/dist-packages/catkin/__pycache__/test_results.cpython-310.pyc
-rw-r--r-- root/root      1414 2023-09-14 12:34 ./opt/ros/one/lib/python3/dist-packages/catkin/__pycache__/tidy_xml.cpython-310.pyc
-rw-r--r-- root/root      1573 2023-09-14 12:34 ./opt/ros/one/lib/python3/dist-packages/catkin/__pycache__/workspace.cpython-310.pyc
-rw-r--r-- root/root       196 2023-09-14 12:34 ./opt/ros/one/lib/python3/dist-packages/catkin/__pycache__/workspace_vcs.cpython-310.pyc
-rw-r--r-- root/root     51101 2023-09-14 12:34 ./opt/ros/one/lib/python3/dist-packages/catkin/builder.py
-rw-r--r-- root/root      2165 2023-09-14 12:34 ./opt/ros/one/lib/python3/dist-packages/catkin/cmake.py
-rw-r--r-- root/root      4393 2023-09-14 12:34 ./opt/ros/one/lib/python3/dist-packages/catkin/environment_cache.py
-rw-r--r-- root/root      8290 2023-09-14 12:34 ./opt/ros/one/lib/python3/dist-packages/catkin/find_in_workspaces.py
-rw-r--r-- root/root      6058 2023-09-14 12:34 ./opt/ros/one/lib/python3/dist-packages/catkin/init_workspace.py
-rw-r--r-- root/root        78 2023-09-14 12:34 ./opt/ros/one/lib/python3/dist-packages/catkin/package_version.py
-rw-r--r-- root/root        77 2023-09-14 12:34 ./opt/ros/one/lib/python3/dist-packages/catkin/terminal_color.py
-rw-r--r-- root/root     11501 2023-09-14 12:34 ./opt/ros/one/lib/python3/dist-packages/catkin/test_results.py
-rw-r--r-- root/root      3402 2023-09-14 12:34 ./opt/ros/one/lib/python3/dist-packages/catkin/tidy_xml.py
-rw-r--r-- root/root      2956 2023-09-14 12:34 ./opt/ros/one/lib/python3/dist-packages/catkin/workspace.py
-rw-r--r-- root/root        76 2023-09-14 12:34 ./opt/ros/one/lib/python3/dist-packages/catkin/workspace_vcs.py
-rw-r--r-- root/root       283 2023-09-14 12:34 ./opt/ros/one/local_setup.bash
-rw-r--r-- root/root       398 2023-09-14 12:34 ./opt/ros/one/local_setup.fish
-rw-r--r-- root/root       343 2023-09-14 12:34 ./opt/ros/one/local_setup.sh
-rw-r--r-- root/root       293 2023-09-14 12:34 ./opt/ros/one/local_setup.zsh
-rw-r--r-- root/root       260 2023-09-14 12:34 ./opt/ros/one/setup.bash
-rw-r--r-- root/root      3676 2023-09-14 12:34 ./opt/ros/one/setup.fish
-rw-r--r-- root/root      2769 2023-09-14 12:34 ./opt/ros/one/setup.sh
-rw-r--r-- root/root       270 2023-09-14 12:34 ./opt/ros/one/setup.zsh
drwxr-xr-x root/root         0 2023-09-14 12:34 ./opt/ros/one/share/
drwxr-xr-x root/root         0 2023-09-14 12:34 ./opt/ros/one/share/catkin/
-rw-r--r-- root/root      1439 2023-09-14 12:34 ./opt/ros/one/share/catkin/LICENSE
drwxr-xr-x root/root         0 2023-09-14 12:34 ./opt/ros/one/share/catkin/catkin_env_hook/
-rw-r--r-- root/root      2873 2023-09-14 12:34 ./opt/ros/one/share/catkin/catkin_env_hook/05.catkin_make.bash
-rw-r--r-- root/root      2786 2023-09-14 12:34 ./opt/ros/one/share/catkin/catkin_env_hook/05.catkin_make_isolated.bash
drwxr-xr-x root/root         0 2023-09-14 12:34 ./opt/ros/one/share/catkin/cmake/
-rw-r--r-- root/root      8285 2023-09-14 12:34 ./opt/ros/one/share/catkin/cmake/all.cmake
-rw-r--r-- root/root       790 2023-09-14 12:34 ./opt/ros/one/share/catkin/cmake/assert.cmake
-rw-r--r-- root/root       551 2023-09-14 12:34 ./opt/ros/one/share/catkin/cmake/atomic_configure_file.cmake
-rw-r--r-- root/root       427 2023-09-14 12:34 ./opt/ros/one/share/catkin/cmake/catkinConfig-version.cmake
-rw-r--r-- root/root      5388 2023-09-14 12:34 ./opt/ros/one/share/catkin/cmake/catkinConfig.cmake
-rw-r--r-- root/root      6268 2023-09-14 12:34 ./opt/ros/one/share/catkin/cmake/catkin_add_env_hooks.cmake
-rw-r--r-- root/root      3078 2023-09-14 12:34 ./opt/ros/one/share/catkin/cmake/catkin_destinations.cmake
-rw-r--r-- root/root      2273 2023-09-14 12:34 ./opt/ros/one/share/catkin/cmake/catkin_download.cmake
-rw-r--r-- root/root      5506 2023-09-14 12:34 ./opt/ros/one/share/catkin/cmake/catkin_generate_environment.cmake
-rw-r--r-- root/root      4132 2023-09-14 12:34 ./opt/ros/one/share/catkin/cmake/catkin_install_python.cmake
-rw-r--r-- root/root      7383 2023-09-14 12:34 ./opt/ros/one/share/catkin/cmake/catkin_libraries.cmake
-rw-r--r-- root/root      1652 2023-09-14 12:34 ./opt/ros/one/share/catkin/cmake/catkin_metapackage.cmake
-rw-r--r-- root/root     25423 2023-09-14 12:34 ./opt/ros/one/share/catkin/cmake/catkin_package.cmake
-rw-r--r-- root/root      3578 2023-09-14 12:34 ./opt/ros/one/share/catkin/cmake/catkin_package_xml.cmake
-rw-r--r-- root/root      8171 2023-09-14 12:34 ./opt/ros/one/share/catkin/cmake/catkin_python_setup.cmake
-rw-r--r-- root/root      2132 2023-09-14 12:34 ./opt/ros/one/share/catkin/cmake/catkin_symlink_install.cmake
-rw-r--r-- root/root      6581 2023-09-14 12:34 ./opt/ros/one/share/catkin/cmake/catkin_workspace.cmake
-rw-r--r-- root/root       437 2023-09-14 12:34 ./opt/ros/one/share/catkin/cmake/custom_install.cmake
-rw-r--r-- root/root       362 2023-09-14 12:34 ./opt/ros/one/share/catkin/cmake/debug_message.cmake
drwxr-xr-x root/root         0 2023-09-14 12:34 ./opt/ros/one/share/catkin/cmake/em/
-rw-r--r-- root/root      2898 2023-09-14 12:34 ./opt/ros/one/share/catkin/cmake/em/order_packages.cmake.em
-rw-r--r-- root/root       332 2023-09-14 12:34 ./opt/ros/one/share/catkin/cmake/em/pkg.pc.em
-rw-r--r-- root/root      1155 2023-09-14 12:34 ./opt/ros/one/share/catkin/cmake/em_expand.cmake
-rw-r--r-- root/root      1763 2023-09-14 12:34 ./opt/ros/one/share/catkin/cmake/empy.cmake
drwxr-xr-x root/root         0 2023-09-14 12:34 ./opt/ros/one/share/catkin/cmake/env-hooks/
-rw-r--r-- root/root      2873 2023-09-14 12:34 ./opt/ros/one/share/catkin/cmake/env-hooks/05.catkin_make.bash
-rw-r--r-- root/root      2786 2023-09-14 12:34 ./opt/ros/one/share/catkin/cmake/env-hooks/05.catkin_make_isolated.bash
-rw-r--r-- root/root       448 2023-09-14 12:34 ./opt/ros/one/share/catkin/cmake/find_program_required.cmake
-rw-r--r-- root/root     10325 2023-09-14 12:34 ./opt/ros/one/share/catkin/cmake/interrogate_setup_dot_py.py
-rw-r--r-- root/root       174 2023-09-14 12:34 ./opt/ros/one/share/catkin/cmake/legacy.cmake
-rw-r--r-- root/root       480 2023-09-14 12:34 ./opt/ros/one/share/catkin/cmake/list_append_deduplicate.cmake
-rw-r--r-- root/root       470 2023-09-14 12:34 ./opt/ros/one/share/catkin/cmake/list_append_unique.cmake
-rw-r--r-- root/root      1182 2023-09-14 12:34 ./opt/ros/one/share/catkin/cmake/list_insert_in_workspace_order.cmake
-rw-r--r-- root/root      1720 2023-09-14 12:34 ./opt/ros/one/share/catkin/cmake/order_paths.py
-rw-r--r-- root/root      5027 2023-09-14 12:34 ./opt/ros/one/share/catkin/cmake/parse_package_xml.py
drwxr-xr-x root/root         0 2023-09-14 12:34 ./opt/ros/one/share/catkin/cmake/platform/
-rw-r--r-- root/root      1012 2023-09-14 12:34 ./opt/ros/one/share/catkin/cmake/platform/lsb.cmake
-rw-r--r-- root/root        84 2023-09-14 12:34 ./opt/ros/one/share/catkin/cmake/platform/ubuntu.cmake
-rw-r--r-- root/root      6752 2023-09-14 12:34 ./opt/ros/one/share/catkin/cmake/platform/windows.cmake
-rw-r--r-- root/root      1918 2023-09-14 12:34 ./opt/ros/one/share/catkin/cmake/python.cmake
-rw-r--r-- root/root       366 2023-09-14 12:34 ./opt/ros/one/share/catkin/cmake/safe_execute_process.cmake
-rw-r--r-- root/root       434 2023-09-14 12:34 ./opt/ros/one/share/catkin/cmake/shell.cmake
-rw-r--r-- root/root       433 2023-09-14 12:34 ./opt/ros/one/share/catkin/cmake/stamp.cmake
-rw-r--r-- root/root       590 2023-09-14 12:34 ./opt/ros/one/share/catkin/cmake/string_starts_with.cmake
drwxr-xr-x root/root         0 2023-09-14 12:34 ./opt/ros/one/share/catkin/cmake/symlink_install/
-rw-r--r-- root/root      1422 2023-09-14 12:34 ./opt/ros/one/share/catkin/cmake/symlink_install/catkin_install_logic.cmake
-rw-r--r-- root/root     10557 2023-09-14 12:34 ./opt/ros/one/share/catkin/cmake/symlink_install/catkin_symlink_install.cmake.in
-rw-r--r-- root/root      1225 2023-09-14 12:34 ./opt/ros/one/share/catkin/cmake/symlink_install/catkin_symlink_install_append_install_code.cmake
-rw-r--r-- root/root      2598 2023-09-14 12:34 ./opt/ros/one/share/catkin/cmake/symlink_install/catkin_symlink_install_directory.cmake
-rw-r--r-- root/root      1704 2023-09-14 12:34 ./opt/ros/one/share/catkin/cmake/symlink_install/catkin_symlink_install_files.cmake
-rw-r--r-- root/root      1753 2023-09-14 12:34 ./opt/ros/one/share/catkin/cmake/symlink_install/catkin_symlink_install_programs.cmake
-rw-r--r-- root/root      4245 2023-09-14 12:34 ./opt/ros/one/share/catkin/cmake/symlink_install/catkin_symlink_install_targets.cmake
-rw-r--r-- root/root        65 2023-09-14 12:34 ./opt/ros/one/share/catkin/cmake/symlink_install/install.cmake
drwxr-xr-x root/root         0 2023-09-14 12:34 ./opt/ros/one/share/catkin/cmake/templates/
-rw-r--r-- root/root     66535 2023-09-14 12:34 ./opt/ros/one/share/catkin/cmake/templates/Doxyfile.in
-rw-r--r-- root/root      1001 2023-09-14 12:34 ./opt/ros/one/share/catkin/cmake/templates/__init__.py.in
-rwxr-xr-x root/root     13257 2023-09-14 12:34 ./opt/ros/one/share/catkin/cmake/templates/_setup_util.py.in
-rw-r--r-- root/root      1580 2023-09-14 12:34 ./opt/ros/one/share/catkin/cmake/templates/cfg-extras.context.py.in
-rw-r--r-- root/root      1562 2023-09-14 12:34 ./opt/ros/one/share/catkin/cmake/templates/env-hook.context.py.in
-rw-r--r-- root/root       306 2023-09-14 12:34 ./opt/ros/one/share/catkin/cmake/templates/env.bat.in
-rwxr-xr-x root/root       528 2023-09-14 12:34 ./opt/ros/one/share/catkin/cmake/templates/env.sh.in
-rw-r--r-- root/root      1221 2023-09-14 12:34 ./opt/ros/one/share/catkin/cmake/templates/generate_cached_setup.py.in
-rw-r--r-- root/root       283 2023-09-14 12:34 ./opt/ros/one/share/catkin/cmake/templates/local_setup.bash.in
-rw-r--r-- root/root       180 2023-09-14 12:34 ./opt/ros/one/share/catkin/cmake/templates/local_setup.bat.in
-rw-r--r-- root/root       397 2023-09-14 12:34 ./opt/ros/one/share/catkin/cmake/templates/local_setup.fish.in
-rw-r--r-- root/root       342 2023-09-14 12:34 ./opt/ros/one/share/catkin/cmake/templates/local_setup.sh.in
-rw-r--r-- root/root       293 2023-09-14 12:34 ./opt/ros/one/share/catkin/cmake/templates/local_setup.zsh.in
-rw-r--r-- root/root       431 2023-09-14 12:34 ./opt/ros/one/share/catkin/cmake/templates/order_packages.context.py.in
-rw-r--r-- root/root       561 2023-09-14 12:34 ./opt/ros/one/share/catkin/cmake/templates/pkg.context.pc.in
-rw-r--r-- root/root       438 2023-09-14 12:34 ./opt/ros/one/share/catkin/cmake/templates/pkgConfig-version.cmake.in
-rw-r--r-- root/root      9534 2023-09-14 12:34 ./opt/ros/one/share/catkin/cmake/templates/pkgConfig.cmake.in
-rw-r--r-- root/root       917 2023-09-14 12:34 ./opt/ros/one/share/catkin/cmake/templates/python_distutils_install.bat.in
-rwxr-xr-x root/root      1168 2023-09-14 12:34 ./opt/ros/one/share/catkin/cmake/templates/python_distutils_install.sh.in
-rw-r--r-- root/root      8077 2023-09-14 12:34 ./opt/ros/one/share/catkin/cmake/templates/python_win32_wrapper.cpp.in
-rw-r--r-- root/root       492 2023-09-14 12:34 ./opt/ros/one/share/catkin/cmake/templates/relay.py.in
-rw-r--r-- root/root        51 2023-09-14 12:34 ./opt/ros/one/share/catkin/cmake/templates/rosinstall.in
-rw-r--r-- root/root       179 2023-09-14 12:34 ./opt/ros/one/share/catkin/cmake/templates/safe_execute_install.cmake.in
-rwxr-xr-x root/root        97 2023-09-14 12:34 ./opt/ros/one/share/catkin/cmake/templates/script.bash.in
-rw-r--r-- root/root        90 2023-09-14 12:34 ./opt/ros/one/share/catkin/cmake/templates/script.bat.in
-rwxr-xr-x root/root         9 2023-09-14 12:34 ./opt/ros/one/share/catkin/cmake/templates/script.in
-rwxr-xr-x root/root       515 2023-09-14 12:34 ./opt/ros/one/share/catkin/cmake/templates/script.py.in
-rwxr-xr-x root/root        92 2023-09-14 12:34 ./opt/ros/one/share/catkin/cmake/templates/script.sh.in
-rw-r--r-- root/root       260 2023-09-14 12:34 ./opt/ros/one/share/catkin/cmake/templates/setup.bash.in
-rw-r--r-- root/root      2089 2023-09-14 12:34 ./opt/ros/one/share/catkin/cmake/templates/setup.bat.in
-rw-r--r-- root/root      3675 2023-09-14 12:34 ./opt/ros/one/share/catkin/cmake/templates/setup.fish.in
-rw-r--r-- root/root      2768 2023-09-14 12:34 ./opt/ros/one/share/catkin/cmake/templates/setup.sh.in
-rw-r--r-- root/root       270 2023-09-14 12:34 ./opt/ros/one/share/catkin/cmake/templates/setup.zsh.in
drwxr-xr-x root/root         0 2023-09-14 12:34 ./opt/ros/one/share/catkin/cmake/test/
-rw-r--r-- root/root      1479 2023-09-14 12:34 ./opt/ros/one/share/catkin/cmake/test/catkin_download_test_data.cmake
-rw-r--r-- root/root      5773 2023-09-14 12:34 ./opt/ros/one/share/catkin/cmake/test/download_checkmd5.py
-rw-r--r-- root/root     20621 2023-09-14 12:34 ./opt/ros/one/share/catkin/cmake/test/gtest.cmake
-rw-r--r-- root/root      4686 2023-09-14 12:34 ./opt/ros/one/share/catkin/cmake/test/nosetests.cmake
-rw-r--r-- root/root       935 2023-09-14 12:34 ./opt/ros/one/share/catkin/cmake/test/remove_test_results.py
-rw-r--r-- root/root      1500 2023-09-14 12:34 ./opt/ros/one/share/catkin/cmake/test/run_tests.py
-rw-r--r-- root/root      8576 2023-09-14 12:34 ./opt/ros/one/share/catkin/cmake/test/tests.cmake
drwxr-xr-x root/root         0 2023-09-14 12:34 ./opt/ros/one/share/catkin/cmake/tools/
-rw-r--r-- root/root      1601 2023-09-14 12:34 ./opt/ros/one/share/catkin/cmake/tools/bz2.cmake
-rw-r--r-- root/root      2618 2023-09-14 12:34 ./opt/ros/one/share/catkin/cmake/tools/doxygen.cmake
-rw-r--r-- root/root       847 2023-09-14 12:34 ./opt/ros/one/share/catkin/cmake/tools/libraries.cmake
-rw-r--r-- root/root      2475 2023-09-14 12:34 ./opt/ros/one/share/catkin/cmake/tools/rt.cmake
-rw-r--r-- root/root      1683 2023-09-14 12:34 ./opt/ros/one/share/catkin/cmake/tools/threads.cmake
-rw-r--r-- root/root      2179 2023-09-14 12:34 ./opt/ros/one/share/catkin/cmake/toplevel.cmake
-rw-r--r-- root/root      2453 2023-09-14 12:34 ./opt/ros/one/share/catkin/package.xml
drwxr-xr-x root/root         0 2023-09-14 12:34 ./usr/
drwxr-xr-x root/root         0 2023-09-14 12:34 ./usr/share/
drwxr-xr-x root/root         0 2023-09-14 12:34 ./usr/share/doc/
drwxr-xr-x root/root         0 2023-09-14 12:34 ./usr/share/doc/ros-one-catkin/
-rw-r--r-- root/root     12360 2023-09-14 12:34 ./usr/share/doc/ros-one-catkin/changelog.Debian.gz
-rw-r--r-- root/root       368 2023-09-14 12:34 ./usr/share/doc/ros-one-catkin/copyright


+------------------------------------------------------------------------------+
| Post Build                                                                   |
+------------------------------------------------------------------------------+


+------------------------------------------------------------------------------+
| Cleanup                                                                      |
+------------------------------------------------------------------------------+

Purging /<<BUILDDIR>>
Not cleaning session: cloned chroot in use

+------------------------------------------------------------------------------+
| Summary                                                                      |
+------------------------------------------------------------------------------+

Build Architecture: amd64
Build Type: binary
Build-Space: 8792
Build-Time: 6
Distribution: UNRELEASED
Host Architecture: amd64
Install-Time: 4
Job: /home/runner/work/ros-builder-action/ros-builder-action/ws/ros-one-catkin_0.8.10-0jammy.20230914.1234.dsc
Machine Architecture: amd64
Package: ros-one-catkin
Package-Time: 14
Source-Version: 0.8.10-0jammy.20230914.1234
Space: 8792
Status: successful
Version: 0.8.10-0jammy.20230914.1234
--------------------------------------------------------------------------------
Finished at 2023-09-14T12:34:54Z
Build needed 00:00:14, 8792k disk space
