sbuild (Debian sbuild) 0.84.2~ubuntu2204+3 (28 December 2022) on fv-az1242-120.wh53kavccjhefjpehvnbcpwpva.bx.internal.cloudapp.net

+===================================================================================+
| ros-one-gencpp 0.6.5-0jammy.20230914.1007 (amd64) Thu, 14 Sep 2023 10:07:29 +0000 |
+===================================================================================+

Package: ros-one-gencpp
Version: 0.6.5-0jammy.20230914.1007
Source Version: 0.6.5-0jammy.20230914.1007
Distribution: UNRELEASED
Machine Architecture: amd64
Host Architecture: amd64
Build Architecture: amd64
Build Type: binary

I: NOTICE: Log filtering will replace 'var/run/schroot/mount/sbuild-a8bf8c3d-7a9d-4396-b2af-be628e4687fa' with '<<CHROOT>>'
I: NOTICE: Log filtering will replace 'build/package//resolver-iERuCU' with '<<RESOLVERDIR>>'

+------------------------------------------------------------------------------+
| Update chroot                                                                |
+------------------------------------------------------------------------------+

Get:1 file:/build/repo ./ InRelease
Ign:1 file:/build/repo ./ InRelease
Get:2 file:/build/repo ./ Release [816 B]
Get:2 file:/build/repo ./ Release [816 B]
Get:3 file:/build/repo ./ Release.gpg
Ign:3 file:/build/repo ./ Release.gpg
Get:4 file:/build/repo ./ Packages [3437 B]
Hit:5 http://azure.archive.ubuntu.com/ubuntu jammy InRelease
Hit:6 http://packages.ros.org/ros2/ubuntu jammy InRelease
Reading package lists...
Reading package lists...
Building dependency tree...
Reading state information...
Calculating upgrade...
0 upgraded, 0 newly installed, 0 to remove and 0 not upgraded.

+------------------------------------------------------------------------------+
| Fetch source files                                                           |
+------------------------------------------------------------------------------+


Local sources
-------------

/home/runner/work/ros-builder-action/ros-builder-action/ws/ros-one-gencpp_0.6.5-0jammy.20230914.1007.dsc exists in /home/runner/work/ros-builder-action/ros-builder-action/ws; copying to chroot
I: NOTICE: Log filtering will replace 'build/package//package' with '<<PKGBUILDDIR>>'
I: NOTICE: Log filtering will replace 'build/package/' with '<<BUILDDIR>>'

+------------------------------------------------------------------------------+
| Install package build dependencies                                           |
+------------------------------------------------------------------------------+


Setup apt archive
-----------------

Merged Build-Depends: debhelper (>= 9.0.0), python3-setuptools, ros-one-catkin (>= 0.5.78), ros-one-genmsg, build-essential, fakeroot
Filtered Build-Depends: debhelper (>= 9.0.0), python3-setuptools, ros-one-catkin (>= 0.5.78), ros-one-genmsg, build-essential, fakeroot
dpkg-deb: building package 'sbuild-build-depends-main-dummy' in '/<<RESOLVERDIR>>/apt_archive/sbuild-build-depends-main-dummy.deb'.
Ign:1 copy:/<<RESOLVERDIR>>/apt_archive ./ InRelease
Get:2 copy:/<<RESOLVERDIR>>/apt_archive ./ Release [580 B]
Ign:3 copy:/<<RESOLVERDIR>>/apt_archive ./ Release.gpg
Get:4 copy:/<<RESOLVERDIR>>/apt_archive ./ Sources [678 B]
Get:5 copy:/<<RESOLVERDIR>>/apt_archive ./ Packages [710 B]
Fetched 1968 B in 0s (0 B/s)
Reading package lists...
Get:1 file:/build/repo ./ InRelease
Ign:1 file:/build/repo ./ InRelease
Get:2 file:/build/repo ./ Release [816 B]
Get:2 file:/build/repo ./ Release [816 B]
Get:3 file:/build/repo ./ Release.gpg
Ign:3 file:/build/repo ./ Release.gpg
Reading package lists...
Reading package lists...

Install main build dependencies (apt-based resolver)
----------------------------------------------------

Installing build dependencies
Reading package lists...
Building dependency tree...
Reading state information...
The following NEW packages will be installed:
  sbuild-build-depends-main-dummy
0 upgraded, 1 newly installed, 0 to remove and 0 not upgraded.
Need to get 704 B of archives.
After this operation, 0 B of additional disk space will be used.
Get:1 copy:/<<RESOLVERDIR>>/apt_archive ./ sbuild-build-depends-main-dummy 0.invalid.0 [704 B]
Fetched 704 B in 0s (0 B/s)
Selecting previously unselected package sbuild-build-depends-main-dummy.
(Reading database ... 35454 files and directories currently installed.)
Preparing to unpack .../sbuild-build-depends-main-dummy_0.invalid.0_amd64.deb ...
Unpacking sbuild-build-depends-main-dummy (0.invalid.0) ...
Setting up sbuild-build-depends-main-dummy (0.invalid.0) ...

+------------------------------------------------------------------------------+
| Check architectures                                                          |
+------------------------------------------------------------------------------+

Arch check ok (amd64 included in any)

+------------------------------------------------------------------------------+
| Build environment                                                            |
+------------------------------------------------------------------------------+

Kernel: Linux 6.2.0-1011-azure #11~22.04.1-Ubuntu SMP Wed Aug 23 19:26:19 UTC 2023 amd64 (x86_64)
Toolchain package versions: binutils_2.38-3ubuntu1 dpkg-dev_1.21.1ubuntu2 g++-11_11.2.0-19ubuntu1 gcc-11_11.2.0-19ubuntu1 libc6-dev_2.35-0ubuntu3 libstdc++-11-dev_11.2.0-19ubuntu1 libstdc++6_12-20220319-1ubuntu1 linux-libc-dev_5.15.0-25.25
Package versions: adduser_3.118ubuntu5 apt_2.4.5 apt-utils_2.4.5 autoconf_2.71-2 automake_1:1.16.5-1.3 autopoint_0.21-4ubuntu4 autotools-dev_20220109.1 base-files_12ubuntu4 base-passwd_3.5.52build1 bash_5.1-6ubuntu1 binutils_2.38-3ubuntu1 binutils-common_2.38-3ubuntu1 binutils-x86-64-linux-gnu_2.38-3ubuntu1 bsdextrautils_2.37.2-4ubuntu3 bsdutils_1:2.37.2-4ubuntu3 build-essential_12.9ubuntu3 bzip2_1.0.8-5build1 ca-certificates_20211016 ccache_4.5.1-1 cmake_3.22.1-1ubuntu1 cmake-data_3.22.1-1ubuntu1 coreutils_8.32-4.1ubuntu1 cpp_4:11.2.0-1ubuntu1 cpp-11_11.2.0-19ubuntu1 curl_7.81.0-1 dash_0.5.11+git20210903+057cd650a4ed-3build1 debconf_1.5.79ubuntu1 debhelper_13.6ubuntu1 debianutils_5.5-1ubuntu2 debugedit_1:5.0-4build1 dh-autoreconf_20 dh-elpa-helper_2.0.9ubuntu1 dh-strip-nondeterminism_1.13.0-1 diffutils_1:3.8-0ubuntu2 distro-info-data_0.52 docutils-common_0.17.1+dfsg-2 dpkg_1.21.1ubuntu2 dpkg-dev_1.21.1ubuntu2 dwz_0.14-1build2 e2fsprogs_1.46.5-2ubuntu1 emacsen-common_3.0.4 fakeroot_1.28-1ubuntu1 file_1:5.41-3 findutils_4.8.0-1ubuntu3 g++_4:11.2.0-1ubuntu1 g++-11_11.2.0-19ubuntu1 gcc_4:11.2.0-1ubuntu1 gcc-11_11.2.0-19ubuntu1 gcc-11-base_11.2.0-19ubuntu1 gcc-12-base_12-20220319-1ubuntu1 gettext_0.21-4ubuntu4 gettext-base_0.21-4ubuntu4 google-mock_1.11.0-3 googletest_1.11.0-3 gpgv_2.2.27-3ubuntu2 grep_3.7-1build1 groff-base_1.22.4-8build1 gzip_1.10-4ubuntu4 hostname_3.23ubuntu2 init-system-helpers_1.62 intltool-debian_0.35.0+20060710.5 libacl1_2.3.1-1 libapt-pkg6.0_2.4.5 libarchive-zip-perl_1.68-1 libarchive13_3.6.0-1ubuntu1 libasan6_11.2.0-19ubuntu1 libatomic1_12-20220319-1ubuntu1 libattr1_1:2.5.1-1build1 libaudit-common_1:3.0.7-1build1 libaudit1_1:3.0.7-1build1 libbinutils_2.38-3ubuntu1 libblkid1_2.37.2-4ubuntu3 libboost-atomic1.74-dev_1.74.0-14ubuntu3 libboost-atomic1.74.0_1.74.0-14ubuntu3 libboost-chrono1.74-dev_1.74.0-14ubuntu3 libboost-chrono1.74.0_1.74.0-14ubuntu3 libboost-date-time1.74-dev_1.74.0-14ubuntu3 libboost-date-time1.74.0_1.74.0-14ubuntu3 libboost-serialization1.74-dev_1.74.0-14ubuntu3 libboost-serialization1.74.0_1.74.0-14ubuntu3 libboost-system-dev_1.74.0.3ubuntu7 libboost-system1.74-dev_1.74.0-14ubuntu3 libboost-system1.74.0_1.74.0-14ubuntu3 libboost-thread-dev_1.74.0.3ubuntu7 libboost-thread1.74-dev_1.74.0-14ubuntu3 libboost-thread1.74.0_1.74.0-14ubuntu3 libboost1.74-dev_1.74.0-14ubuntu3 libbrotli1_1.0.9-2build6 libbz2-1.0_1.0.8-5build1 libc-bin_2.35-0ubuntu3 libc-dev-bin_2.35-0ubuntu3 libc6_2.35-0ubuntu3 libc6-dev_2.35-0ubuntu3 libcap-ng0_0.7.9-2.2build3 libcap2_1:2.44-1build3 libcc1-0_12-20220319-1ubuntu1 libcom-err2_1.46.5-2ubuntu1 libconsole-bridge-dev_1.0.1+dfsg2-3 libconsole-bridge1.0_1.0.1+dfsg2-3 libcrypt-dev_1:4.4.27-1 libcrypt1_1:4.4.27-1 libctf-nobfd0_2.38-3ubuntu1 libctf0_2.38-3ubuntu1 libcurl4_7.81.0-1 libdb5.3_5.3.28+dfsg1-0.8ubuntu3 libdebconfclient0_0.261ubuntu1 libdebhelper-perl_13.6ubuntu1 libdpkg-perl_1.21.1ubuntu2 libdw1_0.186-1build1 libelf1_0.186-1build1 libexpat1_2.4.7-1 libext2fs2_1.46.5-2ubuntu1 libfakeroot_1.28-1ubuntu1 libffi8_3.4.2-4 libfile-stripnondeterminism-perl_1.13.0-1 libgcc-11-dev_11.2.0-19ubuntu1 libgcc-s1_12-20220319-1ubuntu1 libgcrypt20_1.9.4-3ubuntu3 libgdbm-compat4_1.23-1 libgdbm6_1.23-1 libgmp10_2:6.2.1+dfsg-3ubuntu1 libgnutls30_3.7.3-4ubuntu1 libgomp1_12-20220319-1ubuntu1 libgpg-error0_1.43-3 libgssapi-krb5-2_1.19.2-2 libgtest-dev_1.11.0-3 libhiredis0.14_0.14.1-2 libhogweed6_3.7.3-1build2 libicu70_70.1-2 libidn2-0_2.3.2-2build1 libisl23_0.24-2build1 libitm1_12-20220319-1ubuntu1 libjsoncpp25_1.9.5-3 libk5crypto3_1.19.2-2 libkeyutils1_1.6.1-2ubuntu3 libkrb5-3_1.19.2-2 libkrb5support0_1.19.2-2 libldap-2.5-0_2.5.11+dfsg-1~exp1ubuntu3 liblsan0_12-20220319-1ubuntu1 liblz4-1_1.9.3-2build2 liblzma5_5.2.5-2ubuntu1 libmagic-mgc_1:5.41-3 libmagic1_1:5.41-3 libmount1_2.37.2-4ubuntu3 libmpc3_1.2.1-2build1 libmpdec3_2.5.1-2build2 libmpfr6_4.1.0-3build3 libncurses6_6.3-2 libncursesw6_6.3-2 libnettle8_3.7.3-1build2 libnghttp2-14_1.43.0-1build3 libnsl-dev_1.3.0-2build2 libnsl2_1.3.0-2build2 libp11-kit0_0.24.0-6build1 libpam-modules_1.4.0-11ubuntu2 libpam-modules-bin_1.4.0-11ubuntu2 libpam-runtime_1.4.0-11ubuntu2 libpam0g_1.4.0-11ubuntu2 libpcre2-8-0_10.39-3build1 libpcre3_2:8.39-13build5 libperl5.34_5.34.0-3ubuntu1 libpipeline1_1.5.5-1 libprocps8_2:3.3.17-6ubuntu2 libpsl5_0.21.0-1.2build2 libpython3-stdlib_3.10.4-0ubuntu2 libpython3.10-minimal_3.10.4-3 libpython3.10-stdlib_3.10.4-3 libquadmath0_12-20220319-1ubuntu1 libreadline8_8.1.2-1 librhash0_1.4.2-1ubuntu1 librtmp1_2.4+20151223.gitfa8646d.1-2build4 libsasl2-2_2.1.27+dfsg2-3ubuntu1 libsasl2-modules-db_2.1.27+dfsg2-3ubuntu1 libseccomp2_2.5.3-2ubuntu2 libselinux1_3.3-1build2 libsemanage-common_3.3-1build2 libsemanage2_3.3-1build2 libsepol2_3.3-1build1 libsigsegv2_2.13-1ubuntu3 libsmartcols1_2.37.2-4ubuntu3 libsqlite3-0_3.37.2-2 libss2_1.46.5-2ubuntu1 libssh-4_0.9.6-2build1 libssl3_3.0.2-0ubuntu1 libstdc++-11-dev_11.2.0-19ubuntu1 libstdc++6_12-20220319-1ubuntu1 libsub-override-perl_0.09-2 libsystemd0_249.11-0ubuntu3 libtasn1-6_4.18.0-4build1 libtinfo6_6.3-2 libtirpc-common_1.3.2-2build1 libtirpc-dev_1.3.2-2build1 libtirpc3_1.3.2-2build1 libtool_2.4.6-15build2 libtsan0_11.2.0-19ubuntu1 libubsan1_12-20220319-1ubuntu1 libuchardet0_0.0.7-1build2 libudev1_249.11-0ubuntu3 libunistring2_1.0-1 libuuid1_2.37.2-4ubuntu3 libuv1_1.43.0-1 libxml2_2.9.13+dfsg-1build1 libxxhash0_0.8.1-1 libyaml-0-2_0.2.2-1build2 libzstd1_1.4.8+dfsg-3build1 linux-libc-dev_5.15.0-25.25 login_1:4.8.1-2ubuntu2 logsave_1.46.5-2ubuntu1 lsb-base_11.1.0ubuntu4 lsb-release_11.1.0ubuntu4 lto-disabled-list_24 m4_1.4.18-5ubuntu2 make_4.3-4.1build1 man-db_2.10.2-1 mawk_1.3.4.20200120-3 media-types_7.0.0 mount_2.37.2-4ubuntu3 ncurses-base_6.3-2 ncurses-bin_6.3-2 openssl_3.0.2-0ubuntu1 passwd_1:4.8.1-2ubuntu2 patch_2.7.6-7build2 perl_5.34.0-3ubuntu1 perl-base_5.34.0-3ubuntu1 perl-modules-5.34_5.34.0-3ubuntu1 po-debconf_1.0.21+nmu1 procps_2:3.3.17-6ubuntu2 python3_3.10.4-0ubuntu2 python3-catkin-pkg_1.0.0-100 python3-catkin-pkg-modules_1.0.0-1 python3-dateutil_2.8.1-6 python3-distro_1.7.0-1 python3-distutils_3.10.4-0ubuntu1 python3-docutils_0.17.1+dfsg-2 python3-empy_3.3.4-2 python3-lib2to3_3.10.4-0ubuntu1 python3-minimal_3.10.4-0ubuntu2 python3-nose_1.3.7-8 python3-pkg-resources_59.6.0-1.2 python3-pyparsing_2.4.7-1 python3-roman_3.3-1 python3-rosdep_0.22.2-1 python3-rosdep-modules_0.22.2-1 python3-rosdistro-modules_0.9.0-1 python3-rospkg-modules_1.5.0-1 python3-setuptools_59.6.0-1.2 python3-six_1.16.0-3ubuntu1 python3-yaml_5.4.1-1ubuntu1 python3.10_3.10.4-3 python3.10-minimal_3.10.4-3 readline-common_8.1.2-1 ros-one-catkin_0.8.10-0jammy.20230914.1006 ros-one-cpp-common_0.7.3-0jammy.20230914.1006 ros-one-genmsg_0.5.16-0jammy.20230914.1007 rpcsvc-proto_1.4.2-0ubuntu6 sbuild-build-depends-main-dummy_0.invalid.0 sed_4.8-1ubuntu2 sensible-utils_0.0.17 sgml-base_1.30 sudo_1.9.9-1ubuntu2 sysvinit-utils_3.01-1ubuntu1 tar_1.34+dfsg-1build3 tzdata_2022a-0ubuntu1 ubuntu-keyring_2021.03.26 usrmerge_25ubuntu2 util-linux_2.37.2-4ubuntu3 xml-core_0.18+nmu1 xz-utils_5.2.5-2ubuntu1 zlib1g_1:1.2.11.dfsg-2ubuntu9

+------------------------------------------------------------------------------+
| Build                                                                        |
+------------------------------------------------------------------------------+


Unpack source
-------------

Format: 1.0
Source: ros-one-gencpp
Binary: ros-one-gencpp
Architecture: any
Version: 0.6.5-0jammy.20230914.1007
Maintainer: Dirk Thomas <dthomas@osrfoundation.org>
Standards-Version: 3.9.2
Build-Depends: debhelper (>= 9.0.0), python3-setuptools, ros-one-catkin (>= 0.5.78), ros-one-genmsg
Package-List:
 ros-one-gencpp deb misc optional arch=any
Checksums-Sha1:
 e91856cff55e875c607b8ecfd83a6384501f3489 212133 ros-one-gencpp_0.6.5-0jammy.20230914.1007.tar.gz
Checksums-Sha256:
 c49b8c13ff229ca381591b78010df4b0e1cb614365a7fdbef2d3989d386f0d6c 212133 ros-one-gencpp_0.6.5-0jammy.20230914.1007.tar.gz
Files:
 c487e677165c8083c534d7d902478150 212133 ros-one-gencpp_0.6.5-0jammy.20230914.1007.tar.gz

dpkg-source: warning: extracting unsigned source package (ros-one-gencpp_0.6.5-0jammy.20230914.1007.dsc)
dpkg-source: info: extracting ros-one-gencpp in /<<BUILDDIR>>package
dpkg-source: info: unpacking ros-one-gencpp_0.6.5-0jammy.20230914.1007.tar.gz

Check disk space
----------------

Sufficient free space for build

User Environment
----------------

APT_CONFIG=/var/lib/sbuild/apt.conf
CCACHE_DIR=/build/ccache
DEB_BUILD_OPTIONS=nocheck
HOME=/sbuild-nonexistent
LANG=C.UTF-8
LC_ALL=C.UTF-8
LOGNAME=runner
PATH=/usr/lib/ccache:/usr/local/sbin:/usr/local/bin:/usr/sbin:/usr/bin:/sbin:/bin:/usr/games
SCHROOT_ALIAS_NAME=sbuild
SCHROOT_CHROOT_NAME=sbuild
SCHROOT_COMMAND=env
SCHROOT_GID=127
SCHROOT_GROUP=docker
SCHROOT_SESSION_ID=sbuild-a8bf8c3d-7a9d-4396-b2af-be628e4687fa
SCHROOT_UID=1001
SCHROOT_USER=runner
SHELL=/bin/sh
USER=runner

dpkg-buildpackage
-----------------

Command: dpkg-buildpackage --sanitize-env -us -uc -b -rfakeroot
dpkg-buildpackage: info: source package ros-one-gencpp
dpkg-buildpackage: info: source version 0.6.5-0jammy.20230914.1007
dpkg-buildpackage: info: source distribution UNRELEASED
dpkg-buildpackage: info: source changed by Dirk Thomas <dthomas@osrfoundation.org>
 dpkg-source --before-build .
dpkg-buildpackage: info: host architecture amd64
dpkg-source: info: using options from package/debian/source/options: --auto-commit
 fakeroot debian/rules clean
dh clean -v --buildsystem=cmake --builddirectory=.obj-x86_64-linux-gnu
   dh_auto_clean -O-v -O--buildsystem=cmake -O--builddirectory=.obj-x86_64-linux-gnu
   dh_autoreconf_clean -O-v -O--buildsystem=cmake -O--builddirectory=.obj-x86_64-linux-gnu
   dh_clean -O-v -O--buildsystem=cmake -O--builddirectory=.obj-x86_64-linux-gnu
	rm -f debian/debhelper-build-stamp
	rm -rf debian/.debhelper/
	rm -f -- debian/ros-one-gencpp.substvars debian/files
	rm -fr -- debian/ros-one-gencpp/ debian/tmp/
	find .  \( \( \
		\( -path .\*/.git -o -path .\*/.svn -o -path .\*/.bzr -o -path .\*/.hg -o -path .\*/CVS -o -path .\*/.pc -o -path .\*/_darcs \) -prune -o -type f -a \
	        \( -name '#*#' -o -name '.*~' -o -name '*~' -o -name DEADJOE \
		 -o -name '*.orig' -o -name '*.rej' -o -name '*.bak' \
		 -o -name '.*.orig' -o -name .*.rej -o -name '.SUMS' \
		 -o -name TAGS -o \( -path '*/.deps/*' -a -name '*.P' \) \
		\) -exec rm -f {} + \) -o \
		\( -type d -a -name autom4te.cache -prune -exec rm -rf {} + \) \)
 debian/rules build
dh build -v --buildsystem=cmake --builddirectory=.obj-x86_64-linux-gnu
   dh_update_autotools_config -O-v -O--buildsystem=cmake -O--builddirectory=.obj-x86_64-linux-gnu
   dh_autoreconf -O-v -O--buildsystem=cmake -O--builddirectory=.obj-x86_64-linux-gnu
   debian/rules override_dh_auto_configure
make[1]: Entering directory '/<<BUILDDIR>>package'
# In case we're installing to a non-standard location, look for a setup.sh
# in the install tree that was dropped by catkin, and source it.  It will
# set things like CMAKE_PREFIX_PATH, PKG_CONFIG_PATH, and PYTHONPATH.
if [ -f "/opt/ros/one/setup.sh" ]; then . "/opt/ros/one/setup.sh"; fi && \
dh_auto_configure -- \
	-DCATKIN_BUILD_BINARY_PACKAGE="1" \
	-DCMAKE_INSTALL_PREFIX="/opt/ros/one" \
	-DCMAKE_PREFIX_PATH="/opt/ros/one" \
	-DBUILD_TESTING=OFF -DCATKIN_ENABLE_TESTING=OFF
	install -d .obj-x86_64-linux-gnu
	cd .obj-x86_64-linux-gnu && cmake -DCMAKE_INSTALL_PREFIX=/usr -DCMAKE_BUILD_TYPE=None -DCMAKE_INSTALL_SYSCONFDIR=/etc -DCMAKE_INSTALL_LOCALSTATEDIR=/var -DCMAKE_EXPORT_NO_PACKAGE_REGISTRY=ON -DCMAKE_FIND_USE_PACKAGE_REGISTRY=OFF -DCMAKE_FIND_PACKAGE_NO_PACKAGE_REGISTRY=ON -DCMAKE_INSTALL_RUNSTATEDIR=/run "-GUnix Makefiles" -DCMAKE_VERBOSE_MAKEFILE=ON -DCMAKE_INSTALL_LIBDIR=lib/x86_64-linux-gnu -DCATKIN_BUILD_BINARY_PACKAGE=1 -DCMAKE_INSTALL_PREFIX=/opt/ros/one -DCMAKE_PREFIX_PATH=/opt/ros/one -DBUILD_TESTING=OFF -DCATKIN_ENABLE_TESTING=OFF ..
-- The C compiler identification is GNU 11.2.0
-- The CXX compiler identification is GNU 11.2.0
-- Detecting C compiler ABI info
-- Detecting C compiler ABI info - done
-- Check for working C compiler: /usr/bin/cc - skipped
-- Detecting C compile features
-- Detecting C compile features - done
-- Detecting CXX compiler ABI info
-- Detecting CXX compiler ABI info - done
-- Check for working CXX compiler: /usr/bin/c++ - skipped
-- Detecting CXX compile features
-- Detecting CXX compile features - done
-- Using CATKIN_DEVEL_PREFIX: /<<BUILDDIR>>package/.obj-x86_64-linux-gnu/devel
-- Using CMAKE_PREFIX_PATH: /opt/ros/one
-- This workspace overlays: /opt/ros/one
-- Found PythonInterp: /usr/bin/python3.10 (found version "3.10.4") 
-- Using PYTHON_EXECUTABLE: /usr/bin/python3.10
-- Using Debian Python package layout
-- Using empy: /usr/bin/empy
-- Using CATKIN_ENABLE_TESTING: OFF
-- catkin 0.8.10
-- BUILD_SHARED_LIBS is on
-- Using these message generators: 
-- Installing devel-space wrapper /<<BUILDDIR>>package/scripts/gen_cpp.py to /<<BUILDDIR>>package/.obj-x86_64-linux-gnu/devel/lib/gencpp
-- Configuring done
-- Generating done
CMake Warning:
  Manually-specified variables were not used by the project:

    BUILD_TESTING
    CMAKE_EXPORT_NO_PACKAGE_REGISTRY
    CMAKE_FIND_PACKAGE_NO_PACKAGE_REGISTRY
    CMAKE_INSTALL_LIBDIR
    CMAKE_INSTALL_LOCALSTATEDIR
    CMAKE_INSTALL_RUNSTATEDIR
    CMAKE_INSTALL_SYSCONFDIR


-- Build files have been written to: /<<BUILDDIR>>package/.obj-x86_64-linux-gnu
make[1]: Leaving directory '/<<BUILDDIR>>package'
	rm -f debian/ros-one-gencpp.debhelper.log
   debian/rules override_dh_auto_build
make[1]: Entering directory '/<<BUILDDIR>>package'
# In case we're installing to a non-standard location, look for a setup.sh
# in the install tree that was dropped by catkin, and source it.  It will
# set things like CMAKE_PREFIX_PATH, PKG_CONFIG_PATH, and PYTHONPATH.
if [ -f "/opt/ros/one/setup.sh" ]; then . "/opt/ros/one/setup.sh"; fi && \
dh_auto_build
	cd .obj-x86_64-linux-gnu && make -j2 "INSTALL=install --strip-program=true" VERBOSE=1
make[2]: Entering directory '/<<BUILDDIR>>package/.obj-x86_64-linux-gnu'
/usr/bin/cmake -S/<<BUILDDIR>>package -B/<<BUILDDIR>>package/.obj-x86_64-linux-gnu --check-build-system CMakeFiles/Makefile.cmake 0
/usr/bin/cmake -E cmake_progress_start /<<BUILDDIR>>package/.obj-x86_64-linux-gnu/CMakeFiles /<<BUILDDIR>>package/.obj-x86_64-linux-gnu//CMakeFiles/progress.marks
make  -f CMakeFiles/Makefile2 all
make[3]: Entering directory '/<<BUILDDIR>>package/.obj-x86_64-linux-gnu'
make[3]: Nothing to be done for 'all'.
make[3]: Leaving directory '/<<BUILDDIR>>package/.obj-x86_64-linux-gnu'
/usr/bin/cmake -E cmake_progress_start /<<BUILDDIR>>package/.obj-x86_64-linux-gnu/CMakeFiles 0
make[2]: Leaving directory '/<<BUILDDIR>>package/.obj-x86_64-linux-gnu'
make[1]: Leaving directory '/<<BUILDDIR>>package'
	rm -f debian/ros-one-gencpp.debhelper.log
   debian/rules override_dh_auto_test
make[1]: Entering directory '/<<BUILDDIR>>package'
# In case we're installing to a non-standard location, look for a setup.sh
# in the install tree that was dropped by catkin, and source it.  It will
# set things like CMAKE_PREFIX_PATH, PKG_CONFIG_PATH, and PYTHONPATH.
echo -- Running tests. Even if one of them fails the build is not canceled.
-- Running tests. Even if one of them fails the build is not canceled.
if [ -f "/opt/ros/one/setup.sh" ]; then . "/opt/ros/one/setup.sh"; fi && \
dh_auto_test || true
make[1]: Leaving directory '/<<BUILDDIR>>package'
   create-stamp debian/debhelper-build-stamp
 fakeroot debian/rules binary
dh binary -v --buildsystem=cmake --builddirectory=.obj-x86_64-linux-gnu
   dh_testroot -O-v -O--buildsystem=cmake -O--builddirectory=.obj-x86_64-linux-gnu
   dh_prep -O-v -O--buildsystem=cmake -O--builddirectory=.obj-x86_64-linux-gnu
	rm -f -- debian/ros-one-gencpp.substvars
	rm -fr -- debian/.debhelper/generated/ros-one-gencpp/ debian/ros-one-gencpp/ debian/tmp/
   debian/rules override_dh_auto_install
make[1]: Entering directory '/<<BUILDDIR>>package'
# In case we're installing to a non-standard location, look for a setup.sh
# in the install tree that was dropped by catkin, and source it.  It will
# set things like CMAKE_PREFIX_PATH, PKG_CONFIG_PATH, and PYTHONPATH.
if [ -f "/opt/ros/one/setup.sh" ]; then . "/opt/ros/one/setup.sh"; fi && \
dh_auto_install
	install -d /<<BUILDDIR>>package/debian/ros-one-gencpp
	cd .obj-x86_64-linux-gnu && make -j2 install DESTDIR=/<<BUILDDIR>>package/debian/ros-one-gencpp AM_UPDATE_INFO_DIR=no "INSTALL=install --strip-program=true"
make[2]: Entering directory '/<<BUILDDIR>>package/.obj-x86_64-linux-gnu'
/usr/bin/cmake -S/<<BUILDDIR>>package -B/<<BUILDDIR>>package/.obj-x86_64-linux-gnu --check-build-system CMakeFiles/Makefile.cmake 0
/usr/bin/cmake -E cmake_progress_start /<<BUILDDIR>>package/.obj-x86_64-linux-gnu/CMakeFiles /<<BUILDDIR>>package/.obj-x86_64-linux-gnu//CMakeFiles/progress.marks
make  -f CMakeFiles/Makefile2 all
make[3]: Entering directory '/<<BUILDDIR>>package/.obj-x86_64-linux-gnu'
make[3]: Nothing to be done for 'all'.
make[3]: Leaving directory '/<<BUILDDIR>>package/.obj-x86_64-linux-gnu'
/usr/bin/cmake -E cmake_progress_start /<<BUILDDIR>>package/.obj-x86_64-linux-gnu/CMakeFiles 0
make  -f CMakeFiles/Makefile2 preinstall
make[3]: Entering directory '/<<BUILDDIR>>package/.obj-x86_64-linux-gnu'
make[3]: Nothing to be done for 'preinstall'.
make[3]: Leaving directory '/<<BUILDDIR>>package/.obj-x86_64-linux-gnu'
Install the project...
/usr/bin/cmake -P cmake_install.cmake
-- Install configuration: "None"
-- Installing: /<<BUILDDIR>>package/debian/ros-one-gencpp/opt/ros/one/lib/pkgconfig/gencpp.pc
-- Installing: /<<BUILDDIR>>package/debian/ros-one-gencpp/opt/ros/one/share/gencpp/cmake/gencpp-extras.cmake
-- Installing: /<<BUILDDIR>>package/debian/ros-one-gencpp/opt/ros/one/share/gencpp/cmake/gencppConfig.cmake
-- Installing: /<<BUILDDIR>>package/debian/ros-one-gencpp/opt/ros/one/share/gencpp/cmake/gencppConfig-version.cmake
-- Installing: /<<BUILDDIR>>package/debian/ros-one-gencpp/opt/ros/one/share/gencpp/package.xml
-- Installing: /<<BUILDDIR>>package/debian/ros-one-gencpp/opt/ros/one/etc/ros/genmsg/gencpp
+ cd /<<BUILDDIR>>package
+ mkdir -p /<<BUILDDIR>>package/debian/ros-one-gencpp/opt/ros/one/lib/python3/dist-packages
+ /usr/bin/env PYTHONPATH=/opt/ros/one/lib/python3/dist-packages:/<<BUILDDIR>>package/.obj-x86_64-linux-gnu/lib/python3/dist-packages:/opt/ros/one/lib/python3/dist-packages CATKIN_BINARY_DIR=/<<BUILDDIR>>package/.obj-x86_64-linux-gnu /usr/bin/python3.10 /<<BUILDDIR>>package/setup.py egg_info --egg-base /<<BUILDDIR>>package/.obj-x86_64-linux-gnu build --build-base /<<BUILDDIR>>package/.obj-x86_64-linux-gnu install --root=/<<BUILDDIR>>package/debian/ros-one-gencpp --install-layout=deb --prefix=/opt/ros/one --install-scripts=/opt/ros/one/bin
running egg_info
creating /<<BUILDDIR>>package/.obj-x86_64-linux-gnu/gencpp.egg-info
writing /<<BUILDDIR>>package/.obj-x86_64-linux-gnu/gencpp.egg-info/PKG-INFO
writing dependency_links to /<<BUILDDIR>>package/.obj-x86_64-linux-gnu/gencpp.egg-info/dependency_links.txt
writing top-level names to /<<BUILDDIR>>package/.obj-x86_64-linux-gnu/gencpp.egg-info/top_level.txt
writing manifest file '/<<BUILDDIR>>package/.obj-x86_64-linux-gnu/gencpp.egg-info/SOURCES.txt'
reading manifest file '/<<BUILDDIR>>package/.obj-x86_64-linux-gnu/gencpp.egg-info/SOURCES.txt'
writing manifest file '/<<BUILDDIR>>package/.obj-x86_64-linux-gnu/gencpp.egg-info/SOURCES.txt'
running build
running build_py
creating /<<BUILDDIR>>package/.obj-x86_64-linux-gnu/lib
creating /<<BUILDDIR>>package/.obj-x86_64-linux-gnu/lib/gencpp
copying src/gencpp/__init__.py -> /<<BUILDDIR>>package/.obj-x86_64-linux-gnu/lib/gencpp
running install
/usr/lib/python3/dist-packages/setuptools/command/install.py:34: SetuptoolsDeprecationWarning: setup.py install is deprecated. Use build and pip and other standards-based tools.
  warnings.warn(
running install_lib
creating /<<BUILDDIR>>package/debian/ros-one-gencpp/opt/ros/one/lib/python3/dist-packages/gencpp
copying /<<BUILDDIR>>package/.obj-x86_64-linux-gnu/lib/gencpp/__init__.py -> /<<BUILDDIR>>package/debian/ros-one-gencpp/opt/ros/one/lib/python3/dist-packages/gencpp
byte-compiling /<<BUILDDIR>>package/debian/ros-one-gencpp/opt/ros/one/lib/python3/dist-packages/gencpp/__init__.py to __init__.cpython-310.pyc
running install_egg_info
Copying /<<BUILDDIR>>package/.obj-x86_64-linux-gnu/gencpp.egg-info to /<<BUILDDIR>>package/debian/ros-one-gencpp/opt/ros/one/lib/python3/dist-packages/gencpp-0.6.5.egg-info
Skipping SOURCES.txt
running install_scripts
-- Installing: /<<BUILDDIR>>package/debian/ros-one-gencpp/opt/ros/one/share/gencpp/msg.h.template
-- Installing: /<<BUILDDIR>>package/debian/ros-one-gencpp/opt/ros/one/share/gencpp/srv.h.template
-- Installing: /<<BUILDDIR>>package/debian/ros-one-gencpp/opt/ros/one/lib/gencpp/gen_cpp.py
make[2]: Leaving directory '/<<BUILDDIR>>package/.obj-x86_64-linux-gnu'
make[1]: Leaving directory '/<<BUILDDIR>>package'
   dh_installdocs -O-v -O--buildsystem=cmake -O--builddirectory=.obj-x86_64-linux-gnu
	install -d debian/ros-one-gencpp/usr/share/doc/ros-one-gencpp
	install -d debian/.debhelper/generated/ros-one-gencpp
	install -p -m0644 debian/copyright debian/ros-one-gencpp/usr/share/doc/ros-one-gencpp/copyright
   dh_installchangelogs -O-v -O--buildsystem=cmake -O--builddirectory=.obj-x86_64-linux-gnu
	install -p -m0644 debian/changelog debian/ros-one-gencpp/usr/share/doc/ros-one-gencpp/changelog.Debian
   dh_installinit -O-v -O--buildsystem=cmake -O--builddirectory=.obj-x86_64-linux-gnu
   dh_perl -O-v -O--buildsystem=cmake -O--builddirectory=.obj-x86_64-linux-gnu
   dh_link -O-v -O--buildsystem=cmake -O--builddirectory=.obj-x86_64-linux-gnu
   dh_strip_nondeterminism -O-v -O--buildsystem=cmake -O--builddirectory=.obj-x86_64-linux-gnu
   dh_compress -O-v -O--buildsystem=cmake -O--builddirectory=.obj-x86_64-linux-gnu
	cd debian/ros-one-gencpp
	chmod a-x usr/share/doc/ros-one-gencpp/changelog.Debian
	gzip -9nf usr/share/doc/ros-one-gencpp/changelog.Debian
	cd '/<<BUILDDIR>>package'
   dh_fixperms -O-v -O--buildsystem=cmake -O--builddirectory=.obj-x86_64-linux-gnu
	find debian/ros-one-gencpp -true -print0 2>/dev/null | xargs -0r chown --no-dereference 0:0
	find debian/ros-one-gencpp ! -type l -a -true -a -true -print0 2>/dev/null | xargs -0r chmod go=rX,u+rw,a-s
	find debian/ros-one-gencpp/usr/share/doc -type f -a -true -a ! -regex 'debian/ros-one-gencpp/usr/share/doc/[^/]*/examples/.*' -print0 2>/dev/null | xargs -0r chmod 0644
	find debian/ros-one-gencpp/usr/share/doc -type d -a -true -a -true -print0 2>/dev/null | xargs -0r chmod 0755
	find debian/ros-one-gencpp -type f \( -name '*.so.*' -o -name '*.so' -o -name '*.la' -o -name '*.a' -o -name '*.js' -o -name '*.css' -o -name '*.scss' -o -name '*.sass' -o -name '*.jpeg' -o -name '*.jpg' -o -name '*.png' -o -name '*.gif' -o -name '*.cmxs' -o -name '*.node' \) -a -true -a -true -print0 2>/dev/null | xargs -0r chmod 0644
   dh_missing -O-v -O--buildsystem=cmake -O--builddirectory=.obj-x86_64-linux-gnu
   dh_strip -O-v -O--buildsystem=cmake -O--builddirectory=.obj-x86_64-linux-gnu
   dh_makeshlibs -O-v -O--buildsystem=cmake -O--builddirectory=.obj-x86_64-linux-gnu
	rm -f debian/ros-one-gencpp/DEBIAN/shlibs
	rm -f debian/ros-one-gencpp.debhelper.log
   debian/rules override_dh_shlibdeps
make[1]: Entering directory '/<<BUILDDIR>>package'
# In case we're installing to a non-standard location, look for a setup.sh
# in the install tree that was dropped by catkin, and source it.  It will
# set things like CMAKE_PREFIX_PATH, PKG_CONFIG_PATH, and PYTHONPATH.
if [ -f "/opt/ros/one/setup.sh" ]; then . "/opt/ros/one/setup.sh"; fi && \
dh_shlibdeps -l/<<BUILDDIR>>package/debian/ros-one-gencpp//opt/ros/one/lib/
make[1]: Leaving directory '/<<BUILDDIR>>package'
   dh_installdeb -O-v -O--buildsystem=cmake -O--builddirectory=.obj-x86_64-linux-gnu
	install -d debian/ros-one-gencpp/DEBIAN
   dh_gencontrol -O-v -O--buildsystem=cmake -O--builddirectory=.obj-x86_64-linux-gnu
	echo misc:Depends= >> debian/ros-one-gencpp.substvars
	echo misc:Pre-Depends= >> debian/ros-one-gencpp.substvars
	dpkg-gencontrol -pros-one-gencpp -ldebian/changelog -Tdebian/ros-one-gencpp.substvars -Pdebian/ros-one-gencpp
dpkg-gencontrol: warning: Depends field of package ros-one-gencpp: substitution variable ${shlibs:Depends} used, but is not defined
	chmod 0644 -- debian/ros-one-gencpp/DEBIAN/control
	chown 0:0 -- debian/ros-one-gencpp/DEBIAN/control
   dh_md5sums -O-v -O--buildsystem=cmake -O--builddirectory=.obj-x86_64-linux-gnu
	cd debian/ros-one-gencpp >/dev/null && xargs -r0 md5sum | perl -pe 'if (s@^\\@@) { s/\\\\/\\/g; }' > DEBIAN/md5sums
	chmod 0644 -- debian/ros-one-gencpp/DEBIAN/md5sums
	chown 0:0 -- debian/ros-one-gencpp/DEBIAN/md5sums
   dh_builddeb -O-v -O--buildsystem=cmake -O--builddirectory=.obj-x86_64-linux-gnu
	dpkg-deb --build debian/ros-one-gencpp ..
dpkg-deb: building package 'ros-one-gencpp' in '../ros-one-gencpp_0.6.5-0jammy.20230914.1007_amd64.deb'.
 dpkg-genbuildinfo --build=binary -O../ros-one-gencpp_0.6.5-0jammy.20230914.1007_amd64.buildinfo
 dpkg-genchanges --build=binary -O../ros-one-gencpp_0.6.5-0jammy.20230914.1007_amd64.changes
dpkg-genchanges: info: binary-only upload (no source code included)
 dpkg-source --after-build .
dpkg-source: info: using options from package/debian/source/options: --auto-commit
dpkg-buildpackage: info: binary-only upload (no source included)
--------------------------------------------------------------------------------
Build finished at 2023-09-14T10:07:39Z

Finished
--------

I: Built successfully

+------------------------------------------------------------------------------+
| Changes                                                                      |
+------------------------------------------------------------------------------+


ros-one-gencpp_0.6.5-0jammy.20230914.1007_amd64.changes:
--------------------------------------------------------

Format: 1.8
Date: Thu, 14 Sep 2023 10:07:28 +0000
Source: ros-one-gencpp
Binary: ros-one-gencpp
Built-For-Profiles: noudeb
Architecture: amd64
Version: 0.6.5-0jammy.20230914.1007
Distribution: UNRELEASED
Urgency: high
Maintainer: Dirk Thomas <dthomas@osrfoundation.org>
Changed-By: Dirk Thomas <dthomas@osrfoundation.org>
Description:
 ros-one-gencpp - C++ ROS message and service generators.
Changes:
 ros-one-gencpp (0.6.5-0jammy.20230914.1007) UNRELEASED; urgency=high
 .
   * jammy Append timestamp when binarydeb was built.
Checksums-Sha1:
 4463876dab9c9fc24b8fd1ad95182c406a8d2cd2 7640 ros-one-gencpp_0.6.5-0jammy.20230914.1007_amd64.buildinfo
 6cbc0d4dc6e6aa55217a02df246b6e835529363f 15942 ros-one-gencpp_0.6.5-0jammy.20230914.1007_amd64.deb
Checksums-Sha256:
 fb2c2d00bcd2af17658793fdba6f701f9d530727d883d54c26fb5876789da649 7640 ros-one-gencpp_0.6.5-0jammy.20230914.1007_amd64.buildinfo
 31bede4afb4695a130689962e352319464b84f55fbf8ace03f0bfcec1e4b0432 15942 ros-one-gencpp_0.6.5-0jammy.20230914.1007_amd64.deb
Files:
 1d49f0c97be4bcc4c2983fd19f877f05 7640 misc optional ros-one-gencpp_0.6.5-0jammy.20230914.1007_amd64.buildinfo
 7dffcbf8b2fcdb5eeb0480e651fb512f 15942 misc optional ros-one-gencpp_0.6.5-0jammy.20230914.1007_amd64.deb

+------------------------------------------------------------------------------+
| Buildinfo                                                                    |
+------------------------------------------------------------------------------+

Format: 1.0
Source: ros-one-gencpp
Binary: ros-one-gencpp
Architecture: amd64
Version: 0.6.5-0jammy.20230914.1007
Checksums-Md5:
 7dffcbf8b2fcdb5eeb0480e651fb512f 15942 ros-one-gencpp_0.6.5-0jammy.20230914.1007_amd64.deb
Checksums-Sha1:
 6cbc0d4dc6e6aa55217a02df246b6e835529363f 15942 ros-one-gencpp_0.6.5-0jammy.20230914.1007_amd64.deb
Checksums-Sha256:
 31bede4afb4695a130689962e352319464b84f55fbf8ace03f0bfcec1e4b0432 15942 ros-one-gencpp_0.6.5-0jammy.20230914.1007_amd64.deb
Build-Origin: Ubuntu
Build-Architecture: amd64
Build-Date: Thu, 14 Sep 2023 10:07:39 +0000
Build-Path: /<<BUILDDIR>>package
Build-Tainted-By:
 merged-usr-via-aliased-dirs
Installed-Build-Depends:
 autoconf (= 2.71-2),
 automake (= 1:1.16.5-1.3),
 autopoint (= 0.21-4ubuntu4),
 autotools-dev (= 20220109.1),
 base-files (= 12ubuntu4),
 base-passwd (= 3.5.52build1),
 bash (= 5.1-6ubuntu1),
 binutils (= 2.38-3ubuntu1),
 binutils-common (= 2.38-3ubuntu1),
 binutils-x86-64-linux-gnu (= 2.38-3ubuntu1),
 bsdextrautils (= 2.37.2-4ubuntu3),
 bsdutils (= 1:2.37.2-4ubuntu3),
 build-essential (= 12.9ubuntu3),
 bzip2 (= 1.0.8-5build1),
 cmake (= 3.22.1-1ubuntu1),
 cmake-data (= 3.22.1-1ubuntu1),
 coreutils (= 8.32-4.1ubuntu1),
 cpp (= 4:11.2.0-1ubuntu1),
 cpp-11 (= 11.2.0-19ubuntu1),
 dash (= 0.5.11+git20210903+057cd650a4ed-3build1),
 debconf (= 1.5.79ubuntu1),
 debhelper (= 13.6ubuntu1),
 debianutils (= 5.5-1ubuntu2),
 debugedit (= 1:5.0-4build1),
 dh-autoreconf (= 20),
 dh-elpa-helper (= 2.0.9ubuntu1),
 dh-strip-nondeterminism (= 1.13.0-1),
 diffutils (= 1:3.8-0ubuntu2),
 docutils-common (= 0.17.1+dfsg-2),
 dpkg (= 1.21.1ubuntu2),
 dpkg-dev (= 1.21.1ubuntu2),
 dwz (= 0.14-1build2),
 emacsen-common (= 3.0.4),
 file (= 1:5.41-3),
 findutils (= 4.8.0-1ubuntu3),
 g++ (= 4:11.2.0-1ubuntu1),
 g++-11 (= 11.2.0-19ubuntu1),
 gcc (= 4:11.2.0-1ubuntu1),
 gcc-11 (= 11.2.0-19ubuntu1),
 gcc-11-base (= 11.2.0-19ubuntu1),
 gcc-12-base (= 12-20220319-1ubuntu1),
 gettext (= 0.21-4ubuntu4),
 gettext-base (= 0.21-4ubuntu4),
 google-mock (= 1.11.0-3),
 googletest (= 1.11.0-3),
 grep (= 3.7-1build1),
 groff-base (= 1.22.4-8build1),
 gzip (= 1.10-4ubuntu4),
 hostname (= 3.23ubuntu2),
 init-system-helpers (= 1.62),
 intltool-debian (= 0.35.0+20060710.5),
 libacl1 (= 2.3.1-1),
 libarchive-zip-perl (= 1.68-1),
 libarchive13 (= 3.6.0-1ubuntu1),
 libasan6 (= 11.2.0-19ubuntu1),
 libatomic1 (= 12-20220319-1ubuntu1),
 libattr1 (= 1:2.5.1-1build1),
 libaudit-common (= 1:3.0.7-1build1),
 libaudit1 (= 1:3.0.7-1build1),
 libbinutils (= 2.38-3ubuntu1),
 libblkid1 (= 2.37.2-4ubuntu3),
 libbrotli1 (= 1.0.9-2build6),
 libbz2-1.0 (= 1.0.8-5build1),
 libc-bin (= 2.35-0ubuntu3),
 libc-dev-bin (= 2.35-0ubuntu3),
 libc6 (= 2.35-0ubuntu3),
 libc6-dev (= 2.35-0ubuntu3),
 libcap-ng0 (= 0.7.9-2.2build3),
 libcap2 (= 1:2.44-1build3),
 libcc1-0 (= 12-20220319-1ubuntu1),
 libcom-err2 (= 1.46.5-2ubuntu1),
 libcrypt-dev (= 1:4.4.27-1),
 libcrypt1 (= 1:4.4.27-1),
 libctf-nobfd0 (= 2.38-3ubuntu1),
 libctf0 (= 2.38-3ubuntu1),
 libcurl4 (= 7.81.0-1),
 libdb5.3 (= 5.3.28+dfsg1-0.8ubuntu3),
 libdebconfclient0 (= 0.261ubuntu1),
 libdebhelper-perl (= 13.6ubuntu1),
 libdpkg-perl (= 1.21.1ubuntu2),
 libdw1 (= 0.186-1build1),
 libelf1 (= 0.186-1build1),
 libexpat1 (= 2.4.7-1),
 libffi8 (= 3.4.2-4),
 libfile-stripnondeterminism-perl (= 1.13.0-1),
 libgcc-11-dev (= 11.2.0-19ubuntu1),
 libgcc-s1 (= 12-20220319-1ubuntu1),
 libgcrypt20 (= 1.9.4-3ubuntu3),
 libgdbm-compat4 (= 1.23-1),
 libgdbm6 (= 1.23-1),
 libgmp10 (= 2:6.2.1+dfsg-3ubuntu1),
 libgnutls30 (= 3.7.3-4ubuntu1),
 libgomp1 (= 12-20220319-1ubuntu1),
 libgpg-error0 (= 1.43-3),
 libgssapi-krb5-2 (= 1.19.2-2),
 libgtest-dev (= 1.11.0-3),
 libhogweed6 (= 3.7.3-1build2),
 libicu70 (= 70.1-2),
 libidn2-0 (= 2.3.2-2build1),
 libisl23 (= 0.24-2build1),
 libitm1 (= 12-20220319-1ubuntu1),
 libjsoncpp25 (= 1.9.5-3),
 libk5crypto3 (= 1.19.2-2),
 libkeyutils1 (= 1.6.1-2ubuntu3),
 libkrb5-3 (= 1.19.2-2),
 libkrb5support0 (= 1.19.2-2),
 libldap-2.5-0 (= 2.5.11+dfsg-1~exp1ubuntu3),
 liblsan0 (= 12-20220319-1ubuntu1),
 liblz4-1 (= 1.9.3-2build2),
 liblzma5 (= 5.2.5-2ubuntu1),
 libmagic-mgc (= 1:5.41-3),
 libmagic1 (= 1:5.41-3),
 libmount1 (= 2.37.2-4ubuntu3),
 libmpc3 (= 1.2.1-2build1),
 libmpdec3 (= 2.5.1-2build2),
 libmpfr6 (= 4.1.0-3build3),
 libncurses6 (= 6.3-2),
 libncursesw6 (= 6.3-2),
 libnettle8 (= 3.7.3-1build2),
 libnghttp2-14 (= 1.43.0-1build3),
 libnsl-dev (= 1.3.0-2build2),
 libnsl2 (= 1.3.0-2build2),
 libp11-kit0 (= 0.24.0-6build1),
 libpam-modules (= 1.4.0-11ubuntu2),
 libpam-modules-bin (= 1.4.0-11ubuntu2),
 libpam-runtime (= 1.4.0-11ubuntu2),
 libpam0g (= 1.4.0-11ubuntu2),
 libpcre2-8-0 (= 10.39-3build1),
 libpcre3 (= 2:8.39-13build5),
 libperl5.34 (= 5.34.0-3ubuntu1),
 libpipeline1 (= 1.5.5-1),
 libprocps8 (= 2:3.3.17-6ubuntu2),
 libpsl5 (= 0.21.0-1.2build2),
 libpython3-stdlib (= 3.10.4-0ubuntu2),
 libpython3.10-minimal (= 3.10.4-3),
 libpython3.10-stdlib (= 3.10.4-3),
 libquadmath0 (= 12-20220319-1ubuntu1),
 libreadline8 (= 8.1.2-1),
 librhash0 (= 1.4.2-1ubuntu1),
 librtmp1 (= 2.4+20151223.gitfa8646d.1-2build4),
 libsasl2-2 (= 2.1.27+dfsg2-3ubuntu1),
 libsasl2-modules-db (= 2.1.27+dfsg2-3ubuntu1),
 libseccomp2 (= 2.5.3-2ubuntu2),
 libselinux1 (= 3.3-1build2),
 libsigsegv2 (= 2.13-1ubuntu3),
 libsmartcols1 (= 2.37.2-4ubuntu3),
 libsqlite3-0 (= 3.37.2-2),
 libssh-4 (= 0.9.6-2build1),
 libssl3 (= 3.0.2-0ubuntu1),
 libstdc++-11-dev (= 11.2.0-19ubuntu1),
 libstdc++6 (= 12-20220319-1ubuntu1),
 libsub-override-perl (= 0.09-2),
 libsystemd0 (= 249.11-0ubuntu3),
 libtasn1-6 (= 4.18.0-4build1),
 libtinfo6 (= 6.3-2),
 libtirpc-common (= 1.3.2-2build1),
 libtirpc-dev (= 1.3.2-2build1),
 libtirpc3 (= 1.3.2-2build1),
 libtool (= 2.4.6-15build2),
 libtsan0 (= 11.2.0-19ubuntu1),
 libubsan1 (= 12-20220319-1ubuntu1),
 libuchardet0 (= 0.0.7-1build2),
 libudev1 (= 249.11-0ubuntu3),
 libunistring2 (= 1.0-1),
 libuuid1 (= 2.37.2-4ubuntu3),
 libuv1 (= 1.43.0-1),
 libxml2 (= 2.9.13+dfsg-1build1),
 libzstd1 (= 1.4.8+dfsg-3build1),
 linux-libc-dev (= 5.15.0-25.25),
 login (= 1:4.8.1-2ubuntu2),
 lsb-base (= 11.1.0ubuntu4),
 lto-disabled-list (= 24),
 m4 (= 1.4.18-5ubuntu2),
 make (= 4.3-4.1build1),
 man-db (= 2.10.2-1),
 mawk (= 1.3.4.20200120-3),
 media-types (= 7.0.0),
 ncurses-base (= 6.3-2),
 ncurses-bin (= 6.3-2),
 patch (= 2.7.6-7build2),
 perl (= 5.34.0-3ubuntu1),
 perl-base (= 5.34.0-3ubuntu1),
 perl-modules-5.34 (= 5.34.0-3ubuntu1),
 po-debconf (= 1.0.21+nmu1),
 procps (= 2:3.3.17-6ubuntu2),
 python3 (= 3.10.4-0ubuntu2),
 python3-catkin-pkg (= 1.0.0-100),
 python3-catkin-pkg-modules (= 1.0.0-1),
 python3-dateutil (= 2.8.1-6),
 python3-distutils (= 3.10.4-0ubuntu1),
 python3-docutils (= 0.17.1+dfsg-2),
 python3-empy (= 3.3.4-2),
 python3-lib2to3 (= 3.10.4-0ubuntu1),
 python3-minimal (= 3.10.4-0ubuntu2),
 python3-nose (= 1.3.7-8),
 python3-pkg-resources (= 59.6.0-1.2),
 python3-pyparsing (= 2.4.7-1),
 python3-roman (= 3.3-1),
 python3-setuptools (= 59.6.0-1.2),
 python3-six (= 1.16.0-3ubuntu1),
 python3.10 (= 3.10.4-3),
 python3.10-minimal (= 3.10.4-3),
 readline-common (= 8.1.2-1),
 ros-one-catkin (= 0.8.10-0jammy.20230914.1006),
 ros-one-genmsg (= 0.5.16-0jammy.20230914.1007),
 rpcsvc-proto (= 1.4.2-0ubuntu6),
 sed (= 4.8-1ubuntu2),
 sensible-utils (= 0.0.17),
 sgml-base (= 1.30),
 sysvinit-utils (= 3.01-1ubuntu1),
 tar (= 1.34+dfsg-1build3),
 tzdata (= 2022a-0ubuntu1),
 util-linux (= 2.37.2-4ubuntu3),
 xml-core (= 0.18+nmu1),
 xz-utils (= 5.2.5-2ubuntu1),
 zlib1g (= 1:1.2.11.dfsg-2ubuntu9)
Environment:
 DEB_BUILD_OPTIONS="nocheck parallel=2"
 DEB_BUILD_PROFILES="noudeb"
 LANG="C.UTF-8"
 LC_ALL="C.UTF-8"
 LC_COLLATE="C.UTF-8"
 SOURCE_DATE_EPOCH="1694686048"


+------------------------------------------------------------------------------+
| Package contents                                                             |
+------------------------------------------------------------------------------+


ros-one-gencpp_0.6.5-0jammy.20230914.1007_amd64.deb
---------------------------------------------------

 new Debian package, version 2.0.
 size 15942 bytes: control archive=902 bytes.
     261 bytes,     9 lines      control              
    1375 bytes,    16 lines      md5sums              
 Package: ros-one-gencpp
 Version: 0.6.5-0jammy.20230914.1007
 Architecture: amd64
 Maintainer: Dirk Thomas <dthomas@osrfoundation.org>
 Installed-Size: 81
 Depends: ros-one-genmsg
 Section: misc
 Priority: optional
 Description: C++ ROS message and service generators.

drwxr-xr-x root/root         0 2023-09-14 10:07 ./
drwxr-xr-x root/root         0 2023-09-14 10:07 ./opt/
drwxr-xr-x root/root         0 2023-09-14 10:07 ./opt/ros/
drwxr-xr-x root/root         0 2023-09-14 10:07 ./opt/ros/one/
drwxr-xr-x root/root         0 2023-09-14 10:07 ./opt/ros/one/etc/
drwxr-xr-x root/root         0 2023-09-14 10:07 ./opt/ros/one/etc/ros/
drwxr-xr-x root/root         0 2023-09-14 10:07 ./opt/ros/one/etc/ros/genmsg/
-rw-r--r-- root/root         3 2023-09-14 10:07 ./opt/ros/one/etc/ros/genmsg/gencpp
drwxr-xr-x root/root         0 2023-09-14 10:07 ./opt/ros/one/lib/
drwxr-xr-x root/root         0 2023-09-14 10:07 ./opt/ros/one/lib/gencpp/
-rwxr-xr-x root/root      2048 2023-09-14 10:07 ./opt/ros/one/lib/gencpp/gen_cpp.py
drwxr-xr-x root/root         0 2023-09-14 10:07 ./opt/ros/one/lib/pkgconfig/
-rw-r--r-- root/root       133 2023-09-14 10:07 ./opt/ros/one/lib/pkgconfig/gencpp.pc
drwxr-xr-x root/root         0 2023-09-14 10:07 ./opt/ros/one/lib/python3/
drwxr-xr-x root/root         0 2023-09-14 10:07 ./opt/ros/one/lib/python3/dist-packages/
drwxr-xr-x root/root         0 2023-09-14 10:07 ./opt/ros/one/lib/python3/dist-packages/gencpp-0.6.5.egg-info/
-rw-r--r-- root/root       328 2023-09-14 10:07 ./opt/ros/one/lib/python3/dist-packages/gencpp-0.6.5.egg-info/PKG-INFO
-rw-r--r-- root/root         1 2023-09-14 10:07 ./opt/ros/one/lib/python3/dist-packages/gencpp-0.6.5.egg-info/dependency_links.txt
-rw-r--r-- root/root         7 2023-09-14 10:07 ./opt/ros/one/lib/python3/dist-packages/gencpp-0.6.5.egg-info/top_level.txt
drwxr-xr-x root/root         0 2023-09-14 10:07 ./opt/ros/one/lib/python3/dist-packages/gencpp/
-rw-r--r-- root/root      9582 2023-09-14 10:06 ./opt/ros/one/lib/python3/dist-packages/gencpp/__init__.py
drwxr-xr-x root/root         0 2023-09-14 10:07 ./opt/ros/one/lib/python3/dist-packages/gencpp/__pycache__/
-rw-r--r-- root/root      6651 2023-09-14 10:07 ./opt/ros/one/lib/python3/dist-packages/gencpp/__pycache__/__init__.cpython-310.pyc
drwxr-xr-x root/root         0 2023-09-14 10:07 ./opt/ros/one/share/
drwxr-xr-x root/root         0 2023-09-14 10:07 ./opt/ros/one/share/gencpp/
drwxr-xr-x root/root         0 2023-09-14 10:07 ./opt/ros/one/share/gencpp/cmake/
-rw-r--r-- root/root      3189 2023-09-14 10:07 ./opt/ros/one/share/gencpp/cmake/gencpp-extras.cmake
-rw-r--r-- root/root       426 2023-09-14 10:07 ./opt/ros/one/share/gencpp/cmake/gencppConfig-version.cmake
-rw-r--r-- root/root      8853 2023-09-14 10:07 ./opt/ros/one/share/gencpp/cmake/gencppConfig.cmake
-rw-r--r-- root/root     10814 2023-09-14 10:06 ./opt/ros/one/share/gencpp/msg.h.template
-rw-r--r-- root/root      1098 2023-09-14 10:06 ./opt/ros/one/share/gencpp/package.xml
-rw-r--r-- root/root      3475 2023-09-14 10:06 ./opt/ros/one/share/gencpp/srv.h.template
drwxr-xr-x root/root         0 2023-09-14 10:07 ./usr/
drwxr-xr-x root/root         0 2023-09-14 10:07 ./usr/share/
drwxr-xr-x root/root         0 2023-09-14 10:07 ./usr/share/doc/
drwxr-xr-x root/root         0 2023-09-14 10:07 ./usr/share/doc/ros-one-gencpp/
-rw-r--r-- root/root      1223 2023-09-14 10:07 ./usr/share/doc/ros-one-gencpp/changelog.Debian.gz
-rw-r--r-- root/root       368 2023-09-14 10:07 ./usr/share/doc/ros-one-gencpp/copyright


+------------------------------------------------------------------------------+
| Post Build                                                                   |
+------------------------------------------------------------------------------+


+------------------------------------------------------------------------------+
| Cleanup                                                                      |
+------------------------------------------------------------------------------+

Purging /<<BUILDDIR>>
Not cleaning session: cloned chroot in use

+------------------------------------------------------------------------------+
| Summary                                                                      |
+------------------------------------------------------------------------------+

Build Architecture: amd64
Build Type: binary
Build-Space: 1628
Build-Time: 4
Distribution: UNRELEASED
Host Architecture: amd64
Install-Time: 2
Job: /home/runner/work/ros-builder-action/ros-builder-action/ws/ros-one-gencpp_0.6.5-0jammy.20230914.1007.dsc
Machine Architecture: amd64
Package: ros-one-gencpp
Package-Time: 10
Source-Version: 0.6.5-0jammy.20230914.1007
Space: 1628
Status: successful
Version: 0.6.5-0jammy.20230914.1007
--------------------------------------------------------------------------------
Finished at 2023-09-14T10:07:39Z
Build needed 00:00:10, 1628k disk space
