sbuild (Debian sbuild) 0.84.2~ubuntu2204+3 (28 December 2022) on fv-az401-775.mqr3toex2t4uhkbi4zjcmyglea.bx.internal.cloudapp.net

+=======================================================================================+
| ros-one-catkin 0.8.10-0bookworm.20230914.0945 (amd64) Thu, 14 Sep 2023 09:45:37 +0000 |
+=======================================================================================+

Package: ros-one-catkin
Version: 0.8.10-0bookworm.20230914.0945
Source Version: 0.8.10-0bookworm.20230914.0945
Distribution: UNRELEASED
Machine Architecture: amd64
Host Architecture: amd64
Build Architecture: amd64
Build Type: binary

I: NOTICE: Log filtering will replace 'var/run/schroot/mount/sbuild-eacfc44f-891b-4c10-967c-952604d2d7d2' with '<<CHROOT>>'
I: NOTICE: Log filtering will replace 'build/package//resolver-BlLrLF' with '<<RESOLVERDIR>>'

+------------------------------------------------------------------------------+
| Update chroot                                                                |
+------------------------------------------------------------------------------+

Get:1 file:/build/repo ./ InRelease
Ign:1 file:/build/repo ./ InRelease
Get:2 file:/build/repo ./ Release [816 B]
Get:2 file:/build/repo ./ Release [816 B]
Get:3 file:/build/repo ./ Release.gpg
Ign:3 file:/build/repo ./ Release.gpg
Hit:4 http://deb.debian.org/debian bookworm InRelease
Hit:5 http://packages.ros.org/ros2/ubuntu jammy InRelease
Reading package lists...
W: Skipping acquire of configured file 'universe/binary-amd64/Packages' as repository 'http://deb.debian.org/debian bookworm InRelease' doesn't have the component 'universe' (component misspelt in sources.list?)
Reading package lists...
Building dependency tree...
Reading state information...
Calculating upgrade...
0 upgraded, 0 newly installed, 0 to remove and 0 not upgraded.

+------------------------------------------------------------------------------+
| Fetch source files                                                           |
+------------------------------------------------------------------------------+


Local sources
-------------

/home/runner/work/ros-builder-action/ros-builder-action/ws/ros-one-catkin_0.8.10-0bookworm.20230914.0945.dsc exists in /home/runner/work/ros-builder-action/ros-builder-action/ws; copying to chroot
I: NOTICE: Log filtering will replace 'build/package//package' with '<<PKGBUILDDIR>>'
I: NOTICE: Log filtering will replace 'build/package/' with '<<BUILDDIR>>'

+------------------------------------------------------------------------------+
| Install package build dependencies                                           |
+------------------------------------------------------------------------------+


Setup apt archive
-----------------

Merged Build-Depends: debhelper (>= 9.0.0), cmake, python3-catkin-pkg (>> 0.4.3), python3-empy, python3-mock, python3-nose, python3-setuptools, build-essential, fakeroot
Filtered Build-Depends: debhelper (>= 9.0.0), cmake, python3-catkin-pkg (>> 0.4.3), python3-empy, python3-mock, python3-nose, python3-setuptools, build-essential, fakeroot
dpkg-deb: building package 'sbuild-build-depends-main-dummy' in '/<<RESOLVERDIR>>/apt_archive/sbuild-build-depends-main-dummy.deb'.
Ign:1 copy:/<<RESOLVERDIR>>/apt_archive ./ InRelease
Get:2 copy:/<<RESOLVERDIR>>/apt_archive ./ Release [580 B]
Ign:3 copy:/<<RESOLVERDIR>>/apt_archive ./ Release.gpg
Get:4 copy:/<<RESOLVERDIR>>/apt_archive ./ Sources [736 B]
Get:5 copy:/<<RESOLVERDIR>>/apt_archive ./ Packages [746 B]
Fetched 2062 B in 0s (0 B/s)
Reading package lists...
Get:1 file:/build/repo ./ InRelease
Ign:1 file:/build/repo ./ InRelease
Get:2 file:/build/repo ./ Release [816 B]
Get:2 file:/build/repo ./ Release [816 B]
Get:3 file:/build/repo ./ Release.gpg
Ign:3 file:/build/repo ./ Release.gpg
Reading package lists...
Reading package lists...

Install main build dependencies (apt-based resolver)
----------------------------------------------------

Installing build dependencies
Reading package lists...
Building dependency tree...
Reading state information...
The following additional packages will be installed:
  python3-empy python3-mock python3-nose python3-pbr
Suggested packages:
  python-mock-doc python-nose-doc
The following NEW packages will be installed:
  python3-empy python3-mock python3-nose python3-pbr
  sbuild-build-depends-main-dummy
0 upgraded, 5 newly installed, 0 to remove and 0 not upgraded.
Need to get 322 kB of archives.
After this operation, 1683 kB of additional disk space will be used.
Get:1 copy:/<<RESOLVERDIR>>/apt_archive ./ sbuild-build-depends-main-dummy 0.invalid.0 [924 B]
Get:2 http://deb.debian.org/debian bookworm/main amd64 python3-empy all 3.3.4-2 [66.1 kB]
Get:3 http://deb.debian.org/debian bookworm/main amd64 python3-pbr all 5.10.0-2 [61.4 kB]
Get:4 http://deb.debian.org/debian bookworm/main amd64 python3-mock all 4.0.3-4 [64.0 kB]
Get:5 http://deb.debian.org/debian bookworm/main amd64 python3-nose all 1.3.7-9 [130 kB]
Fetched 322 kB in 0s (12.1 MB/s)
Selecting previously unselected package python3-empy.
(Reading database ... 20324 files and directories currently installed.)
Preparing to unpack .../python3-empy_3.3.4-2_all.deb ...
Unpacking python3-empy (3.3.4-2) ...
Selecting previously unselected package python3-pbr.
Preparing to unpack .../python3-pbr_5.10.0-2_all.deb ...
Unpacking python3-pbr (5.10.0-2) ...
Selecting previously unselected package python3-mock.
Preparing to unpack .../python3-mock_4.0.3-4_all.deb ...
Unpacking python3-mock (4.0.3-4) ...
Selecting previously unselected package python3-nose.
Preparing to unpack .../python3-nose_1.3.7-9_all.deb ...
Unpacking python3-nose (1.3.7-9) ...
Selecting previously unselected package sbuild-build-depends-main-dummy.
Preparing to unpack .../sbuild-build-depends-main-dummy_0.invalid.0_amd64.deb ...
Unpacking sbuild-build-depends-main-dummy (0.invalid.0) ...
Setting up python3-pbr (5.10.0-2) ...
Setting up python3-empy (3.3.4-2) ...
Setting up python3-nose (1.3.7-9) ...
Setting up python3-mock (4.0.3-4) ...
Setting up sbuild-build-depends-main-dummy (0.invalid.0) ...
Processing triggers for man-db (2.11.2-2) ...

+------------------------------------------------------------------------------+
| Check architectures                                                          |
+------------------------------------------------------------------------------+

Arch check ok (amd64 included in any)

+------------------------------------------------------------------------------+
| Build environment                                                            |
+------------------------------------------------------------------------------+

Kernel: Linux 5.15.0-1041-azure #48-Ubuntu SMP Tue Jun 20 20:34:08 UTC 2023 amd64 (x86_64)
Toolchain package versions: binutils_2.40-2 dpkg-dev_1.21.22 g++-12_12.2.0-14 gcc-12_12.2.0-14 libc6-dev_2.36-9+deb12u1 libstdc++-12-dev_12.2.0-14 libstdc++6_12.2.0-14 linux-libc-dev_6.1.38-1
Package versions: adduser_3.134 apt_2.6.1 apt-utils_2.6.1 autoconf_2.71-3 automake_1:1.16.5-1.3 autopoint_0.21-12 autotools-dev_20220109.1 base-files_12.4+deb12u1 base-passwd_3.6.1 bash_5.2.15-2+b2 binutils_2.40-2 binutils-common_2.40-2 binutils-x86-64-linux-gnu_2.40-2 bsdextrautils_2.38.1-5+b1 bsdutils_1:2.38.1-5+b1 build-essential_12.9 bzip2_1.0.8-5+b1 ca-certificates_20230311 ccache_4.8+really4.7.5-1 cmake_3.25.1-1 cmake-data_3.25.1-1 coreutils_9.1-1 cpp_4:12.2.0-3 cpp-12_12.2.0-14 curl_7.88.1-10 dash_0.5.12-2 debconf_1.5.82 debhelper_13.11.4 debian-archive-keyring_2023.3 debianutils_5.7-0.4 dh-autoreconf_20 dh-strip-nondeterminism_1.13.1-1 diffutils_1:3.8-4 docutils-common_0.19+dfsg-6 dpkg_1.21.22 dpkg-dev_1.21.22 dwz_0.15-1 e2fsprogs_1.47.0-2 fakeroot_1.31-1.2 file_1:5.44-3 findutils_4.9.0-4 g++_4:12.2.0-3 g++-12_12.2.0-14 gcc_4:12.2.0-3 gcc-12_12.2.0-14 gcc-12-base_12.2.0-14 gettext_0.21-12 gettext-base_0.21-12 gpgv_2.2.40-1.1 grep_3.8-5 groff-base_1.22.4-10 gzip_1.12-1 hostname_3.23+nmu1 init-system-helpers_1.65.2 intltool-debian_0.35.0+20060710.6 libacl1_2.3.1-3 libapt-pkg6.0_2.6.1 libarchive-zip-perl_1.68-1 libarchive13_3.6.2-1 libasan8_12.2.0-14 libatomic1_12.2.0-14 libattr1_1:2.5.1-4 libaudit-common_1:3.0.9-1 libaudit1_1:3.0.9-1 libbinutils_2.40-2 libblkid1_2.38.1-5+b1 libbrotli1_1.0.9-2+b6 libbz2-1.0_1.0.8-5+b1 libc-bin_2.36-9+deb12u1 libc-dev-bin_2.36-9+deb12u1 libc6_2.36-9+deb12u1 libc6-dev_2.36-9+deb12u1 libcap-ng0_0.8.3-1+b3 libcap2_1:2.66-4 libcc1-0_12.2.0-14 libcom-err2_1.47.0-2 libcrypt-dev_1:4.4.33-2 libcrypt1_1:4.4.33-2 libctf-nobfd0_2.40-2 libctf0_2.40-2 libcurl4_7.88.1-10 libdb5.3_5.3.28+dfsg2-1 libdebconfclient0_0.270 libdebhelper-perl_13.11.4 libdpkg-perl_1.21.22 libelf1_0.188-2.1 libexpat1_2.5.0-1 libext2fs2_1.47.0-2 libfakeroot_1.31-1.2 libffi8_3.4.4-1 libfile-find-rule-perl_0.34-3 libfile-stripnondeterminism-perl_1.13.1-1 libgcc-12-dev_12.2.0-14 libgcc-s1_12.2.0-14 libgcrypt20_1.10.1-3 libgdbm-compat4_1.23-3 libgdbm6_1.23-3 libgmp10_2:6.2.1+dfsg1-1.1 libgnutls30_3.7.9-2 libgomp1_12.2.0-14 libgpg-error0_1.46-1 libgprofng0_2.40-2 libgssapi-krb5-2_1.20.1-2 libhiredis0.14_0.14.1-3 libhogweed6_3.8.1-2 libicu72_72.1-3 libidn2-0_2.3.3-1+b1 libisl23_0.25-1 libitm1_12.2.0-14 libjansson4_2.14-2 libjsoncpp25_1.9.5-4 libk5crypto3_1.20.1-2 libkeyutils1_1.6.3-2 libkrb5-3_1.20.1-2 libkrb5support0_1.20.1-2 libldap-2.5-0_2.5.13+dfsg-5 liblsan0_12.2.0-14 liblz4-1_1.9.4-1 liblzma5_5.4.1-0.2 libmagic-mgc_1:5.44-3 libmagic1_1:5.44-3 libmd0_1.0.4-2 libmount1_2.38.1-5+b1 libmpc3_1.3.1-1 libmpfr6_4.2.0-1 libncursesw6_6.4-4 libnettle8_3.8.1-2 libnghttp2-14_1.52.0-1 libnsl-dev_1.3.0-2 libnsl2_1.3.0-2 libnumber-compare-perl_0.03-3 libp11-kit0_0.24.1-2 libpam-modules_1.5.2-6 libpam-modules-bin_1.5.2-6 libpam-runtime_1.5.2-6 libpam0g_1.5.2-6 libpcre2-8-0_10.42-1 libperl5.36_5.36.0-7 libpipeline1_1.5.7-1 libproc2-0_2:4.0.2-3 libpsl5_0.21.2-1 libpython3-stdlib_3.11.2-1+b1 libpython3.11-minimal_3.11.2-6 libpython3.11-stdlib_3.11.2-6 libquadmath0_12.2.0-14 libreadline8_8.2-1.3 librhash0_1.4.3-3 librtmp1_2.4+20151223.gitfa8646d.1-2+b2 libsasl2-2_2.1.28+dfsg-10 libsasl2-modules-db_2.1.28+dfsg-10 libseccomp2_2.5.4-1+b3 libselinux1_3.4-1+b6 libsemanage-common_3.4-1 libsemanage2_3.4-1+b5 libsepol2_3.4-2.1 libsmartcols1_2.38.1-5+b1 libsqlite3-0_3.40.1-2 libss2_1.47.0-2 libssh2-1_1.10.0-3+b1 libssl3_3.0.9-1 libstdc++-12-dev_12.2.0-14 libstdc++6_12.2.0-14 libsub-override-perl_0.09-4 libsystemd0_252.12-1~deb12u1 libtasn1-6_4.19.0-2 libtext-glob-perl_0.11-3 libtinfo6_6.4-4 libtirpc-common_1.3.3+ds-1 libtirpc-dev_1.3.3+ds-1 libtirpc3_1.3.3+ds-1 libtool_2.4.7-5 libtsan2_12.2.0-14 libubsan1_12.2.0-14 libuchardet0_0.0.7-1 libudev1_252.12-1~deb12u1 libunistring2_1.0-2 libuuid1_2.38.1-5+b1 libuv1_1.44.2-1 libxml2_2.9.14+dfsg-1.3~deb12u1 libxxhash0_0.8.1-1 libyaml-0-2_0.2.5-1 libzstd1_1.5.4+dfsg2-5 linux-libc-dev_6.1.38-1 login_1:4.13+dfsg1-1+b1 logsave_1.47.0-2 lsb-release_12.0-1 m4_1.4.19-3 make_4.3-4.1 man-db_2.11.2-2 mawk_1.3.4.20200120-3.1 media-types_10.0.0 mount_2.38.1-5+b1 ncurses-base_6.4-4 ncurses-bin_6.4-4 openssl_3.0.9-1 passwd_1:4.13+dfsg1-1+b1 patch_2.7.6-7 perl_5.36.0-7 perl-base_5.36.0-7 perl-modules-5.36_5.36.0-7 po-debconf_1.0.21+nmu1 procps_2:4.0.2-3 python3_3.11.2-1+b1 python3-catkin-pkg_1.0.0-100 python3-catkin-pkg-modules_1.0.0-1 python3-dateutil_2.8.2-2 python3-distro_1.8.0-1 python3-distutils_3.11.2-3 python3-docutils_0.19+dfsg-6 python3-empy_3.3.4-2 python3-lib2to3_3.11.2-3 python3-minimal_3.11.2-1+b1 python3-mock_4.0.3-4 python3-nose_1.3.7-9 python3-pbr_5.10.0-2 python3-pkg-resources_66.1.1-1 python3-pyparsing_3.0.9-1 python3-roman_3.3-3 python3-rosdep_0.22.2-1 python3-rosdep-modules_0.22.2-1 python3-rosdistro-modules_0.9.0-1 python3-rospkg-modules_1.5.0-1 python3-setuptools_66.1.1-1 python3-six_1.16.0-4 python3-yaml_6.0-3+b2 python3.11_3.11.2-6 python3.11-minimal_3.11.2-6 readline-common_8.2-1.3 rpcsvc-proto_1.4.3-1 sbuild-build-depends-main-dummy_0.invalid.0 sed_4.9-1 sensible-utils_0.0.17+nmu1 sgml-base_1.31 sudo_1.9.13p3-1+deb12u1 sysvinit-utils_3.06-4 tar_1.34+dfsg-1.2 tzdata_2023c-5 usrmerge_35 util-linux_2.38.1-5+b1 util-linux-extra_2.38.1-5+b1 xml-core_0.18+nmu1 xz-utils_5.4.1-0.2 zlib1g_1:1.2.13.dfsg-1

+------------------------------------------------------------------------------+
| Build                                                                        |
+------------------------------------------------------------------------------+


Unpack source
-------------

Format: 1.0
Source: ros-one-catkin
Binary: ros-one-catkin
Architecture: any
Version: 0.8.10-0bookworm.20230914.0945
Maintainer: Geoffrey Biggs <geoff@openrobotics.org>
Homepage: http://wiki.ros.org/catkin
Standards-Version: 3.9.2
Build-Depends: debhelper (>= 9.0.0), cmake, python3-catkin-pkg (>> 0.4.3), python3-empy, python3-mock <!nocheck>, python3-nose <!nocheck>, python3-setuptools
Package-List:
 ros-one-catkin deb misc optional arch=any
Checksums-Sha1:
 762d872a51bfb1b106c15a4b69d99c3e02cdf50b 4487707 ros-one-catkin_0.8.10-0bookworm.20230914.0945.tar.gz
Checksums-Sha256:
 9e519ebc99cf18885a776675dd858193cfad96c9e0ed495d61f8b13e717cab7e 4487707 ros-one-catkin_0.8.10-0bookworm.20230914.0945.tar.gz
Files:
 a9d054dac462cb0a030f3b200b9ad86a 4487707 ros-one-catkin_0.8.10-0bookworm.20230914.0945.tar.gz

dpkg-source: warning: extracting unsigned source package (ros-one-catkin_0.8.10-0bookworm.20230914.0945.dsc)
dpkg-source: info: extracting ros-one-catkin in /<<BUILDDIR>>package
dpkg-source: info: unpacking ros-one-catkin_0.8.10-0bookworm.20230914.0945.tar.gz

Check disk space
----------------

Sufficient free space for build

User Environment
----------------

APT_CONFIG=/var/lib/sbuild/apt.conf
CCACHE_DIR=/build/ccache
DEB_BUILD_OPTIONS=nocheck
HOME=/sbuild-nonexistent
LANG=C.UTF-8
LC_ALL=C.UTF-8
LOGNAME=runner
PATH=/usr/lib/ccache:/usr/local/sbin:/usr/local/bin:/usr/sbin:/usr/bin:/sbin:/bin:/usr/games
SCHROOT_ALIAS_NAME=sbuild
SCHROOT_CHROOT_NAME=sbuild
SCHROOT_COMMAND=env
SCHROOT_GID=127
SCHROOT_GROUP=docker
SCHROOT_SESSION_ID=sbuild-eacfc44f-891b-4c10-967c-952604d2d7d2
SCHROOT_UID=1001
SCHROOT_USER=runner
SHELL=/bin/sh
USER=runner

dpkg-buildpackage
-----------------

Command: dpkg-buildpackage --sanitize-env -us -uc -b -rfakeroot
dpkg-buildpackage: info: source package ros-one-catkin
dpkg-buildpackage: info: source version 0.8.10-0bookworm.20230914.0945
dpkg-buildpackage: info: source distribution UNRELEASED
dpkg-buildpackage: info: source changed by Geoffrey Biggs <geoff@openrobotics.org>
 dpkg-source --before-build .
dpkg-buildpackage: info: host architecture amd64
dpkg-source: info: using options from package/debian/source/options: --auto-commit
 fakeroot debian/rules clean
dh clean -v --buildsystem=cmake --builddirectory=.obj-x86_64-linux-gnu
   dh_auto_clean -O-v -O--buildsystem=cmake -O--builddirectory=.obj-x86_64-linux-gnu
   dh_autoreconf_clean -O-v -O--buildsystem=cmake -O--builddirectory=.obj-x86_64-linux-gnu
   dh_clean -O-v -O--buildsystem=cmake -O--builddirectory=.obj-x86_64-linux-gnu
	rm -f debian/debhelper-build-stamp
	rm -rf debian/.debhelper/
	rm -f -- debian/ros-one-catkin.substvars debian/files
	rm -fr -- debian/ros-one-catkin/ debian/tmp/
	find .  \( \( \
		\( -path .\*/.git -o -path .\*/.svn -o -path .\*/.bzr -o -path .\*/.hg -o -path .\*/CVS -o -path .\*/.pc -o -path .\*/_darcs \) -prune -o -type f -a \
	        \( -name '#*#' -o -name '.*~' -o -name '*~' -o -name DEADJOE \
		 -o -name '*.orig' -o -name '*.rej' -o -name '*.bak' \
		 -o -name '.*.orig' -o -name .*.rej -o -name '.SUMS' \
		 -o -name TAGS -o \( -path '*/.deps/*' -a -name '*.P' \) \
		\) -exec rm -f {} + \) -o \
		\( -type d -a -name autom4te.cache -prune -exec rm -rf {} + \) \)
 debian/rules build
dh build -v --buildsystem=cmake --builddirectory=.obj-x86_64-linux-gnu
   dh_update_autotools_config -O-v -O--buildsystem=cmake -O--builddirectory=.obj-x86_64-linux-gnu
   dh_autoreconf -O-v -O--buildsystem=cmake -O--builddirectory=.obj-x86_64-linux-gnu
   debian/rules override_dh_auto_configure
make[1]: Entering directory '/<<BUILDDIR>>package'
# In case we're installing to a non-standard location, look for a setup.sh
# in the install tree that was dropped by catkin, and source it.  It will
# set things like CMAKE_PREFIX_PATH, PKG_CONFIG_PATH, and PYTHONPATH.
if [ -f "/opt/ros/one/setup.sh" ]; then . "/opt/ros/one/setup.sh"; fi && \
dh_auto_configure -- \
	-DCATKIN_INSTALL_INTO_PREFIX_ROOT="1" \
	-DCMAKE_INSTALL_PREFIX="/opt/ros/one" \
	-DCMAKE_PREFIX_PATH="/opt/ros/one" \
	-DBUILD_TESTING=OFF -DCATKIN_ENABLE_TESTING=OFF
	cd .obj-x86_64-linux-gnu && cmake -DCMAKE_INSTALL_PREFIX=/usr -DCMAKE_BUILD_TYPE=None -DCMAKE_INSTALL_SYSCONFDIR=/etc -DCMAKE_INSTALL_LOCALSTATEDIR=/var -DCMAKE_EXPORT_NO_PACKAGE_REGISTRY=ON -DCMAKE_FIND_USE_PACKAGE_REGISTRY=OFF -DCMAKE_FIND_PACKAGE_NO_PACKAGE_REGISTRY=ON -DFETCHCONTENT_FULLY_DISCONNECTED=ON -DCMAKE_INSTALL_RUNSTATEDIR=/run "-GUnix Makefiles" -DCMAKE_VERBOSE_MAKEFILE=ON -DCMAKE_INSTALL_LIBDIR=lib/x86_64-linux-gnu -DCATKIN_INSTALL_INTO_PREFIX_ROOT=1 -DCMAKE_INSTALL_PREFIX=/opt/ros/one -DCMAKE_PREFIX_PATH=/opt/ros/one -DBUILD_TESTING=OFF -DCATKIN_ENABLE_TESTING=OFF ..
-- The C compiler identification is GNU 12.2.0
-- The CXX compiler identification is GNU 12.2.0
-- Detecting C compiler ABI info
-- Detecting C compiler ABI info - done
-- Check for working C compiler: /usr/bin/cc - skipped
-- Detecting C compile features
-- Detecting C compile features - done
-- Detecting CXX compiler ABI info
-- Detecting CXX compiler ABI info - done
-- Check for working CXX compiler: /usr/bin/c++ - skipped
-- Detecting CXX compile features
-- Detecting CXX compile features - done
-- Using CATKIN_DEVEL_PREFIX: /<<BUILDDIR>>package/.obj-x86_64-linux-gnu/devel
-- Using CMAKE_PREFIX_PATH: /opt/ros/one
-- Found PythonInterp: /usr/bin/python3 (found version "3.11.2") 
-- Using PYTHON_EXECUTABLE: /usr/bin/python3
-- Using Debian Python package layout
-- Using empy: /usr/bin/empy
-- Using CATKIN_ENABLE_TESTING: OFF
-- catkin 0.8.10
-- BUILD_SHARED_LIBS is on
-- Configuring done
-- Generating done
CMake Warning:
  Manually-specified variables were not used by the project:

    BUILD_TESTING
    CMAKE_EXPORT_NO_PACKAGE_REGISTRY
    CMAKE_FIND_PACKAGE_NO_PACKAGE_REGISTRY
    CMAKE_INSTALL_LIBDIR
    CMAKE_INSTALL_LOCALSTATEDIR
    CMAKE_INSTALL_RUNSTATEDIR
    CMAKE_INSTALL_SYSCONFDIR
    FETCHCONTENT_FULLY_DISCONNECTED


-- Build files have been written to: /<<BUILDDIR>>package/.obj-x86_64-linux-gnu
make[1]: Leaving directory '/<<BUILDDIR>>package'
	rm -f debian/ros-one-catkin.debhelper.log
   debian/rules override_dh_auto_build
make[1]: Entering directory '/<<BUILDDIR>>package'
# In case we're installing to a non-standard location, look for a setup.sh
# in the install tree that was dropped by catkin, and source it.  It will
# set things like CMAKE_PREFIX_PATH, PKG_CONFIG_PATH, and PYTHONPATH.
if [ -f "/opt/ros/one/setup.sh" ]; then . "/opt/ros/one/setup.sh"; fi && \
dh_auto_build
	cd .obj-x86_64-linux-gnu && make -j2 "INSTALL=install --strip-program=true" VERBOSE=1
make[2]: Entering directory '/<<BUILDDIR>>package/.obj-x86_64-linux-gnu'
/usr/bin/cmake -S/<<BUILDDIR>>package -B/<<BUILDDIR>>package/.obj-x86_64-linux-gnu --check-build-system CMakeFiles/Makefile.cmake 0
/usr/bin/cmake -E cmake_progress_start /<<BUILDDIR>>package/.obj-x86_64-linux-gnu/CMakeFiles /<<BUILDDIR>>package/.obj-x86_64-linux-gnu//CMakeFiles/progress.marks
make  -f CMakeFiles/Makefile2 all
make[3]: Entering directory '/<<BUILDDIR>>package/.obj-x86_64-linux-gnu'
make[3]: Nothing to be done for 'all'.
make[3]: Leaving directory '/<<BUILDDIR>>package/.obj-x86_64-linux-gnu'
/usr/bin/cmake -E cmake_progress_start /<<BUILDDIR>>package/.obj-x86_64-linux-gnu/CMakeFiles 0
make[2]: Leaving directory '/<<BUILDDIR>>package/.obj-x86_64-linux-gnu'
make[1]: Leaving directory '/<<BUILDDIR>>package'
	rm -f debian/ros-one-catkin.debhelper.log
   debian/rules override_dh_auto_test
make[1]: Entering directory '/<<BUILDDIR>>package'
# In case we're installing to a non-standard location, look for a setup.sh
# in the install tree that was dropped by catkin, and source it.  It will
# set things like CMAKE_PREFIX_PATH, PKG_CONFIG_PATH, and PYTHONPATH.
echo -- Running tests. Even if one of them fails the build is not canceled.
-- Running tests. Even if one of them fails the build is not canceled.
if [ -f "/opt/ros/one/setup.sh" ]; then . "/opt/ros/one/setup.sh"; fi && \
dh_auto_test || true
make[1]: Leaving directory '/<<BUILDDIR>>package'
   create-stamp debian/debhelper-build-stamp
 fakeroot debian/rules binary
dh binary -v --buildsystem=cmake --builddirectory=.obj-x86_64-linux-gnu
   dh_testroot -O-v -O--buildsystem=cmake -O--builddirectory=.obj-x86_64-linux-gnu
   dh_prep -O-v -O--buildsystem=cmake -O--builddirectory=.obj-x86_64-linux-gnu
	rm -f -- debian/ros-one-catkin.substvars
	rm -fr -- debian/.debhelper/generated/ros-one-catkin/ debian/ros-one-catkin/ debian/tmp/
   debian/rules override_dh_auto_install
make[1]: Entering directory '/<<BUILDDIR>>package'
# In case we're installing to a non-standard location, look for a setup.sh
# in the install tree that was dropped by catkin, and source it.  It will
# set things like CMAKE_PREFIX_PATH, PKG_CONFIG_PATH, and PYTHONPATH.
if [ -f "/opt/ros/one/setup.sh" ]; then . "/opt/ros/one/setup.sh"; fi && \
dh_auto_install
	install -m0755 -d /<<BUILDDIR>>package/debian/ros-one-catkin
	cd .obj-x86_64-linux-gnu && make -j2 install DESTDIR=/<<BUILDDIR>>package/debian/ros-one-catkin AM_UPDATE_INFO_DIR=no "INSTALL=install --strip-program=true"
make[2]: Entering directory '/<<BUILDDIR>>package/.obj-x86_64-linux-gnu'
/usr/bin/cmake -S/<<BUILDDIR>>package -B/<<BUILDDIR>>package/.obj-x86_64-linux-gnu --check-build-system CMakeFiles/Makefile.cmake 0
/usr/bin/cmake -E cmake_progress_start /<<BUILDDIR>>package/.obj-x86_64-linux-gnu/CMakeFiles /<<BUILDDIR>>package/.obj-x86_64-linux-gnu//CMakeFiles/progress.marks
make  -f CMakeFiles/Makefile2 all
make[3]: Entering directory '/<<BUILDDIR>>package/.obj-x86_64-linux-gnu'
make[3]: Nothing to be done for 'all'.
make[3]: Leaving directory '/<<BUILDDIR>>package/.obj-x86_64-linux-gnu'
/usr/bin/cmake -E cmake_progress_start /<<BUILDDIR>>package/.obj-x86_64-linux-gnu/CMakeFiles 0
make  -f CMakeFiles/Makefile2 preinstall
make[3]: Entering directory '/<<BUILDDIR>>package/.obj-x86_64-linux-gnu'
make[3]: Nothing to be done for 'preinstall'.
make[3]: Leaving directory '/<<BUILDDIR>>package/.obj-x86_64-linux-gnu'
Install the project...
/usr/bin/cmake -P cmake_install.cmake
-- Install configuration: "None"
-- Installing: /<<BUILDDIR>>package/debian/ros-one-catkin/opt/ros/one/_setup_util.py
-- Installing: /<<BUILDDIR>>package/debian/ros-one-catkin/opt/ros/one/env.sh
-- Installing: /<<BUILDDIR>>package/debian/ros-one-catkin/opt/ros/one/setup.bash
-- Installing: /<<BUILDDIR>>package/debian/ros-one-catkin/opt/ros/one/local_setup.bash
-- Installing: /<<BUILDDIR>>package/debian/ros-one-catkin/opt/ros/one/setup.sh
-- Installing: /<<BUILDDIR>>package/debian/ros-one-catkin/opt/ros/one/local_setup.sh
-- Installing: /<<BUILDDIR>>package/debian/ros-one-catkin/opt/ros/one/setup.zsh
-- Installing: /<<BUILDDIR>>package/debian/ros-one-catkin/opt/ros/one/local_setup.zsh
-- Installing: /<<BUILDDIR>>package/debian/ros-one-catkin/opt/ros/one/setup.fish
-- Installing: /<<BUILDDIR>>package/debian/ros-one-catkin/opt/ros/one/local_setup.fish
-- Installing: /<<BUILDDIR>>package/debian/ros-one-catkin/opt/ros/one/.rosinstall
-- Installing: /<<BUILDDIR>>package/debian/ros-one-catkin/opt/ros/one/etc/catkin/profile.d/05.catkin_make.bash
-- Installing: /<<BUILDDIR>>package/debian/ros-one-catkin/opt/ros/one/share/catkin/catkin_env_hook/05.catkin_make.bash
-- Installing: /<<BUILDDIR>>package/debian/ros-one-catkin/opt/ros/one/etc/catkin/profile.d/05.catkin_make_isolated.bash
-- Installing: /<<BUILDDIR>>package/debian/ros-one-catkin/opt/ros/one/share/catkin/catkin_env_hook/05.catkin_make_isolated.bash
-- Installing: /<<BUILDDIR>>package/debian/ros-one-catkin/opt/ros/one/lib/pkgconfig/catkin.pc
-- Installing: /<<BUILDDIR>>package/debian/ros-one-catkin/opt/ros/one/share/catkin/cmake/catkinConfig.cmake
-- Installing: /<<BUILDDIR>>package/debian/ros-one-catkin/opt/ros/one/share/catkin/cmake/catkinConfig-version.cmake
-- Installing: /<<BUILDDIR>>package/debian/ros-one-catkin/opt/ros/one/share/catkin/package.xml
-- Installing: /<<BUILDDIR>>package/debian/ros-one-catkin/opt/ros/one/share/catkin/LICENSE
-- Up-to-date: /<<BUILDDIR>>package/debian/ros-one-catkin/opt/ros/one/share/catkin/cmake
-- Installing: /<<BUILDDIR>>package/debian/ros-one-catkin/opt/ros/one/share/catkin/cmake/catkin_destinations.cmake
-- Installing: /<<BUILDDIR>>package/debian/ros-one-catkin/opt/ros/one/share/catkin/cmake/all.cmake
-- Installing: /<<BUILDDIR>>package/debian/ros-one-catkin/opt/ros/one/share/catkin/cmake/python.cmake
-- Installing: /<<BUILDDIR>>package/debian/ros-one-catkin/opt/ros/one/share/catkin/cmake/atomic_configure_file.cmake
-- Installing: /<<BUILDDIR>>package/debian/ros-one-catkin/opt/ros/one/share/catkin/cmake/stamp.cmake
-- Installing: /<<BUILDDIR>>package/debian/ros-one-catkin/opt/ros/one/share/catkin/cmake/list_append_unique.cmake
-- Installing: /<<BUILDDIR>>package/debian/ros-one-catkin/opt/ros/one/share/catkin/cmake/list_insert_in_workspace_order.cmake
-- Installing: /<<BUILDDIR>>package/debian/ros-one-catkin/opt/ros/one/share/catkin/cmake/catkin_python_setup.cmake
-- Installing: /<<BUILDDIR>>package/debian/ros-one-catkin/opt/ros/one/share/catkin/cmake/assert.cmake
-- Installing: /<<BUILDDIR>>package/debian/ros-one-catkin/opt/ros/one/share/catkin/cmake/legacy.cmake
-- Installing: /<<BUILDDIR>>package/debian/ros-one-catkin/opt/ros/one/share/catkin/cmake/tools
-- Installing: /<<BUILDDIR>>package/debian/ros-one-catkin/opt/ros/one/share/catkin/cmake/tools/rt.cmake
-- Installing: /<<BUILDDIR>>package/debian/ros-one-catkin/opt/ros/one/share/catkin/cmake/tools/threads.cmake
-- Installing: /<<BUILDDIR>>package/debian/ros-one-catkin/opt/ros/one/share/catkin/cmake/tools/doxygen.cmake
-- Installing: /<<BUILDDIR>>package/debian/ros-one-catkin/opt/ros/one/share/catkin/cmake/tools/bz2.cmake
-- Installing: /<<BUILDDIR>>package/debian/ros-one-catkin/opt/ros/one/share/catkin/cmake/tools/libraries.cmake
-- Installing: /<<BUILDDIR>>package/debian/ros-one-catkin/opt/ros/one/share/catkin/cmake/string_starts_with.cmake
-- Installing: /<<BUILDDIR>>package/debian/ros-one-catkin/opt/ros/one/share/catkin/cmake/catkin_package_xml.cmake
-- Installing: /<<BUILDDIR>>package/debian/ros-one-catkin/opt/ros/one/share/catkin/cmake/test
-- Installing: /<<BUILDDIR>>package/debian/ros-one-catkin/opt/ros/one/share/catkin/cmake/test/download_checkmd5.py
-- Installing: /<<BUILDDIR>>package/debian/ros-one-catkin/opt/ros/one/share/catkin/cmake/test/tests.cmake
-- Installing: /<<BUILDDIR>>package/debian/ros-one-catkin/opt/ros/one/share/catkin/cmake/test/remove_test_results.py
-- Installing: /<<BUILDDIR>>package/debian/ros-one-catkin/opt/ros/one/share/catkin/cmake/test/gtest.cmake
-- Installing: /<<BUILDDIR>>package/debian/ros-one-catkin/opt/ros/one/share/catkin/cmake/test/nosetests.cmake
-- Installing: /<<BUILDDIR>>package/debian/ros-one-catkin/opt/ros/one/share/catkin/cmake/test/run_tests.py
-- Installing: /<<BUILDDIR>>package/debian/ros-one-catkin/opt/ros/one/share/catkin/cmake/test/catkin_download_test_data.cmake
-- Installing: /<<BUILDDIR>>package/debian/ros-one-catkin/opt/ros/one/share/catkin/cmake/templates
-- Installing: /<<BUILDDIR>>package/debian/ros-one-catkin/opt/ros/one/share/catkin/cmake/templates/Doxyfile.in
-- Installing: /<<BUILDDIR>>package/debian/ros-one-catkin/opt/ros/one/share/catkin/cmake/templates/pkgConfig-version.cmake.in
-- Installing: /<<BUILDDIR>>package/debian/ros-one-catkin/opt/ros/one/share/catkin/cmake/templates/setup.bash.in
-- Installing: /<<BUILDDIR>>package/debian/ros-one-catkin/opt/ros/one/share/catkin/cmake/templates/python_distutils_install.bat.in
-- Installing: /<<BUILDDIR>>package/debian/ros-one-catkin/opt/ros/one/share/catkin/cmake/templates/_setup_util.py.in
-- Installing: /<<BUILDDIR>>package/debian/ros-one-catkin/opt/ros/one/share/catkin/cmake/templates/script.bash.in
-- Installing: /<<BUILDDIR>>package/debian/ros-one-catkin/opt/ros/one/share/catkin/cmake/templates/order_packages.context.py.in
-- Installing: /<<BUILDDIR>>package/debian/ros-one-catkin/opt/ros/one/share/catkin/cmake/templates/local_setup.bat.in
-- Installing: /<<BUILDDIR>>package/debian/ros-one-catkin/opt/ros/one/share/catkin/cmake/templates/__init__.py.in
-- Installing: /<<BUILDDIR>>package/debian/ros-one-catkin/opt/ros/one/share/catkin/cmake/templates/generate_cached_setup.py.in
-- Installing: /<<BUILDDIR>>package/debian/ros-one-catkin/opt/ros/one/share/catkin/cmake/templates/local_setup.fish.in
-- Installing: /<<BUILDDIR>>package/debian/ros-one-catkin/opt/ros/one/share/catkin/cmake/templates/cfg-extras.context.py.in
-- Installing: /<<BUILDDIR>>package/debian/ros-one-catkin/opt/ros/one/share/catkin/cmake/templates/script.sh.in
-- Installing: /<<BUILDDIR>>package/debian/ros-one-catkin/opt/ros/one/share/catkin/cmake/templates/script.bat.in
-- Installing: /<<BUILDDIR>>package/debian/ros-one-catkin/opt/ros/one/share/catkin/cmake/templates/local_setup.sh.in
-- Installing: /<<BUILDDIR>>package/debian/ros-one-catkin/opt/ros/one/share/catkin/cmake/templates/pkg.context.pc.in
-- Installing: /<<BUILDDIR>>package/debian/ros-one-catkin/opt/ros/one/share/catkin/cmake/templates/script.in
-- Installing: /<<BUILDDIR>>package/debian/ros-one-catkin/opt/ros/one/share/catkin/cmake/templates/env-hook.context.py.in
-- Installing: /<<BUILDDIR>>package/debian/ros-one-catkin/opt/ros/one/share/catkin/cmake/templates/setup.zsh.in
-- Installing: /<<BUILDDIR>>package/debian/ros-one-catkin/opt/ros/one/share/catkin/cmake/templates/rosinstall.in
-- Installing: /<<BUILDDIR>>package/debian/ros-one-catkin/opt/ros/one/share/catkin/cmake/templates/setup.bat.in
-- Installing: /<<BUILDDIR>>package/debian/ros-one-catkin/opt/ros/one/share/catkin/cmake/templates/pkgConfig.cmake.in
-- Installing: /<<BUILDDIR>>package/debian/ros-one-catkin/opt/ros/one/share/catkin/cmake/templates/local_setup.zsh.in
-- Installing: /<<BUILDDIR>>package/debian/ros-one-catkin/opt/ros/one/share/catkin/cmake/templates/setup.fish.in
-- Installing: /<<BUILDDIR>>package/debian/ros-one-catkin/opt/ros/one/share/catkin/cmake/templates/safe_execute_install.cmake.in
-- Installing: /<<BUILDDIR>>package/debian/ros-one-catkin/opt/ros/one/share/catkin/cmake/templates/script.py.in
-- Installing: /<<BUILDDIR>>package/debian/ros-one-catkin/opt/ros/one/share/catkin/cmake/templates/python_distutils_install.sh.in
-- Installing: /<<BUILDDIR>>package/debian/ros-one-catkin/opt/ros/one/share/catkin/cmake/templates/env.sh.in
-- Installing: /<<BUILDDIR>>package/debian/ros-one-catkin/opt/ros/one/share/catkin/cmake/templates/env.bat.in
-- Installing: /<<BUILDDIR>>package/debian/ros-one-catkin/opt/ros/one/share/catkin/cmake/templates/local_setup.bash.in
-- Installing: /<<BUILDDIR>>package/debian/ros-one-catkin/opt/ros/one/share/catkin/cmake/templates/setup.sh.in
-- Installing: /<<BUILDDIR>>package/debian/ros-one-catkin/opt/ros/one/share/catkin/cmake/templates/python_win32_wrapper.cpp.in
-- Installing: /<<BUILDDIR>>package/debian/ros-one-catkin/opt/ros/one/share/catkin/cmake/templates/relay.py.in
-- Installing: /<<BUILDDIR>>package/debian/ros-one-catkin/opt/ros/one/share/catkin/cmake/parse_package_xml.py
-- Installing: /<<BUILDDIR>>package/debian/ros-one-catkin/opt/ros/one/share/catkin/cmake/empy.cmake
-- Installing: /<<BUILDDIR>>package/debian/ros-one-catkin/opt/ros/one/share/catkin/cmake/env-hooks
-- Installing: /<<BUILDDIR>>package/debian/ros-one-catkin/opt/ros/one/share/catkin/cmake/env-hooks/05.catkin_make.bash
-- Installing: /<<BUILDDIR>>package/debian/ros-one-catkin/opt/ros/one/share/catkin/cmake/env-hooks/05.catkin_make_isolated.bash
-- Installing: /<<BUILDDIR>>package/debian/ros-one-catkin/opt/ros/one/share/catkin/cmake/catkin_install_python.cmake
-- Installing: /<<BUILDDIR>>package/debian/ros-one-catkin/opt/ros/one/share/catkin/cmake/interrogate_setup_dot_py.py
-- Installing: /<<BUILDDIR>>package/debian/ros-one-catkin/opt/ros/one/share/catkin/cmake/list_append_deduplicate.cmake
-- Installing: /<<BUILDDIR>>package/debian/ros-one-catkin/opt/ros/one/share/catkin/cmake/symlink_install
-- Installing: /<<BUILDDIR>>package/debian/ros-one-catkin/opt/ros/one/share/catkin/cmake/symlink_install/install.cmake
-- Installing: /<<BUILDDIR>>package/debian/ros-one-catkin/opt/ros/one/share/catkin/cmake/symlink_install/catkin_symlink_install.cmake.in
-- Installing: /<<BUILDDIR>>package/debian/ros-one-catkin/opt/ros/one/share/catkin/cmake/symlink_install/catkin_symlink_install_programs.cmake
-- Installing: /<<BUILDDIR>>package/debian/ros-one-catkin/opt/ros/one/share/catkin/cmake/symlink_install/catkin_symlink_install_append_install_code.cmake
-- Installing: /<<BUILDDIR>>package/debian/ros-one-catkin/opt/ros/one/share/catkin/cmake/symlink_install/catkin_install_logic.cmake
-- Installing: /<<BUILDDIR>>package/debian/ros-one-catkin/opt/ros/one/share/catkin/cmake/symlink_install/catkin_symlink_install_files.cmake
-- Installing: /<<BUILDDIR>>package/debian/ros-one-catkin/opt/ros/one/share/catkin/cmake/symlink_install/catkin_symlink_install_targets.cmake
-- Installing: /<<BUILDDIR>>package/debian/ros-one-catkin/opt/ros/one/share/catkin/cmake/symlink_install/catkin_symlink_install_directory.cmake
-- Installing: /<<BUILDDIR>>package/debian/ros-one-catkin/opt/ros/one/share/catkin/cmake/order_paths.py
-- Installing: /<<BUILDDIR>>package/debian/ros-one-catkin/opt/ros/one/share/catkin/cmake/catkin_symlink_install.cmake
-- Installing: /<<BUILDDIR>>package/debian/ros-one-catkin/opt/ros/one/share/catkin/cmake/debug_message.cmake
-- Installing: /<<BUILDDIR>>package/debian/ros-one-catkin/opt/ros/one/share/catkin/cmake/custom_install.cmake
-- Installing: /<<BUILDDIR>>package/debian/ros-one-catkin/opt/ros/one/share/catkin/cmake/shell.cmake
-- Installing: /<<BUILDDIR>>package/debian/ros-one-catkin/opt/ros/one/share/catkin/cmake/catkin_workspace.cmake
-- Installing: /<<BUILDDIR>>package/debian/ros-one-catkin/opt/ros/one/share/catkin/cmake/em_expand.cmake
-- Installing: /<<BUILDDIR>>package/debian/ros-one-catkin/opt/ros/one/share/catkin/cmake/platform
-- Installing: /<<BUILDDIR>>package/debian/ros-one-catkin/opt/ros/one/share/catkin/cmake/platform/windows.cmake
-- Installing: /<<BUILDDIR>>package/debian/ros-one-catkin/opt/ros/one/share/catkin/cmake/platform/ubuntu.cmake
-- Installing: /<<BUILDDIR>>package/debian/ros-one-catkin/opt/ros/one/share/catkin/cmake/platform/lsb.cmake
-- Installing: /<<BUILDDIR>>package/debian/ros-one-catkin/opt/ros/one/share/catkin/cmake/catkin_download.cmake
-- Installing: /<<BUILDDIR>>package/debian/ros-one-catkin/opt/ros/one/share/catkin/cmake/safe_execute_process.cmake
-- Installing: /<<BUILDDIR>>package/debian/ros-one-catkin/opt/ros/one/share/catkin/cmake/catkin_package.cmake
-- Installing: /<<BUILDDIR>>package/debian/ros-one-catkin/opt/ros/one/share/catkin/cmake/find_program_required.cmake
-- Installing: /<<BUILDDIR>>package/debian/ros-one-catkin/opt/ros/one/share/catkin/cmake/catkin_generate_environment.cmake
-- Installing: /<<BUILDDIR>>package/debian/ros-one-catkin/opt/ros/one/share/catkin/cmake/catkin_libraries.cmake
-- Installing: /<<BUILDDIR>>package/debian/ros-one-catkin/opt/ros/one/share/catkin/cmake/em
-- Installing: /<<BUILDDIR>>package/debian/ros-one-catkin/opt/ros/one/share/catkin/cmake/em/order_packages.cmake.em
-- Installing: /<<BUILDDIR>>package/debian/ros-one-catkin/opt/ros/one/share/catkin/cmake/em/pkg.pc.em
-- Installing: /<<BUILDDIR>>package/debian/ros-one-catkin/opt/ros/one/share/catkin/cmake/catkin_metapackage.cmake
-- Installing: /<<BUILDDIR>>package/debian/ros-one-catkin/opt/ros/one/share/catkin/cmake/toplevel.cmake
-- Installing: /<<BUILDDIR>>package/debian/ros-one-catkin/opt/ros/one/share/catkin/cmake/catkin_add_env_hooks.cmake
+ cd /<<BUILDDIR>>package
+ mkdir -p /<<BUILDDIR>>package/debian/ros-one-catkin/opt/ros/one/lib/python3/dist-packages
+ /usr/bin/env PYTHONPATH=/opt/ros/one/lib/python3/dist-packages:/<<BUILDDIR>>package/.obj-x86_64-linux-gnu/lib/python3/dist-packages: CATKIN_BINARY_DIR=/<<BUILDDIR>>package/.obj-x86_64-linux-gnu /usr/bin/python3 /<<BUILDDIR>>package/setup.py egg_info --egg-base /<<BUILDDIR>>package/.obj-x86_64-linux-gnu build --build-base /<<BUILDDIR>>package/.obj-x86_64-linux-gnu install --root=/<<BUILDDIR>>package/debian/ros-one-catkin --install-layout=deb --prefix=/opt/ros/one --install-scripts=/opt/ros/one/bin
running egg_info
creating /<<BUILDDIR>>package/.obj-x86_64-linux-gnu/catkin.egg-info
writing /<<BUILDDIR>>package/.obj-x86_64-linux-gnu/catkin.egg-info/PKG-INFO
writing dependency_links to /<<BUILDDIR>>package/.obj-x86_64-linux-gnu/catkin.egg-info/dependency_links.txt
writing top-level names to /<<BUILDDIR>>package/.obj-x86_64-linux-gnu/catkin.egg-info/top_level.txt
writing manifest file '/<<BUILDDIR>>package/.obj-x86_64-linux-gnu/catkin.egg-info/SOURCES.txt'
reading manifest file '/<<BUILDDIR>>package/.obj-x86_64-linux-gnu/catkin.egg-info/SOURCES.txt'
adding license file 'LICENSE'
writing manifest file '/<<BUILDDIR>>package/.obj-x86_64-linux-gnu/catkin.egg-info/SOURCES.txt'
running build
running build_py
creating /<<BUILDDIR>>package/.obj-x86_64-linux-gnu/lib
creating /<<BUILDDIR>>package/.obj-x86_64-linux-gnu/lib/catkin
copying python/catkin/environment_cache.py -> /<<BUILDDIR>>package/.obj-x86_64-linux-gnu/lib/catkin
copying python/catkin/workspace.py -> /<<BUILDDIR>>package/.obj-x86_64-linux-gnu/lib/catkin
copying python/catkin/builder.py -> /<<BUILDDIR>>package/.obj-x86_64-linux-gnu/lib/catkin
copying python/catkin/tidy_xml.py -> /<<BUILDDIR>>package/.obj-x86_64-linux-gnu/lib/catkin
copying python/catkin/__init__.py -> /<<BUILDDIR>>package/.obj-x86_64-linux-gnu/lib/catkin
copying python/catkin/workspace_vcs.py -> /<<BUILDDIR>>package/.obj-x86_64-linux-gnu/lib/catkin
copying python/catkin/test_results.py -> /<<BUILDDIR>>package/.obj-x86_64-linux-gnu/lib/catkin
copying python/catkin/find_in_workspaces.py -> /<<BUILDDIR>>package/.obj-x86_64-linux-gnu/lib/catkin
copying python/catkin/cmake.py -> /<<BUILDDIR>>package/.obj-x86_64-linux-gnu/lib/catkin
copying python/catkin/package_version.py -> /<<BUILDDIR>>package/.obj-x86_64-linux-gnu/lib/catkin
copying python/catkin/init_workspace.py -> /<<BUILDDIR>>package/.obj-x86_64-linux-gnu/lib/catkin
copying python/catkin/terminal_color.py -> /<<BUILDDIR>>package/.obj-x86_64-linux-gnu/lib/catkin
running build_scripts
creating /<<BUILDDIR>>package/.obj-x86_64-linux-gnu/scripts-3.11
copying and adjusting bin/catkin_find -> /<<BUILDDIR>>package/.obj-x86_64-linux-gnu/scripts-3.11
copying and adjusting bin/catkin_init_workspace -> /<<BUILDDIR>>package/.obj-x86_64-linux-gnu/scripts-3.11
copying and adjusting bin/catkin_make -> /<<BUILDDIR>>package/.obj-x86_64-linux-gnu/scripts-3.11
copying and adjusting bin/catkin_make_isolated -> /<<BUILDDIR>>package/.obj-x86_64-linux-gnu/scripts-3.11
copying and adjusting bin/catkin_test_results -> /<<BUILDDIR>>package/.obj-x86_64-linux-gnu/scripts-3.11
copying and adjusting bin/catkin_topological_order -> /<<BUILDDIR>>package/.obj-x86_64-linux-gnu/scripts-3.11
changing mode of /<<BUILDDIR>>package/.obj-x86_64-linux-gnu/scripts-3.11/catkin_find from 644 to 755
changing mode of /<<BUILDDIR>>package/.obj-x86_64-linux-gnu/scripts-3.11/catkin_init_workspace from 644 to 755
changing mode of /<<BUILDDIR>>package/.obj-x86_64-linux-gnu/scripts-3.11/catkin_make from 644 to 755
changing mode of /<<BUILDDIR>>package/.obj-x86_64-linux-gnu/scripts-3.11/catkin_make_isolated from 644 to 755
changing mode of /<<BUILDDIR>>package/.obj-x86_64-linux-gnu/scripts-3.11/catkin_test_results from 644 to 755
changing mode of /<<BUILDDIR>>package/.obj-x86_64-linux-gnu/scripts-3.11/catkin_topological_order from 644 to 755
running install
/usr/lib/python3/dist-packages/setuptools/command/install.py:34: SetuptoolsDeprecationWarning: setup.py install is deprecated. Use build and pip and other standards-based tools.
  warnings.warn(
running install_lib
creating /<<BUILDDIR>>package/debian/ros-one-catkin/opt/ros/one/lib/python3/dist-packages/catkin
copying /<<BUILDDIR>>package/.obj-x86_64-linux-gnu/lib/catkin/environment_cache.py -> /<<BUILDDIR>>package/debian/ros-one-catkin/opt/ros/one/lib/python3/dist-packages/catkin
copying /<<BUILDDIR>>package/.obj-x86_64-linux-gnu/lib/catkin/workspace.py -> /<<BUILDDIR>>package/debian/ros-one-catkin/opt/ros/one/lib/python3/dist-packages/catkin
copying /<<BUILDDIR>>package/.obj-x86_64-linux-gnu/lib/catkin/builder.py -> /<<BUILDDIR>>package/debian/ros-one-catkin/opt/ros/one/lib/python3/dist-packages/catkin
copying /<<BUILDDIR>>package/.obj-x86_64-linux-gnu/lib/catkin/tidy_xml.py -> /<<BUILDDIR>>package/debian/ros-one-catkin/opt/ros/one/lib/python3/dist-packages/catkin
copying /<<BUILDDIR>>package/.obj-x86_64-linux-gnu/lib/catkin/__init__.py -> /<<BUILDDIR>>package/debian/ros-one-catkin/opt/ros/one/lib/python3/dist-packages/catkin
copying /<<BUILDDIR>>package/.obj-x86_64-linux-gnu/lib/catkin/workspace_vcs.py -> /<<BUILDDIR>>package/debian/ros-one-catkin/opt/ros/one/lib/python3/dist-packages/catkin
copying /<<BUILDDIR>>package/.obj-x86_64-linux-gnu/lib/catkin/test_results.py -> /<<BUILDDIR>>package/debian/ros-one-catkin/opt/ros/one/lib/python3/dist-packages/catkin
copying /<<BUILDDIR>>package/.obj-x86_64-linux-gnu/lib/catkin/find_in_workspaces.py -> /<<BUILDDIR>>package/debian/ros-one-catkin/opt/ros/one/lib/python3/dist-packages/catkin
copying /<<BUILDDIR>>package/.obj-x86_64-linux-gnu/lib/catkin/cmake.py -> /<<BUILDDIR>>package/debian/ros-one-catkin/opt/ros/one/lib/python3/dist-packages/catkin
copying /<<BUILDDIR>>package/.obj-x86_64-linux-gnu/lib/catkin/package_version.py -> /<<BUILDDIR>>package/debian/ros-one-catkin/opt/ros/one/lib/python3/dist-packages/catkin
copying /<<BUILDDIR>>package/.obj-x86_64-linux-gnu/lib/catkin/init_workspace.py -> /<<BUILDDIR>>package/debian/ros-one-catkin/opt/ros/one/lib/python3/dist-packages/catkin
copying /<<BUILDDIR>>package/.obj-x86_64-linux-gnu/lib/catkin/terminal_color.py -> /<<BUILDDIR>>package/debian/ros-one-catkin/opt/ros/one/lib/python3/dist-packages/catkin
byte-compiling /<<BUILDDIR>>package/debian/ros-one-catkin/opt/ros/one/lib/python3/dist-packages/catkin/environment_cache.py to environment_cache.cpython-311.pyc
byte-compiling /<<BUILDDIR>>package/debian/ros-one-catkin/opt/ros/one/lib/python3/dist-packages/catkin/workspace.py to workspace.cpython-311.pyc
byte-compiling /<<BUILDDIR>>package/debian/ros-one-catkin/opt/ros/one/lib/python3/dist-packages/catkin/builder.py to builder.cpython-311.pyc
byte-compiling /<<BUILDDIR>>package/debian/ros-one-catkin/opt/ros/one/lib/python3/dist-packages/catkin/tidy_xml.py to tidy_xml.cpython-311.pyc
byte-compiling /<<BUILDDIR>>package/debian/ros-one-catkin/opt/ros/one/lib/python3/dist-packages/catkin/__init__.py to __init__.cpython-311.pyc
byte-compiling /<<BUILDDIR>>package/debian/ros-one-catkin/opt/ros/one/lib/python3/dist-packages/catkin/workspace_vcs.py to workspace_vcs.cpython-311.pyc
byte-compiling /<<BUILDDIR>>package/debian/ros-one-catkin/opt/ros/one/lib/python3/dist-packages/catkin/test_results.py to test_results.cpython-311.pyc
byte-compiling /<<BUILDDIR>>package/debian/ros-one-catkin/opt/ros/one/lib/python3/dist-packages/catkin/find_in_workspaces.py to find_in_workspaces.cpython-311.pyc
byte-compiling /<<BUILDDIR>>package/debian/ros-one-catkin/opt/ros/one/lib/python3/dist-packages/catkin/cmake.py to cmake.cpython-311.pyc
byte-compiling /<<BUILDDIR>>package/debian/ros-one-catkin/opt/ros/one/lib/python3/dist-packages/catkin/package_version.py to package_version.cpython-311.pyc
byte-compiling /<<BUILDDIR>>package/debian/ros-one-catkin/opt/ros/one/lib/python3/dist-packages/catkin/init_workspace.py to init_workspace.cpython-311.pyc
byte-compiling /<<BUILDDIR>>package/debian/ros-one-catkin/opt/ros/one/lib/python3/dist-packages/catkin/terminal_color.py to terminal_color.cpython-311.pyc
running install_egg_info
Copying /<<BUILDDIR>>package/.obj-x86_64-linux-gnu/catkin.egg-info to /<<BUILDDIR>>package/debian/ros-one-catkin/opt/ros/one/lib/python3/dist-packages/catkin-0.8.10.egg-info
Skipping SOURCES.txt
running install_scripts
creating /<<BUILDDIR>>package/debian/ros-one-catkin/opt/ros/one/bin
copying /<<BUILDDIR>>package/.obj-x86_64-linux-gnu/scripts-3.11/catkin_make -> /<<BUILDDIR>>package/debian/ros-one-catkin/opt/ros/one/bin
copying /<<BUILDDIR>>package/.obj-x86_64-linux-gnu/scripts-3.11/catkin_init_workspace -> /<<BUILDDIR>>package/debian/ros-one-catkin/opt/ros/one/bin
copying /<<BUILDDIR>>package/.obj-x86_64-linux-gnu/scripts-3.11/catkin_test_results -> /<<BUILDDIR>>package/debian/ros-one-catkin/opt/ros/one/bin
copying /<<BUILDDIR>>package/.obj-x86_64-linux-gnu/scripts-3.11/catkin_find -> /<<BUILDDIR>>package/debian/ros-one-catkin/opt/ros/one/bin
copying /<<BUILDDIR>>package/.obj-x86_64-linux-gnu/scripts-3.11/catkin_topological_order -> /<<BUILDDIR>>package/debian/ros-one-catkin/opt/ros/one/bin
copying /<<BUILDDIR>>package/.obj-x86_64-linux-gnu/scripts-3.11/catkin_make_isolated -> /<<BUILDDIR>>package/debian/ros-one-catkin/opt/ros/one/bin
changing mode of /<<BUILDDIR>>package/debian/ros-one-catkin/opt/ros/one/bin/catkin_make to 755
changing mode of /<<BUILDDIR>>package/debian/ros-one-catkin/opt/ros/one/bin/catkin_init_workspace to 755
changing mode of /<<BUILDDIR>>package/debian/ros-one-catkin/opt/ros/one/bin/catkin_test_results to 755
changing mode of /<<BUILDDIR>>package/debian/ros-one-catkin/opt/ros/one/bin/catkin_find to 755
changing mode of /<<BUILDDIR>>package/debian/ros-one-catkin/opt/ros/one/bin/catkin_topological_order to 755
changing mode of /<<BUILDDIR>>package/debian/ros-one-catkin/opt/ros/one/bin/catkin_make_isolated to 755
make[2]: Leaving directory '/<<BUILDDIR>>package/.obj-x86_64-linux-gnu'
make[1]: Leaving directory '/<<BUILDDIR>>package'
   dh_installdocs -O-v -O--buildsystem=cmake -O--builddirectory=.obj-x86_64-linux-gnu
	install -m0755 -d debian/ros-one-catkin/usr/share/doc/ros-one-catkin
	install -p -m0644 debian/copyright debian/ros-one-catkin/usr/share/doc/ros-one-catkin/copyright
   dh_installchangelogs -O-v -O--buildsystem=cmake -O--builddirectory=.obj-x86_64-linux-gnu
	install -m0755 -d debian/ros-one-catkin/usr/share/doc/ros-one-catkin
	install -p -m0644 debian/.debhelper/generated/ros-one-catkin/dh_installchangelogs.dch.trimmed debian/ros-one-catkin/usr/share/doc/ros-one-catkin/changelog.Debian
	install -p -m0644 ./CHANGELOG.rst debian/ros-one-catkin/usr/share/doc/ros-one-catkin/changelog
   dh_installinit -O-v -O--buildsystem=cmake -O--builddirectory=.obj-x86_64-linux-gnu
   dh_perl -O-v -O--buildsystem=cmake -O--builddirectory=.obj-x86_64-linux-gnu
   dh_link -O-v -O--buildsystem=cmake -O--builddirectory=.obj-x86_64-linux-gnu
   dh_strip_nondeterminism -O-v -O--buildsystem=cmake -O--builddirectory=.obj-x86_64-linux-gnu
   dh_compress -O-v -O--buildsystem=cmake -O--builddirectory=.obj-x86_64-linux-gnu
	cd debian/ros-one-catkin
	chmod a-x usr/share/doc/ros-one-catkin/changelog usr/share/doc/ros-one-catkin/changelog.Debian
	gzip -9nf usr/share/doc/ros-one-catkin/changelog usr/share/doc/ros-one-catkin/changelog.Debian
	cd '/<<BUILDDIR>>package'
   dh_fixperms -O-v -O--buildsystem=cmake -O--builddirectory=.obj-x86_64-linux-gnu
	find debian/ros-one-catkin -true -print0 2>/dev/null | xargs -0r chown --no-dereference 0:0
	find debian/ros-one-catkin ! -type l -a -true -a -true -print0 2>/dev/null | xargs -0r chmod go=rX,u+rw,a-s
	find debian/ros-one-catkin/usr/share/doc -type f -a -true -a ! -regex 'debian/ros-one-catkin/usr/share/doc/[^/]*/examples/.*' -print0 2>/dev/null | xargs -0r chmod 0644
	find debian/ros-one-catkin/usr/share/doc -type d -a -true -a -true -print0 2>/dev/null | xargs -0r chmod 0755
	find debian/ros-one-catkin -type f \( -name '*.so.*' -o -name '*.so' -o -name '*.la' -o -name '*.a' -o -name '*.js' -o -name '*.css' -o -name '*.scss' -o -name '*.sass' -o -name '*.jpeg' -o -name '*.jpg' -o -name '*.png' -o -name '*.gif' -o -name '*.cmxs' -o -name '*.node' \) -a -true -a -true -print0 2>/dev/null | xargs -0r chmod 0644
   dh_missing -O-v -O--buildsystem=cmake -O--builddirectory=.obj-x86_64-linux-gnu
   dh_strip -O-v -O--buildsystem=cmake -O--builddirectory=.obj-x86_64-linux-gnu
   dh_makeshlibs -O-v -O--buildsystem=cmake -O--builddirectory=.obj-x86_64-linux-gnu
	rm -f debian/ros-one-catkin/DEBIAN/shlibs
	rm -f debian/ros-one-catkin.debhelper.log
   debian/rules override_dh_shlibdeps
make[1]: Entering directory '/<<BUILDDIR>>package'
# In case we're installing to a non-standard location, look for a setup.sh
# in the install tree that was dropped by catkin, and source it.  It will
# set things like CMAKE_PREFIX_PATH, PKG_CONFIG_PATH, and PYTHONPATH.
if [ -f "/opt/ros/one/setup.sh" ]; then . "/opt/ros/one/setup.sh"; fi && \
dh_shlibdeps -l/<<BUILDDIR>>package/debian/ros-one-catkin//opt/ros/one/lib/
make[1]: Leaving directory '/<<BUILDDIR>>package'
   dh_installdeb -O-v -O--buildsystem=cmake -O--builddirectory=.obj-x86_64-linux-gnu
	install -m0755 -d debian/ros-one-catkin/DEBIAN
   dh_gencontrol -O-v -O--buildsystem=cmake -O--builddirectory=.obj-x86_64-linux-gnu
	install -m0755 -d debian/ros-one-catkin/DEBIAN
	echo misc:Depends= >> debian/ros-one-catkin.substvars
	echo misc:Pre-Depends= >> debian/ros-one-catkin.substvars
	dpkg-gencontrol -pros-one-catkin -ldebian/changelog -Tdebian/ros-one-catkin.substvars -Pdebian/ros-one-catkin
dpkg-gencontrol: warning: Depends field of package ros-one-catkin: substitution variable ${shlibs:Depends} used, but is not defined
	chmod 0644 -- debian/ros-one-catkin/DEBIAN/control
	chown 0:0 -- debian/ros-one-catkin/DEBIAN/control
   dh_md5sums -O-v -O--buildsystem=cmake -O--builddirectory=.obj-x86_64-linux-gnu
	install -m0755 -d debian/ros-one-catkin/DEBIAN
	cd debian/ros-one-catkin >/dev/null && xargs -r0 md5sum | perl -pe 'if (s@^\\@@) { s/\\\\/\\/g; }' > DEBIAN/md5sums
	chmod 0644 -- debian/ros-one-catkin/DEBIAN/md5sums
	chown 0:0 -- debian/ros-one-catkin/DEBIAN/md5sums
   dh_builddeb -O-v -O--buildsystem=cmake -O--builddirectory=.obj-x86_64-linux-gnu
	dpkg-deb --build debian/ros-one-catkin ..
dpkg-deb: building package 'ros-one-catkin' in '../ros-one-catkin_0.8.10-0bookworm.20230914.0945_amd64.deb'.
 dpkg-genbuildinfo --build=binary -O../ros-one-catkin_0.8.10-0bookworm.20230914.0945_amd64.buildinfo
 dpkg-genchanges --build=binary -O../ros-one-catkin_0.8.10-0bookworm.20230914.0945_amd64.changes
dpkg-genchanges: info: binary-only upload (no source code included)
 dpkg-source --after-build .
dpkg-source: info: using options from package/debian/source/options: --auto-commit
dpkg-buildpackage: info: binary-only upload (no source included)
--------------------------------------------------------------------------------
Build finished at 2023-09-14T09:45:50Z

Finished
--------

I: Built successfully

+------------------------------------------------------------------------------+
| Changes                                                                      |
+------------------------------------------------------------------------------+


ros-one-catkin_0.8.10-0bookworm.20230914.0945_amd64.changes:
------------------------------------------------------------

Format: 1.8
Date: Thu, 14 Sep 2023 09:45:36 +0000
Source: ros-one-catkin
Binary: ros-one-catkin
Architecture: amd64
Version: 0.8.10-0bookworm.20230914.0945
Distribution: UNRELEASED
Urgency: high
Maintainer: Geoffrey Biggs <geoff@openrobotics.org>
Changed-By: Geoffrey Biggs <geoff@openrobotics.org>
Description:
 ros-one-catkin - Low-level build system macros and infrastructure for ROS.
Changes:
 ros-one-catkin (0.8.10-0bookworm.20230914.0945) UNRELEASED; urgency=high
 .
   * bookworm Append timestamp when binarydeb was built.
Checksums-Sha1:
 f80d8d05f2ebe6cd18cab55dd0bc0981141e14e4 6569 ros-one-catkin_0.8.10-0bookworm.20230914.0945_amd64.buildinfo
 6287236e767e4c7b4f0ef0e663f692c8f7f42b87 141336 ros-one-catkin_0.8.10-0bookworm.20230914.0945_amd64.deb
Checksums-Sha256:
 a3266da281795cda8e419900b213aa5317845c2b8c08443d8de8b67820cd5751 6569 ros-one-catkin_0.8.10-0bookworm.20230914.0945_amd64.buildinfo
 dcf88ec080d56208f11c8f9cc09f2883d27ffa0abd0eb4b46c46cc08da61d106 141336 ros-one-catkin_0.8.10-0bookworm.20230914.0945_amd64.deb
Files:
 8fc30ea68e7f1ce67a761a17049adebd 6569 misc optional ros-one-catkin_0.8.10-0bookworm.20230914.0945_amd64.buildinfo
 2aaa0b4554509ad2a7f981ede017d735 141336 misc optional ros-one-catkin_0.8.10-0bookworm.20230914.0945_amd64.deb

+------------------------------------------------------------------------------+
| Buildinfo                                                                    |
+------------------------------------------------------------------------------+

Format: 1.0
Source: ros-one-catkin
Binary: ros-one-catkin
Architecture: amd64
Version: 0.8.10-0bookworm.20230914.0945
Checksums-Md5:
 2aaa0b4554509ad2a7f981ede017d735 141336 ros-one-catkin_0.8.10-0bookworm.20230914.0945_amd64.deb
Checksums-Sha1:
 6287236e767e4c7b4f0ef0e663f692c8f7f42b87 141336 ros-one-catkin_0.8.10-0bookworm.20230914.0945_amd64.deb
Checksums-Sha256:
 dcf88ec080d56208f11c8f9cc09f2883d27ffa0abd0eb4b46c46cc08da61d106 141336 ros-one-catkin_0.8.10-0bookworm.20230914.0945_amd64.deb
Build-Origin: Debian
Build-Architecture: amd64
Build-Date: Thu, 14 Sep 2023 09:45:50 +0000
Build-Path: /<<BUILDDIR>>package
Build-Tainted-By:
 merged-usr-via-aliased-dirs
Installed-Build-Depends:
 autoconf (= 2.71-3),
 automake (= 1:1.16.5-1.3),
 autopoint (= 0.21-12),
 autotools-dev (= 20220109.1),
 base-files (= 12.4+deb12u1),
 base-passwd (= 3.6.1),
 bash (= 5.2.15-2+b2),
 binutils (= 2.40-2),
 binutils-common (= 2.40-2),
 binutils-x86-64-linux-gnu (= 2.40-2),
 bsdextrautils (= 2.38.1-5+b1),
 bsdutils (= 1:2.38.1-5+b1),
 build-essential (= 12.9),
 bzip2 (= 1.0.8-5+b1),
 cmake (= 3.25.1-1),
 cmake-data (= 3.25.1-1),
 coreutils (= 9.1-1),
 cpp (= 4:12.2.0-3),
 cpp-12 (= 12.2.0-14),
 dash (= 0.5.12-2),
 debconf (= 1.5.82),
 debhelper (= 13.11.4),
 debianutils (= 5.7-0.4),
 dh-autoreconf (= 20),
 dh-strip-nondeterminism (= 1.13.1-1),
 diffutils (= 1:3.8-4),
 docutils-common (= 0.19+dfsg-6),
 dpkg (= 1.21.22),
 dpkg-dev (= 1.21.22),
 dwz (= 0.15-1),
 file (= 1:5.44-3),
 findutils (= 4.9.0-4),
 g++ (= 4:12.2.0-3),
 g++-12 (= 12.2.0-14),
 gcc (= 4:12.2.0-3),
 gcc-12 (= 12.2.0-14),
 gcc-12-base (= 12.2.0-14),
 gettext (= 0.21-12),
 gettext-base (= 0.21-12),
 grep (= 3.8-5),
 groff-base (= 1.22.4-10),
 gzip (= 1.12-1),
 hostname (= 3.23+nmu1),
 init-system-helpers (= 1.65.2),
 intltool-debian (= 0.35.0+20060710.6),
 libacl1 (= 2.3.1-3),
 libarchive-zip-perl (= 1.68-1),
 libarchive13 (= 3.6.2-1),
 libasan8 (= 12.2.0-14),
 libatomic1 (= 12.2.0-14),
 libattr1 (= 1:2.5.1-4),
 libaudit-common (= 1:3.0.9-1),
 libaudit1 (= 1:3.0.9-1),
 libbinutils (= 2.40-2),
 libblkid1 (= 2.38.1-5+b1),
 libbrotli1 (= 1.0.9-2+b6),
 libbz2-1.0 (= 1.0.8-5+b1),
 libc-bin (= 2.36-9+deb12u1),
 libc-dev-bin (= 2.36-9+deb12u1),
 libc6 (= 2.36-9+deb12u1),
 libc6-dev (= 2.36-9+deb12u1),
 libcap-ng0 (= 0.8.3-1+b3),
 libcap2 (= 1:2.66-4),
 libcc1-0 (= 12.2.0-14),
 libcom-err2 (= 1.47.0-2),
 libcrypt-dev (= 1:4.4.33-2),
 libcrypt1 (= 1:4.4.33-2),
 libctf-nobfd0 (= 2.40-2),
 libctf0 (= 2.40-2),
 libcurl4 (= 7.88.1-10),
 libdb5.3 (= 5.3.28+dfsg2-1),
 libdebconfclient0 (= 0.270),
 libdebhelper-perl (= 13.11.4),
 libdpkg-perl (= 1.21.22),
 libelf1 (= 0.188-2.1),
 libexpat1 (= 2.5.0-1),
 libffi8 (= 3.4.4-1),
 libfile-find-rule-perl (= 0.34-3),
 libfile-stripnondeterminism-perl (= 1.13.1-1),
 libgcc-12-dev (= 12.2.0-14),
 libgcc-s1 (= 12.2.0-14),
 libgcrypt20 (= 1.10.1-3),
 libgdbm-compat4 (= 1.23-3),
 libgdbm6 (= 1.23-3),
 libgmp10 (= 2:6.2.1+dfsg1-1.1),
 libgnutls30 (= 3.7.9-2),
 libgomp1 (= 12.2.0-14),
 libgpg-error0 (= 1.46-1),
 libgprofng0 (= 2.40-2),
 libgssapi-krb5-2 (= 1.20.1-2),
 libhogweed6 (= 3.8.1-2),
 libicu72 (= 72.1-3),
 libidn2-0 (= 2.3.3-1+b1),
 libisl23 (= 0.25-1),
 libitm1 (= 12.2.0-14),
 libjansson4 (= 2.14-2),
 libjsoncpp25 (= 1.9.5-4),
 libk5crypto3 (= 1.20.1-2),
 libkeyutils1 (= 1.6.3-2),
 libkrb5-3 (= 1.20.1-2),
 libkrb5support0 (= 1.20.1-2),
 libldap-2.5-0 (= 2.5.13+dfsg-5),
 liblsan0 (= 12.2.0-14),
 liblz4-1 (= 1.9.4-1),
 liblzma5 (= 5.4.1-0.2),
 libmagic-mgc (= 1:5.44-3),
 libmagic1 (= 1:5.44-3),
 libmd0 (= 1.0.4-2),
 libmount1 (= 2.38.1-5+b1),
 libmpc3 (= 1.3.1-1),
 libmpfr6 (= 4.2.0-1),
 libncursesw6 (= 6.4-4),
 libnettle8 (= 3.8.1-2),
 libnghttp2-14 (= 1.52.0-1),
 libnsl-dev (= 1.3.0-2),
 libnsl2 (= 1.3.0-2),
 libnumber-compare-perl (= 0.03-3),
 libp11-kit0 (= 0.24.1-2),
 libpam-modules (= 1.5.2-6),
 libpam-modules-bin (= 1.5.2-6),
 libpam-runtime (= 1.5.2-6),
 libpam0g (= 1.5.2-6),
 libpcre2-8-0 (= 10.42-1),
 libperl5.36 (= 5.36.0-7),
 libpipeline1 (= 1.5.7-1),
 libproc2-0 (= 2:4.0.2-3),
 libpsl5 (= 0.21.2-1),
 libpython3-stdlib (= 3.11.2-1+b1),
 libpython3.11-minimal (= 3.11.2-6),
 libpython3.11-stdlib (= 3.11.2-6),
 libquadmath0 (= 12.2.0-14),
 libreadline8 (= 8.2-1.3),
 librhash0 (= 1.4.3-3),
 librtmp1 (= 2.4+20151223.gitfa8646d.1-2+b2),
 libsasl2-2 (= 2.1.28+dfsg-10),
 libsasl2-modules-db (= 2.1.28+dfsg-10),
 libseccomp2 (= 2.5.4-1+b3),
 libselinux1 (= 3.4-1+b6),
 libsmartcols1 (= 2.38.1-5+b1),
 libsqlite3-0 (= 3.40.1-2),
 libssh2-1 (= 1.10.0-3+b1),
 libssl3 (= 3.0.9-1),
 libstdc++-12-dev (= 12.2.0-14),
 libstdc++6 (= 12.2.0-14),
 libsub-override-perl (= 0.09-4),
 libsystemd0 (= 252.12-1~deb12u1),
 libtasn1-6 (= 4.19.0-2),
 libtext-glob-perl (= 0.11-3),
 libtinfo6 (= 6.4-4),
 libtirpc-common (= 1.3.3+ds-1),
 libtirpc-dev (= 1.3.3+ds-1),
 libtirpc3 (= 1.3.3+ds-1),
 libtool (= 2.4.7-5),
 libtsan2 (= 12.2.0-14),
 libubsan1 (= 12.2.0-14),
 libuchardet0 (= 0.0.7-1),
 libudev1 (= 252.12-1~deb12u1),
 libunistring2 (= 1.0-2),
 libuuid1 (= 2.38.1-5+b1),
 libuv1 (= 1.44.2-1),
 libxml2 (= 2.9.14+dfsg-1.3~deb12u1),
 libzstd1 (= 1.5.4+dfsg2-5),
 linux-libc-dev (= 6.1.38-1),
 login (= 1:4.13+dfsg1-1+b1),
 m4 (= 1.4.19-3),
 make (= 4.3-4.1),
 man-db (= 2.11.2-2),
 mawk (= 1.3.4.20200120-3.1),
 media-types (= 10.0.0),
 ncurses-base (= 6.4-4),
 ncurses-bin (= 6.4-4),
 patch (= 2.7.6-7),
 perl (= 5.36.0-7),
 perl-base (= 5.36.0-7),
 perl-modules-5.36 (= 5.36.0-7),
 po-debconf (= 1.0.21+nmu1),
 procps (= 2:4.0.2-3),
 python3 (= 3.11.2-1+b1),
 python3-catkin-pkg (= 1.0.0-100),
 python3-catkin-pkg-modules (= 1.0.0-1),
 python3-dateutil (= 2.8.2-2),
 python3-distutils (= 3.11.2-3),
 python3-docutils (= 0.19+dfsg-6),
 python3-empy (= 3.3.4-2),
 python3-lib2to3 (= 3.11.2-3),
 python3-minimal (= 3.11.2-1+b1),
 python3-mock (= 4.0.3-4),
 python3-nose (= 1.3.7-9),
 python3-pbr (= 5.10.0-2),
 python3-pkg-resources (= 66.1.1-1),
 python3-pyparsing (= 3.0.9-1),
 python3-roman (= 3.3-3),
 python3-setuptools (= 66.1.1-1),
 python3-six (= 1.16.0-4),
 python3.11 (= 3.11.2-6),
 python3.11-minimal (= 3.11.2-6),
 readline-common (= 8.2-1.3),
 rpcsvc-proto (= 1.4.3-1),
 sed (= 4.9-1),
 sensible-utils (= 0.0.17+nmu1),
 sgml-base (= 1.31),
 sysvinit-utils (= 3.06-4),
 tar (= 1.34+dfsg-1.2),
 tzdata (= 2023c-5),
 usrmerge (= 35),
 util-linux (= 2.38.1-5+b1),
 util-linux-extra (= 2.38.1-5+b1),
 xml-core (= 0.18+nmu1),
 xz-utils (= 5.4.1-0.2),
 zlib1g (= 1:1.2.13.dfsg-1)
Environment:
 DEB_BUILD_OPTIONS="nocheck parallel=2"
 LANG="C.UTF-8"
 LC_ALL="C.UTF-8"
 LC_COLLATE="C.UTF-8"
 SOURCE_DATE_EPOCH="1694684736"


+------------------------------------------------------------------------------+
| Package contents                                                             |
+------------------------------------------------------------------------------+


ros-one-catkin_0.8.10-0bookworm.20230914.0945_amd64.deb
-------------------------------------------------------

 new Debian package, version 2.0.
 size 141336 bytes: control archive=4504 bytes.
     418 bytes,    10 lines      control              
   13553 bytes,   150 lines      md5sums              
 Package: ros-one-catkin
 Version: 0.8.10-0bookworm.20230914.0945
 Architecture: amd64
 Maintainer: Geoffrey Biggs <geoff@openrobotics.org>
 Installed-Size: 712
 Depends: cmake, google-mock, libgtest-dev, python3-catkin-pkg (>> 0.4.3), python3-empy, python3-nose, python3-setuptools
 Section: misc
 Priority: optional
 Homepage: http://wiki.ros.org/catkin
 Description: Low-level build system macros and infrastructure for ROS.

drwxr-xr-x root/root         0 2023-09-14 09:45 ./
drwxr-xr-x root/root         0 2023-09-14 09:45 ./opt/
drwxr-xr-x root/root         0 2023-09-14 09:45 ./opt/ros/
drwxr-xr-x root/root         0 2023-09-14 09:45 ./opt/ros/one/
-rw-r--r-- root/root         0 2023-09-14 09:45 ./opt/ros/one/.catkin
-rw-r--r-- root/root        52 2023-09-14 09:45 ./opt/ros/one/.rosinstall
-rwxr-xr-x root/root     13306 2023-09-14 09:45 ./opt/ros/one/_setup_util.py
drwxr-xr-x root/root         0 2023-09-14 09:45 ./opt/ros/one/bin/
-rwxr-xr-x root/root      2808 2023-09-14 09:45 ./opt/ros/one/bin/catkin_find
-rwxr-xr-x root/root      1087 2023-09-14 09:45 ./opt/ros/one/bin/catkin_init_workspace
-rwxr-xr-x root/root     15225 2023-09-14 09:45 ./opt/ros/one/bin/catkin_make
-rwxr-xr-x root/root      8240 2023-09-14 09:45 ./opt/ros/one/bin/catkin_make_isolated
-rwxr-xr-x root/root      1890 2023-09-14 09:45 ./opt/ros/one/bin/catkin_test_results
-rwxr-xr-x root/root      2417 2023-09-14 09:45 ./opt/ros/one/bin/catkin_topological_order
-rwxr-xr-x root/root       506 2023-09-14 09:45 ./opt/ros/one/env.sh
drwxr-xr-x root/root         0 2023-09-14 09:45 ./opt/ros/one/etc/
drwxr-xr-x root/root         0 2023-09-14 09:45 ./opt/ros/one/etc/catkin/
drwxr-xr-x root/root         0 2023-09-14 09:45 ./opt/ros/one/etc/catkin/profile.d/
-rw-r--r-- root/root      2873 2023-09-14 09:45 ./opt/ros/one/etc/catkin/profile.d/05.catkin_make.bash
-rw-r--r-- root/root      2786 2023-09-14 09:45 ./opt/ros/one/etc/catkin/profile.d/05.catkin_make_isolated.bash
drwxr-xr-x root/root         0 2023-09-14 09:45 ./opt/ros/one/lib/
drwxr-xr-x root/root         0 2023-09-14 09:45 ./opt/ros/one/lib/pkgconfig/
-rw-r--r-- root/root       128 2023-09-14 09:45 ./opt/ros/one/lib/pkgconfig/catkin.pc
drwxr-xr-x root/root         0 2023-09-14 09:45 ./opt/ros/one/lib/python3/
drwxr-xr-x root/root         0 2023-09-14 09:45 ./opt/ros/one/lib/python3/dist-packages/
drwxr-xr-x root/root         0 2023-09-14 09:45 ./opt/ros/one/lib/python3/dist-packages/catkin-0.8.10.egg-info/
-rw-r--r-- root/root       447 2023-09-14 09:45 ./opt/ros/one/lib/python3/dist-packages/catkin-0.8.10.egg-info/PKG-INFO
-rw-r--r-- root/root         1 2023-09-14 09:45 ./opt/ros/one/lib/python3/dist-packages/catkin-0.8.10.egg-info/dependency_links.txt
-rw-r--r-- root/root         7 2023-09-14 09:45 ./opt/ros/one/lib/python3/dist-packages/catkin-0.8.10.egg-info/top_level.txt
drwxr-xr-x root/root         0 2023-09-14 09:45 ./opt/ros/one/lib/python3/dist-packages/catkin/
-rw-r--r-- root/root         0 2023-09-14 09:45 ./opt/ros/one/lib/python3/dist-packages/catkin/__init__.py
drwxr-xr-x root/root         0 2023-09-14 09:45 ./opt/ros/one/lib/python3/dist-packages/catkin/__pycache__/
-rw-r--r-- root/root       166 2023-09-14 09:45 ./opt/ros/one/lib/python3/dist-packages/catkin/__pycache__/__init__.cpython-311.pyc
-rw-r--r-- root/root     64679 2023-09-14 09:45 ./opt/ros/one/lib/python3/dist-packages/catkin/__pycache__/builder.cpython-311.pyc
-rw-r--r-- root/root      1228 2023-09-14 09:45 ./opt/ros/one/lib/python3/dist-packages/catkin/__pycache__/cmake.cpython-311.pyc
-rw-r--r-- root/root      4497 2023-09-14 09:45 ./opt/ros/one/lib/python3/dist-packages/catkin/__pycache__/environment_cache.cpython-311.pyc
-rw-r--r-- root/root      6883 2023-09-14 09:45 ./opt/ros/one/lib/python3/dist-packages/catkin/__pycache__/find_in_workspaces.cpython-311.pyc
-rw-r--r-- root/root      5708 2023-09-14 09:45 ./opt/ros/one/lib/python3/dist-packages/catkin/__pycache__/init_workspace.cpython-311.pyc
-rw-r--r-- root/root       224 2023-09-14 09:45 ./opt/ros/one/lib/python3/dist-packages/catkin/__pycache__/package_version.cpython-311.pyc
-rw-r--r-- root/root       222 2023-09-14 09:45 ./opt/ros/one/lib/python3/dist-packages/catkin/__pycache__/terminal_color.cpython-311.pyc
-rw-r--r-- root/root     13082 2023-09-14 09:45 ./opt/ros/one/lib/python3/dist-packages/catkin/__pycache__/test_results.cpython-311.pyc
-rw-r--r-- root/root      3450 2023-09-14 09:45 ./opt/ros/one/lib/python3/dist-packages/catkin/__pycache__/tidy_xml.cpython-311.pyc
-rw-r--r-- root/root      2757 2023-09-14 09:45 ./opt/ros/one/lib/python3/dist-packages/catkin/__pycache__/workspace.cpython-311.pyc
-rw-r--r-- root/root       220 2023-09-14 09:45 ./opt/ros/one/lib/python3/dist-packages/catkin/__pycache__/workspace_vcs.cpython-311.pyc
-rw-r--r-- root/root     51101 2023-09-14 09:45 ./opt/ros/one/lib/python3/dist-packages/catkin/builder.py
-rw-r--r-- root/root      2165 2023-09-14 09:45 ./opt/ros/one/lib/python3/dist-packages/catkin/cmake.py
-rw-r--r-- root/root      4393 2023-09-14 09:45 ./opt/ros/one/lib/python3/dist-packages/catkin/environment_cache.py
-rw-r--r-- root/root      8290 2023-09-14 09:45 ./opt/ros/one/lib/python3/dist-packages/catkin/find_in_workspaces.py
-rw-r--r-- root/root      6058 2023-09-14 09:45 ./opt/ros/one/lib/python3/dist-packages/catkin/init_workspace.py
-rw-r--r-- root/root        78 2023-09-14 09:45 ./opt/ros/one/lib/python3/dist-packages/catkin/package_version.py
-rw-r--r-- root/root        77 2023-09-14 09:45 ./opt/ros/one/lib/python3/dist-packages/catkin/terminal_color.py
-rw-r--r-- root/root     11501 2023-09-14 09:45 ./opt/ros/one/lib/python3/dist-packages/catkin/test_results.py
-rw-r--r-- root/root      3402 2023-09-14 09:45 ./opt/ros/one/lib/python3/dist-packages/catkin/tidy_xml.py
-rw-r--r-- root/root      2956 2023-09-14 09:45 ./opt/ros/one/lib/python3/dist-packages/catkin/workspace.py
-rw-r--r-- root/root        76 2023-09-14 09:45 ./opt/ros/one/lib/python3/dist-packages/catkin/workspace_vcs.py
-rw-r--r-- root/root       283 2023-09-14 09:45 ./opt/ros/one/local_setup.bash
-rw-r--r-- root/root       398 2023-09-14 09:45 ./opt/ros/one/local_setup.fish
-rw-r--r-- root/root       343 2023-09-14 09:45 ./opt/ros/one/local_setup.sh
-rw-r--r-- root/root       293 2023-09-14 09:45 ./opt/ros/one/local_setup.zsh
-rw-r--r-- root/root       260 2023-09-14 09:45 ./opt/ros/one/setup.bash
-rw-r--r-- root/root      3676 2023-09-14 09:45 ./opt/ros/one/setup.fish
-rw-r--r-- root/root      2769 2023-09-14 09:45 ./opt/ros/one/setup.sh
-rw-r--r-- root/root       270 2023-09-14 09:45 ./opt/ros/one/setup.zsh
drwxr-xr-x root/root         0 2023-09-14 09:45 ./opt/ros/one/share/
drwxr-xr-x root/root         0 2023-09-14 09:45 ./opt/ros/one/share/catkin/
-rw-r--r-- root/root      1439 2023-09-14 09:45 ./opt/ros/one/share/catkin/LICENSE
drwxr-xr-x root/root         0 2023-09-14 09:45 ./opt/ros/one/share/catkin/catkin_env_hook/
-rw-r--r-- root/root      2873 2023-09-14 09:45 ./opt/ros/one/share/catkin/catkin_env_hook/05.catkin_make.bash
-rw-r--r-- root/root      2786 2023-09-14 09:45 ./opt/ros/one/share/catkin/catkin_env_hook/05.catkin_make_isolated.bash
drwxr-xr-x root/root         0 2023-09-14 09:45 ./opt/ros/one/share/catkin/cmake/
-rw-r--r-- root/root      8285 2023-09-14 09:45 ./opt/ros/one/share/catkin/cmake/all.cmake
-rw-r--r-- root/root       790 2023-09-14 09:45 ./opt/ros/one/share/catkin/cmake/assert.cmake
-rw-r--r-- root/root       551 2023-09-14 09:45 ./opt/ros/one/share/catkin/cmake/atomic_configure_file.cmake
-rw-r--r-- root/root       427 2023-09-14 09:45 ./opt/ros/one/share/catkin/cmake/catkinConfig-version.cmake
-rw-r--r-- root/root      5388 2023-09-14 09:45 ./opt/ros/one/share/catkin/cmake/catkinConfig.cmake
-rw-r--r-- root/root      6268 2023-09-14 09:45 ./opt/ros/one/share/catkin/cmake/catkin_add_env_hooks.cmake
-rw-r--r-- root/root      3078 2023-09-14 09:45 ./opt/ros/one/share/catkin/cmake/catkin_destinations.cmake
-rw-r--r-- root/root      2273 2023-09-14 09:45 ./opt/ros/one/share/catkin/cmake/catkin_download.cmake
-rw-r--r-- root/root      5506 2023-09-14 09:45 ./opt/ros/one/share/catkin/cmake/catkin_generate_environment.cmake
-rw-r--r-- root/root      4132 2023-09-14 09:45 ./opt/ros/one/share/catkin/cmake/catkin_install_python.cmake
-rw-r--r-- root/root      7383 2023-09-14 09:45 ./opt/ros/one/share/catkin/cmake/catkin_libraries.cmake
-rw-r--r-- root/root      1652 2023-09-14 09:45 ./opt/ros/one/share/catkin/cmake/catkin_metapackage.cmake
-rw-r--r-- root/root     25423 2023-09-14 09:45 ./opt/ros/one/share/catkin/cmake/catkin_package.cmake
-rw-r--r-- root/root      3578 2023-09-14 09:45 ./opt/ros/one/share/catkin/cmake/catkin_package_xml.cmake
-rw-r--r-- root/root      8171 2023-09-14 09:45 ./opt/ros/one/share/catkin/cmake/catkin_python_setup.cmake
-rw-r--r-- root/root      2132 2023-09-14 09:45 ./opt/ros/one/share/catkin/cmake/catkin_symlink_install.cmake
-rw-r--r-- root/root      6581 2023-09-14 09:45 ./opt/ros/one/share/catkin/cmake/catkin_workspace.cmake
-rw-r--r-- root/root       437 2023-09-14 09:45 ./opt/ros/one/share/catkin/cmake/custom_install.cmake
-rw-r--r-- root/root       362 2023-09-14 09:45 ./opt/ros/one/share/catkin/cmake/debug_message.cmake
drwxr-xr-x root/root         0 2023-09-14 09:45 ./opt/ros/one/share/catkin/cmake/em/
-rw-r--r-- root/root      2898 2023-09-14 09:45 ./opt/ros/one/share/catkin/cmake/em/order_packages.cmake.em
-rw-r--r-- root/root       332 2023-09-14 09:45 ./opt/ros/one/share/catkin/cmake/em/pkg.pc.em
-rw-r--r-- root/root      1155 2023-09-14 09:45 ./opt/ros/one/share/catkin/cmake/em_expand.cmake
-rw-r--r-- root/root      1763 2023-09-14 09:45 ./opt/ros/one/share/catkin/cmake/empy.cmake
drwxr-xr-x root/root         0 2023-09-14 09:45 ./opt/ros/one/share/catkin/cmake/env-hooks/
-rw-r--r-- root/root      2873 2023-09-14 09:45 ./opt/ros/one/share/catkin/cmake/env-hooks/05.catkin_make.bash
-rw-r--r-- root/root      2786 2023-09-14 09:45 ./opt/ros/one/share/catkin/cmake/env-hooks/05.catkin_make_isolated.bash
-rw-r--r-- root/root       448 2023-09-14 09:45 ./opt/ros/one/share/catkin/cmake/find_program_required.cmake
-rw-r--r-- root/root     10325 2023-09-14 09:45 ./opt/ros/one/share/catkin/cmake/interrogate_setup_dot_py.py
-rw-r--r-- root/root       174 2023-09-14 09:45 ./opt/ros/one/share/catkin/cmake/legacy.cmake
-rw-r--r-- root/root       480 2023-09-14 09:45 ./opt/ros/one/share/catkin/cmake/list_append_deduplicate.cmake
-rw-r--r-- root/root       470 2023-09-14 09:45 ./opt/ros/one/share/catkin/cmake/list_append_unique.cmake
-rw-r--r-- root/root      1182 2023-09-14 09:45 ./opt/ros/one/share/catkin/cmake/list_insert_in_workspace_order.cmake
-rw-r--r-- root/root      1720 2023-09-14 09:45 ./opt/ros/one/share/catkin/cmake/order_paths.py
-rw-r--r-- root/root      5027 2023-09-14 09:45 ./opt/ros/one/share/catkin/cmake/parse_package_xml.py
drwxr-xr-x root/root         0 2023-09-14 09:45 ./opt/ros/one/share/catkin/cmake/platform/
-rw-r--r-- root/root      1012 2023-09-14 09:45 ./opt/ros/one/share/catkin/cmake/platform/lsb.cmake
-rw-r--r-- root/root        84 2023-09-14 09:45 ./opt/ros/one/share/catkin/cmake/platform/ubuntu.cmake
-rw-r--r-- root/root      6752 2023-09-14 09:45 ./opt/ros/one/share/catkin/cmake/platform/windows.cmake
-rw-r--r-- root/root      1918 2023-09-14 09:45 ./opt/ros/one/share/catkin/cmake/python.cmake
-rw-r--r-- root/root       366 2023-09-14 09:45 ./opt/ros/one/share/catkin/cmake/safe_execute_process.cmake
-rw-r--r-- root/root       434 2023-09-14 09:45 ./opt/ros/one/share/catkin/cmake/shell.cmake
-rw-r--r-- root/root       433 2023-09-14 09:45 ./opt/ros/one/share/catkin/cmake/stamp.cmake
-rw-r--r-- root/root       590 2023-09-14 09:45 ./opt/ros/one/share/catkin/cmake/string_starts_with.cmake
drwxr-xr-x root/root         0 2023-09-14 09:45 ./opt/ros/one/share/catkin/cmake/symlink_install/
-rw-r--r-- root/root      1422 2023-09-14 09:45 ./opt/ros/one/share/catkin/cmake/symlink_install/catkin_install_logic.cmake
-rw-r--r-- root/root     10557 2023-09-14 09:45 ./opt/ros/one/share/catkin/cmake/symlink_install/catkin_symlink_install.cmake.in
-rw-r--r-- root/root      1225 2023-09-14 09:45 ./opt/ros/one/share/catkin/cmake/symlink_install/catkin_symlink_install_append_install_code.cmake
-rw-r--r-- root/root      2598 2023-09-14 09:45 ./opt/ros/one/share/catkin/cmake/symlink_install/catkin_symlink_install_directory.cmake
-rw-r--r-- root/root      1704 2023-09-14 09:45 ./opt/ros/one/share/catkin/cmake/symlink_install/catkin_symlink_install_files.cmake
-rw-r--r-- root/root      1753 2023-09-14 09:45 ./opt/ros/one/share/catkin/cmake/symlink_install/catkin_symlink_install_programs.cmake
-rw-r--r-- root/root      4245 2023-09-14 09:45 ./opt/ros/one/share/catkin/cmake/symlink_install/catkin_symlink_install_targets.cmake
-rw-r--r-- root/root        65 2023-09-14 09:45 ./opt/ros/one/share/catkin/cmake/symlink_install/install.cmake
drwxr-xr-x root/root         0 2023-09-14 09:45 ./opt/ros/one/share/catkin/cmake/templates/
-rw-r--r-- root/root     66535 2023-09-14 09:45 ./opt/ros/one/share/catkin/cmake/templates/Doxyfile.in
-rw-r--r-- root/root      1001 2023-09-14 09:45 ./opt/ros/one/share/catkin/cmake/templates/__init__.py.in
-rwxr-xr-x root/root     13257 2023-09-14 09:45 ./opt/ros/one/share/catkin/cmake/templates/_setup_util.py.in
-rw-r--r-- root/root      1580 2023-09-14 09:45 ./opt/ros/one/share/catkin/cmake/templates/cfg-extras.context.py.in
-rw-r--r-- root/root      1562 2023-09-14 09:45 ./opt/ros/one/share/catkin/cmake/templates/env-hook.context.py.in
-rw-r--r-- root/root       306 2023-09-14 09:45 ./opt/ros/one/share/catkin/cmake/templates/env.bat.in
-rwxr-xr-x root/root       528 2023-09-14 09:45 ./opt/ros/one/share/catkin/cmake/templates/env.sh.in
-rw-r--r-- root/root      1221 2023-09-14 09:45 ./opt/ros/one/share/catkin/cmake/templates/generate_cached_setup.py.in
-rw-r--r-- root/root       283 2023-09-14 09:45 ./opt/ros/one/share/catkin/cmake/templates/local_setup.bash.in
-rw-r--r-- root/root       180 2023-09-14 09:45 ./opt/ros/one/share/catkin/cmake/templates/local_setup.bat.in
-rw-r--r-- root/root       397 2023-09-14 09:45 ./opt/ros/one/share/catkin/cmake/templates/local_setup.fish.in
-rw-r--r-- root/root       342 2023-09-14 09:45 ./opt/ros/one/share/catkin/cmake/templates/local_setup.sh.in
-rw-r--r-- root/root       293 2023-09-14 09:45 ./opt/ros/one/share/catkin/cmake/templates/local_setup.zsh.in
-rw-r--r-- root/root       431 2023-09-14 09:45 ./opt/ros/one/share/catkin/cmake/templates/order_packages.context.py.in
-rw-r--r-- root/root       561 2023-09-14 09:45 ./opt/ros/one/share/catkin/cmake/templates/pkg.context.pc.in
-rw-r--r-- root/root       438 2023-09-14 09:45 ./opt/ros/one/share/catkin/cmake/templates/pkgConfig-version.cmake.in
-rw-r--r-- root/root      9534 2023-09-14 09:45 ./opt/ros/one/share/catkin/cmake/templates/pkgConfig.cmake.in
-rw-r--r-- root/root       917 2023-09-14 09:45 ./opt/ros/one/share/catkin/cmake/templates/python_distutils_install.bat.in
-rwxr-xr-x root/root      1168 2023-09-14 09:45 ./opt/ros/one/share/catkin/cmake/templates/python_distutils_install.sh.in
-rw-r--r-- root/root      8077 2023-09-14 09:45 ./opt/ros/one/share/catkin/cmake/templates/python_win32_wrapper.cpp.in
-rw-r--r-- root/root       492 2023-09-14 09:45 ./opt/ros/one/share/catkin/cmake/templates/relay.py.in
-rw-r--r-- root/root        51 2023-09-14 09:45 ./opt/ros/one/share/catkin/cmake/templates/rosinstall.in
-rw-r--r-- root/root       179 2023-09-14 09:45 ./opt/ros/one/share/catkin/cmake/templates/safe_execute_install.cmake.in
-rwxr-xr-x root/root        97 2023-09-14 09:45 ./opt/ros/one/share/catkin/cmake/templates/script.bash.in
-rw-r--r-- root/root        90 2023-09-14 09:45 ./opt/ros/one/share/catkin/cmake/templates/script.bat.in
-rwxr-xr-x root/root         9 2023-09-14 09:45 ./opt/ros/one/share/catkin/cmake/templates/script.in
-rwxr-xr-x root/root       515 2023-09-14 09:45 ./opt/ros/one/share/catkin/cmake/templates/script.py.in
-rwxr-xr-x root/root        92 2023-09-14 09:45 ./opt/ros/one/share/catkin/cmake/templates/script.sh.in
-rw-r--r-- root/root       260 2023-09-14 09:45 ./opt/ros/one/share/catkin/cmake/templates/setup.bash.in
-rw-r--r-- root/root      2089 2023-09-14 09:45 ./opt/ros/one/share/catkin/cmake/templates/setup.bat.in
-rw-r--r-- root/root      3675 2023-09-14 09:45 ./opt/ros/one/share/catkin/cmake/templates/setup.fish.in
-rw-r--r-- root/root      2768 2023-09-14 09:45 ./opt/ros/one/share/catkin/cmake/templates/setup.sh.in
-rw-r--r-- root/root       270 2023-09-14 09:45 ./opt/ros/one/share/catkin/cmake/templates/setup.zsh.in
drwxr-xr-x root/root         0 2023-09-14 09:45 ./opt/ros/one/share/catkin/cmake/test/
-rw-r--r-- root/root      1479 2023-09-14 09:45 ./opt/ros/one/share/catkin/cmake/test/catkin_download_test_data.cmake
-rw-r--r-- root/root      5773 2023-09-14 09:45 ./opt/ros/one/share/catkin/cmake/test/download_checkmd5.py
-rw-r--r-- root/root     20621 2023-09-14 09:45 ./opt/ros/one/share/catkin/cmake/test/gtest.cmake
-rw-r--r-- root/root      4686 2023-09-14 09:45 ./opt/ros/one/share/catkin/cmake/test/nosetests.cmake
-rw-r--r-- root/root       935 2023-09-14 09:45 ./opt/ros/one/share/catkin/cmake/test/remove_test_results.py
-rw-r--r-- root/root      1500 2023-09-14 09:45 ./opt/ros/one/share/catkin/cmake/test/run_tests.py
-rw-r--r-- root/root      8576 2023-09-14 09:45 ./opt/ros/one/share/catkin/cmake/test/tests.cmake
drwxr-xr-x root/root         0 2023-09-14 09:45 ./opt/ros/one/share/catkin/cmake/tools/
-rw-r--r-- root/root      1601 2023-09-14 09:45 ./opt/ros/one/share/catkin/cmake/tools/bz2.cmake
-rw-r--r-- root/root      2618 2023-09-14 09:45 ./opt/ros/one/share/catkin/cmake/tools/doxygen.cmake
-rw-r--r-- root/root       847 2023-09-14 09:45 ./opt/ros/one/share/catkin/cmake/tools/libraries.cmake
-rw-r--r-- root/root      2475 2023-09-14 09:45 ./opt/ros/one/share/catkin/cmake/tools/rt.cmake
-rw-r--r-- root/root      1683 2023-09-14 09:45 ./opt/ros/one/share/catkin/cmake/tools/threads.cmake
-rw-r--r-- root/root      2179 2023-09-14 09:45 ./opt/ros/one/share/catkin/cmake/toplevel.cmake
-rw-r--r-- root/root      2453 2023-09-14 09:45 ./opt/ros/one/share/catkin/package.xml
drwxr-xr-x root/root         0 2023-09-14 09:45 ./usr/
drwxr-xr-x root/root         0 2023-09-14 09:45 ./usr/share/
drwxr-xr-x root/root         0 2023-09-14 09:45 ./usr/share/doc/
drwxr-xr-x root/root         0 2023-09-14 09:45 ./usr/share/doc/ros-one-catkin/
-rw-r--r-- root/root      2427 2023-09-14 09:45 ./usr/share/doc/ros-one-catkin/changelog.Debian.gz
-rw-r--r-- root/root     12002 2023-09-14 09:45 ./usr/share/doc/ros-one-catkin/changelog.gz
-rw-r--r-- root/root       368 2023-09-14 09:45 ./usr/share/doc/ros-one-catkin/copyright


+------------------------------------------------------------------------------+
| Post Build                                                                   |
+------------------------------------------------------------------------------+


+------------------------------------------------------------------------------+
| Cleanup                                                                      |
+------------------------------------------------------------------------------+

Purging /<<BUILDDIR>>
Not cleaning session: cloned chroot in use

+------------------------------------------------------------------------------+
| Summary                                                                      |
+------------------------------------------------------------------------------+

Build Architecture: amd64
Build Type: binary
Build-Space: 8852
Build-Time: 6
Distribution: UNRELEASED
Host Architecture: amd64
Install-Time: 3
Job: /home/runner/work/ros-builder-action/ros-builder-action/ws/ros-one-catkin_0.8.10-0bookworm.20230914.0945.dsc
Machine Architecture: amd64
Package: ros-one-catkin
Package-Time: 13
Source-Version: 0.8.10-0bookworm.20230914.0945
Space: 8852
Status: successful
Version: 0.8.10-0bookworm.20230914.0945
--------------------------------------------------------------------------------
Finished at 2023-09-14T09:45:50Z
Build needed 00:00:13, 8852k disk space
