sbuild (Debian sbuild) 0.84.2~ubuntu2204+3 (28 December 2022) on fv-az401-775.mqr3toex2t4uhkbi4zjcmyglea.bx.internal.cloudapp.net

+===========================================================================================+
| ros-one-roscpp-core 0.7.3-0bookworm.20230914.0947 (amd64) Thu, 14 Sep 2023 09:47:58 +0000 |
+===========================================================================================+

Package: ros-one-roscpp-core
Version: 0.7.3-0bookworm.20230914.0947
Source Version: 0.7.3-0bookworm.20230914.0947
Distribution: UNRELEASED
Machine Architecture: amd64
Host Architecture: amd64
Build Architecture: amd64
Build Type: binary

I: NOTICE: Log filtering will replace 'var/run/schroot/mount/sbuild-07f7594c-f8fa-47ab-a8ce-96f017623328' with '<<CHROOT>>'
I: NOTICE: Log filtering will replace 'build/package//resolver-RF61tt' with '<<RESOLVERDIR>>'

+------------------------------------------------------------------------------+
| Update chroot                                                                |
+------------------------------------------------------------------------------+

Get:1 file:/build/repo ./ InRelease
Ign:1 file:/build/repo ./ InRelease
Get:2 file:/build/repo ./ Release [816 B]
Get:2 file:/build/repo ./ Release [816 B]
Get:3 file:/build/repo ./ Release.gpg
Ign:3 file:/build/repo ./ Release.gpg
Get:4 file:/build/repo ./ Packages [8305 B]
Hit:5 http://packages.ros.org/ros2/ubuntu jammy InRelease
Hit:6 http://deb.debian.org/debian bookworm InRelease
Reading package lists...
W: Skipping acquire of configured file 'universe/binary-amd64/Packages' as repository 'http://deb.debian.org/debian bookworm InRelease' doesn't have the component 'universe' (component misspelt in sources.list?)
Reading package lists...
Building dependency tree...
Reading state information...
Calculating upgrade...
0 upgraded, 0 newly installed, 0 to remove and 0 not upgraded.

+------------------------------------------------------------------------------+
| Fetch source files                                                           |
+------------------------------------------------------------------------------+


Local sources
-------------

/home/runner/work/ros-builder-action/ros-builder-action/ws/roscpp_core/ros-one-roscpp-core_0.7.3-0bookworm.20230914.0947.dsc exists in /home/runner/work/ros-builder-action/ros-builder-action/ws/roscpp_core; copying to chroot
I: NOTICE: Log filtering will replace 'build/package//package' with '<<PKGBUILDDIR>>'
I: NOTICE: Log filtering will replace 'build/package/' with '<<BUILDDIR>>'

+------------------------------------------------------------------------------+
| Install package build dependencies                                           |
+------------------------------------------------------------------------------+


Setup apt archive
-----------------

Merged Build-Depends: debhelper (>= 9.0.0), ros-one-catkin, build-essential, fakeroot
Filtered Build-Depends: debhelper (>= 9.0.0), ros-one-catkin, build-essential, fakeroot
dpkg-deb: building package 'sbuild-build-depends-main-dummy' in '/<<RESOLVERDIR>>/apt_archive/sbuild-build-depends-main-dummy.deb'.
Ign:1 copy:/<<RESOLVERDIR>>/apt_archive ./ InRelease
Get:2 copy:/<<RESOLVERDIR>>/apt_archive ./ Release [580 B]
Ign:3 copy:/<<RESOLVERDIR>>/apt_archive ./ Release.gpg
Get:4 copy:/<<RESOLVERDIR>>/apt_archive ./ Sources [630 B]
Get:5 copy:/<<RESOLVERDIR>>/apt_archive ./ Packages [662 B]
Fetched 1872 B in 0s (0 B/s)
Reading package lists...
Get:1 file:/build/repo ./ InRelease
Ign:1 file:/build/repo ./ InRelease
Get:2 file:/build/repo ./ Release [816 B]
Get:2 file:/build/repo ./ Release [816 B]
Get:3 file:/build/repo ./ Release.gpg
Ign:3 file:/build/repo ./ Release.gpg
Reading package lists...
Reading package lists...

Install main build dependencies (apt-based resolver)
----------------------------------------------------

Installing build dependencies
Reading package lists...
Building dependency tree...
Reading state information...
The following additional packages will be installed:
  google-mock googletest libgtest-dev python3-empy python3-nose ros-one-catkin
Suggested packages:
  python-nose-doc
The following NEW packages will be installed:
  google-mock googletest libgtest-dev python3-empy python3-nose ros-one-catkin
  sbuild-build-depends-main-dummy
0 upgraded, 7 newly installed, 0 to remove and 0 not upgraded.
Need to get 950 kB/1092 kB of archives.
After this operation, 6767 kB of additional disk space will be used.
Get:1 http://deb.debian.org/debian bookworm/main amd64 googletest all 1.12.1-0.2 [506 kB]
Get:2 file:/build/repo ./ ros-one-catkin 0.8.10-0bookworm.20230914.0945 [141 kB]
Get:3 copy:/<<RESOLVERDIR>>/apt_archive ./ sbuild-build-depends-main-dummy 0.invalid.0 [888 B]
Get:4 http://deb.debian.org/debian bookworm/main amd64 google-mock amd64 1.12.1-0.2 [7348 B]
Get:5 http://deb.debian.org/debian bookworm/main amd64 libgtest-dev amd64 1.12.1-0.2 [240 kB]
Get:6 http://deb.debian.org/debian bookworm/main amd64 python3-empy all 3.3.4-2 [66.1 kB]
Get:7 http://deb.debian.org/debian bookworm/main amd64 python3-nose all 1.3.7-9 [130 kB]
Fetched 950 kB in 0s (47.7 MB/s)
Selecting previously unselected package googletest.
(Reading database ... 20324 files and directories currently installed.)
Preparing to unpack .../0-googletest_1.12.1-0.2_all.deb ...
Unpacking googletest (1.12.1-0.2) ...
Selecting previously unselected package google-mock:amd64.
Preparing to unpack .../1-google-mock_1.12.1-0.2_amd64.deb ...
Unpacking google-mock:amd64 (1.12.1-0.2) ...
Selecting previously unselected package libgtest-dev:amd64.
Preparing to unpack .../2-libgtest-dev_1.12.1-0.2_amd64.deb ...
Unpacking libgtest-dev:amd64 (1.12.1-0.2) ...
Selecting previously unselected package python3-empy.
Preparing to unpack .../3-python3-empy_3.3.4-2_all.deb ...
Unpacking python3-empy (3.3.4-2) ...
Selecting previously unselected package python3-nose.
Preparing to unpack .../4-python3-nose_1.3.7-9_all.deb ...
Unpacking python3-nose (1.3.7-9) ...
Selecting previously unselected package ros-one-catkin.
Preparing to unpack .../5-ros-one-catkin_0.8.10-0bookworm.20230914.0945_amd64.deb ...
Unpacking ros-one-catkin (0.8.10-0bookworm.20230914.0945) ...
Selecting previously unselected package sbuild-build-depends-main-dummy.
Preparing to unpack .../6-sbuild-build-depends-main-dummy_0.invalid.0_amd64.deb ...
Unpacking sbuild-build-depends-main-dummy (0.invalid.0) ...
Setting up python3-empy (3.3.4-2) ...
Setting up googletest (1.12.1-0.2) ...
Setting up python3-nose (1.3.7-9) ...
Setting up google-mock:amd64 (1.12.1-0.2) ...
Setting up libgtest-dev:amd64 (1.12.1-0.2) ...
Setting up ros-one-catkin (0.8.10-0bookworm.20230914.0945) ...
Setting up sbuild-build-depends-main-dummy (0.invalid.0) ...
Processing triggers for man-db (2.11.2-2) ...

+------------------------------------------------------------------------------+
| Check architectures                                                          |
+------------------------------------------------------------------------------+

Arch check ok (amd64 included in any)

+------------------------------------------------------------------------------+
| Build environment                                                            |
+------------------------------------------------------------------------------+

Kernel: Linux 5.15.0-1041-azure #48-Ubuntu SMP Tue Jun 20 20:34:08 UTC 2023 amd64 (x86_64)
Toolchain package versions: binutils_2.40-2 dpkg-dev_1.21.22 g++-12_12.2.0-14 gcc-12_12.2.0-14 libc6-dev_2.36-9+deb12u1 libstdc++-12-dev_12.2.0-14 libstdc++6_12.2.0-14 linux-libc-dev_6.1.38-1
Package versions: adduser_3.134 apt_2.6.1 apt-utils_2.6.1 autoconf_2.71-3 automake_1:1.16.5-1.3 autopoint_0.21-12 autotools-dev_20220109.1 base-files_12.4+deb12u1 base-passwd_3.6.1 bash_5.2.15-2+b2 binutils_2.40-2 binutils-common_2.40-2 binutils-x86-64-linux-gnu_2.40-2 bsdextrautils_2.38.1-5+b1 bsdutils_1:2.38.1-5+b1 build-essential_12.9 bzip2_1.0.8-5+b1 ca-certificates_20230311 ccache_4.8+really4.7.5-1 cmake_3.25.1-1 cmake-data_3.25.1-1 coreutils_9.1-1 cpp_4:12.2.0-3 cpp-12_12.2.0-14 curl_7.88.1-10 dash_0.5.12-2 debconf_1.5.82 debhelper_13.11.4 debian-archive-keyring_2023.3 debianutils_5.7-0.4 dh-autoreconf_20 dh-strip-nondeterminism_1.13.1-1 diffutils_1:3.8-4 docutils-common_0.19+dfsg-6 dpkg_1.21.22 dpkg-dev_1.21.22 dwz_0.15-1 e2fsprogs_1.47.0-2 fakeroot_1.31-1.2 file_1:5.44-3 findutils_4.9.0-4 g++_4:12.2.0-3 g++-12_12.2.0-14 gcc_4:12.2.0-3 gcc-12_12.2.0-14 gcc-12-base_12.2.0-14 gettext_0.21-12 gettext-base_0.21-12 google-mock_1.12.1-0.2 googletest_1.12.1-0.2 gpgv_2.2.40-1.1 grep_3.8-5 groff-base_1.22.4-10 gzip_1.12-1 hostname_3.23+nmu1 init-system-helpers_1.65.2 intltool-debian_0.35.0+20060710.6 libacl1_2.3.1-3 libapt-pkg6.0_2.6.1 libarchive-zip-perl_1.68-1 libarchive13_3.6.2-1 libasan8_12.2.0-14 libatomic1_12.2.0-14 libattr1_1:2.5.1-4 libaudit-common_1:3.0.9-1 libaudit1_1:3.0.9-1 libbinutils_2.40-2 libblkid1_2.38.1-5+b1 libbrotli1_1.0.9-2+b6 libbz2-1.0_1.0.8-5+b1 libc-bin_2.36-9+deb12u1 libc-dev-bin_2.36-9+deb12u1 libc6_2.36-9+deb12u1 libc6-dev_2.36-9+deb12u1 libcap-ng0_0.8.3-1+b3 libcap2_1:2.66-4 libcc1-0_12.2.0-14 libcom-err2_1.47.0-2 libcrypt-dev_1:4.4.33-2 libcrypt1_1:4.4.33-2 libctf-nobfd0_2.40-2 libctf0_2.40-2 libcurl4_7.88.1-10 libdb5.3_5.3.28+dfsg2-1 libdebconfclient0_0.270 libdebhelper-perl_13.11.4 libdpkg-perl_1.21.22 libelf1_0.188-2.1 libexpat1_2.5.0-1 libext2fs2_1.47.0-2 libfakeroot_1.31-1.2 libffi8_3.4.4-1 libfile-find-rule-perl_0.34-3 libfile-stripnondeterminism-perl_1.13.1-1 libgcc-12-dev_12.2.0-14 libgcc-s1_12.2.0-14 libgcrypt20_1.10.1-3 libgdbm-compat4_1.23-3 libgdbm6_1.23-3 libgmp10_2:6.2.1+dfsg1-1.1 libgnutls30_3.7.9-2 libgomp1_12.2.0-14 libgpg-error0_1.46-1 libgprofng0_2.40-2 libgssapi-krb5-2_1.20.1-2 libgtest-dev_1.12.1-0.2 libhiredis0.14_0.14.1-3 libhogweed6_3.8.1-2 libicu72_72.1-3 libidn2-0_2.3.3-1+b1 libisl23_0.25-1 libitm1_12.2.0-14 libjansson4_2.14-2 libjsoncpp25_1.9.5-4 libk5crypto3_1.20.1-2 libkeyutils1_1.6.3-2 libkrb5-3_1.20.1-2 libkrb5support0_1.20.1-2 libldap-2.5-0_2.5.13+dfsg-5 liblsan0_12.2.0-14 liblz4-1_1.9.4-1 liblzma5_5.4.1-0.2 libmagic-mgc_1:5.44-3 libmagic1_1:5.44-3 libmd0_1.0.4-2 libmount1_2.38.1-5+b1 libmpc3_1.3.1-1 libmpfr6_4.2.0-1 libncursesw6_6.4-4 libnettle8_3.8.1-2 libnghttp2-14_1.52.0-1 libnsl-dev_1.3.0-2 libnsl2_1.3.0-2 libnumber-compare-perl_0.03-3 libp11-kit0_0.24.1-2 libpam-modules_1.5.2-6 libpam-modules-bin_1.5.2-6 libpam-runtime_1.5.2-6 libpam0g_1.5.2-6 libpcre2-8-0_10.42-1 libperl5.36_5.36.0-7 libpipeline1_1.5.7-1 libproc2-0_2:4.0.2-3 libpsl5_0.21.2-1 libpython3-stdlib_3.11.2-1+b1 libpython3.11-minimal_3.11.2-6 libpython3.11-stdlib_3.11.2-6 libquadmath0_12.2.0-14 libreadline8_8.2-1.3 librhash0_1.4.3-3 librtmp1_2.4+20151223.gitfa8646d.1-2+b2 libsasl2-2_2.1.28+dfsg-10 libsasl2-modules-db_2.1.28+dfsg-10 libseccomp2_2.5.4-1+b3 libselinux1_3.4-1+b6 libsemanage-common_3.4-1 libsemanage2_3.4-1+b5 libsepol2_3.4-2.1 libsmartcols1_2.38.1-5+b1 libsqlite3-0_3.40.1-2 libss2_1.47.0-2 libssh2-1_1.10.0-3+b1 libssl3_3.0.9-1 libstdc++-12-dev_12.2.0-14 libstdc++6_12.2.0-14 libsub-override-perl_0.09-4 libsystemd0_252.12-1~deb12u1 libtasn1-6_4.19.0-2 libtext-glob-perl_0.11-3 libtinfo6_6.4-4 libtirpc-common_1.3.3+ds-1 libtirpc-dev_1.3.3+ds-1 libtirpc3_1.3.3+ds-1 libtool_2.4.7-5 libtsan2_12.2.0-14 libubsan1_12.2.0-14 libuchardet0_0.0.7-1 libudev1_252.12-1~deb12u1 libunistring2_1.0-2 libuuid1_2.38.1-5+b1 libuv1_1.44.2-1 libxml2_2.9.14+dfsg-1.3~deb12u1 libxxhash0_0.8.1-1 libyaml-0-2_0.2.5-1 libzstd1_1.5.4+dfsg2-5 linux-libc-dev_6.1.38-1 login_1:4.13+dfsg1-1+b1 logsave_1.47.0-2 lsb-release_12.0-1 m4_1.4.19-3 make_4.3-4.1 man-db_2.11.2-2 mawk_1.3.4.20200120-3.1 media-types_10.0.0 mount_2.38.1-5+b1 ncurses-base_6.4-4 ncurses-bin_6.4-4 openssl_3.0.9-1 passwd_1:4.13+dfsg1-1+b1 patch_2.7.6-7 perl_5.36.0-7 perl-base_5.36.0-7 perl-modules-5.36_5.36.0-7 po-debconf_1.0.21+nmu1 procps_2:4.0.2-3 python3_3.11.2-1+b1 python3-catkin-pkg_1.0.0-100 python3-catkin-pkg-modules_1.0.0-1 python3-dateutil_2.8.2-2 python3-distro_1.8.0-1 python3-distutils_3.11.2-3 python3-docutils_0.19+dfsg-6 python3-empy_3.3.4-2 python3-lib2to3_3.11.2-3 python3-minimal_3.11.2-1+b1 python3-nose_1.3.7-9 python3-pkg-resources_66.1.1-1 python3-pyparsing_3.0.9-1 python3-roman_3.3-3 python3-rosdep_0.22.2-1 python3-rosdep-modules_0.22.2-1 python3-rosdistro-modules_0.9.0-1 python3-rospkg-modules_1.5.0-1 python3-setuptools_66.1.1-1 python3-six_1.16.0-4 python3-yaml_6.0-3+b2 python3.11_3.11.2-6 python3.11-minimal_3.11.2-6 readline-common_8.2-1.3 ros-one-catkin_0.8.10-0bookworm.20230914.0945 rpcsvc-proto_1.4.3-1 sbuild-build-depends-main-dummy_0.invalid.0 sed_4.9-1 sensible-utils_0.0.17+nmu1 sgml-base_1.31 sudo_1.9.13p3-1+deb12u1 sysvinit-utils_3.06-4 tar_1.34+dfsg-1.2 tzdata_2023c-5 usrmerge_35 util-linux_2.38.1-5+b1 util-linux-extra_2.38.1-5+b1 xml-core_0.18+nmu1 xz-utils_5.4.1-0.2 zlib1g_1:1.2.13.dfsg-1

+------------------------------------------------------------------------------+
| Build                                                                        |
+------------------------------------------------------------------------------+


Unpack source
-------------

Format: 1.0
Source: ros-one-roscpp-core
Binary: ros-one-roscpp-core
Architecture: any
Version: 0.7.3-0bookworm.20230914.0947
Maintainer: Martin Pecka <peckama2@fel.cvut.cz>
Homepage: http://www.ros.org/wiki/roscpp_core
Standards-Version: 3.9.2
Build-Depends: debhelper (>= 9.0.0), ros-one-catkin
Package-List:
 ros-one-roscpp-core deb misc optional arch=any
Checksums-Sha1:
 0efc9dedbe95cb92563a9e493634b203a3476664 2777 ros-one-roscpp-core_0.7.3-0bookworm.20230914.0947.tar.gz
Checksums-Sha256:
 4fb19f3180e874d5a9bb35205ce14be97bfd327bc0b7ad3b5074178fbcfac200 2777 ros-one-roscpp-core_0.7.3-0bookworm.20230914.0947.tar.gz
Files:
 9299ce733c9b7380f823b1e276c4e1f5 2777 ros-one-roscpp-core_0.7.3-0bookworm.20230914.0947.tar.gz

dpkg-source: warning: extracting unsigned source package (ros-one-roscpp-core_0.7.3-0bookworm.20230914.0947.dsc)
dpkg-source: info: extracting ros-one-roscpp-core in /<<BUILDDIR>>package
dpkg-source: info: unpacking ros-one-roscpp-core_0.7.3-0bookworm.20230914.0947.tar.gz

Check disk space
----------------

Sufficient free space for build

User Environment
----------------

APT_CONFIG=/var/lib/sbuild/apt.conf
CCACHE_DIR=/build/ccache
DEB_BUILD_OPTIONS=nocheck
HOME=/sbuild-nonexistent
LANG=C.UTF-8
LC_ALL=C.UTF-8
LOGNAME=runner
PATH=/usr/lib/ccache:/usr/local/sbin:/usr/local/bin:/usr/sbin:/usr/bin:/sbin:/bin:/usr/games
SCHROOT_ALIAS_NAME=sbuild
SCHROOT_CHROOT_NAME=sbuild
SCHROOT_COMMAND=env
SCHROOT_GID=127
SCHROOT_GROUP=docker
SCHROOT_SESSION_ID=sbuild-07f7594c-f8fa-47ab-a8ce-96f017623328
SCHROOT_UID=1001
SCHROOT_USER=runner
SHELL=/bin/sh
USER=runner

dpkg-buildpackage
-----------------

Command: dpkg-buildpackage --sanitize-env -us -uc -b -rfakeroot
dpkg-buildpackage: info: source package ros-one-roscpp-core
dpkg-buildpackage: info: source version 0.7.3-0bookworm.20230914.0947
dpkg-buildpackage: info: source distribution UNRELEASED
dpkg-buildpackage: info: source changed by Martin Pecka <peckama2@fel.cvut.cz>
 dpkg-source --before-build .
dpkg-buildpackage: info: host architecture amd64
dpkg-source: info: using options from package/debian/source/options: --auto-commit
 fakeroot debian/rules clean
dh clean -v --buildsystem=cmake --builddirectory=.obj-x86_64-linux-gnu
   dh_auto_clean -O-v -O--buildsystem=cmake -O--builddirectory=.obj-x86_64-linux-gnu
   dh_autoreconf_clean -O-v -O--buildsystem=cmake -O--builddirectory=.obj-x86_64-linux-gnu
   dh_clean -O-v -O--buildsystem=cmake -O--builddirectory=.obj-x86_64-linux-gnu
	rm -f debian/debhelper-build-stamp
	rm -rf debian/.debhelper/
	rm -f -- debian/ros-one-roscpp-core.substvars debian/files
	rm -fr -- debian/ros-one-roscpp-core/ debian/tmp/
	find .  \( \( \
		\( -path .\*/.git -o -path .\*/.svn -o -path .\*/.bzr -o -path .\*/.hg -o -path .\*/CVS -o -path .\*/.pc -o -path .\*/_darcs \) -prune -o -type f -a \
	        \( -name '#*#' -o -name '.*~' -o -name '*~' -o -name DEADJOE \
		 -o -name '*.orig' -o -name '*.rej' -o -name '*.bak' \
		 -o -name '.*.orig' -o -name .*.rej -o -name '.SUMS' \
		 -o -name TAGS -o \( -path '*/.deps/*' -a -name '*.P' \) \
		\) -exec rm -f {} + \) -o \
		\( -type d -a -name autom4te.cache -prune -exec rm -rf {} + \) \)
 debian/rules build
dh build -v --buildsystem=cmake --builddirectory=.obj-x86_64-linux-gnu
   dh_update_autotools_config -O-v -O--buildsystem=cmake -O--builddirectory=.obj-x86_64-linux-gnu
   dh_autoreconf -O-v -O--buildsystem=cmake -O--builddirectory=.obj-x86_64-linux-gnu
   debian/rules override_dh_auto_configure
make[1]: Entering directory '/<<BUILDDIR>>package'
# In case we're installing to a non-standard location, look for a setup.sh
# in the install tree that was dropped by catkin, and source it.  It will
# set things like CMAKE_PREFIX_PATH, PKG_CONFIG_PATH, and PYTHONPATH.
if [ -f "/opt/ros/one/setup.sh" ]; then . "/opt/ros/one/setup.sh"; fi && \
dh_auto_configure -- \
	-DCATKIN_BUILD_BINARY_PACKAGE="1" \
	-DCMAKE_INSTALL_PREFIX="/opt/ros/one" \
	-DCMAKE_PREFIX_PATH="/opt/ros/one" \
	-DBUILD_TESTING=OFF -DCATKIN_ENABLE_TESTING=OFF
	cd .obj-x86_64-linux-gnu && cmake -DCMAKE_INSTALL_PREFIX=/usr -DCMAKE_BUILD_TYPE=None -DCMAKE_INSTALL_SYSCONFDIR=/etc -DCMAKE_INSTALL_LOCALSTATEDIR=/var -DCMAKE_EXPORT_NO_PACKAGE_REGISTRY=ON -DCMAKE_FIND_USE_PACKAGE_REGISTRY=OFF -DCMAKE_FIND_PACKAGE_NO_PACKAGE_REGISTRY=ON -DFETCHCONTENT_FULLY_DISCONNECTED=ON -DCMAKE_INSTALL_RUNSTATEDIR=/run "-GUnix Makefiles" -DCMAKE_VERBOSE_MAKEFILE=ON -DCMAKE_INSTALL_LIBDIR=lib/x86_64-linux-gnu -DCATKIN_BUILD_BINARY_PACKAGE=1 -DCMAKE_INSTALL_PREFIX=/opt/ros/one -DCMAKE_PREFIX_PATH=/opt/ros/one -DBUILD_TESTING=OFF -DCATKIN_ENABLE_TESTING=OFF ..
-- The C compiler identification is GNU 12.2.0
-- The CXX compiler identification is GNU 12.2.0
-- Detecting C compiler ABI info
-- Detecting C compiler ABI info - done
-- Check for working C compiler: /usr/bin/cc - skipped
-- Detecting C compile features
-- Detecting C compile features - done
-- Detecting CXX compiler ABI info
-- Detecting CXX compiler ABI info - done
-- Check for working CXX compiler: /usr/bin/c++ - skipped
-- Detecting CXX compile features
-- Detecting CXX compile features - done
-- Using CATKIN_DEVEL_PREFIX: /<<BUILDDIR>>package/.obj-x86_64-linux-gnu/devel
-- Using CMAKE_PREFIX_PATH: /opt/ros/one
-- This workspace overlays: /opt/ros/one
-- Found PythonInterp: /usr/bin/python3 (found version "3.11.2") 
-- Using PYTHON_EXECUTABLE: /usr/bin/python3
-- Using Debian Python package layout
-- Using empy: /usr/bin/empy
-- Using CATKIN_ENABLE_TESTING: OFF
-- catkin 0.8.10
-- BUILD_SHARED_LIBS is on
-- Configuring done
-- Generating done
CMake Warning:
  Manually-specified variables were not used by the project:

    BUILD_TESTING
    CMAKE_EXPORT_NO_PACKAGE_REGISTRY
    CMAKE_FIND_PACKAGE_NO_PACKAGE_REGISTRY
    CMAKE_INSTALL_LIBDIR
    CMAKE_INSTALL_LOCALSTATEDIR
    CMAKE_INSTALL_RUNSTATEDIR
    CMAKE_INSTALL_SYSCONFDIR
    FETCHCONTENT_FULLY_DISCONNECTED


-- Build files have been written to: /<<BUILDDIR>>package/.obj-x86_64-linux-gnu
make[1]: Leaving directory '/<<BUILDDIR>>package'
	rm -f debian/ros-one-roscpp-core.debhelper.log
   debian/rules override_dh_auto_build
make[1]: Entering directory '/<<BUILDDIR>>package'
# In case we're installing to a non-standard location, look for a setup.sh
# in the install tree that was dropped by catkin, and source it.  It will
# set things like CMAKE_PREFIX_PATH, PKG_CONFIG_PATH, and PYTHONPATH.
if [ -f "/opt/ros/one/setup.sh" ]; then . "/opt/ros/one/setup.sh"; fi && \
dh_auto_build
	cd .obj-x86_64-linux-gnu && make -j2 "INSTALL=install --strip-program=true" VERBOSE=1
make[2]: Entering directory '/<<BUILDDIR>>package/.obj-x86_64-linux-gnu'
/usr/bin/cmake -S/<<BUILDDIR>>package -B/<<BUILDDIR>>package/.obj-x86_64-linux-gnu --check-build-system CMakeFiles/Makefile.cmake 0
/usr/bin/cmake -E cmake_progress_start /<<BUILDDIR>>package/.obj-x86_64-linux-gnu/CMakeFiles /<<BUILDDIR>>package/.obj-x86_64-linux-gnu//CMakeFiles/progress.marks
make  -f CMakeFiles/Makefile2 all
make[3]: Entering directory '/<<BUILDDIR>>package/.obj-x86_64-linux-gnu'
make[3]: Nothing to be done for 'all'.
make[3]: Leaving directory '/<<BUILDDIR>>package/.obj-x86_64-linux-gnu'
/usr/bin/cmake -E cmake_progress_start /<<BUILDDIR>>package/.obj-x86_64-linux-gnu/CMakeFiles 0
make[2]: Leaving directory '/<<BUILDDIR>>package/.obj-x86_64-linux-gnu'
make[1]: Leaving directory '/<<BUILDDIR>>package'
	rm -f debian/ros-one-roscpp-core.debhelper.log
   debian/rules override_dh_auto_test
make[1]: Entering directory '/<<BUILDDIR>>package'
# In case we're installing to a non-standard location, look for a setup.sh
# in the install tree that was dropped by catkin, and source it.  It will
# set things like CMAKE_PREFIX_PATH, PKG_CONFIG_PATH, and PYTHONPATH.
echo -- Running tests. Even if one of them fails the build is not canceled.
-- Running tests. Even if one of them fails the build is not canceled.
if [ -f "/opt/ros/one/setup.sh" ]; then . "/opt/ros/one/setup.sh"; fi && \
dh_auto_test || true
make[1]: Leaving directory '/<<BUILDDIR>>package'
   create-stamp debian/debhelper-build-stamp
 fakeroot debian/rules binary
dh binary -v --buildsystem=cmake --builddirectory=.obj-x86_64-linux-gnu
   dh_testroot -O-v -O--buildsystem=cmake -O--builddirectory=.obj-x86_64-linux-gnu
   dh_prep -O-v -O--buildsystem=cmake -O--builddirectory=.obj-x86_64-linux-gnu
	rm -f -- debian/ros-one-roscpp-core.substvars
	rm -fr -- debian/.debhelper/generated/ros-one-roscpp-core/ debian/ros-one-roscpp-core/ debian/tmp/
   debian/rules override_dh_auto_install
make[1]: Entering directory '/<<BUILDDIR>>package'
# In case we're installing to a non-standard location, look for a setup.sh
# in the install tree that was dropped by catkin, and source it.  It will
# set things like CMAKE_PREFIX_PATH, PKG_CONFIG_PATH, and PYTHONPATH.
if [ -f "/opt/ros/one/setup.sh" ]; then . "/opt/ros/one/setup.sh"; fi && \
dh_auto_install
	install -m0755 -d /<<BUILDDIR>>package/debian/ros-one-roscpp-core
	cd .obj-x86_64-linux-gnu && make -j2 install DESTDIR=/<<BUILDDIR>>package/debian/ros-one-roscpp-core AM_UPDATE_INFO_DIR=no "INSTALL=install --strip-program=true"
make[2]: Entering directory '/<<BUILDDIR>>package/.obj-x86_64-linux-gnu'
/usr/bin/cmake -S/<<BUILDDIR>>package -B/<<BUILDDIR>>package/.obj-x86_64-linux-gnu --check-build-system CMakeFiles/Makefile.cmake 0
/usr/bin/cmake -E cmake_progress_start /<<BUILDDIR>>package/.obj-x86_64-linux-gnu/CMakeFiles /<<BUILDDIR>>package/.obj-x86_64-linux-gnu//CMakeFiles/progress.marks
make  -f CMakeFiles/Makefile2 all
make[3]: Entering directory '/<<BUILDDIR>>package/.obj-x86_64-linux-gnu'
make[3]: Nothing to be done for 'all'.
make[3]: Leaving directory '/<<BUILDDIR>>package/.obj-x86_64-linux-gnu'
/usr/bin/cmake -E cmake_progress_start /<<BUILDDIR>>package/.obj-x86_64-linux-gnu/CMakeFiles 0
make  -f CMakeFiles/Makefile2 preinstall
make[3]: Entering directory '/<<BUILDDIR>>package/.obj-x86_64-linux-gnu'
make[3]: Nothing to be done for 'preinstall'.
make[3]: Leaving directory '/<<BUILDDIR>>package/.obj-x86_64-linux-gnu'
Install the project...
/usr/bin/cmake -P cmake_install.cmake
-- Install configuration: "None"
-- Installing: /<<BUILDDIR>>package/debian/ros-one-roscpp-core/opt/ros/one/share/roscpp_core/package.xml
make[2]: Leaving directory '/<<BUILDDIR>>package/.obj-x86_64-linux-gnu'
make[1]: Leaving directory '/<<BUILDDIR>>package'
   dh_installdocs -O-v -O--buildsystem=cmake -O--builddirectory=.obj-x86_64-linux-gnu
	install -m0755 -d debian/ros-one-roscpp-core/usr/share/doc/ros-one-roscpp-core
	install -p -m0644 debian/copyright debian/ros-one-roscpp-core/usr/share/doc/ros-one-roscpp-core/copyright
   dh_installchangelogs -O-v -O--buildsystem=cmake -O--builddirectory=.obj-x86_64-linux-gnu
	install -m0755 -d debian/ros-one-roscpp-core/usr/share/doc/ros-one-roscpp-core
	install -p -m0644 debian/.debhelper/generated/ros-one-roscpp-core/dh_installchangelogs.dch.trimmed debian/ros-one-roscpp-core/usr/share/doc/ros-one-roscpp-core/changelog.Debian
	install -p -m0644 ./CHANGELOG.rst debian/ros-one-roscpp-core/usr/share/doc/ros-one-roscpp-core/changelog
   dh_installinit -O-v -O--buildsystem=cmake -O--builddirectory=.obj-x86_64-linux-gnu
   dh_perl -O-v -O--buildsystem=cmake -O--builddirectory=.obj-x86_64-linux-gnu
   dh_link -O-v -O--buildsystem=cmake -O--builddirectory=.obj-x86_64-linux-gnu
   dh_strip_nondeterminism -O-v -O--buildsystem=cmake -O--builddirectory=.obj-x86_64-linux-gnu
   dh_compress -O-v -O--buildsystem=cmake -O--builddirectory=.obj-x86_64-linux-gnu
	cd debian/ros-one-roscpp-core
	chmod a-x usr/share/doc/ros-one-roscpp-core/changelog usr/share/doc/ros-one-roscpp-core/changelog.Debian
	gzip -9nf usr/share/doc/ros-one-roscpp-core/changelog usr/share/doc/ros-one-roscpp-core/changelog.Debian
	cd '/<<BUILDDIR>>package'
   dh_fixperms -O-v -O--buildsystem=cmake -O--builddirectory=.obj-x86_64-linux-gnu
	find debian/ros-one-roscpp-core -true -print0 2>/dev/null | xargs -0r chown --no-dereference 0:0
	find debian/ros-one-roscpp-core ! -type l -a -true -a -true -print0 2>/dev/null | xargs -0r chmod go=rX,u+rw,a-s
	find debian/ros-one-roscpp-core/usr/share/doc -type f -a -true -a ! -regex 'debian/ros-one-roscpp-core/usr/share/doc/[^/]*/examples/.*' -print0 2>/dev/null | xargs -0r chmod 0644
	find debian/ros-one-roscpp-core/usr/share/doc -type d -a -true -a -true -print0 2>/dev/null | xargs -0r chmod 0755
	find debian/ros-one-roscpp-core -type f \( -name '*.so.*' -o -name '*.so' -o -name '*.la' -o -name '*.a' -o -name '*.js' -o -name '*.css' -o -name '*.scss' -o -name '*.sass' -o -name '*.jpeg' -o -name '*.jpg' -o -name '*.png' -o -name '*.gif' -o -name '*.cmxs' -o -name '*.node' \) -a -true -a -true -print0 2>/dev/null | xargs -0r chmod 0644
   dh_missing -O-v -O--buildsystem=cmake -O--builddirectory=.obj-x86_64-linux-gnu
   dh_strip -O-v -O--buildsystem=cmake -O--builddirectory=.obj-x86_64-linux-gnu
   dh_makeshlibs -O-v -O--buildsystem=cmake -O--builddirectory=.obj-x86_64-linux-gnu
	rm -f debian/ros-one-roscpp-core/DEBIAN/shlibs
	rm -f debian/ros-one-roscpp-core.debhelper.log
   debian/rules override_dh_shlibdeps
make[1]: Entering directory '/<<BUILDDIR>>package'
# In case we're installing to a non-standard location, look for a setup.sh
# in the install tree that was dropped by catkin, and source it.  It will
# set things like CMAKE_PREFIX_PATH, PKG_CONFIG_PATH, and PYTHONPATH.
if [ -f "/opt/ros/one/setup.sh" ]; then . "/opt/ros/one/setup.sh"; fi && \
dh_shlibdeps -l/<<BUILDDIR>>package/debian/ros-one-roscpp-core//opt/ros/one/lib/
make[1]: Leaving directory '/<<BUILDDIR>>package'
   dh_installdeb -O-v -O--buildsystem=cmake -O--builddirectory=.obj-x86_64-linux-gnu
	install -m0755 -d debian/ros-one-roscpp-core/DEBIAN
   dh_gencontrol -O-v -O--buildsystem=cmake -O--builddirectory=.obj-x86_64-linux-gnu
	install -m0755 -d debian/ros-one-roscpp-core/DEBIAN
	echo misc:Depends= >> debian/ros-one-roscpp-core.substvars
	echo misc:Pre-Depends= >> debian/ros-one-roscpp-core.substvars
	dpkg-gencontrol -pros-one-roscpp-core -ldebian/changelog -Tdebian/ros-one-roscpp-core.substvars -Pdebian/ros-one-roscpp-core
dpkg-gencontrol: warning: Depends field of package ros-one-roscpp-core: substitution variable ${shlibs:Depends} used, but is not defined
	chmod 0644 -- debian/ros-one-roscpp-core/DEBIAN/control
	chown 0:0 -- debian/ros-one-roscpp-core/DEBIAN/control
   dh_md5sums -O-v -O--buildsystem=cmake -O--builddirectory=.obj-x86_64-linux-gnu
	install -m0755 -d debian/ros-one-roscpp-core/DEBIAN
	cd debian/ros-one-roscpp-core >/dev/null && xargs -r0 md5sum | perl -pe 'if (s@^\\@@) { s/\\\\/\\/g; }' > DEBIAN/md5sums
	chmod 0644 -- debian/ros-one-roscpp-core/DEBIAN/md5sums
	chown 0:0 -- debian/ros-one-roscpp-core/DEBIAN/md5sums
   dh_builddeb -O-v -O--buildsystem=cmake -O--builddirectory=.obj-x86_64-linux-gnu
	dpkg-deb --build debian/ros-one-roscpp-core ..
dpkg-deb: building package 'ros-one-roscpp-core' in '../ros-one-roscpp-core_0.7.3-0bookworm.20230914.0947_amd64.deb'.
 dpkg-genbuildinfo --build=binary -O../ros-one-roscpp-core_0.7.3-0bookworm.20230914.0947_amd64.buildinfo
 dpkg-genchanges --build=binary -O../ros-one-roscpp-core_0.7.3-0bookworm.20230914.0947_amd64.changes
dpkg-genchanges: info: binary-only upload (no source code included)
 dpkg-source --after-build .
dpkg-source: info: using options from package/debian/source/options: --auto-commit
dpkg-buildpackage: info: binary-only upload (no source included)
--------------------------------------------------------------------------------
Build finished at 2023-09-14T09:48:08Z

Finished
--------

I: Built successfully

+------------------------------------------------------------------------------+
| Changes                                                                      |
+------------------------------------------------------------------------------+


ros-one-roscpp-core_0.7.3-0bookworm.20230914.0947_amd64.changes:
----------------------------------------------------------------

Format: 1.8
Date: Thu, 14 Sep 2023 09:47:57 +0000
Source: ros-one-roscpp-core
Binary: ros-one-roscpp-core
Architecture: amd64
Version: 0.7.3-0bookworm.20230914.0947
Distribution: UNRELEASED
Urgency: high
Maintainer: Martin Pecka <peckama2@fel.cvut.cz>
Changed-By: Martin Pecka <peckama2@fel.cvut.cz>
Description:
 ros-one-roscpp-core - Underlying data libraries for roscpp messages.
Changes:
 ros-one-roscpp-core (0.7.3-0bookworm.20230914.0947) UNRELEASED; urgency=high
 .
   * bookworm Append timestamp when binarydeb was built.
Checksums-Sha1:
 02d92abf2570680026e1ff6f839416c61896320c 6669 ros-one-roscpp-core_0.7.3-0bookworm.20230914.0947_amd64.buildinfo
 89de6b51c221fae947916fd10c8015d5f03765c0 2136 ros-one-roscpp-core_0.7.3-0bookworm.20230914.0947_amd64.deb
Checksums-Sha256:
 260819fb130eaa804a216d09f44f742525f33e3082db08becc4b88d5e4d6cce2 6669 ros-one-roscpp-core_0.7.3-0bookworm.20230914.0947_amd64.buildinfo
 46c4bfe50b232413069b35baca990269bc87f99d7b57c4783984855231ea6aae 2136 ros-one-roscpp-core_0.7.3-0bookworm.20230914.0947_amd64.deb
Files:
 3a9bc917a3c9422f90f8f24fd6bfa7b9 6669 misc optional ros-one-roscpp-core_0.7.3-0bookworm.20230914.0947_amd64.buildinfo
 d1e523b32320057ec2276250ad2265cd 2136 misc optional ros-one-roscpp-core_0.7.3-0bookworm.20230914.0947_amd64.deb

+------------------------------------------------------------------------------+
| Buildinfo                                                                    |
+------------------------------------------------------------------------------+

Format: 1.0
Source: ros-one-roscpp-core
Binary: ros-one-roscpp-core
Architecture: amd64
Version: 0.7.3-0bookworm.20230914.0947
Checksums-Md5:
 d1e523b32320057ec2276250ad2265cd 2136 ros-one-roscpp-core_0.7.3-0bookworm.20230914.0947_amd64.deb
Checksums-Sha1:
 89de6b51c221fae947916fd10c8015d5f03765c0 2136 ros-one-roscpp-core_0.7.3-0bookworm.20230914.0947_amd64.deb
Checksums-Sha256:
 46c4bfe50b232413069b35baca990269bc87f99d7b57c4783984855231ea6aae 2136 ros-one-roscpp-core_0.7.3-0bookworm.20230914.0947_amd64.deb
Build-Origin: Debian
Build-Architecture: amd64
Build-Date: Thu, 14 Sep 2023 09:48:08 +0000
Build-Path: /<<BUILDDIR>>package
Build-Tainted-By:
 merged-usr-via-aliased-dirs
Installed-Build-Depends:
 autoconf (= 2.71-3),
 automake (= 1:1.16.5-1.3),
 autopoint (= 0.21-12),
 autotools-dev (= 20220109.1),
 base-files (= 12.4+deb12u1),
 base-passwd (= 3.6.1),
 bash (= 5.2.15-2+b2),
 binutils (= 2.40-2),
 binutils-common (= 2.40-2),
 binutils-x86-64-linux-gnu (= 2.40-2),
 bsdextrautils (= 2.38.1-5+b1),
 bsdutils (= 1:2.38.1-5+b1),
 build-essential (= 12.9),
 bzip2 (= 1.0.8-5+b1),
 cmake (= 3.25.1-1),
 cmake-data (= 3.25.1-1),
 coreutils (= 9.1-1),
 cpp (= 4:12.2.0-3),
 cpp-12 (= 12.2.0-14),
 dash (= 0.5.12-2),
 debconf (= 1.5.82),
 debhelper (= 13.11.4),
 debianutils (= 5.7-0.4),
 dh-autoreconf (= 20),
 dh-strip-nondeterminism (= 1.13.1-1),
 diffutils (= 1:3.8-4),
 docutils-common (= 0.19+dfsg-6),
 dpkg (= 1.21.22),
 dpkg-dev (= 1.21.22),
 dwz (= 0.15-1),
 file (= 1:5.44-3),
 findutils (= 4.9.0-4),
 g++ (= 4:12.2.0-3),
 g++-12 (= 12.2.0-14),
 gcc (= 4:12.2.0-3),
 gcc-12 (= 12.2.0-14),
 gcc-12-base (= 12.2.0-14),
 gettext (= 0.21-12),
 gettext-base (= 0.21-12),
 google-mock (= 1.12.1-0.2),
 googletest (= 1.12.1-0.2),
 grep (= 3.8-5),
 groff-base (= 1.22.4-10),
 gzip (= 1.12-1),
 hostname (= 3.23+nmu1),
 init-system-helpers (= 1.65.2),
 intltool-debian (= 0.35.0+20060710.6),
 libacl1 (= 2.3.1-3),
 libarchive-zip-perl (= 1.68-1),
 libarchive13 (= 3.6.2-1),
 libasan8 (= 12.2.0-14),
 libatomic1 (= 12.2.0-14),
 libattr1 (= 1:2.5.1-4),
 libaudit-common (= 1:3.0.9-1),
 libaudit1 (= 1:3.0.9-1),
 libbinutils (= 2.40-2),
 libblkid1 (= 2.38.1-5+b1),
 libbrotli1 (= 1.0.9-2+b6),
 libbz2-1.0 (= 1.0.8-5+b1),
 libc-bin (= 2.36-9+deb12u1),
 libc-dev-bin (= 2.36-9+deb12u1),
 libc6 (= 2.36-9+deb12u1),
 libc6-dev (= 2.36-9+deb12u1),
 libcap-ng0 (= 0.8.3-1+b3),
 libcap2 (= 1:2.66-4),
 libcc1-0 (= 12.2.0-14),
 libcom-err2 (= 1.47.0-2),
 libcrypt-dev (= 1:4.4.33-2),
 libcrypt1 (= 1:4.4.33-2),
 libctf-nobfd0 (= 2.40-2),
 libctf0 (= 2.40-2),
 libcurl4 (= 7.88.1-10),
 libdb5.3 (= 5.3.28+dfsg2-1),
 libdebconfclient0 (= 0.270),
 libdebhelper-perl (= 13.11.4),
 libdpkg-perl (= 1.21.22),
 libelf1 (= 0.188-2.1),
 libexpat1 (= 2.5.0-1),
 libffi8 (= 3.4.4-1),
 libfile-find-rule-perl (= 0.34-3),
 libfile-stripnondeterminism-perl (= 1.13.1-1),
 libgcc-12-dev (= 12.2.0-14),
 libgcc-s1 (= 12.2.0-14),
 libgcrypt20 (= 1.10.1-3),
 libgdbm-compat4 (= 1.23-3),
 libgdbm6 (= 1.23-3),
 libgmp10 (= 2:6.2.1+dfsg1-1.1),
 libgnutls30 (= 3.7.9-2),
 libgomp1 (= 12.2.0-14),
 libgpg-error0 (= 1.46-1),
 libgprofng0 (= 2.40-2),
 libgssapi-krb5-2 (= 1.20.1-2),
 libgtest-dev (= 1.12.1-0.2),
 libhogweed6 (= 3.8.1-2),
 libicu72 (= 72.1-3),
 libidn2-0 (= 2.3.3-1+b1),
 libisl23 (= 0.25-1),
 libitm1 (= 12.2.0-14),
 libjansson4 (= 2.14-2),
 libjsoncpp25 (= 1.9.5-4),
 libk5crypto3 (= 1.20.1-2),
 libkeyutils1 (= 1.6.3-2),
 libkrb5-3 (= 1.20.1-2),
 libkrb5support0 (= 1.20.1-2),
 libldap-2.5-0 (= 2.5.13+dfsg-5),
 liblsan0 (= 12.2.0-14),
 liblz4-1 (= 1.9.4-1),
 liblzma5 (= 5.4.1-0.2),
 libmagic-mgc (= 1:5.44-3),
 libmagic1 (= 1:5.44-3),
 libmd0 (= 1.0.4-2),
 libmount1 (= 2.38.1-5+b1),
 libmpc3 (= 1.3.1-1),
 libmpfr6 (= 4.2.0-1),
 libncursesw6 (= 6.4-4),
 libnettle8 (= 3.8.1-2),
 libnghttp2-14 (= 1.52.0-1),
 libnsl-dev (= 1.3.0-2),
 libnsl2 (= 1.3.0-2),
 libnumber-compare-perl (= 0.03-3),
 libp11-kit0 (= 0.24.1-2),
 libpam-modules (= 1.5.2-6),
 libpam-modules-bin (= 1.5.2-6),
 libpam-runtime (= 1.5.2-6),
 libpam0g (= 1.5.2-6),
 libpcre2-8-0 (= 10.42-1),
 libperl5.36 (= 5.36.0-7),
 libpipeline1 (= 1.5.7-1),
 libproc2-0 (= 2:4.0.2-3),
 libpsl5 (= 0.21.2-1),
 libpython3-stdlib (= 3.11.2-1+b1),
 libpython3.11-minimal (= 3.11.2-6),
 libpython3.11-stdlib (= 3.11.2-6),
 libquadmath0 (= 12.2.0-14),
 libreadline8 (= 8.2-1.3),
 librhash0 (= 1.4.3-3),
 librtmp1 (= 2.4+20151223.gitfa8646d.1-2+b2),
 libsasl2-2 (= 2.1.28+dfsg-10),
 libsasl2-modules-db (= 2.1.28+dfsg-10),
 libseccomp2 (= 2.5.4-1+b3),
 libselinux1 (= 3.4-1+b6),
 libsmartcols1 (= 2.38.1-5+b1),
 libsqlite3-0 (= 3.40.1-2),
 libssh2-1 (= 1.10.0-3+b1),
 libssl3 (= 3.0.9-1),
 libstdc++-12-dev (= 12.2.0-14),
 libstdc++6 (= 12.2.0-14),
 libsub-override-perl (= 0.09-4),
 libsystemd0 (= 252.12-1~deb12u1),
 libtasn1-6 (= 4.19.0-2),
 libtext-glob-perl (= 0.11-3),
 libtinfo6 (= 6.4-4),
 libtirpc-common (= 1.3.3+ds-1),
 libtirpc-dev (= 1.3.3+ds-1),
 libtirpc3 (= 1.3.3+ds-1),
 libtool (= 2.4.7-5),
 libtsan2 (= 12.2.0-14),
 libubsan1 (= 12.2.0-14),
 libuchardet0 (= 0.0.7-1),
 libudev1 (= 252.12-1~deb12u1),
 libunistring2 (= 1.0-2),
 libuuid1 (= 2.38.1-5+b1),
 libuv1 (= 1.44.2-1),
 libxml2 (= 2.9.14+dfsg-1.3~deb12u1),
 libzstd1 (= 1.5.4+dfsg2-5),
 linux-libc-dev (= 6.1.38-1),
 login (= 1:4.13+dfsg1-1+b1),
 m4 (= 1.4.19-3),
 make (= 4.3-4.1),
 man-db (= 2.11.2-2),
 mawk (= 1.3.4.20200120-3.1),
 media-types (= 10.0.0),
 ncurses-base (= 6.4-4),
 ncurses-bin (= 6.4-4),
 patch (= 2.7.6-7),
 perl (= 5.36.0-7),
 perl-base (= 5.36.0-7),
 perl-modules-5.36 (= 5.36.0-7),
 po-debconf (= 1.0.21+nmu1),
 procps (= 2:4.0.2-3),
 python3 (= 3.11.2-1+b1),
 python3-catkin-pkg (= 1.0.0-100),
 python3-catkin-pkg-modules (= 1.0.0-1),
 python3-dateutil (= 2.8.2-2),
 python3-distutils (= 3.11.2-3),
 python3-docutils (= 0.19+dfsg-6),
 python3-empy (= 3.3.4-2),
 python3-lib2to3 (= 3.11.2-3),
 python3-minimal (= 3.11.2-1+b1),
 python3-nose (= 1.3.7-9),
 python3-pkg-resources (= 66.1.1-1),
 python3-pyparsing (= 3.0.9-1),
 python3-roman (= 3.3-3),
 python3-setuptools (= 66.1.1-1),
 python3-six (= 1.16.0-4),
 python3.11 (= 3.11.2-6),
 python3.11-minimal (= 3.11.2-6),
 readline-common (= 8.2-1.3),
 ros-one-catkin (= 0.8.10-0bookworm.20230914.0945),
 rpcsvc-proto (= 1.4.3-1),
 sed (= 4.9-1),
 sensible-utils (= 0.0.17+nmu1),
 sgml-base (= 1.31),
 sysvinit-utils (= 3.06-4),
 tar (= 1.34+dfsg-1.2),
 tzdata (= 2023c-5),
 usrmerge (= 35),
 util-linux (= 2.38.1-5+b1),
 util-linux-extra (= 2.38.1-5+b1),
 xml-core (= 0.18+nmu1),
 xz-utils (= 5.4.1-0.2),
 zlib1g (= 1:1.2.13.dfsg-1)
Environment:
 DEB_BUILD_OPTIONS="nocheck parallel=2"
 LANG="C.UTF-8"
 LC_ALL="C.UTF-8"
 LC_COLLATE="C.UTF-8"
 SOURCE_DATE_EPOCH="1694684877"


+------------------------------------------------------------------------------+
| Package contents                                                             |
+------------------------------------------------------------------------------+


ros-one-roscpp-core_0.7.3-0bookworm.20230914.0947_amd64.deb
-----------------------------------------------------------

 new Debian package, version 2.0.
 size 2136 bytes: control archive=660 bytes.
     392 bytes,    10 lines      control              
     323 bytes,     4 lines      md5sums              
 Package: ros-one-roscpp-core
 Version: 0.7.3-0bookworm.20230914.0947
 Architecture: amd64
 Maintainer: Martin Pecka <peckama2@fel.cvut.cz>
 Installed-Size: 15
 Depends: ros-one-cpp-common, ros-one-roscpp-serialization, ros-one-roscpp-traits, ros-one-rostime
 Section: misc
 Priority: optional
 Homepage: http://www.ros.org/wiki/roscpp_core
 Description: Underlying data libraries for roscpp messages.

drwxr-xr-x root/root         0 2023-09-14 09:47 ./
drwxr-xr-x root/root         0 2023-09-14 09:47 ./opt/
drwxr-xr-x root/root         0 2023-09-14 09:47 ./opt/ros/
drwxr-xr-x root/root         0 2023-09-14 09:47 ./opt/ros/one/
drwxr-xr-x root/root         0 2023-09-14 09:47 ./opt/ros/one/share/
drwxr-xr-x root/root         0 2023-09-14 09:47 ./opt/ros/one/share/roscpp_core/
-rw-r--r-- root/root       632 2023-09-14 09:45 ./opt/ros/one/share/roscpp_core/package.xml
drwxr-xr-x root/root         0 2023-09-14 09:47 ./usr/
drwxr-xr-x root/root         0 2023-09-14 09:47 ./usr/share/
drwxr-xr-x root/root         0 2023-09-14 09:47 ./usr/share/doc/
drwxr-xr-x root/root         0 2023-09-14 09:47 ./usr/share/doc/ros-one-roscpp-core/
-rw-r--r-- root/root       256 2023-09-14 09:47 ./usr/share/doc/ros-one-roscpp-core/changelog.Debian.gz
-rw-r--r-- root/root       131 2023-09-14 09:45 ./usr/share/doc/ros-one-roscpp-core/changelog.gz
-rw-r--r-- root/root       280 2023-09-14 09:47 ./usr/share/doc/ros-one-roscpp-core/copyright


+------------------------------------------------------------------------------+
| Post Build                                                                   |
+------------------------------------------------------------------------------+


+------------------------------------------------------------------------------+
| Cleanup                                                                      |
+------------------------------------------------------------------------------+

Purging /<<BUILDDIR>>
Not cleaning session: cloned chroot in use

+------------------------------------------------------------------------------+
| Summary                                                                      |
+------------------------------------------------------------------------------+

Build Architecture: amd64
Build Type: binary
Build-Space: 792
Build-Time: 3
Distribution: UNRELEASED
Host Architecture: amd64
Install-Time: 3
Job: /home/runner/work/ros-builder-action/ros-builder-action/ws/roscpp_core/ros-one-roscpp-core_0.7.3-0bookworm.20230914.0947.dsc
Machine Architecture: amd64
Package: ros-one-roscpp-core
Package-Time: 10
Source-Version: 0.7.3-0bookworm.20230914.0947
Space: 792
Status: successful
Version: 0.7.3-0bookworm.20230914.0947
--------------------------------------------------------------------------------
Finished at 2023-09-14T09:48:08Z
Build needed 00:00:10, 792k disk space
